[2024-11-18T21:15:19.661+0000] {taskinstance.py:1956} INFO - Dependencies all met for dep_context=non-requeueable deps ti=<TaskInstance: spotify_retrain_challenge_model_v3.train_challenger_model manual__2024-11-18T21:15:19.164424+00:00 [queued]>
[2024-11-18T21:15:19.665+0000] {taskinstance.py:1956} INFO - Dependencies all met for dep_context=requeueable deps ti=<TaskInstance: spotify_retrain_challenge_model_v3.train_challenger_model manual__2024-11-18T21:15:19.164424+00:00 [queued]>
[2024-11-18T21:15:19.666+0000] {taskinstance.py:2170} INFO - Starting attempt 1 of 2
[2024-11-18T21:15:19.673+0000] {taskinstance.py:2191} INFO - Executing <Task(_PythonVirtualenvDecoratedOperator): train_challenger_model> on 2024-11-18 21:15:19.164424+00:00
[2024-11-18T21:15:19.675+0000] {standard_task_runner.py:60} INFO - Started process 415 to run task
[2024-11-18T21:15:19.677+0000] {standard_task_runner.py:87} INFO - Running: ['***', 'tasks', 'run', 'spotify_retrain_challenge_model_v3', 'train_challenger_model', 'manual__2024-11-18T21:15:19.164424+00:00', '--job-id', '128', '--raw', '--subdir', 'DAGS_FOLDER/retrain_music_model.py', '--cfg-path', '/tmp/tmpflylg9jt']
[2024-11-18T21:15:19.679+0000] {standard_task_runner.py:88} INFO - Job 128: Subtask train_challenger_model
[2024-11-18T21:15:19.712+0000] {task_command.py:423} INFO - Running <TaskInstance: spotify_retrain_challenge_model_v3.train_challenger_model manual__2024-11-18T21:15:19.164424+00:00 [running]> on host 46787693bc19
[2024-11-18T21:15:19.758+0000] {taskinstance.py:2480} INFO - Exporting env vars: AIRFLOW_CTX_DAG_OWNER='Martín Horn' AIRFLOW_CTX_DAG_ID='spotify_retrain_challenge_model_v3' AIRFLOW_CTX_TASK_ID='train_challenger_model' AIRFLOW_CTX_EXECUTION_DATE='2024-11-18T21:15:19.164424+00:00' AIRFLOW_CTX_TRY_NUMBER='1' AIRFLOW_CTX_DAG_RUN_ID='manual__2024-11-18T21:15:19.164424+00:00'
[2024-11-18T21:15:19.760+0000] {process_utils.py:182} INFO - Executing cmd: /usr/local/bin/python -m virtualenv /tmp/venvtgn4xcpl --system-site-packages --python=python
[2024-11-18T21:15:19.764+0000] {process_utils.py:186} INFO - Output:
[2024-11-18T21:15:20.160+0000] {process_utils.py:190} INFO - created virtual environment CPython3.8.18.final.0-64 in 152ms
[2024-11-18T21:15:20.160+0000] {process_utils.py:190} INFO -   creator CPython3Posix(dest=/tmp/venvtgn4xcpl, clear=False, no_vcs_ignore=False, global=True)
[2024-11-18T21:15:20.161+0000] {process_utils.py:190} INFO -   seeder FromAppData(download=False, pip=bundle, setuptools=bundle, wheel=bundle, via=copy, app_data_dir=/home/***/.local/share/virtualenv)
[2024-11-18T21:15:20.161+0000] {process_utils.py:190} INFO -     added seed packages: pip==23.3.1, setuptools==69.0.2, wheel==0.42.0
[2024-11-18T21:15:20.161+0000] {process_utils.py:190} INFO -   activators BashActivator,CShellActivator,FishActivator,NushellActivator,PowerShellActivator,PythonActivator
[2024-11-18T21:15:20.177+0000] {process_utils.py:182} INFO - Executing cmd: /tmp/venvtgn4xcpl/bin/pip install -r /tmp/venvtgn4xcpl/requirements.txt
[2024-11-18T21:15:20.182+0000] {process_utils.py:186} INFO - Output:
[2024-11-18T21:15:21.218+0000] {process_utils.py:190} INFO - Collecting boto3==1.28.0 (from -r /tmp/venvtgn4xcpl/requirements.txt (line 1))
[2024-11-18T21:15:21.220+0000] {process_utils.py:190} INFO -   Using cached boto3-1.28.0-py3-none-any.whl.metadata (6.6 kB)
[2024-11-18T21:15:21.275+0000] {process_utils.py:190} INFO - Collecting mlflow==2.10.2 (from -r /tmp/venvtgn4xcpl/requirements.txt (line 2))
[2024-11-18T21:15:21.276+0000] {process_utils.py:190} INFO -   Using cached mlflow-2.10.2-py3-none-any.whl.metadata (13 kB)
[2024-11-18T21:15:21.277+0000] {process_utils.py:190} INFO - Requirement already satisfied: pandas==2.0.3 in /home/***/.local/lib/python3.8/site-packages (from -r /tmp/venvtgn4xcpl/requirements.txt (line 3)) (2.0.3)
[2024-11-18T21:15:21.278+0000] {process_utils.py:190} INFO - Requirement already satisfied: scikit-learn==1.3.2 in /home/***/.local/lib/python3.8/site-packages (from -r /tmp/venvtgn4xcpl/requirements.txt (line 4)) (1.3.2)
[2024-11-18T21:15:21.400+0000] {process_utils.py:190} INFO - Collecting tensorflow==2.13.0 (from -r /tmp/venvtgn4xcpl/requirements.txt (line 5))
[2024-11-18T21:15:21.401+0000] {process_utils.py:190} INFO -   Using cached tensorflow-2.13.0-cp38-cp38-manylinux_2_17_x86_64.manylinux2014_x86_64.whl.metadata (3.4 kB)
[2024-11-18T21:15:21.858+0000] {process_utils.py:190} INFO - Collecting botocore<1.32.0,>=1.31.0 (from boto3==1.28.0->-r /tmp/venvtgn4xcpl/requirements.txt (line 1))
[2024-11-18T21:15:21.859+0000] {process_utils.py:190} INFO -   Using cached botocore-1.31.85-py3-none-any.whl.metadata (6.1 kB)
[2024-11-18T21:15:21.860+0000] {process_utils.py:190} INFO - Requirement already satisfied: jmespath<2.0.0,>=0.7.1 in /home/***/.local/lib/python3.8/site-packages (from boto3==1.28.0->-r /tmp/venvtgn4xcpl/requirements.txt (line 1)) (0.10.0)
[2024-11-18T21:15:21.901+0000] {process_utils.py:190} INFO - Collecting s3transfer<0.7.0,>=0.6.0 (from boto3==1.28.0->-r /tmp/venvtgn4xcpl/requirements.txt (line 1))
[2024-11-18T21:15:21.902+0000] {process_utils.py:190} INFO -   Using cached s3transfer-0.6.2-py3-none-any.whl.metadata (1.8 kB)
[2024-11-18T21:15:21.955+0000] {process_utils.py:190} INFO - Requirement already satisfied: click<9,>=7.0 in /home/***/.local/lib/python3.8/site-packages (from mlflow==2.10.2->-r /tmp/venvtgn4xcpl/requirements.txt (line 2)) (8.1.7)
[2024-11-18T21:15:21.956+0000] {process_utils.py:190} INFO - Requirement already satisfied: cloudpickle<4 in /home/***/.local/lib/python3.8/site-packages (from mlflow==2.10.2->-r /tmp/venvtgn4xcpl/requirements.txt (line 2)) (3.1.0)
[2024-11-18T21:15:21.990+0000] {process_utils.py:190} INFO - Collecting entrypoints<1 (from mlflow==2.10.2->-r /tmp/venvtgn4xcpl/requirements.txt (line 2))
[2024-11-18T21:15:21.991+0000] {process_utils.py:190} INFO -   Using cached entrypoints-0.4-py3-none-any.whl.metadata (2.6 kB)
[2024-11-18T21:15:21.992+0000] {process_utils.py:190} INFO - Requirement already satisfied: gitpython<4,>=2.1.0 in /home/***/.local/lib/python3.8/site-packages (from mlflow==2.10.2->-r /tmp/venvtgn4xcpl/requirements.txt (line 2)) (3.1.43)
[2024-11-18T21:15:21.993+0000] {process_utils.py:190} INFO - Requirement already satisfied: pyyaml<7,>=5.1 in /home/***/.local/lib/python3.8/site-packages (from mlflow==2.10.2->-r /tmp/venvtgn4xcpl/requirements.txt (line 2)) (6.0.1)
[2024-11-18T21:15:21.993+0000] {process_utils.py:190} INFO - Requirement already satisfied: protobuf<5,>=3.12.0 in /home/***/.local/lib/python3.8/site-packages (from mlflow==2.10.2->-r /tmp/venvtgn4xcpl/requirements.txt (line 2)) (4.25.2)
[2024-11-18T21:15:21.994+0000] {process_utils.py:190} INFO - Requirement already satisfied: pytz<2024 in /home/***/.local/lib/python3.8/site-packages (from mlflow==2.10.2->-r /tmp/venvtgn4xcpl/requirements.txt (line 2)) (2023.3.post1)
[2024-11-18T21:15:21.994+0000] {process_utils.py:190} INFO - Requirement already satisfied: requests<3,>=2.17.3 in /home/***/.local/lib/python3.8/site-packages (from mlflow==2.10.2->-r /tmp/venvtgn4xcpl/requirements.txt (line 2)) (2.31.0)
[2024-11-18T21:15:21.995+0000] {process_utils.py:190} INFO - Requirement already satisfied: packaging<24 in /home/***/.local/lib/python3.8/site-packages (from mlflow==2.10.2->-r /tmp/venvtgn4xcpl/requirements.txt (line 2)) (23.2)
[2024-11-18T21:15:21.995+0000] {process_utils.py:190} INFO - Requirement already satisfied: importlib-metadata!=4.7.0,<8,>=3.7.0 in /home/***/.local/lib/python3.8/site-packages (from mlflow==2.10.2->-r /tmp/venvtgn4xcpl/requirements.txt (line 2)) (6.11.0)
[2024-11-18T21:15:21.996+0000] {process_utils.py:190} INFO - Requirement already satisfied: sqlparse<1,>=0.4.0 in /home/***/.local/lib/python3.8/site-packages (from mlflow==2.10.2->-r /tmp/venvtgn4xcpl/requirements.txt (line 2)) (0.4.4)
[2024-11-18T21:15:21.997+0000] {process_utils.py:190} INFO - Requirement already satisfied: alembic!=1.10.0,<2 in /home/***/.local/lib/python3.8/site-packages (from mlflow==2.10.2->-r /tmp/venvtgn4xcpl/requirements.txt (line 2)) (1.13.1)
[2024-11-18T21:15:21.997+0000] {process_utils.py:190} INFO - Requirement already satisfied: docker<8,>=4.0.0 in /home/***/.local/lib/python3.8/site-packages (from mlflow==2.10.2->-r /tmp/venvtgn4xcpl/requirements.txt (line 2)) (7.0.0)
[2024-11-18T21:15:21.997+0000] {process_utils.py:190} INFO - Requirement already satisfied: Flask<4 in /home/***/.local/lib/python3.8/site-packages (from mlflow==2.10.2->-r /tmp/venvtgn4xcpl/requirements.txt (line 2)) (2.2.5)
[2024-11-18T21:15:21.998+0000] {process_utils.py:190} INFO - Requirement already satisfied: numpy<2 in /home/***/.local/lib/python3.8/site-packages (from mlflow==2.10.2->-r /tmp/venvtgn4xcpl/requirements.txt (line 2)) (1.24.4)
[2024-11-18T21:15:21.998+0000] {process_utils.py:190} INFO - Requirement already satisfied: scipy<2 in /home/***/.local/lib/python3.8/site-packages (from mlflow==2.10.2->-r /tmp/venvtgn4xcpl/requirements.txt (line 2)) (1.10.1)
[2024-11-18T21:15:22.032+0000] {process_utils.py:190} INFO - Collecting querystring-parser<2 (from mlflow==2.10.2->-r /tmp/venvtgn4xcpl/requirements.txt (line 2))
[2024-11-18T21:15:22.033+0000] {process_utils.py:190} INFO -   Using cached querystring_parser-1.2.4-py2.py3-none-any.whl.metadata (559 bytes)
[2024-11-18T21:15:22.034+0000] {process_utils.py:190} INFO - Requirement already satisfied: sqlalchemy<3,>=1.4.0 in /home/***/.local/lib/python3.8/site-packages (from mlflow==2.10.2->-r /tmp/venvtgn4xcpl/requirements.txt (line 2)) (1.4.51)
[2024-11-18T21:15:22.035+0000] {process_utils.py:190} INFO - Requirement already satisfied: pyarrow<16,>=4.0.0 in /home/***/.local/lib/python3.8/site-packages (from mlflow==2.10.2->-r /tmp/venvtgn4xcpl/requirements.txt (line 2)) (14.0.2)
[2024-11-18T21:15:22.035+0000] {process_utils.py:190} INFO - Requirement already satisfied: markdown<4,>=3.3 in /home/***/.local/lib/python3.8/site-packages (from mlflow==2.10.2->-r /tmp/venvtgn4xcpl/requirements.txt (line 2)) (3.5.2)
[2024-11-18T21:15:22.035+0000] {process_utils.py:190} INFO - Requirement already satisfied: matplotlib<4 in /home/***/.local/lib/python3.8/site-packages (from mlflow==2.10.2->-r /tmp/venvtgn4xcpl/requirements.txt (line 2)) (3.7.5)
[2024-11-18T21:15:22.036+0000] {process_utils.py:190} INFO - Requirement already satisfied: gunicorn<22 in /home/***/.local/lib/python3.8/site-packages (from mlflow==2.10.2->-r /tmp/venvtgn4xcpl/requirements.txt (line 2)) (21.2.0)
[2024-11-18T21:15:22.037+0000] {process_utils.py:190} INFO - Requirement already satisfied: Jinja2<4,>=2.11 in /home/***/.local/lib/python3.8/site-packages (from mlflow==2.10.2->-r /tmp/venvtgn4xcpl/requirements.txt (line 2)) (3.1.3)
[2024-11-18T21:15:22.091+0000] {process_utils.py:190} INFO - Requirement already satisfied: python-dateutil>=2.8.2 in /home/***/.local/lib/python3.8/site-packages (from pandas==2.0.3->-r /tmp/venvtgn4xcpl/requirements.txt (line 3)) (2.8.2)
[2024-11-18T21:15:22.091+0000] {process_utils.py:190} INFO - Requirement already satisfied: tzdata>=2022.1 in /home/***/.local/lib/python3.8/site-packages (from pandas==2.0.3->-r /tmp/venvtgn4xcpl/requirements.txt (line 3)) (2023.4)
[2024-11-18T21:15:22.113+0000] {process_utils.py:190} INFO - Requirement already satisfied: joblib>=1.1.1 in /home/***/.local/lib/python3.8/site-packages (from scikit-learn==1.3.2->-r /tmp/venvtgn4xcpl/requirements.txt (line 4)) (1.4.2)
[2024-11-18T21:15:22.114+0000] {process_utils.py:190} INFO - Requirement already satisfied: threadpoolctl>=2.0.0 in /home/***/.local/lib/python3.8/site-packages (from scikit-learn==1.3.2->-r /tmp/venvtgn4xcpl/requirements.txt (line 4)) (3.5.0)
[2024-11-18T21:15:22.166+0000] {process_utils.py:190} INFO - Collecting absl-py>=1.0.0 (from tensorflow==2.13.0->-r /tmp/venvtgn4xcpl/requirements.txt (line 5))
[2024-11-18T21:15:22.168+0000] {process_utils.py:190} INFO -   Using cached absl_py-2.1.0-py3-none-any.whl.metadata (2.3 kB)
[2024-11-18T21:15:22.204+0000] {process_utils.py:190} INFO - Collecting astunparse>=1.6.0 (from tensorflow==2.13.0->-r /tmp/venvtgn4xcpl/requirements.txt (line 5))
[2024-11-18T21:15:22.206+0000] {process_utils.py:190} INFO -   Using cached astunparse-1.6.3-py2.py3-none-any.whl.metadata (4.4 kB)
[2024-11-18T21:15:22.241+0000] {process_utils.py:190} INFO - Collecting flatbuffers>=23.1.21 (from tensorflow==2.13.0->-r /tmp/venvtgn4xcpl/requirements.txt (line 5))
[2024-11-18T21:15:22.243+0000] {process_utils.py:190} INFO -   Using cached flatbuffers-24.3.25-py2.py3-none-any.whl.metadata (850 bytes)
[2024-11-18T21:15:22.281+0000] {process_utils.py:190} INFO - Collecting gast<=0.4.0,>=0.2.1 (from tensorflow==2.13.0->-r /tmp/venvtgn4xcpl/requirements.txt (line 5))
[2024-11-18T21:15:22.283+0000] {process_utils.py:190} INFO -   Using cached gast-0.4.0-py3-none-any.whl.metadata (1.1 kB)
[2024-11-18T21:15:22.317+0000] {process_utils.py:190} INFO - Collecting google-pasta>=0.1.1 (from tensorflow==2.13.0->-r /tmp/venvtgn4xcpl/requirements.txt (line 5))
[2024-11-18T21:15:22.318+0000] {process_utils.py:190} INFO -   Using cached google_pasta-0.2.0-py3-none-any.whl.metadata (814 bytes)
[2024-11-18T21:15:22.319+0000] {process_utils.py:190} INFO - Requirement already satisfied: grpcio<2.0,>=1.24.3 in /home/***/.local/lib/python3.8/site-packages (from tensorflow==2.13.0->-r /tmp/venvtgn4xcpl/requirements.txt (line 5)) (1.60.0)
[2024-11-18T21:15:22.379+0000] {process_utils.py:190} INFO - Collecting h5py>=2.9.0 (from tensorflow==2.13.0->-r /tmp/venvtgn4xcpl/requirements.txt (line 5))
[2024-11-18T21:15:22.381+0000] {process_utils.py:190} INFO -   Using cached h5py-3.11.0-cp38-cp38-manylinux_2_17_x86_64.manylinux2014_x86_64.whl.metadata (2.5 kB)
[2024-11-18T21:15:22.427+0000] {process_utils.py:190} INFO - Collecting keras<2.14,>=2.13.1 (from tensorflow==2.13.0->-r /tmp/venvtgn4xcpl/requirements.txt (line 5))
[2024-11-18T21:15:22.428+0000] {process_utils.py:190} INFO -   Using cached keras-2.13.1-py3-none-any.whl.metadata (2.4 kB)
[2024-11-18T21:15:22.469+0000] {process_utils.py:190} INFO - Collecting libclang>=13.0.0 (from tensorflow==2.13.0->-r /tmp/venvtgn4xcpl/requirements.txt (line 5))
[2024-11-18T21:15:22.471+0000] {process_utils.py:190} INFO -   Using cached libclang-18.1.1-py2.py3-none-manylinux2010_x86_64.whl.metadata (5.2 kB)
[2024-11-18T21:15:22.643+0000] {process_utils.py:190} INFO - Collecting numpy<2 (from mlflow==2.10.2->-r /tmp/venvtgn4xcpl/requirements.txt (line 2))
[2024-11-18T21:15:22.645+0000] {process_utils.py:190} INFO -   Using cached numpy-1.24.3-cp38-cp38-manylinux_2_17_x86_64.manylinux2014_x86_64.whl.metadata (5.6 kB)
[2024-11-18T21:15:22.680+0000] {process_utils.py:190} INFO - Collecting opt-einsum>=2.3.2 (from tensorflow==2.13.0->-r /tmp/venvtgn4xcpl/requirements.txt (line 5))
[2024-11-18T21:15:22.681+0000] {process_utils.py:190} INFO -   Using cached opt_einsum-3.4.0-py3-none-any.whl.metadata (6.3 kB)
[2024-11-18T21:15:22.682+0000] {process_utils.py:190} INFO - Requirement already satisfied: setuptools in /tmp/venvtgn4xcpl/lib/python3.8/site-packages (from tensorflow==2.13.0->-r /tmp/venvtgn4xcpl/requirements.txt (line 5)) (69.0.2)
[2024-11-18T21:15:22.682+0000] {process_utils.py:190} INFO - Requirement already satisfied: six>=1.12.0 in /home/***/.local/lib/python3.8/site-packages (from tensorflow==2.13.0->-r /tmp/venvtgn4xcpl/requirements.txt (line 5)) (1.16.0)
[2024-11-18T21:15:22.727+0000] {process_utils.py:190} INFO - Collecting tensorboard<2.14,>=2.13 (from tensorflow==2.13.0->-r /tmp/venvtgn4xcpl/requirements.txt (line 5))
[2024-11-18T21:15:22.729+0000] {process_utils.py:190} INFO -   Using cached tensorboard-2.13.0-py3-none-any.whl.metadata (1.8 kB)
[2024-11-18T21:15:22.770+0000] {process_utils.py:190} INFO - Collecting tensorflow-estimator<2.14,>=2.13.0 (from tensorflow==2.13.0->-r /tmp/venvtgn4xcpl/requirements.txt (line 5))
[2024-11-18T21:15:22.772+0000] {process_utils.py:190} INFO -   Using cached tensorflow_estimator-2.13.0-py2.py3-none-any.whl.metadata (1.3 kB)
[2024-11-18T21:15:22.773+0000] {process_utils.py:190} INFO - Requirement already satisfied: termcolor>=1.1.0 in /home/***/.local/lib/python3.8/site-packages (from tensorflow==2.13.0->-r /tmp/venvtgn4xcpl/requirements.txt (line 5)) (2.4.0)
[2024-11-18T21:15:22.817+0000] {process_utils.py:190} INFO - Collecting typing-extensions<4.6.0,>=3.6.6 (from tensorflow==2.13.0->-r /tmp/venvtgn4xcpl/requirements.txt (line 5))
[2024-11-18T21:15:22.818+0000] {process_utils.py:190} INFO -   Using cached typing_extensions-4.5.0-py3-none-any.whl.metadata (8.5 kB)
[2024-11-18T21:15:22.819+0000] {process_utils.py:190} INFO - Requirement already satisfied: wrapt>=1.11.0 in /home/***/.local/lib/python3.8/site-packages (from tensorflow==2.13.0->-r /tmp/venvtgn4xcpl/requirements.txt (line 5)) (1.16.0)
[2024-11-18T21:15:22.895+0000] {process_utils.py:190} INFO - Collecting tensorflow-io-gcs-filesystem>=0.23.1 (from tensorflow==2.13.0->-r /tmp/venvtgn4xcpl/requirements.txt (line 5))
[2024-11-18T21:15:22.896+0000] {process_utils.py:190} INFO -   Using cached tensorflow_io_gcs_filesystem-0.34.0-cp38-cp38-manylinux_2_12_x86_64.manylinux2010_x86_64.whl.metadata (14 kB)
[2024-11-18T21:15:22.905+0000] {process_utils.py:190} INFO - Requirement already satisfied: Mako in /home/***/.local/lib/python3.8/site-packages (from alembic!=1.10.0,<2->mlflow==2.10.2->-r /tmp/venvtgn4xcpl/requirements.txt (line 2)) (1.3.0)
[2024-11-18T21:15:22.908+0000] {process_utils.py:190} INFO - Requirement already satisfied: importlib-resources in /home/***/.local/lib/python3.8/site-packages (from alembic!=1.10.0,<2->mlflow==2.10.2->-r /tmp/venvtgn4xcpl/requirements.txt (line 2)) (5.13.0)
[2024-11-18T21:15:22.911+0000] {process_utils.py:190} INFO - Requirement already satisfied: wheel<1.0,>=0.23.0 in /tmp/venvtgn4xcpl/lib/python3.8/site-packages (from astunparse>=1.6.0->tensorflow==2.13.0->-r /tmp/venvtgn4xcpl/requirements.txt (line 5)) (0.42.0)
[2024-11-18T21:15:22.917+0000] {process_utils.py:190} INFO - Requirement already satisfied: urllib3<1.27,>=1.25.4 in /home/***/.local/lib/python3.8/site-packages (from botocore<1.32.0,>=1.31.0->boto3==1.28.0->-r /tmp/venvtgn4xcpl/requirements.txt (line 1)) (1.26.18)
[2024-11-18T21:15:22.934+0000] {process_utils.py:190} INFO - Requirement already satisfied: Werkzeug>=2.2.2 in /home/***/.local/lib/python3.8/site-packages (from Flask<4->mlflow==2.10.2->-r /tmp/venvtgn4xcpl/requirements.txt (line 2)) (2.2.3)
[2024-11-18T21:15:22.935+0000] {process_utils.py:190} INFO - Requirement already satisfied: itsdangerous>=2.0 in /home/***/.local/lib/python3.8/site-packages (from Flask<4->mlflow==2.10.2->-r /tmp/venvtgn4xcpl/requirements.txt (line 2)) (2.1.2)
[2024-11-18T21:15:22.952+0000] {process_utils.py:190} INFO - Requirement already satisfied: gitdb<5,>=4.0.1 in /home/***/.local/lib/python3.8/site-packages (from gitpython<4,>=2.1.0->mlflow==2.10.2->-r /tmp/venvtgn4xcpl/requirements.txt (line 2)) (4.0.11)
[2024-11-18T21:15:22.982+0000] {process_utils.py:190} INFO - Requirement already satisfied: zipp>=0.5 in /home/***/.local/lib/python3.8/site-packages (from importlib-metadata!=4.7.0,<8,>=3.7.0->mlflow==2.10.2->-r /tmp/venvtgn4xcpl/requirements.txt (line 2)) (3.17.0)
[2024-11-18T21:15:22.985+0000] {process_utils.py:190} INFO - Requirement already satisfied: MarkupSafe>=2.0 in /home/***/.local/lib/python3.8/site-packages (from Jinja2<4,>=2.11->mlflow==2.10.2->-r /tmp/venvtgn4xcpl/requirements.txt (line 2)) (2.1.3)
[2024-11-18T21:15:23.013+0000] {process_utils.py:190} INFO - Requirement already satisfied: contourpy>=1.0.1 in /home/***/.local/lib/python3.8/site-packages (from matplotlib<4->mlflow==2.10.2->-r /tmp/venvtgn4xcpl/requirements.txt (line 2)) (1.1.1)
[2024-11-18T21:15:23.013+0000] {process_utils.py:190} INFO - Requirement already satisfied: cycler>=0.10 in /home/***/.local/lib/python3.8/site-packages (from matplotlib<4->mlflow==2.10.2->-r /tmp/venvtgn4xcpl/requirements.txt (line 2)) (0.12.1)
[2024-11-18T21:15:23.013+0000] {process_utils.py:190} INFO - Requirement already satisfied: fonttools>=4.22.0 in /home/***/.local/lib/python3.8/site-packages (from matplotlib<4->mlflow==2.10.2->-r /tmp/venvtgn4xcpl/requirements.txt (line 2)) (4.54.1)
[2024-11-18T21:15:23.014+0000] {process_utils.py:190} INFO - Requirement already satisfied: kiwisolver>=1.0.1 in /home/***/.local/lib/python3.8/site-packages (from matplotlib<4->mlflow==2.10.2->-r /tmp/venvtgn4xcpl/requirements.txt (line 2)) (1.4.7)
[2024-11-18T21:15:23.023+0000] {process_utils.py:190} INFO - Requirement already satisfied: pillow>=6.2.0 in /home/***/.local/lib/python3.8/site-packages (from matplotlib<4->mlflow==2.10.2->-r /tmp/venvtgn4xcpl/requirements.txt (line 2)) (10.4.0)
[2024-11-18T21:15:23.024+0000] {process_utils.py:190} INFO - Requirement already satisfied: pyparsing>=2.3.1 in /home/***/.local/lib/python3.8/site-packages (from matplotlib<4->mlflow==2.10.2->-r /tmp/venvtgn4xcpl/requirements.txt (line 2)) (3.1.1)
[2024-11-18T21:15:23.069+0000] {process_utils.py:190} INFO - Requirement already satisfied: charset-normalizer<4,>=2 in /home/***/.local/lib/python3.8/site-packages (from requests<3,>=2.17.3->mlflow==2.10.2->-r /tmp/venvtgn4xcpl/requirements.txt (line 2)) (3.3.2)
[2024-11-18T21:15:23.069+0000] {process_utils.py:190} INFO - Requirement already satisfied: idna<4,>=2.5 in /home/***/.local/lib/python3.8/site-packages (from requests<3,>=2.17.3->mlflow==2.10.2->-r /tmp/venvtgn4xcpl/requirements.txt (line 2)) (3.6)
[2024-11-18T21:15:23.070+0000] {process_utils.py:190} INFO - Requirement already satisfied: certifi>=2017.4.17 in /home/***/.local/lib/python3.8/site-packages (from requests<3,>=2.17.3->mlflow==2.10.2->-r /tmp/venvtgn4xcpl/requirements.txt (line 2)) (2023.11.17)
[2024-11-18T21:15:23.277+0000] {process_utils.py:190} INFO - Requirement already satisfied: greenlet!=0.4.17 in /home/***/.local/lib/python3.8/site-packages (from sqlalchemy<3,>=1.4.0->mlflow==2.10.2->-r /tmp/venvtgn4xcpl/requirements.txt (line 2)) (3.0.3)
[2024-11-18T21:15:23.294+0000] {process_utils.py:190} INFO - Requirement already satisfied: google-auth<3,>=1.6.3 in /home/***/.local/lib/python3.8/site-packages (from tensorboard<2.14,>=2.13->tensorflow==2.13.0->-r /tmp/venvtgn4xcpl/requirements.txt (line 5)) (2.26.2)
[2024-11-18T21:15:23.336+0000] {process_utils.py:190} INFO - Collecting google-auth-oauthlib<1.1,>=0.5 (from tensorboard<2.14,>=2.13->tensorflow==2.13.0->-r /tmp/venvtgn4xcpl/requirements.txt (line 5))
[2024-11-18T21:15:23.337+0000] {process_utils.py:190} INFO -   Using cached google_auth_oauthlib-1.0.0-py2.py3-none-any.whl.metadata (2.7 kB)
[2024-11-18T21:15:23.383+0000] {process_utils.py:190} INFO - Collecting tensorboard-data-server<0.8.0,>=0.7.0 (from tensorboard<2.14,>=2.13->tensorflow==2.13.0->-r /tmp/venvtgn4xcpl/requirements.txt (line 5))
[2024-11-18T21:15:23.384+0000] {process_utils.py:190} INFO -   Using cached tensorboard_data_server-0.7.2-py3-none-manylinux_2_31_x86_64.whl.metadata (1.1 kB)
[2024-11-18T21:15:23.524+0000] {process_utils.py:190} INFO - Requirement already satisfied: smmap<6,>=3.0.1 in /home/***/.local/lib/python3.8/site-packages (from gitdb<5,>=4.0.1->gitpython<4,>=2.1.0->mlflow==2.10.2->-r /tmp/venvtgn4xcpl/requirements.txt (line 2)) (5.0.1)
[2024-11-18T21:15:23.534+0000] {process_utils.py:190} INFO - Requirement already satisfied: cachetools<6.0,>=2.0.0 in /home/***/.local/lib/python3.8/site-packages (from google-auth<3,>=1.6.3->tensorboard<2.14,>=2.13->tensorflow==2.13.0->-r /tmp/venvtgn4xcpl/requirements.txt (line 5)) (5.3.2)
[2024-11-18T21:15:23.535+0000] {process_utils.py:190} INFO - Requirement already satisfied: pyasn1-modules>=0.2.1 in /home/***/.local/lib/python3.8/site-packages (from google-auth<3,>=1.6.3->tensorboard<2.14,>=2.13->tensorflow==2.13.0->-r /tmp/venvtgn4xcpl/requirements.txt (line 5)) (0.3.0)
[2024-11-18T21:15:23.535+0000] {process_utils.py:190} INFO - Requirement already satisfied: rsa<5,>=3.1.4 in /home/***/.local/lib/python3.8/site-packages (from google-auth<3,>=1.6.3->tensorboard<2.14,>=2.13->tensorflow==2.13.0->-r /tmp/venvtgn4xcpl/requirements.txt (line 5)) (4.9)
[2024-11-18T21:15:23.542+0000] {process_utils.py:190} INFO - Requirement already satisfied: requests-oauthlib>=0.7.0 in /home/***/.local/lib/python3.8/site-packages (from google-auth-oauthlib<1.1,>=0.5->tensorboard<2.14,>=2.13->tensorflow==2.13.0->-r /tmp/venvtgn4xcpl/requirements.txt (line 5)) (1.3.1)
[2024-11-18T21:15:23.669+0000] {process_utils.py:190} INFO - Requirement already satisfied: pyasn1<0.6.0,>=0.4.6 in /home/***/.local/lib/python3.8/site-packages (from pyasn1-modules>=0.2.1->google-auth<3,>=1.6.3->tensorboard<2.14,>=2.13->tensorflow==2.13.0->-r /tmp/venvtgn4xcpl/requirements.txt (line 5)) (0.5.1)
[2024-11-18T21:15:23.677+0000] {process_utils.py:190} INFO - Requirement already satisfied: oauthlib>=3.0.0 in /home/***/.local/lib/python3.8/site-packages (from requests-oauthlib>=0.7.0->google-auth-oauthlib<1.1,>=0.5->tensorboard<2.14,>=2.13->tensorflow==2.13.0->-r /tmp/venvtgn4xcpl/requirements.txt (line 5)) (3.2.2)
[2024-11-18T21:15:23.710+0000] {process_utils.py:190} INFO - Using cached boto3-1.28.0-py3-none-any.whl (135 kB)
[2024-11-18T21:15:23.711+0000] {process_utils.py:190} INFO - Using cached mlflow-2.10.2-py3-none-any.whl (19.5 MB)
[2024-11-18T21:15:23.868+0000] {process_utils.py:190} INFO - Downloading tensorflow-2.13.0-cp38-cp38-manylinux_2_17_x86_64.manylinux2014_x86_64.whl (524.1 MB)
[2024-11-18T21:16:48.894+0000] {process_utils.py:190} INFO -    ━━━━━━━━━━━━━━━━━━━━━━━━━━━━━━━━━━━━━━━━ 524.1/524.1 MB 4.5 MB/s eta 0:00:00
[2024-11-18T21:16:48.896+0000] {process_utils.py:190} INFO - Using cached absl_py-2.1.0-py3-none-any.whl (133 kB)
[2024-11-18T21:16:48.898+0000] {process_utils.py:190} INFO - Using cached astunparse-1.6.3-py2.py3-none-any.whl (12 kB)
[2024-11-18T21:16:48.899+0000] {process_utils.py:190} INFO - Using cached botocore-1.31.85-py3-none-any.whl (11.3 MB)
[2024-11-18T21:16:48.913+0000] {process_utils.py:190} INFO - Using cached entrypoints-0.4-py3-none-any.whl (5.3 kB)
[2024-11-18T21:16:48.914+0000] {process_utils.py:190} INFO - Using cached flatbuffers-24.3.25-py2.py3-none-any.whl (26 kB)
[2024-11-18T21:16:48.915+0000] {process_utils.py:190} INFO - Using cached gast-0.4.0-py3-none-any.whl (9.8 kB)
[2024-11-18T21:16:48.916+0000] {process_utils.py:190} INFO - Using cached google_pasta-0.2.0-py3-none-any.whl (57 kB)
[2024-11-18T21:16:48.917+0000] {process_utils.py:190} INFO - Using cached h5py-3.11.0-cp38-cp38-manylinux_2_17_x86_64.manylinux2014_x86_64.whl (5.3 MB)
[2024-11-18T21:16:48.922+0000] {process_utils.py:190} INFO - Using cached keras-2.13.1-py3-none-any.whl (1.7 MB)
[2024-11-18T21:16:48.925+0000] {process_utils.py:190} INFO - Using cached libclang-18.1.1-py2.py3-none-manylinux2010_x86_64.whl (24.5 MB)
[2024-11-18T21:16:48.951+0000] {process_utils.py:190} INFO - Using cached numpy-1.24.3-cp38-cp38-manylinux_2_17_x86_64.manylinux2014_x86_64.whl (17.3 MB)
[2024-11-18T21:16:48.967+0000] {process_utils.py:190} INFO - Using cached opt_einsum-3.4.0-py3-none-any.whl (71 kB)
[2024-11-18T21:16:48.968+0000] {process_utils.py:190} INFO - Using cached querystring_parser-1.2.4-py2.py3-none-any.whl (7.9 kB)
[2024-11-18T21:16:48.969+0000] {process_utils.py:190} INFO - Using cached s3transfer-0.6.2-py3-none-any.whl (79 kB)
[2024-11-18T21:16:48.970+0000] {process_utils.py:190} INFO - Using cached tensorboard-2.13.0-py3-none-any.whl (5.6 MB)
[2024-11-18T21:16:48.976+0000] {process_utils.py:190} INFO - Using cached tensorflow_estimator-2.13.0-py2.py3-none-any.whl (440 kB)
[2024-11-18T21:16:48.978+0000] {process_utils.py:190} INFO - Using cached tensorflow_io_gcs_filesystem-0.34.0-cp38-cp38-manylinux_2_12_x86_64.manylinux2010_x86_64.whl (2.4 MB)
[2024-11-18T21:16:48.981+0000] {process_utils.py:190} INFO - Using cached typing_extensions-4.5.0-py3-none-any.whl (27 kB)
[2024-11-18T21:16:48.982+0000] {process_utils.py:190} INFO - Using cached google_auth_oauthlib-1.0.0-py2.py3-none-any.whl (18 kB)
[2024-11-18T21:16:48.983+0000] {process_utils.py:190} INFO - Using cached tensorboard_data_server-0.7.2-py3-none-manylinux_2_31_x86_64.whl (6.6 MB)
[2024-11-18T21:16:51.212+0000] {process_utils.py:190} INFO - Installing collected packages: libclang, flatbuffers, typing-extensions, tensorflow-io-gcs-filesystem, tensorflow-estimator, tensorboard-data-server, querystring-parser, opt-einsum, numpy, keras, google-pasta, gast, entrypoints, astunparse, absl-py, h5py, botocore, s3transfer, google-auth-oauthlib, tensorboard, mlflow, boto3, tensorflow
[2024-11-18T21:16:51.453+0000] {process_utils.py:190} INFO -   Attempting uninstall: typing-extensions
[2024-11-18T21:16:51.455+0000] {process_utils.py:190} INFO -     Found existing installation: typing_extensions 4.9.0
[2024-11-18T21:16:51.456+0000] {process_utils.py:190} INFO -     Not uninstalling typing-extensions at /home/***/.local/lib/python3.8/site-packages, outside environment /tmp/venvtgn4xcpl
[2024-11-18T21:16:51.457+0000] {process_utils.py:190} INFO -     Can't uninstall 'typing_extensions'. No files were found to uninstall.
[2024-11-18T21:16:51.725+0000] {process_utils.py:190} INFO -   Attempting uninstall: numpy
[2024-11-18T21:16:51.726+0000] {process_utils.py:190} INFO -     Found existing installation: numpy 1.24.4
[2024-11-18T21:16:51.727+0000] {process_utils.py:190} INFO -     Not uninstalling numpy at /home/***/.local/lib/python3.8/site-packages, outside environment /tmp/venvtgn4xcpl
[2024-11-18T21:16:51.729+0000] {process_utils.py:190} INFO -     Can't uninstall 'numpy'. No files were found to uninstall.
[2024-11-18T21:16:53.382+0000] {process_utils.py:190} INFO -   Attempting uninstall: botocore
[2024-11-18T21:16:53.382+0000] {process_utils.py:190} INFO -     Found existing installation: botocore 1.35.44
[2024-11-18T21:16:53.383+0000] {process_utils.py:190} INFO -     Not uninstalling botocore at /home/***/.local/lib/python3.8/site-packages, outside environment /tmp/venvtgn4xcpl
[2024-11-18T21:16:53.384+0000] {process_utils.py:190} INFO -     Can't uninstall 'botocore'. No files were found to uninstall.
[2024-11-18T21:16:53.791+0000] {process_utils.py:190} INFO -   Attempting uninstall: s3transfer
[2024-11-18T21:16:53.793+0000] {process_utils.py:190} INFO -     Found existing installation: s3transfer 0.10.3
[2024-11-18T21:16:53.793+0000] {process_utils.py:190} INFO -     Not uninstalling s3transfer at /home/***/.local/lib/python3.8/site-packages, outside environment /tmp/venvtgn4xcpl
[2024-11-18T21:16:53.794+0000] {process_utils.py:190} INFO -     Can't uninstall 's3transfer'. No files were found to uninstall.
[2024-11-18T21:16:53.816+0000] {process_utils.py:190} INFO -   Attempting uninstall: google-auth-oauthlib
[2024-11-18T21:16:53.818+0000] {process_utils.py:190} INFO -     Found existing installation: google-auth-oauthlib 1.2.0
[2024-11-18T21:16:53.818+0000] {process_utils.py:190} INFO -     Not uninstalling google-auth-oauthlib at /home/***/.local/lib/python3.8/site-packages, outside environment /tmp/venvtgn4xcpl
[2024-11-18T21:16:53.819+0000] {process_utils.py:190} INFO -     Can't uninstall 'google-auth-oauthlib'. No files were found to uninstall.
[2024-11-18T21:16:54.017+0000] {process_utils.py:190} INFO -   Attempting uninstall: mlflow
[2024-11-18T21:16:54.019+0000] {process_utils.py:190} INFO -     Found existing installation: mlflow 2.17.0
[2024-11-18T21:16:54.019+0000] {process_utils.py:190} INFO -     Not uninstalling mlflow at /home/***/.local/lib/python3.8/site-packages, outside environment /tmp/venvtgn4xcpl
[2024-11-18T21:16:54.020+0000] {process_utils.py:190} INFO -     Can't uninstall 'mlflow'. No files were found to uninstall.
[2024-11-18T21:16:54.571+0000] {process_utils.py:190} INFO -   Attempting uninstall: boto3
[2024-11-18T21:16:54.572+0000] {process_utils.py:190} INFO -     Found existing installation: boto3 1.35.44
[2024-11-18T21:16:54.572+0000] {process_utils.py:190} INFO -     Not uninstalling boto3 at /home/***/.local/lib/python3.8/site-packages, outside environment /tmp/venvtgn4xcpl
[2024-11-18T21:16:54.573+0000] {process_utils.py:190} INFO -     Can't uninstall 'boto3'. No files were found to uninstall.
[2024-11-18T21:17:02.414+0000] {process_utils.py:190} INFO - ERROR: pip's dependency resolver does not currently take into account all the packages that are installed. This behaviour is the source of the following dependency conflicts.
[2024-11-18T21:17:02.415+0000] {process_utils.py:190} INFO - aiobotocore 2.9.0 requires botocore<1.33.14,>=1.33.2, but you have botocore 1.31.85 which is incompatible.
[2024-11-18T21:17:02.415+0000] {process_utils.py:190} INFO - azure-core 1.29.6 requires typing-extensions>=4.6.0, but you have typing-extensions 4.5.0 which is incompatible.
[2024-11-18T21:17:02.415+0000] {process_utils.py:190} INFO - azure-mgmt-keyvault 10.3.1 requires typing-extensions>=4.6.0, but you have typing-extensions 4.5.0 which is incompatible.
[2024-11-18T21:17:02.416+0000] {process_utils.py:190} INFO - azure-mgmt-network 27.0.0 requires typing-extensions>=4.6.0, but you have typing-extensions 4.5.0 which is incompatible.
[2024-11-18T21:17:02.416+0000] {process_utils.py:190} INFO - graphene 3.4 requires typing-extensions<5,>=4.7.1, but you have typing-extensions 4.5.0 which is incompatible.
[2024-11-18T21:17:02.416+0000] {process_utils.py:190} INFO - pydantic 2.5.3 requires typing-extensions>=4.6.1, but you have typing-extensions 4.5.0 which is incompatible.
[2024-11-18T21:17:02.416+0000] {process_utils.py:190} INFO - pydantic-core 2.14.6 requires typing-extensions!=4.7.0,>=4.6.0, but you have typing-extensions 4.5.0 which is incompatible.
[2024-11-18T21:17:02.417+0000] {process_utils.py:190} INFO - Successfully installed absl-py-2.1.0 astunparse-1.6.3 boto3-1.28.0 botocore-1.31.85 entrypoints-0.4 flatbuffers-24.3.25 gast-0.4.0 google-auth-oauthlib-1.0.0 google-pasta-0.2.0 h5py-3.11.0 keras-2.13.1 libclang-18.1.1 mlflow-2.10.2 numpy-1.24.3 opt-einsum-3.4.0 querystring-parser-1.2.4 s3transfer-0.6.2 tensorboard-2.13.0 tensorboard-data-server-0.7.2 tensorflow-2.13.0 tensorflow-estimator-2.13.0 tensorflow-io-gcs-filesystem-0.34.0 typing-extensions-4.5.0
[2024-11-18T21:17:02.528+0000] {process_utils.py:190} INFO - 
[2024-11-18T21:17:02.528+0000] {process_utils.py:190} INFO - [notice] A new release of pip is available: 23.3.1 -> 24.3.1
[2024-11-18T21:17:02.528+0000] {process_utils.py:190} INFO - [notice] To update, run: python -m pip install --upgrade pip
[2024-11-18T21:17:02.755+0000] {process_utils.py:182} INFO - Executing cmd: /tmp/venvtgn4xcpl/bin/python /tmp/venv-calldgehh4f9/script.py /tmp/venv-calldgehh4f9/script.in /tmp/venv-calldgehh4f9/script.out /tmp/venv-calldgehh4f9/string_args.txt /tmp/venv-calldgehh4f9/termination.log
[2024-11-18T21:17:02.758+0000] {process_utils.py:186} INFO - Output:
[2024-11-18T21:17:04.133+0000] {process_utils.py:190} INFO - 2024-11-18 21:17:04.133450: I tensorflow/core/util/port.cc:110] oneDNN custom operations are on. You may see slightly different numerical results due to floating-point round-off errors from different computation orders. To turn them off, set the environment variable `TF_ENABLE_ONEDNN_OPTS=0`.
[2024-11-18T21:17:04.134+0000] {process_utils.py:190} INFO - 2024-11-18 21:17:04.134661: I tensorflow/tsl/cuda/cudart_stub.cc:28] Could not find cuda drivers on your machine, GPU will not be used.
[2024-11-18T21:17:04.156+0000] {process_utils.py:190} INFO - 2024-11-18 21:17:04.156096: I tensorflow/tsl/cuda/cudart_stub.cc:28] Could not find cuda drivers on your machine, GPU will not be used.
[2024-11-18T21:17:04.156+0000] {process_utils.py:190} INFO - 2024-11-18 21:17:04.156379: I tensorflow/core/platform/cpu_feature_guard.cc:182] This TensorFlow binary is optimized to use available CPU instructions in performance-critical operations.
[2024-11-18T21:17:04.156+0000] {process_utils.py:190} INFO - To enable the following instructions: AVX2 AVX_VNNI FMA, in other operations, rebuild TensorFlow with the appropriate compiler flags.
[2024-11-18T21:17:04.740+0000] {process_utils.py:190} INFO - 2024-11-18 21:17:04.740652: W tensorflow/compiler/tf2tensorrt/utils/py_utils.cc:38] TF-TRT Warning: Could not find TensorRT
[2024-11-18T21:17:05.992+0000] {process_utils.py:190} INFO - Epoch 1/10
[2024-11-18T21:17:06.969+0000] {process_utils.py:190} INFO -   1/575 [..............................] - ETA: 3:42 - loss: 0.4182 46/575 [=>............................] - ETA: 0s - loss: 0.2196   96/575 [====>.........................] - ETA: 0s - loss: 0.1537168/575 [=======>......................] - ETA: 0s - loss: 0.1152241/575 [===========>..................] - ETA: 0s - loss: 0.0953315/575 [===============>..............] - ETA: 0s - loss: 0.0823387/575 [===================>..........] - ETA: 0s - loss: 0.0734460/575 [=======================>......] - ETA: 0s - loss: 0.0663530/575 [==========================>...] - ETA: 0s - loss: 0.0611575/575 [==============================] - 1s 1ms/step - loss: 0.0582 - val_loss: 0.0082
[2024-11-18T21:17:06.969+0000] {process_utils.py:190} INFO - Epoch 2/10
[2024-11-18T21:17:07.451+0000] {process_utils.py:190} INFO -   1/575 [..............................] - ETA: 0s - loss: 0.0217 73/575 [==>...........................] - ETA: 0s - loss: 0.0220147/575 [======>.......................] - ETA: 0s - loss: 0.0210221/575 [==========>...................] - ETA: 0s - loss: 0.0202295/575 [==============>...............] - ETA: 0s - loss: 0.0196368/575 [==================>...........] - ETA: 0s - loss: 0.0189442/575 [======================>.......] - ETA: 0s - loss: 0.0183515/575 [=========================>....] - ETA: 0s - loss: 0.0179575/575 [==============================] - 0s 838us/step - loss: 0.0176 - val_loss: 0.0057
[2024-11-18T21:17:07.451+0000] {process_utils.py:190} INFO - Epoch 3/10
[2024-11-18T21:17:07.926+0000] {process_utils.py:190} INFO -   1/575 [..............................] - ETA: 0s - loss: 0.0138 74/575 [==>...........................] - ETA: 0s - loss: 0.0139150/575 [======>.......................] - ETA: 0s - loss: 0.0136224/575 [==========>...................] - ETA: 0s - loss: 0.0133297/575 [==============>...............] - ETA: 0s - loss: 0.0130371/575 [==================>...........] - ETA: 0s - loss: 0.0129445/575 [======================>.......] - ETA: 0s - loss: 0.0126519/575 [==========================>...] - ETA: 0s - loss: 0.0125575/575 [==============================] - 0s 825us/step - loss: 0.0123 - val_loss: 0.0042
[2024-11-18T21:17:07.926+0000] {process_utils.py:190} INFO - Epoch 4/10
[2024-11-18T21:17:08.414+0000] {process_utils.py:190} INFO -   1/575 [..............................] - ETA: 0s - loss: 0.0132 72/575 [==>...........................] - ETA: 0s - loss: 0.0108142/575 [======>.......................] - ETA: 0s - loss: 0.0107215/575 [==========>...................] - ETA: 0s - loss: 0.0106286/575 [=============>................] - ETA: 0s - loss: 0.0104359/575 [=================>............] - ETA: 0s - loss: 0.0104431/575 [=====================>........] - ETA: 0s - loss: 0.0103504/575 [=========================>....] - ETA: 0s - loss: 0.0102572/575 [============================>.] - ETA: 0s - loss: 0.0101575/575 [==============================] - 0s 848us/step - loss: 0.0101 - val_loss: 0.0037
[2024-11-18T21:17:08.414+0000] {process_utils.py:190} INFO - Epoch 5/10
[2024-11-18T21:17:08.903+0000] {process_utils.py:190} INFO -   1/575 [..............................] - ETA: 0s - loss: 0.0083 73/575 [==>...........................] - ETA: 0s - loss: 0.0091140/575 [======>.......................] - ETA: 0s - loss: 0.0091210/575 [=========>....................] - ETA: 0s - loss: 0.0090285/575 [=============>................] - ETA: 0s - loss: 0.0090358/575 [=================>............] - ETA: 0s - loss: 0.0088432/575 [=====================>........] - ETA: 0s - loss: 0.0087503/575 [=========================>....] - ETA: 0s - loss: 0.0087575/575 [==============================] - 0s 851us/step - loss: 0.0086 - val_loss: 0.0027
[2024-11-18T21:17:08.904+0000] {process_utils.py:190} INFO - Epoch 6/10
[2024-11-18T21:17:09.385+0000] {process_utils.py:190} INFO -   1/575 [..............................] - ETA: 0s - loss: 0.0073 74/575 [==>...........................] - ETA: 0s - loss: 0.0082150/575 [======>.......................] - ETA: 0s - loss: 0.0078222/575 [==========>...................] - ETA: 0s - loss: 0.0079291/575 [==============>...............] - ETA: 0s - loss: 0.0079365/575 [==================>...........] - ETA: 0s - loss: 0.0078438/575 [=====================>........] - ETA: 0s - loss: 0.0078512/575 [=========================>....] - ETA: 0s - loss: 0.0077575/575 [==============================] - 0s 836us/step - loss: 0.0077 - val_loss: 0.0027
[2024-11-18T21:17:09.385+0000] {process_utils.py:190} INFO - Epoch 7/10
[2024-11-18T21:17:09.858+0000] {process_utils.py:190} INFO -   1/575 [..............................] - ETA: 0s - loss: 0.0081 73/575 [==>...........................] - ETA: 0s - loss: 0.0073147/575 [======>.......................] - ETA: 0s - loss: 0.0073223/575 [==========>...................] - ETA: 0s - loss: 0.0073298/575 [==============>...............] - ETA: 0s - loss: 0.0073373/575 [==================>...........] - ETA: 0s - loss: 0.0073447/575 [======================>.......] - ETA: 0s - loss: 0.0073524/575 [==========================>...] - ETA: 0s - loss: 0.0073575/575 [==============================] - 0s 822us/step - loss: 0.0073 - val_loss: 0.0028
[2024-11-18T21:17:09.859+0000] {process_utils.py:190} INFO - Epoch 8/10
[2024-11-18T21:17:10.335+0000] {process_utils.py:190} INFO -   1/575 [..............................] - ETA: 0s - loss: 0.0057 74/575 [==>...........................] - ETA: 0s - loss: 0.0068149/575 [======>.......................] - ETA: 0s - loss: 0.0068224/575 [==========>...................] - ETA: 0s - loss: 0.0069297/575 [==============>...............] - ETA: 0s - loss: 0.0069368/575 [==================>...........] - ETA: 0s - loss: 0.0069440/575 [=====================>........] - ETA: 0s - loss: 0.0068515/575 [=========================>....] - ETA: 0s - loss: 0.0068575/575 [==============================] - 0s 828us/step - loss: 0.0068 - val_loss: 0.0022
[2024-11-18T21:17:10.340+0000] {process_utils.py:190} INFO - Epoch 9/10
[2024-11-18T21:17:10.814+0000] {process_utils.py:190} INFO -   1/575 [..............................] - ETA: 0s - loss: 0.0058 75/575 [==>...........................] - ETA: 0s - loss: 0.0070150/575 [======>.......................] - ETA: 0s - loss: 0.0068225/575 [==========>...................] - ETA: 0s - loss: 0.0068297/575 [==============>...............] - ETA: 0s - loss: 0.0067371/575 [==================>...........] - ETA: 0s - loss: 0.0067445/575 [======================>.......] - ETA: 0s - loss: 0.0067516/575 [=========================>....] - ETA: 0s - loss: 0.0067575/575 [==============================] - 0s 832us/step - loss: 0.0066 - val_loss: 0.0026
[2024-11-18T21:17:10.814+0000] {process_utils.py:190} INFO - Epoch 10/10
[2024-11-18T21:17:11.291+0000] {process_utils.py:190} INFO -   1/575 [..............................] - ETA: 0s - loss: 0.0055 75/575 [==>...........................] - ETA: 0s - loss: 0.0066148/575 [======>.......................] - ETA: 0s - loss: 0.0067222/575 [==========>...................] - ETA: 0s - loss: 0.0066293/575 [==============>...............] - ETA: 0s - loss: 0.0066367/575 [==================>...........] - ETA: 0s - loss: 0.0066438/575 [=====================>........] - ETA: 0s - loss: 0.0066513/575 [=========================>....] - ETA: 0s - loss: 0.0066575/575 [==============================] - 0s 829us/step - loss: 0.0066 - val_loss: 0.0023
[2024-11-18T21:17:11.723+0000] {process_utils.py:190} INFO -   1/719 [..............................] - ETA: 30s 91/719 [==>...........................] - ETA: 0s 190/719 [======>.......................] - ETA: 0s290/719 [===========>..................] - ETA: 0s383/719 [==============>...............] - ETA: 0s486/719 [===================>..........] - ETA: 0s586/719 [=======================>......] - ETA: 0s683/719 [===========================>..] - ETA: 0s719/719 [==============================] - 0s 515us/step
[2024-11-18T21:17:12.608+0000] {process_utils.py:190} INFO -   1/719 [..............................] - ETA: 7s 93/719 [==>...........................] - ETA: 0s191/719 [======>.......................] - ETA: 0s286/719 [==========>...................] - ETA: 0s383/719 [==============>...............] - ETA: 0s478/719 [==================>...........] - ETA: 0s578/719 [=======================>......] - ETA: 0s679/719 [===========================>..] - ETA: 0s719/719 [==============================] - 0s 518us/step
[2024-11-18T21:17:12.681+0000] {process_utils.py:190} INFO - 2024/11/18 21:17:12 WARNING mlflow.tensorflow: You are saving a TensorFlow Core model or Keras model without a signature. Inference with mlflow.pyfunc.spark_udf() will not work unless the model's pyfunc representation accepts pandas DataFrames as inference inputs.
[2024-11-18T21:17:13.016+0000] {process_utils.py:190} INFO - [[34m2024-11-18T21:17:13.015+0000[0m] {[34mbuilder_impl.py:[0m804} INFO[0m - Assets written to: /tmp/tmpa11xycp3/model/data/model/assets[0m
[2024-11-18T21:17:15.755+0000] {process_utils.py:190} INFO - /tmp/venvtgn4xcpl/lib/python3.8/site-packages/_distutils_hack/__init__.py:33 UserWarning: Setuptools is replacing distutils.
[2024-11-18T21:17:15.785+0000] {process_utils.py:190} INFO - [[34m2024-11-18T21:17:15.785+0000[0m] {[34mcredentials.py:[0m1124} INFO[0m - Found credentials in environment variables.[0m
[2024-11-18T21:17:15.990+0000] {process_utils.py:190} INFO - Registered model 'spotify_model_prod' already exists. Creating a new version of this model...
[2024-11-18T21:17:15.990+0000] {process_utils.py:190} INFO - 2024/11/18 21:17:15 INFO mlflow.store.model_registry.abstract_store: Waiting up to 300 seconds for model version to finish creation. Model name: spotify_model_prod, version 13
[2024-11-18T21:17:15.991+0000] {process_utils.py:190} INFO - Created version '13' of model 'spotify_model_prod'.
[2024-11-18T21:17:15.991+0000] {process_utils.py:190} INFO - /tmp/venvtgn4xcpl/lib/python3.8/site-packages/keras/src/engine/training.py:3000 UserWarning: You are saving your model as an HDF5 file via `model.save()`. This file format is considered legacy. We recommend using instead the native Keras format, e.g. `model.save('my_model.keras')`.
[2024-11-18T21:17:16.017+0000] {process_utils.py:190} INFO - Traceback (most recent call last):
[2024-11-18T21:17:16.017+0000] {process_utils.py:190} INFO -   File "/tmp/venv-calldgehh4f9/script.py", line 102, in <module>
[2024-11-18T21:17:16.017+0000] {process_utils.py:190} INFO -     res = train_challenger_model(*arg_dict["args"], **arg_dict["kwargs"])
[2024-11-18T21:17:16.018+0000] {process_utils.py:190} INFO -   File "/tmp/venv-calldgehh4f9/script.py", line 95, in train_challenger_model
[2024-11-18T21:17:16.019+0000] {process_utils.py:190} INFO -     with open(embeddings_path, 'w') as f:
[2024-11-18T21:17:16.019+0000] {process_utils.py:190} INFO - FileNotFoundError: [Errno 2] No such file or directory: 'data_info/song_embeddings.json'
[2024-11-18T21:17:17.056+0000] {taskinstance.py:2698} ERROR - Task failed with exception
Traceback (most recent call last):
  File "/home/airflow/.local/lib/python3.8/site-packages/airflow/models/taskinstance.py", line 433, in _execute_task
    result = execute_callable(context=context, **execute_callable_kwargs)
  File "/home/airflow/.local/lib/python3.8/site-packages/airflow/decorators/base.py", line 241, in execute
    return_value = super().execute(context)
  File "/home/airflow/.local/lib/python3.8/site-packages/airflow/operators/python.py", line 400, in execute
    return super().execute(context=serializable_context)
  File "/home/airflow/.local/lib/python3.8/site-packages/airflow/operators/python.py", line 199, in execute
    return_value = self.execute_callable()
  File "/home/airflow/.local/lib/python3.8/site-packages/airflow/operators/python.py", line 716, in execute_callable
    result = self._execute_python_callable_in_subprocess(python_path)
  File "/home/airflow/.local/lib/python3.8/site-packages/airflow/operators/python.py", line 471, in _execute_python_callable_in_subprocess
    raise AirflowException(error_msg) from None
airflow.exceptions.AirflowException: Process returned non-zero exit status 1.
[Errno 2] No such file or directory: 'data_info/song_embeddings.json'
[2024-11-18T21:17:17.059+0000] {taskinstance.py:1138} INFO - Marking task as UP_FOR_RETRY. dag_id=spotify_retrain_challenge_model_v3, task_id=train_challenger_model, execution_date=20241118T211519, start_date=20241118T211519, end_date=20241118T211717
[2024-11-18T21:17:17.070+0000] {standard_task_runner.py:107} ERROR - Failed to execute job 128 for task train_challenger_model (Process returned non-zero exit status 1.
[Errno 2] No such file or directory: 'data_info/song_embeddings.json'; 415)
[2024-11-18T21:17:17.083+0000] {local_task_job_runner.py:234} INFO - Task exited with return code 1
[2024-11-18T21:17:17.097+0000] {taskinstance.py:3280} INFO - 0 downstream tasks scheduled from follow-on schedule check
