[2024-11-18T18:00:45.028+0000] {taskinstance.py:1956} INFO - Dependencies all met for dep_context=non-requeueable deps ti=<TaskInstance: spotify_retrain_challenge_model_v3.train_challenger_model scheduled__2024-11-17T00:00:00+00:00 [queued]>
[2024-11-18T18:00:45.032+0000] {taskinstance.py:1956} INFO - Dependencies all met for dep_context=requeueable deps ti=<TaskInstance: spotify_retrain_challenge_model_v3.train_challenger_model scheduled__2024-11-17T00:00:00+00:00 [queued]>
[2024-11-18T18:00:45.033+0000] {taskinstance.py:2170} INFO - Starting attempt 1 of 2
[2024-11-18T18:00:45.040+0000] {taskinstance.py:2191} INFO - Executing <Task(_PythonVirtualenvDecoratedOperator): train_challenger_model> on 2024-11-17 00:00:00+00:00
[2024-11-18T18:00:45.042+0000] {standard_task_runner.py:60} INFO - Started process 3234 to run task
[2024-11-18T18:00:45.044+0000] {standard_task_runner.py:87} INFO - Running: ['***', 'tasks', 'run', 'spotify_retrain_challenge_model_v3', 'train_challenger_model', 'scheduled__2024-11-17T00:00:00+00:00', '--job-id', '62', '--raw', '--subdir', 'DAGS_FOLDER/retrain_music_model.py', '--cfg-path', '/tmp/tmp160r3x4z']
[2024-11-18T18:00:45.045+0000] {standard_task_runner.py:88} INFO - Job 62: Subtask train_challenger_model
[2024-11-18T18:00:45.069+0000] {task_command.py:423} INFO - Running <TaskInstance: spotify_retrain_challenge_model_v3.train_challenger_model scheduled__2024-11-17T00:00:00+00:00 [running]> on host 98017b53a184
[2024-11-18T18:00:45.108+0000] {taskinstance.py:2480} INFO - Exporting env vars: AIRFLOW_CTX_DAG_OWNER='Martín Horn' AIRFLOW_CTX_DAG_ID='spotify_retrain_challenge_model_v3' AIRFLOW_CTX_TASK_ID='train_challenger_model' AIRFLOW_CTX_EXECUTION_DATE='2024-11-17T00:00:00+00:00' AIRFLOW_CTX_TRY_NUMBER='1' AIRFLOW_CTX_DAG_RUN_ID='scheduled__2024-11-17T00:00:00+00:00'
[2024-11-18T18:00:45.109+0000] {process_utils.py:182} INFO - Executing cmd: /usr/local/bin/python -m virtualenv /tmp/venvel3gejoe --system-site-packages --python=python
[2024-11-18T18:00:45.112+0000] {process_utils.py:186} INFO - Output:
[2024-11-18T18:00:45.425+0000] {process_utils.py:190} INFO - created virtual environment CPython3.8.18.final.0-64 in 105ms
[2024-11-18T18:00:45.425+0000] {process_utils.py:190} INFO -   creator CPython3Posix(dest=/tmp/venvel3gejoe, clear=False, no_vcs_ignore=False, global=True)
[2024-11-18T18:00:45.425+0000] {process_utils.py:190} INFO -   seeder FromAppData(download=False, pip=bundle, setuptools=bundle, wheel=bundle, via=copy, app_data_dir=/home/***/.local/share/virtualenv)
[2024-11-18T18:00:45.426+0000] {process_utils.py:190} INFO -     added seed packages: pip==23.3.1, setuptools==69.0.2, wheel==0.42.0
[2024-11-18T18:00:45.426+0000] {process_utils.py:190} INFO -   activators BashActivator,CShellActivator,FishActivator,NushellActivator,PowerShellActivator,PythonActivator
[2024-11-18T18:00:45.443+0000] {process_utils.py:182} INFO - Executing cmd: /tmp/venvel3gejoe/bin/pip install -r /tmp/venvel3gejoe/requirements.txt
[2024-11-18T18:00:45.447+0000] {process_utils.py:186} INFO - Output:
[2024-11-18T18:00:46.380+0000] {process_utils.py:190} INFO - Collecting boto3==1.28.0 (from -r /tmp/venvel3gejoe/requirements.txt (line 1))
[2024-11-18T18:00:46.382+0000] {process_utils.py:190} INFO -   Using cached boto3-1.28.0-py3-none-any.whl.metadata (6.6 kB)
[2024-11-18T18:00:46.420+0000] {process_utils.py:190} INFO - Collecting mlflow==2.10.2 (from -r /tmp/venvel3gejoe/requirements.txt (line 2))
[2024-11-18T18:00:46.421+0000] {process_utils.py:190} INFO -   Using cached mlflow-2.10.2-py3-none-any.whl.metadata (13 kB)
[2024-11-18T18:00:46.422+0000] {process_utils.py:190} INFO - Requirement already satisfied: pandas==2.0.3 in /home/***/.local/lib/python3.8/site-packages (from -r /tmp/venvel3gejoe/requirements.txt (line 3)) (2.0.3)
[2024-11-18T18:00:46.423+0000] {process_utils.py:190} INFO - Requirement already satisfied: scikit-learn==1.3.2 in /home/***/.local/lib/python3.8/site-packages (from -r /tmp/venvel3gejoe/requirements.txt (line 4)) (1.3.2)
[2024-11-18T18:00:46.522+0000] {process_utils.py:190} INFO - Collecting tensorflow==2.13.0 (from -r /tmp/venvel3gejoe/requirements.txt (line 5))
[2024-11-18T18:00:46.524+0000] {process_utils.py:190} INFO -   Using cached tensorflow-2.13.0-cp38-cp38-manylinux_2_17_x86_64.manylinux2014_x86_64.whl.metadata (3.4 kB)
[2024-11-18T18:00:46.911+0000] {process_utils.py:190} INFO - Collecting botocore<1.32.0,>=1.31.0 (from boto3==1.28.0->-r /tmp/venvel3gejoe/requirements.txt (line 1))
[2024-11-18T18:00:46.913+0000] {process_utils.py:190} INFO -   Using cached botocore-1.31.85-py3-none-any.whl.metadata (6.1 kB)
[2024-11-18T18:00:46.914+0000] {process_utils.py:190} INFO - Requirement already satisfied: jmespath<2.0.0,>=0.7.1 in /home/***/.local/lib/python3.8/site-packages (from boto3==1.28.0->-r /tmp/venvel3gejoe/requirements.txt (line 1)) (0.10.0)
[2024-11-18T18:00:46.935+0000] {process_utils.py:190} INFO - Collecting s3transfer<0.7.0,>=0.6.0 (from boto3==1.28.0->-r /tmp/venvel3gejoe/requirements.txt (line 1))
[2024-11-18T18:00:46.936+0000] {process_utils.py:190} INFO -   Using cached s3transfer-0.6.2-py3-none-any.whl.metadata (1.8 kB)
[2024-11-18T18:00:46.986+0000] {process_utils.py:190} INFO - Requirement already satisfied: click<9,>=7.0 in /home/***/.local/lib/python3.8/site-packages (from mlflow==2.10.2->-r /tmp/venvel3gejoe/requirements.txt (line 2)) (8.1.7)
[2024-11-18T18:00:46.987+0000] {process_utils.py:190} INFO - Requirement already satisfied: cloudpickle<4 in /home/***/.local/lib/python3.8/site-packages (from mlflow==2.10.2->-r /tmp/venvel3gejoe/requirements.txt (line 2)) (3.1.0)
[2024-11-18T18:00:47.002+0000] {process_utils.py:190} INFO - Collecting entrypoints<1 (from mlflow==2.10.2->-r /tmp/venvel3gejoe/requirements.txt (line 2))
[2024-11-18T18:00:47.004+0000] {process_utils.py:190} INFO -   Using cached entrypoints-0.4-py3-none-any.whl.metadata (2.6 kB)
[2024-11-18T18:00:47.004+0000] {process_utils.py:190} INFO - Requirement already satisfied: gitpython<4,>=2.1.0 in /home/***/.local/lib/python3.8/site-packages (from mlflow==2.10.2->-r /tmp/venvel3gejoe/requirements.txt (line 2)) (3.1.43)
[2024-11-18T18:00:47.005+0000] {process_utils.py:190} INFO - Requirement already satisfied: pyyaml<7,>=5.1 in /home/***/.local/lib/python3.8/site-packages (from mlflow==2.10.2->-r /tmp/venvel3gejoe/requirements.txt (line 2)) (6.0.1)
[2024-11-18T18:00:47.005+0000] {process_utils.py:190} INFO - Requirement already satisfied: protobuf<5,>=3.12.0 in /home/***/.local/lib/python3.8/site-packages (from mlflow==2.10.2->-r /tmp/venvel3gejoe/requirements.txt (line 2)) (4.25.2)
[2024-11-18T18:00:47.005+0000] {process_utils.py:190} INFO - Requirement already satisfied: pytz<2024 in /home/***/.local/lib/python3.8/site-packages (from mlflow==2.10.2->-r /tmp/venvel3gejoe/requirements.txt (line 2)) (2023.3.post1)
[2024-11-18T18:00:47.006+0000] {process_utils.py:190} INFO - Requirement already satisfied: requests<3,>=2.17.3 in /home/***/.local/lib/python3.8/site-packages (from mlflow==2.10.2->-r /tmp/venvel3gejoe/requirements.txt (line 2)) (2.31.0)
[2024-11-18T18:00:47.006+0000] {process_utils.py:190} INFO - Requirement already satisfied: packaging<24 in /home/***/.local/lib/python3.8/site-packages (from mlflow==2.10.2->-r /tmp/venvel3gejoe/requirements.txt (line 2)) (23.2)
[2024-11-18T18:00:47.007+0000] {process_utils.py:190} INFO - Requirement already satisfied: importlib-metadata!=4.7.0,<8,>=3.7.0 in /home/***/.local/lib/python3.8/site-packages (from mlflow==2.10.2->-r /tmp/venvel3gejoe/requirements.txt (line 2)) (6.11.0)
[2024-11-18T18:00:47.007+0000] {process_utils.py:190} INFO - Requirement already satisfied: sqlparse<1,>=0.4.0 in /home/***/.local/lib/python3.8/site-packages (from mlflow==2.10.2->-r /tmp/venvel3gejoe/requirements.txt (line 2)) (0.4.4)
[2024-11-18T18:00:47.008+0000] {process_utils.py:190} INFO - Requirement already satisfied: alembic!=1.10.0,<2 in /home/***/.local/lib/python3.8/site-packages (from mlflow==2.10.2->-r /tmp/venvel3gejoe/requirements.txt (line 2)) (1.13.1)
[2024-11-18T18:00:47.008+0000] {process_utils.py:190} INFO - Requirement already satisfied: docker<8,>=4.0.0 in /home/***/.local/lib/python3.8/site-packages (from mlflow==2.10.2->-r /tmp/venvel3gejoe/requirements.txt (line 2)) (7.0.0)
[2024-11-18T18:00:47.008+0000] {process_utils.py:190} INFO - Requirement already satisfied: Flask<4 in /home/***/.local/lib/python3.8/site-packages (from mlflow==2.10.2->-r /tmp/venvel3gejoe/requirements.txt (line 2)) (2.2.5)
[2024-11-18T18:00:47.009+0000] {process_utils.py:190} INFO - Requirement already satisfied: numpy<2 in /home/***/.local/lib/python3.8/site-packages (from mlflow==2.10.2->-r /tmp/venvel3gejoe/requirements.txt (line 2)) (1.24.4)
[2024-11-18T18:00:47.009+0000] {process_utils.py:190} INFO - Requirement already satisfied: scipy<2 in /home/***/.local/lib/python3.8/site-packages (from mlflow==2.10.2->-r /tmp/venvel3gejoe/requirements.txt (line 2)) (1.10.1)
[2024-11-18T18:00:47.027+0000] {process_utils.py:190} INFO - Collecting querystring-parser<2 (from mlflow==2.10.2->-r /tmp/venvel3gejoe/requirements.txt (line 2))
[2024-11-18T18:00:47.029+0000] {process_utils.py:190} INFO -   Using cached querystring_parser-1.2.4-py2.py3-none-any.whl.metadata (559 bytes)
[2024-11-18T18:00:47.030+0000] {process_utils.py:190} INFO - Requirement already satisfied: sqlalchemy<3,>=1.4.0 in /home/***/.local/lib/python3.8/site-packages (from mlflow==2.10.2->-r /tmp/venvel3gejoe/requirements.txt (line 2)) (1.4.51)
[2024-11-18T18:00:47.030+0000] {process_utils.py:190} INFO - Requirement already satisfied: pyarrow<16,>=4.0.0 in /home/***/.local/lib/python3.8/site-packages (from mlflow==2.10.2->-r /tmp/venvel3gejoe/requirements.txt (line 2)) (14.0.2)
[2024-11-18T18:00:47.031+0000] {process_utils.py:190} INFO - Requirement already satisfied: markdown<4,>=3.3 in /home/***/.local/lib/python3.8/site-packages (from mlflow==2.10.2->-r /tmp/venvel3gejoe/requirements.txt (line 2)) (3.5.2)
[2024-11-18T18:00:47.031+0000] {process_utils.py:190} INFO - Requirement already satisfied: matplotlib<4 in /home/***/.local/lib/python3.8/site-packages (from mlflow==2.10.2->-r /tmp/venvel3gejoe/requirements.txt (line 2)) (3.7.5)
[2024-11-18T18:00:47.032+0000] {process_utils.py:190} INFO - Requirement already satisfied: gunicorn<22 in /home/***/.local/lib/python3.8/site-packages (from mlflow==2.10.2->-r /tmp/venvel3gejoe/requirements.txt (line 2)) (21.2.0)
[2024-11-18T18:00:47.033+0000] {process_utils.py:190} INFO - Requirement already satisfied: Jinja2<4,>=2.11 in /home/***/.local/lib/python3.8/site-packages (from mlflow==2.10.2->-r /tmp/venvel3gejoe/requirements.txt (line 2)) (3.1.3)
[2024-11-18T18:00:47.087+0000] {process_utils.py:190} INFO - Requirement already satisfied: python-dateutil>=2.8.2 in /home/***/.local/lib/python3.8/site-packages (from pandas==2.0.3->-r /tmp/venvel3gejoe/requirements.txt (line 3)) (2.8.2)
[2024-11-18T18:00:47.088+0000] {process_utils.py:190} INFO - Requirement already satisfied: tzdata>=2022.1 in /home/***/.local/lib/python3.8/site-packages (from pandas==2.0.3->-r /tmp/venvel3gejoe/requirements.txt (line 3)) (2023.4)
[2024-11-18T18:00:47.108+0000] {process_utils.py:190} INFO - Requirement already satisfied: joblib>=1.1.1 in /home/***/.local/lib/python3.8/site-packages (from scikit-learn==1.3.2->-r /tmp/venvel3gejoe/requirements.txt (line 4)) (1.4.2)
[2024-11-18T18:00:47.108+0000] {process_utils.py:190} INFO - Requirement already satisfied: threadpoolctl>=2.0.0 in /home/***/.local/lib/python3.8/site-packages (from scikit-learn==1.3.2->-r /tmp/venvel3gejoe/requirements.txt (line 4)) (3.5.0)
[2024-11-18T18:00:47.140+0000] {process_utils.py:190} INFO - Collecting absl-py>=1.0.0 (from tensorflow==2.13.0->-r /tmp/venvel3gejoe/requirements.txt (line 5))
[2024-11-18T18:00:47.141+0000] {process_utils.py:190} INFO -   Using cached absl_py-2.1.0-py3-none-any.whl.metadata (2.3 kB)
[2024-11-18T18:00:47.157+0000] {process_utils.py:190} INFO - Collecting astunparse>=1.6.0 (from tensorflow==2.13.0->-r /tmp/venvel3gejoe/requirements.txt (line 5))
[2024-11-18T18:00:47.158+0000] {process_utils.py:190} INFO -   Using cached astunparse-1.6.3-py2.py3-none-any.whl.metadata (4.4 kB)
[2024-11-18T18:00:47.177+0000] {process_utils.py:190} INFO - Collecting flatbuffers>=23.1.21 (from tensorflow==2.13.0->-r /tmp/venvel3gejoe/requirements.txt (line 5))
[2024-11-18T18:00:47.178+0000] {process_utils.py:190} INFO -   Using cached flatbuffers-24.3.25-py2.py3-none-any.whl.metadata (850 bytes)
[2024-11-18T18:00:47.198+0000] {process_utils.py:190} INFO - Collecting gast<=0.4.0,>=0.2.1 (from tensorflow==2.13.0->-r /tmp/venvel3gejoe/requirements.txt (line 5))
[2024-11-18T18:00:47.199+0000] {process_utils.py:190} INFO -   Using cached gast-0.4.0-py3-none-any.whl.metadata (1.1 kB)
[2024-11-18T18:00:47.214+0000] {process_utils.py:190} INFO - Collecting google-pasta>=0.1.1 (from tensorflow==2.13.0->-r /tmp/venvel3gejoe/requirements.txt (line 5))
[2024-11-18T18:00:47.215+0000] {process_utils.py:190} INFO -   Using cached google_pasta-0.2.0-py3-none-any.whl.metadata (814 bytes)
[2024-11-18T18:00:47.216+0000] {process_utils.py:190} INFO - Requirement already satisfied: grpcio<2.0,>=1.24.3 in /home/***/.local/lib/python3.8/site-packages (from tensorflow==2.13.0->-r /tmp/venvel3gejoe/requirements.txt (line 5)) (1.60.0)
[2024-11-18T18:00:47.260+0000] {process_utils.py:190} INFO - Collecting h5py>=2.9.0 (from tensorflow==2.13.0->-r /tmp/venvel3gejoe/requirements.txt (line 5))
[2024-11-18T18:00:47.262+0000] {process_utils.py:190} INFO -   Using cached h5py-3.11.0-cp38-cp38-manylinux_2_17_x86_64.manylinux2014_x86_64.whl.metadata (2.5 kB)
[2024-11-18T18:00:47.291+0000] {process_utils.py:190} INFO - Collecting keras<2.14,>=2.13.1 (from tensorflow==2.13.0->-r /tmp/venvel3gejoe/requirements.txt (line 5))
[2024-11-18T18:00:47.293+0000] {process_utils.py:190} INFO -   Using cached keras-2.13.1-py3-none-any.whl.metadata (2.4 kB)
[2024-11-18T18:00:47.315+0000] {process_utils.py:190} INFO - Collecting libclang>=13.0.0 (from tensorflow==2.13.0->-r /tmp/venvel3gejoe/requirements.txt (line 5))
[2024-11-18T18:00:47.316+0000] {process_utils.py:190} INFO -   Using cached libclang-18.1.1-py2.py3-none-manylinux2010_x86_64.whl.metadata (5.2 kB)
[2024-11-18T18:00:47.471+0000] {process_utils.py:190} INFO - Collecting numpy<2 (from mlflow==2.10.2->-r /tmp/venvel3gejoe/requirements.txt (line 2))
[2024-11-18T18:00:47.472+0000] {process_utils.py:190} INFO -   Using cached numpy-1.24.3-cp38-cp38-manylinux_2_17_x86_64.manylinux2014_x86_64.whl.metadata (5.6 kB)
[2024-11-18T18:00:47.490+0000] {process_utils.py:190} INFO - Collecting opt-einsum>=2.3.2 (from tensorflow==2.13.0->-r /tmp/venvel3gejoe/requirements.txt (line 5))
[2024-11-18T18:00:47.492+0000] {process_utils.py:190} INFO -   Using cached opt_einsum-3.4.0-py3-none-any.whl.metadata (6.3 kB)
[2024-11-18T18:00:47.493+0000] {process_utils.py:190} INFO - Requirement already satisfied: setuptools in /tmp/venvel3gejoe/lib/python3.8/site-packages (from tensorflow==2.13.0->-r /tmp/venvel3gejoe/requirements.txt (line 5)) (69.0.2)
[2024-11-18T18:00:47.493+0000] {process_utils.py:190} INFO - Requirement already satisfied: six>=1.12.0 in /home/***/.local/lib/python3.8/site-packages (from tensorflow==2.13.0->-r /tmp/venvel3gejoe/requirements.txt (line 5)) (1.16.0)
[2024-11-18T18:00:47.518+0000] {process_utils.py:190} INFO - Collecting tensorboard<2.14,>=2.13 (from tensorflow==2.13.0->-r /tmp/venvel3gejoe/requirements.txt (line 5))
[2024-11-18T18:00:47.519+0000] {process_utils.py:190} INFO -   Using cached tensorboard-2.13.0-py3-none-any.whl.metadata (1.8 kB)
[2024-11-18T18:00:47.537+0000] {process_utils.py:190} INFO - Collecting tensorflow-estimator<2.14,>=2.13.0 (from tensorflow==2.13.0->-r /tmp/venvel3gejoe/requirements.txt (line 5))
[2024-11-18T18:00:47.538+0000] {process_utils.py:190} INFO -   Using cached tensorflow_estimator-2.13.0-py2.py3-none-any.whl.metadata (1.3 kB)
[2024-11-18T18:00:47.539+0000] {process_utils.py:190} INFO - Requirement already satisfied: termcolor>=1.1.0 in /home/***/.local/lib/python3.8/site-packages (from tensorflow==2.13.0->-r /tmp/venvel3gejoe/requirements.txt (line 5)) (2.4.0)
[2024-11-18T18:00:47.563+0000] {process_utils.py:190} INFO - Collecting typing-extensions<4.6.0,>=3.6.6 (from tensorflow==2.13.0->-r /tmp/venvel3gejoe/requirements.txt (line 5))
[2024-11-18T18:00:47.564+0000] {process_utils.py:190} INFO -   Using cached typing_extensions-4.5.0-py3-none-any.whl.metadata (8.5 kB)
[2024-11-18T18:00:47.565+0000] {process_utils.py:190} INFO - Requirement already satisfied: wrapt>=1.11.0 in /home/***/.local/lib/python3.8/site-packages (from tensorflow==2.13.0->-r /tmp/venvel3gejoe/requirements.txt (line 5)) (1.16.0)
[2024-11-18T18:00:47.620+0000] {process_utils.py:190} INFO - Collecting tensorflow-io-gcs-filesystem>=0.23.1 (from tensorflow==2.13.0->-r /tmp/venvel3gejoe/requirements.txt (line 5))
[2024-11-18T18:00:47.621+0000] {process_utils.py:190} INFO -   Using cached tensorflow_io_gcs_filesystem-0.34.0-cp38-cp38-manylinux_2_12_x86_64.manylinux2010_x86_64.whl.metadata (14 kB)
[2024-11-18T18:00:47.629+0000] {process_utils.py:190} INFO - Requirement already satisfied: Mako in /home/***/.local/lib/python3.8/site-packages (from alembic!=1.10.0,<2->mlflow==2.10.2->-r /tmp/venvel3gejoe/requirements.txt (line 2)) (1.3.0)
[2024-11-18T18:00:47.633+0000] {process_utils.py:190} INFO - Requirement already satisfied: importlib-resources in /home/***/.local/lib/python3.8/site-packages (from alembic!=1.10.0,<2->mlflow==2.10.2->-r /tmp/venvel3gejoe/requirements.txt (line 2)) (5.13.0)
[2024-11-18T18:00:47.636+0000] {process_utils.py:190} INFO - Requirement already satisfied: wheel<1.0,>=0.23.0 in /tmp/venvel3gejoe/lib/python3.8/site-packages (from astunparse>=1.6.0->tensorflow==2.13.0->-r /tmp/venvel3gejoe/requirements.txt (line 5)) (0.42.0)
[2024-11-18T18:00:47.642+0000] {process_utils.py:190} INFO - Requirement already satisfied: urllib3<1.27,>=1.25.4 in /home/***/.local/lib/python3.8/site-packages (from botocore<1.32.0,>=1.31.0->boto3==1.28.0->-r /tmp/venvel3gejoe/requirements.txt (line 1)) (1.26.18)
[2024-11-18T18:00:47.657+0000] {process_utils.py:190} INFO - Requirement already satisfied: Werkzeug>=2.2.2 in /home/***/.local/lib/python3.8/site-packages (from Flask<4->mlflow==2.10.2->-r /tmp/venvel3gejoe/requirements.txt (line 2)) (2.2.3)
[2024-11-18T18:00:47.657+0000] {process_utils.py:190} INFO - Requirement already satisfied: itsdangerous>=2.0 in /home/***/.local/lib/python3.8/site-packages (from Flask<4->mlflow==2.10.2->-r /tmp/venvel3gejoe/requirements.txt (line 2)) (2.1.2)
[2024-11-18T18:00:47.675+0000] {process_utils.py:190} INFO - Requirement already satisfied: gitdb<5,>=4.0.1 in /home/***/.local/lib/python3.8/site-packages (from gitpython<4,>=2.1.0->mlflow==2.10.2->-r /tmp/venvel3gejoe/requirements.txt (line 2)) (4.0.11)
[2024-11-18T18:00:47.700+0000] {process_utils.py:190} INFO - Requirement already satisfied: zipp>=0.5 in /home/***/.local/lib/python3.8/site-packages (from importlib-metadata!=4.7.0,<8,>=3.7.0->mlflow==2.10.2->-r /tmp/venvel3gejoe/requirements.txt (line 2)) (3.17.0)
[2024-11-18T18:00:47.703+0000] {process_utils.py:190} INFO - Requirement already satisfied: MarkupSafe>=2.0 in /home/***/.local/lib/python3.8/site-packages (from Jinja2<4,>=2.11->mlflow==2.10.2->-r /tmp/venvel3gejoe/requirements.txt (line 2)) (2.1.3)
[2024-11-18T18:00:47.727+0000] {process_utils.py:190} INFO - Requirement already satisfied: contourpy>=1.0.1 in /home/***/.local/lib/python3.8/site-packages (from matplotlib<4->mlflow==2.10.2->-r /tmp/venvel3gejoe/requirements.txt (line 2)) (1.1.1)
[2024-11-18T18:00:47.727+0000] {process_utils.py:190} INFO - Requirement already satisfied: cycler>=0.10 in /home/***/.local/lib/python3.8/site-packages (from matplotlib<4->mlflow==2.10.2->-r /tmp/venvel3gejoe/requirements.txt (line 2)) (0.12.1)
[2024-11-18T18:00:47.728+0000] {process_utils.py:190} INFO - Requirement already satisfied: fonttools>=4.22.0 in /home/***/.local/lib/python3.8/site-packages (from matplotlib<4->mlflow==2.10.2->-r /tmp/venvel3gejoe/requirements.txt (line 2)) (4.54.1)
[2024-11-18T18:00:47.728+0000] {process_utils.py:190} INFO - Requirement already satisfied: kiwisolver>=1.0.1 in /home/***/.local/lib/python3.8/site-packages (from matplotlib<4->mlflow==2.10.2->-r /tmp/venvel3gejoe/requirements.txt (line 2)) (1.4.7)
[2024-11-18T18:00:47.736+0000] {process_utils.py:190} INFO - Requirement already satisfied: pillow>=6.2.0 in /home/***/.local/lib/python3.8/site-packages (from matplotlib<4->mlflow==2.10.2->-r /tmp/venvel3gejoe/requirements.txt (line 2)) (10.4.0)
[2024-11-18T18:00:47.737+0000] {process_utils.py:190} INFO - Requirement already satisfied: pyparsing>=2.3.1 in /home/***/.local/lib/python3.8/site-packages (from matplotlib<4->mlflow==2.10.2->-r /tmp/venvel3gejoe/requirements.txt (line 2)) (3.1.1)
[2024-11-18T18:00:47.779+0000] {process_utils.py:190} INFO - Requirement already satisfied: charset-normalizer<4,>=2 in /home/***/.local/lib/python3.8/site-packages (from requests<3,>=2.17.3->mlflow==2.10.2->-r /tmp/venvel3gejoe/requirements.txt (line 2)) (3.3.2)
[2024-11-18T18:00:47.780+0000] {process_utils.py:190} INFO - Requirement already satisfied: idna<4,>=2.5 in /home/***/.local/lib/python3.8/site-packages (from requests<3,>=2.17.3->mlflow==2.10.2->-r /tmp/venvel3gejoe/requirements.txt (line 2)) (3.6)
[2024-11-18T18:00:47.780+0000] {process_utils.py:190} INFO - Requirement already satisfied: certifi>=2017.4.17 in /home/***/.local/lib/python3.8/site-packages (from requests<3,>=2.17.3->mlflow==2.10.2->-r /tmp/venvel3gejoe/requirements.txt (line 2)) (2023.11.17)
[2024-11-18T18:00:47.964+0000] {process_utils.py:190} INFO - Requirement already satisfied: greenlet!=0.4.17 in /home/***/.local/lib/python3.8/site-packages (from sqlalchemy<3,>=1.4.0->mlflow==2.10.2->-r /tmp/venvel3gejoe/requirements.txt (line 2)) (3.0.3)
[2024-11-18T18:00:47.983+0000] {process_utils.py:190} INFO - Requirement already satisfied: google-auth<3,>=1.6.3 in /home/***/.local/lib/python3.8/site-packages (from tensorboard<2.14,>=2.13->tensorflow==2.13.0->-r /tmp/venvel3gejoe/requirements.txt (line 5)) (2.26.2)
[2024-11-18T18:00:48.004+0000] {process_utils.py:190} INFO - Collecting google-auth-oauthlib<1.1,>=0.5 (from tensorboard<2.14,>=2.13->tensorflow==2.13.0->-r /tmp/venvel3gejoe/requirements.txt (line 5))
[2024-11-18T18:00:48.005+0000] {process_utils.py:190} INFO -   Using cached google_auth_oauthlib-1.0.0-py2.py3-none-any.whl.metadata (2.7 kB)
[2024-11-18T18:00:48.038+0000] {process_utils.py:190} INFO - Collecting tensorboard-data-server<0.8.0,>=0.7.0 (from tensorboard<2.14,>=2.13->tensorflow==2.13.0->-r /tmp/venvel3gejoe/requirements.txt (line 5))
[2024-11-18T18:00:48.039+0000] {process_utils.py:190} INFO -   Using cached tensorboard_data_server-0.7.2-py3-none-manylinux_2_31_x86_64.whl.metadata (1.1 kB)
[2024-11-18T18:00:48.184+0000] {process_utils.py:190} INFO - Requirement already satisfied: smmap<6,>=3.0.1 in /home/***/.local/lib/python3.8/site-packages (from gitdb<5,>=4.0.1->gitpython<4,>=2.1.0->mlflow==2.10.2->-r /tmp/venvel3gejoe/requirements.txt (line 2)) (5.0.1)
[2024-11-18T18:00:48.196+0000] {process_utils.py:190} INFO - Requirement already satisfied: cachetools<6.0,>=2.0.0 in /home/***/.local/lib/python3.8/site-packages (from google-auth<3,>=1.6.3->tensorboard<2.14,>=2.13->tensorflow==2.13.0->-r /tmp/venvel3gejoe/requirements.txt (line 5)) (5.3.2)
[2024-11-18T18:00:48.197+0000] {process_utils.py:190} INFO - Requirement already satisfied: pyasn1-modules>=0.2.1 in /home/***/.local/lib/python3.8/site-packages (from google-auth<3,>=1.6.3->tensorboard<2.14,>=2.13->tensorflow==2.13.0->-r /tmp/venvel3gejoe/requirements.txt (line 5)) (0.3.0)
[2024-11-18T18:00:48.197+0000] {process_utils.py:190} INFO - Requirement already satisfied: rsa<5,>=3.1.4 in /home/***/.local/lib/python3.8/site-packages (from google-auth<3,>=1.6.3->tensorboard<2.14,>=2.13->tensorflow==2.13.0->-r /tmp/venvel3gejoe/requirements.txt (line 5)) (4.9)
[2024-11-18T18:00:48.204+0000] {process_utils.py:190} INFO - Requirement already satisfied: requests-oauthlib>=0.7.0 in /home/***/.local/lib/python3.8/site-packages (from google-auth-oauthlib<1.1,>=0.5->tensorboard<2.14,>=2.13->tensorflow==2.13.0->-r /tmp/venvel3gejoe/requirements.txt (line 5)) (1.3.1)
[2024-11-18T18:00:48.332+0000] {process_utils.py:190} INFO - Requirement already satisfied: pyasn1<0.6.0,>=0.4.6 in /home/***/.local/lib/python3.8/site-packages (from pyasn1-modules>=0.2.1->google-auth<3,>=1.6.3->tensorboard<2.14,>=2.13->tensorflow==2.13.0->-r /tmp/venvel3gejoe/requirements.txt (line 5)) (0.5.1)
[2024-11-18T18:00:48.340+0000] {process_utils.py:190} INFO - Requirement already satisfied: oauthlib>=3.0.0 in /home/***/.local/lib/python3.8/site-packages (from requests-oauthlib>=0.7.0->google-auth-oauthlib<1.1,>=0.5->tensorboard<2.14,>=2.13->tensorflow==2.13.0->-r /tmp/venvel3gejoe/requirements.txt (line 5)) (3.2.2)
[2024-11-18T18:00:48.371+0000] {process_utils.py:190} INFO - Using cached boto3-1.28.0-py3-none-any.whl (135 kB)
[2024-11-18T18:00:48.373+0000] {process_utils.py:190} INFO - Using cached mlflow-2.10.2-py3-none-any.whl (19.5 MB)
[2024-11-18T18:00:48.390+0000] {process_utils.py:190} INFO - Using cached tensorflow-2.13.0-cp38-cp38-manylinux_2_17_x86_64.manylinux2014_x86_64.whl (524.1 MB)
[2024-11-18T18:00:48.888+0000] {process_utils.py:190} INFO - Using cached absl_py-2.1.0-py3-none-any.whl (133 kB)
[2024-11-18T18:00:48.889+0000] {process_utils.py:190} INFO - Using cached astunparse-1.6.3-py2.py3-none-any.whl (12 kB)
[2024-11-18T18:00:48.891+0000] {process_utils.py:190} INFO - Using cached botocore-1.31.85-py3-none-any.whl (11.3 MB)
[2024-11-18T18:00:48.903+0000] {process_utils.py:190} INFO - Using cached entrypoints-0.4-py3-none-any.whl (5.3 kB)
[2024-11-18T18:00:48.904+0000] {process_utils.py:190} INFO - Using cached flatbuffers-24.3.25-py2.py3-none-any.whl (26 kB)
[2024-11-18T18:00:48.905+0000] {process_utils.py:190} INFO - Using cached gast-0.4.0-py3-none-any.whl (9.8 kB)
[2024-11-18T18:00:48.906+0000] {process_utils.py:190} INFO - Using cached google_pasta-0.2.0-py3-none-any.whl (57 kB)
[2024-11-18T18:00:48.907+0000] {process_utils.py:190} INFO - Using cached h5py-3.11.0-cp38-cp38-manylinux_2_17_x86_64.manylinux2014_x86_64.whl (5.3 MB)
[2024-11-18T18:00:48.914+0000] {process_utils.py:190} INFO - Using cached keras-2.13.1-py3-none-any.whl (1.7 MB)
[2024-11-18T18:00:48.917+0000] {process_utils.py:190} INFO - Using cached libclang-18.1.1-py2.py3-none-manylinux2010_x86_64.whl (24.5 MB)
[2024-11-18T18:00:48.942+0000] {process_utils.py:190} INFO - Using cached numpy-1.24.3-cp38-cp38-manylinux_2_17_x86_64.manylinux2014_x86_64.whl (17.3 MB)
[2024-11-18T18:00:48.960+0000] {process_utils.py:190} INFO - Using cached opt_einsum-3.4.0-py3-none-any.whl (71 kB)
[2024-11-18T18:00:48.962+0000] {process_utils.py:190} INFO - Using cached querystring_parser-1.2.4-py2.py3-none-any.whl (7.9 kB)
[2024-11-18T18:00:48.963+0000] {process_utils.py:190} INFO - Using cached s3transfer-0.6.2-py3-none-any.whl (79 kB)
[2024-11-18T18:00:48.964+0000] {process_utils.py:190} INFO - Using cached tensorboard-2.13.0-py3-none-any.whl (5.6 MB)
[2024-11-18T18:00:48.970+0000] {process_utils.py:190} INFO - Using cached tensorflow_estimator-2.13.0-py2.py3-none-any.whl (440 kB)
[2024-11-18T18:00:48.972+0000] {process_utils.py:190} INFO - Using cached tensorflow_io_gcs_filesystem-0.34.0-cp38-cp38-manylinux_2_12_x86_64.manylinux2010_x86_64.whl (2.4 MB)
[2024-11-18T18:00:48.975+0000] {process_utils.py:190} INFO - Using cached typing_extensions-4.5.0-py3-none-any.whl (27 kB)
[2024-11-18T18:00:48.976+0000] {process_utils.py:190} INFO - Using cached google_auth_oauthlib-1.0.0-py2.py3-none-any.whl (18 kB)
[2024-11-18T18:00:48.978+0000] {process_utils.py:190} INFO - Using cached tensorboard_data_server-0.7.2-py3-none-manylinux_2_31_x86_64.whl (6.6 MB)
[2024-11-18T18:00:51.066+0000] {process_utils.py:190} INFO - Installing collected packages: libclang, flatbuffers, typing-extensions, tensorflow-io-gcs-filesystem, tensorflow-estimator, tensorboard-data-server, querystring-parser, opt-einsum, numpy, keras, google-pasta, gast, entrypoints, astunparse, absl-py, h5py, botocore, s3transfer, google-auth-oauthlib, tensorboard, mlflow, boto3, tensorflow
[2024-11-18T18:00:51.314+0000] {process_utils.py:190} INFO -   Attempting uninstall: typing-extensions
[2024-11-18T18:00:51.315+0000] {process_utils.py:190} INFO -     Found existing installation: typing_extensions 4.9.0
[2024-11-18T18:00:51.316+0000] {process_utils.py:190} INFO -     Not uninstalling typing-extensions at /home/***/.local/lib/python3.8/site-packages, outside environment /tmp/venvel3gejoe
[2024-11-18T18:00:51.316+0000] {process_utils.py:190} INFO -     Can't uninstall 'typing_extensions'. No files were found to uninstall.
[2024-11-18T18:00:51.582+0000] {process_utils.py:190} INFO -   Attempting uninstall: numpy
[2024-11-18T18:00:51.583+0000] {process_utils.py:190} INFO -     Found existing installation: numpy 1.24.4
[2024-11-18T18:00:51.584+0000] {process_utils.py:190} INFO -     Not uninstalling numpy at /home/***/.local/lib/python3.8/site-packages, outside environment /tmp/venvel3gejoe
[2024-11-18T18:00:51.584+0000] {process_utils.py:190} INFO -     Can't uninstall 'numpy'. No files were found to uninstall.
[2024-11-18T18:00:53.292+0000] {process_utils.py:190} INFO -   Attempting uninstall: botocore
[2024-11-18T18:00:53.293+0000] {process_utils.py:190} INFO -     Found existing installation: botocore 1.35.44
[2024-11-18T18:00:53.293+0000] {process_utils.py:190} INFO -     Not uninstalling botocore at /home/***/.local/lib/python3.8/site-packages, outside environment /tmp/venvel3gejoe
[2024-11-18T18:00:53.293+0000] {process_utils.py:190} INFO -     Can't uninstall 'botocore'. No files were found to uninstall.
[2024-11-18T18:00:53.720+0000] {process_utils.py:190} INFO -   Attempting uninstall: s3transfer
[2024-11-18T18:00:53.722+0000] {process_utils.py:190} INFO -     Found existing installation: s3transfer 0.10.3
[2024-11-18T18:00:53.722+0000] {process_utils.py:190} INFO -     Not uninstalling s3transfer at /home/***/.local/lib/python3.8/site-packages, outside environment /tmp/venvel3gejoe
[2024-11-18T18:00:53.722+0000] {process_utils.py:190} INFO -     Can't uninstall 's3transfer'. No files were found to uninstall.
[2024-11-18T18:00:53.744+0000] {process_utils.py:190} INFO -   Attempting uninstall: google-auth-oauthlib
[2024-11-18T18:00:53.745+0000] {process_utils.py:190} INFO -     Found existing installation: google-auth-oauthlib 1.2.0
[2024-11-18T18:00:53.745+0000] {process_utils.py:190} INFO -     Not uninstalling google-auth-oauthlib at /home/***/.local/lib/python3.8/site-packages, outside environment /tmp/venvel3gejoe
[2024-11-18T18:00:53.746+0000] {process_utils.py:190} INFO -     Can't uninstall 'google-auth-oauthlib'. No files were found to uninstall.
[2024-11-18T18:00:53.956+0000] {process_utils.py:190} INFO -   Attempting uninstall: mlflow
[2024-11-18T18:00:53.957+0000] {process_utils.py:190} INFO -     Found existing installation: mlflow 2.17.0
[2024-11-18T18:00:53.957+0000] {process_utils.py:190} INFO -     Not uninstalling mlflow at /home/***/.local/lib/python3.8/site-packages, outside environment /tmp/venvel3gejoe
[2024-11-18T18:00:53.958+0000] {process_utils.py:190} INFO -     Can't uninstall 'mlflow'. No files were found to uninstall.
[2024-11-18T18:00:54.528+0000] {process_utils.py:190} INFO -   Attempting uninstall: boto3
[2024-11-18T18:00:54.529+0000] {process_utils.py:190} INFO -     Found existing installation: boto3 1.35.44
[2024-11-18T18:00:54.529+0000] {process_utils.py:190} INFO -     Not uninstalling boto3 at /home/***/.local/lib/python3.8/site-packages, outside environment /tmp/venvel3gejoe
[2024-11-18T18:00:54.530+0000] {process_utils.py:190} INFO -     Can't uninstall 'boto3'. No files were found to uninstall.
[2024-11-18T18:01:01.972+0000] {process_utils.py:190} INFO - ERROR: pip's dependency resolver does not currently take into account all the packages that are installed. This behaviour is the source of the following dependency conflicts.
[2024-11-18T18:01:01.972+0000] {process_utils.py:190} INFO - aiobotocore 2.9.0 requires botocore<1.33.14,>=1.33.2, but you have botocore 1.31.85 which is incompatible.
[2024-11-18T18:01:01.973+0000] {process_utils.py:190} INFO - azure-core 1.29.6 requires typing-extensions>=4.6.0, but you have typing-extensions 4.5.0 which is incompatible.
[2024-11-18T18:01:01.975+0000] {process_utils.py:190} INFO - azure-mgmt-keyvault 10.3.1 requires typing-extensions>=4.6.0, but you have typing-extensions 4.5.0 which is incompatible.
[2024-11-18T18:01:01.975+0000] {process_utils.py:190} INFO - azure-mgmt-network 27.0.0 requires typing-extensions>=4.6.0, but you have typing-extensions 4.5.0 which is incompatible.
[2024-11-18T18:01:01.975+0000] {process_utils.py:190} INFO - graphene 3.4 requires typing-extensions<5,>=4.7.1, but you have typing-extensions 4.5.0 which is incompatible.
[2024-11-18T18:01:01.976+0000] {process_utils.py:190} INFO - pydantic 2.5.3 requires typing-extensions>=4.6.1, but you have typing-extensions 4.5.0 which is incompatible.
[2024-11-18T18:01:01.977+0000] {process_utils.py:190} INFO - pydantic-core 2.14.6 requires typing-extensions!=4.7.0,>=4.6.0, but you have typing-extensions 4.5.0 which is incompatible.
[2024-11-18T18:01:01.977+0000] {process_utils.py:190} INFO - Successfully installed absl-py-2.1.0 astunparse-1.6.3 boto3-1.28.0 botocore-1.31.85 entrypoints-0.4 flatbuffers-24.3.25 gast-0.4.0 google-auth-oauthlib-1.0.0 google-pasta-0.2.0 h5py-3.11.0 keras-2.13.1 libclang-18.1.1 mlflow-2.10.2 numpy-1.24.3 opt-einsum-3.4.0 querystring-parser-1.2.4 s3transfer-0.6.2 tensorboard-2.13.0 tensorboard-data-server-0.7.2 tensorflow-2.13.0 tensorflow-estimator-2.13.0 tensorflow-io-gcs-filesystem-0.34.0 typing-extensions-4.5.0
[2024-11-18T18:01:02.052+0000] {process_utils.py:190} INFO - 
[2024-11-18T18:01:02.052+0000] {process_utils.py:190} INFO - [notice] A new release of pip is available: 23.3.1 -> 24.3.1
[2024-11-18T18:01:02.052+0000] {process_utils.py:190} INFO - [notice] To update, run: python -m pip install --upgrade pip
[2024-11-18T18:01:02.284+0000] {process_utils.py:182} INFO - Executing cmd: /tmp/venvel3gejoe/bin/python /tmp/venv-calleian0j_g/script.py /tmp/venv-calleian0j_g/script.in /tmp/venv-calleian0j_g/script.out /tmp/venv-calleian0j_g/string_args.txt /tmp/venv-calleian0j_g/termination.log
[2024-11-18T18:01:02.287+0000] {process_utils.py:186} INFO - Output:
[2024-11-18T18:01:03.294+0000] {process_utils.py:190} INFO - 2024-11-18 18:01:03.294116: I tensorflow/core/util/port.cc:110] oneDNN custom operations are on. You may see slightly different numerical results due to floating-point round-off errors from different computation orders. To turn them off, set the environment variable `TF_ENABLE_ONEDNN_OPTS=0`.
[2024-11-18T18:01:03.295+0000] {process_utils.py:190} INFO - 2024-11-18 18:01:03.295119: I tensorflow/tsl/cuda/cudart_stub.cc:28] Could not find cuda drivers on your machine, GPU will not be used.
[2024-11-18T18:01:03.315+0000] {process_utils.py:190} INFO - 2024-11-18 18:01:03.315758: I tensorflow/tsl/cuda/cudart_stub.cc:28] Could not find cuda drivers on your machine, GPU will not be used.
[2024-11-18T18:01:03.316+0000] {process_utils.py:190} INFO - 2024-11-18 18:01:03.316057: I tensorflow/core/platform/cpu_feature_guard.cc:182] This TensorFlow binary is optimized to use available CPU instructions in performance-critical operations.
[2024-11-18T18:01:03.316+0000] {process_utils.py:190} INFO - To enable the following instructions: AVX2 AVX_VNNI FMA, in other operations, rebuild TensorFlow with the appropriate compiler flags.
[2024-11-18T18:01:03.822+0000] {process_utils.py:190} INFO - 2024-11-18 18:01:03.822256: W tensorflow/compiler/tf2tensorrt/utils/py_utils.cc:38] TF-TRT Warning: Could not find TensorRT
[2024-11-18T18:01:04.764+0000] {process_utils.py:190} INFO - Traceback (most recent call last):
[2024-11-18T18:01:04.764+0000] {process_utils.py:190} INFO -   File "/tmp/venv-calleian0j_g/script.py", line 85, in <module>
[2024-11-18T18:01:04.764+0000] {process_utils.py:190} INFO -     res = train_challenger_model(*arg_dict["args"], **arg_dict["kwargs"])
[2024-11-18T18:01:04.765+0000] {process_utils.py:190} INFO -   File "/tmp/venv-calleian0j_g/script.py", line 34, in train_challenger_model
[2024-11-18T18:01:04.765+0000] {process_utils.py:190} INFO -     mlflow.set_tracking_uri(MLFLOW_TRACKING_URI)
[2024-11-18T18:01:04.765+0000] {process_utils.py:190} INFO - NameError: name 'MLFLOW_TRACKING_URI' is not defined
[2024-11-18T18:01:05.599+0000] {taskinstance.py:2698} ERROR - Task failed with exception
Traceback (most recent call last):
  File "/home/airflow/.local/lib/python3.8/site-packages/airflow/models/taskinstance.py", line 433, in _execute_task
    result = execute_callable(context=context, **execute_callable_kwargs)
  File "/home/airflow/.local/lib/python3.8/site-packages/airflow/decorators/base.py", line 241, in execute
    return_value = super().execute(context)
  File "/home/airflow/.local/lib/python3.8/site-packages/airflow/operators/python.py", line 400, in execute
    return super().execute(context=serializable_context)
  File "/home/airflow/.local/lib/python3.8/site-packages/airflow/operators/python.py", line 199, in execute
    return_value = self.execute_callable()
  File "/home/airflow/.local/lib/python3.8/site-packages/airflow/operators/python.py", line 716, in execute_callable
    result = self._execute_python_callable_in_subprocess(python_path)
  File "/home/airflow/.local/lib/python3.8/site-packages/airflow/operators/python.py", line 471, in _execute_python_callable_in_subprocess
    raise AirflowException(error_msg) from None
airflow.exceptions.AirflowException: Process returned non-zero exit status 1.
name 'MLFLOW_TRACKING_URI' is not defined
[2024-11-18T18:01:05.601+0000] {taskinstance.py:1138} INFO - Marking task as UP_FOR_RETRY. dag_id=spotify_retrain_challenge_model_v3, task_id=train_challenger_model, execution_date=20241117T000000, start_date=20241118T180045, end_date=20241118T180105
[2024-11-18T18:01:05.607+0000] {standard_task_runner.py:107} ERROR - Failed to execute job 62 for task train_challenger_model (Process returned non-zero exit status 1.
name 'MLFLOW_TRACKING_URI' is not defined; 3234)
[2024-11-18T18:01:05.639+0000] {local_task_job_runner.py:234} INFO - Task exited with return code 1
[2024-11-18T18:01:05.651+0000] {taskinstance.py:3280} INFO - 0 downstream tasks scheduled from follow-on schedule check
[2024-11-18T18:04:41.548+0000] {taskinstance.py:1956} INFO - Dependencies all met for dep_context=non-requeueable deps ti=<TaskInstance: spotify_retrain_challenge_model_v3.train_challenger_model scheduled__2024-11-17T00:00:00+00:00 [queued]>
[2024-11-18T18:04:41.552+0000] {taskinstance.py:1956} INFO - Dependencies all met for dep_context=requeueable deps ti=<TaskInstance: spotify_retrain_challenge_model_v3.train_challenger_model scheduled__2024-11-17T00:00:00+00:00 [queued]>
[2024-11-18T18:04:41.552+0000] {taskinstance.py:2170} INFO - Starting attempt 1 of 2
[2024-11-18T18:04:41.559+0000] {taskinstance.py:2191} INFO - Executing <Task(_PythonVirtualenvDecoratedOperator): train_challenger_model> on 2024-11-17 00:00:00+00:00
[2024-11-18T18:04:41.562+0000] {standard_task_runner.py:60} INFO - Started process 3939 to run task
[2024-11-18T18:04:41.563+0000] {standard_task_runner.py:87} INFO - Running: ['***', 'tasks', 'run', 'spotify_retrain_challenge_model_v3', 'train_challenger_model', 'scheduled__2024-11-17T00:00:00+00:00', '--job-id', '67', '--raw', '--subdir', 'DAGS_FOLDER/retrain_music_model.py', '--cfg-path', '/tmp/tmp3xffxp3l']
[2024-11-18T18:04:41.564+0000] {standard_task_runner.py:88} INFO - Job 67: Subtask train_challenger_model
[2024-11-18T18:04:41.590+0000] {task_command.py:423} INFO - Running <TaskInstance: spotify_retrain_challenge_model_v3.train_challenger_model scheduled__2024-11-17T00:00:00+00:00 [running]> on host 98017b53a184
[2024-11-18T18:04:41.629+0000] {taskinstance.py:2480} INFO - Exporting env vars: AIRFLOW_CTX_DAG_OWNER='Martín Horn' AIRFLOW_CTX_DAG_ID='spotify_retrain_challenge_model_v3' AIRFLOW_CTX_TASK_ID='train_challenger_model' AIRFLOW_CTX_EXECUTION_DATE='2024-11-17T00:00:00+00:00' AIRFLOW_CTX_TRY_NUMBER='1' AIRFLOW_CTX_DAG_RUN_ID='scheduled__2024-11-17T00:00:00+00:00'
[2024-11-18T18:04:41.630+0000] {process_utils.py:182} INFO - Executing cmd: /usr/local/bin/python -m virtualenv /tmp/venvodmm3yqk --system-site-packages --python=python
[2024-11-18T18:04:41.634+0000] {process_utils.py:186} INFO - Output:
[2024-11-18T18:04:41.959+0000] {process_utils.py:190} INFO - created virtual environment CPython3.8.18.final.0-64 in 115ms
[2024-11-18T18:04:41.959+0000] {process_utils.py:190} INFO -   creator CPython3Posix(dest=/tmp/venvodmm3yqk, clear=False, no_vcs_ignore=False, global=True)
[2024-11-18T18:04:41.960+0000] {process_utils.py:190} INFO -   seeder FromAppData(download=False, pip=bundle, setuptools=bundle, wheel=bundle, via=copy, app_data_dir=/home/***/.local/share/virtualenv)
[2024-11-18T18:04:41.960+0000] {process_utils.py:190} INFO -     added seed packages: pip==23.3.1, setuptools==69.0.2, wheel==0.42.0
[2024-11-18T18:04:41.960+0000] {process_utils.py:190} INFO -   activators BashActivator,CShellActivator,FishActivator,NushellActivator,PowerShellActivator,PythonActivator
[2024-11-18T18:04:41.977+0000] {process_utils.py:182} INFO - Executing cmd: /tmp/venvodmm3yqk/bin/pip install -r /tmp/venvodmm3yqk/requirements.txt
[2024-11-18T18:04:41.981+0000] {process_utils.py:186} INFO - Output:
[2024-11-18T18:04:42.955+0000] {process_utils.py:190} INFO - Collecting boto3==1.28.0 (from -r /tmp/venvodmm3yqk/requirements.txt (line 1))
[2024-11-18T18:04:42.956+0000] {process_utils.py:190} INFO -   Using cached boto3-1.28.0-py3-none-any.whl.metadata (6.6 kB)
[2024-11-18T18:04:42.995+0000] {process_utils.py:190} INFO - Collecting mlflow==2.10.2 (from -r /tmp/venvodmm3yqk/requirements.txt (line 2))
[2024-11-18T18:04:42.997+0000] {process_utils.py:190} INFO -   Using cached mlflow-2.10.2-py3-none-any.whl.metadata (13 kB)
[2024-11-18T18:04:42.998+0000] {process_utils.py:190} INFO - Requirement already satisfied: pandas==2.0.3 in /home/***/.local/lib/python3.8/site-packages (from -r /tmp/venvodmm3yqk/requirements.txt (line 3)) (2.0.3)
[2024-11-18T18:04:42.998+0000] {process_utils.py:190} INFO - Requirement already satisfied: scikit-learn==1.3.2 in /home/***/.local/lib/python3.8/site-packages (from -r /tmp/venvodmm3yqk/requirements.txt (line 4)) (1.3.2)
[2024-11-18T18:04:43.103+0000] {process_utils.py:190} INFO - Collecting tensorflow==2.13.0 (from -r /tmp/venvodmm3yqk/requirements.txt (line 5))
[2024-11-18T18:04:43.104+0000] {process_utils.py:190} INFO -   Using cached tensorflow-2.13.0-cp38-cp38-manylinux_2_17_x86_64.manylinux2014_x86_64.whl.metadata (3.4 kB)
[2024-11-18T18:04:43.517+0000] {process_utils.py:190} INFO - Collecting botocore<1.32.0,>=1.31.0 (from boto3==1.28.0->-r /tmp/venvodmm3yqk/requirements.txt (line 1))
[2024-11-18T18:04:43.519+0000] {process_utils.py:190} INFO -   Using cached botocore-1.31.85-py3-none-any.whl.metadata (6.1 kB)
[2024-11-18T18:04:43.520+0000] {process_utils.py:190} INFO - Requirement already satisfied: jmespath<2.0.0,>=0.7.1 in /home/***/.local/lib/python3.8/site-packages (from boto3==1.28.0->-r /tmp/venvodmm3yqk/requirements.txt (line 1)) (0.10.0)
[2024-11-18T18:04:43.543+0000] {process_utils.py:190} INFO - Collecting s3transfer<0.7.0,>=0.6.0 (from boto3==1.28.0->-r /tmp/venvodmm3yqk/requirements.txt (line 1))
[2024-11-18T18:04:43.544+0000] {process_utils.py:190} INFO -   Using cached s3transfer-0.6.2-py3-none-any.whl.metadata (1.8 kB)
[2024-11-18T18:04:43.601+0000] {process_utils.py:190} INFO - Requirement already satisfied: click<9,>=7.0 in /home/***/.local/lib/python3.8/site-packages (from mlflow==2.10.2->-r /tmp/venvodmm3yqk/requirements.txt (line 2)) (8.1.7)
[2024-11-18T18:04:43.601+0000] {process_utils.py:190} INFO - Requirement already satisfied: cloudpickle<4 in /home/***/.local/lib/python3.8/site-packages (from mlflow==2.10.2->-r /tmp/venvodmm3yqk/requirements.txt (line 2)) (3.1.0)
[2024-11-18T18:04:43.617+0000] {process_utils.py:190} INFO - Collecting entrypoints<1 (from mlflow==2.10.2->-r /tmp/venvodmm3yqk/requirements.txt (line 2))
[2024-11-18T18:04:43.618+0000] {process_utils.py:190} INFO -   Using cached entrypoints-0.4-py3-none-any.whl.metadata (2.6 kB)
[2024-11-18T18:04:43.619+0000] {process_utils.py:190} INFO - Requirement already satisfied: gitpython<4,>=2.1.0 in /home/***/.local/lib/python3.8/site-packages (from mlflow==2.10.2->-r /tmp/venvodmm3yqk/requirements.txt (line 2)) (3.1.43)
[2024-11-18T18:04:43.619+0000] {process_utils.py:190} INFO - Requirement already satisfied: pyyaml<7,>=5.1 in /home/***/.local/lib/python3.8/site-packages (from mlflow==2.10.2->-r /tmp/venvodmm3yqk/requirements.txt (line 2)) (6.0.1)
[2024-11-18T18:04:43.620+0000] {process_utils.py:190} INFO - Requirement already satisfied: protobuf<5,>=3.12.0 in /home/***/.local/lib/python3.8/site-packages (from mlflow==2.10.2->-r /tmp/venvodmm3yqk/requirements.txt (line 2)) (4.25.2)
[2024-11-18T18:04:43.620+0000] {process_utils.py:190} INFO - Requirement already satisfied: pytz<2024 in /home/***/.local/lib/python3.8/site-packages (from mlflow==2.10.2->-r /tmp/venvodmm3yqk/requirements.txt (line 2)) (2023.3.post1)
[2024-11-18T18:04:43.621+0000] {process_utils.py:190} INFO - Requirement already satisfied: requests<3,>=2.17.3 in /home/***/.local/lib/python3.8/site-packages (from mlflow==2.10.2->-r /tmp/venvodmm3yqk/requirements.txt (line 2)) (2.31.0)
[2024-11-18T18:04:43.621+0000] {process_utils.py:190} INFO - Requirement already satisfied: packaging<24 in /home/***/.local/lib/python3.8/site-packages (from mlflow==2.10.2->-r /tmp/venvodmm3yqk/requirements.txt (line 2)) (23.2)
[2024-11-18T18:04:43.622+0000] {process_utils.py:190} INFO - Requirement already satisfied: importlib-metadata!=4.7.0,<8,>=3.7.0 in /home/***/.local/lib/python3.8/site-packages (from mlflow==2.10.2->-r /tmp/venvodmm3yqk/requirements.txt (line 2)) (6.11.0)
[2024-11-18T18:04:43.622+0000] {process_utils.py:190} INFO - Requirement already satisfied: sqlparse<1,>=0.4.0 in /home/***/.local/lib/python3.8/site-packages (from mlflow==2.10.2->-r /tmp/venvodmm3yqk/requirements.txt (line 2)) (0.4.4)
[2024-11-18T18:04:43.623+0000] {process_utils.py:190} INFO - Requirement already satisfied: alembic!=1.10.0,<2 in /home/***/.local/lib/python3.8/site-packages (from mlflow==2.10.2->-r /tmp/venvodmm3yqk/requirements.txt (line 2)) (1.13.1)
[2024-11-18T18:04:43.623+0000] {process_utils.py:190} INFO - Requirement already satisfied: docker<8,>=4.0.0 in /home/***/.local/lib/python3.8/site-packages (from mlflow==2.10.2->-r /tmp/venvodmm3yqk/requirements.txt (line 2)) (7.0.0)
[2024-11-18T18:04:43.624+0000] {process_utils.py:190} INFO - Requirement already satisfied: Flask<4 in /home/***/.local/lib/python3.8/site-packages (from mlflow==2.10.2->-r /tmp/venvodmm3yqk/requirements.txt (line 2)) (2.2.5)
[2024-11-18T18:04:43.624+0000] {process_utils.py:190} INFO - Requirement already satisfied: numpy<2 in /home/***/.local/lib/python3.8/site-packages (from mlflow==2.10.2->-r /tmp/venvodmm3yqk/requirements.txt (line 2)) (1.24.4)
[2024-11-18T18:04:43.624+0000] {process_utils.py:190} INFO - Requirement already satisfied: scipy<2 in /home/***/.local/lib/python3.8/site-packages (from mlflow==2.10.2->-r /tmp/venvodmm3yqk/requirements.txt (line 2)) (1.10.1)
[2024-11-18T18:04:43.640+0000] {process_utils.py:190} INFO - Collecting querystring-parser<2 (from mlflow==2.10.2->-r /tmp/venvodmm3yqk/requirements.txt (line 2))
[2024-11-18T18:04:43.641+0000] {process_utils.py:190} INFO -   Using cached querystring_parser-1.2.4-py2.py3-none-any.whl.metadata (559 bytes)
[2024-11-18T18:04:43.642+0000] {process_utils.py:190} INFO - Requirement already satisfied: sqlalchemy<3,>=1.4.0 in /home/***/.local/lib/python3.8/site-packages (from mlflow==2.10.2->-r /tmp/venvodmm3yqk/requirements.txt (line 2)) (1.4.51)
[2024-11-18T18:04:43.643+0000] {process_utils.py:190} INFO - Requirement already satisfied: pyarrow<16,>=4.0.0 in /home/***/.local/lib/python3.8/site-packages (from mlflow==2.10.2->-r /tmp/venvodmm3yqk/requirements.txt (line 2)) (14.0.2)
[2024-11-18T18:04:43.643+0000] {process_utils.py:190} INFO - Requirement already satisfied: markdown<4,>=3.3 in /home/***/.local/lib/python3.8/site-packages (from mlflow==2.10.2->-r /tmp/venvodmm3yqk/requirements.txt (line 2)) (3.5.2)
[2024-11-18T18:04:43.643+0000] {process_utils.py:190} INFO - Requirement already satisfied: matplotlib<4 in /home/***/.local/lib/python3.8/site-packages (from mlflow==2.10.2->-r /tmp/venvodmm3yqk/requirements.txt (line 2)) (3.7.5)
[2024-11-18T18:04:43.644+0000] {process_utils.py:190} INFO - Requirement already satisfied: gunicorn<22 in /home/***/.local/lib/python3.8/site-packages (from mlflow==2.10.2->-r /tmp/venvodmm3yqk/requirements.txt (line 2)) (21.2.0)
[2024-11-18T18:04:43.645+0000] {process_utils.py:190} INFO - Requirement already satisfied: Jinja2<4,>=2.11 in /home/***/.local/lib/python3.8/site-packages (from mlflow==2.10.2->-r /tmp/venvodmm3yqk/requirements.txt (line 2)) (3.1.3)
[2024-11-18T18:04:43.697+0000] {process_utils.py:190} INFO - Requirement already satisfied: python-dateutil>=2.8.2 in /home/***/.local/lib/python3.8/site-packages (from pandas==2.0.3->-r /tmp/venvodmm3yqk/requirements.txt (line 3)) (2.8.2)
[2024-11-18T18:04:43.698+0000] {process_utils.py:190} INFO - Requirement already satisfied: tzdata>=2022.1 in /home/***/.local/lib/python3.8/site-packages (from pandas==2.0.3->-r /tmp/venvodmm3yqk/requirements.txt (line 3)) (2023.4)
[2024-11-18T18:04:43.720+0000] {process_utils.py:190} INFO - Requirement already satisfied: joblib>=1.1.1 in /home/***/.local/lib/python3.8/site-packages (from scikit-learn==1.3.2->-r /tmp/venvodmm3yqk/requirements.txt (line 4)) (1.4.2)
[2024-11-18T18:04:43.720+0000] {process_utils.py:190} INFO - Requirement already satisfied: threadpoolctl>=2.0.0 in /home/***/.local/lib/python3.8/site-packages (from scikit-learn==1.3.2->-r /tmp/venvodmm3yqk/requirements.txt (line 4)) (3.5.0)
[2024-11-18T18:04:43.752+0000] {process_utils.py:190} INFO - Collecting absl-py>=1.0.0 (from tensorflow==2.13.0->-r /tmp/venvodmm3yqk/requirements.txt (line 5))
[2024-11-18T18:04:43.753+0000] {process_utils.py:190} INFO -   Using cached absl_py-2.1.0-py3-none-any.whl.metadata (2.3 kB)
[2024-11-18T18:04:43.769+0000] {process_utils.py:190} INFO - Collecting astunparse>=1.6.0 (from tensorflow==2.13.0->-r /tmp/venvodmm3yqk/requirements.txt (line 5))
[2024-11-18T18:04:43.770+0000] {process_utils.py:190} INFO -   Using cached astunparse-1.6.3-py2.py3-none-any.whl.metadata (4.4 kB)
[2024-11-18T18:04:43.788+0000] {process_utils.py:190} INFO - Collecting flatbuffers>=23.1.21 (from tensorflow==2.13.0->-r /tmp/venvodmm3yqk/requirements.txt (line 5))
[2024-11-18T18:04:43.789+0000] {process_utils.py:190} INFO -   Using cached flatbuffers-24.3.25-py2.py3-none-any.whl.metadata (850 bytes)
[2024-11-18T18:04:43.808+0000] {process_utils.py:190} INFO - Collecting gast<=0.4.0,>=0.2.1 (from tensorflow==2.13.0->-r /tmp/venvodmm3yqk/requirements.txt (line 5))
[2024-11-18T18:04:43.810+0000] {process_utils.py:190} INFO -   Using cached gast-0.4.0-py3-none-any.whl.metadata (1.1 kB)
[2024-11-18T18:04:43.828+0000] {process_utils.py:190} INFO - Collecting google-pasta>=0.1.1 (from tensorflow==2.13.0->-r /tmp/venvodmm3yqk/requirements.txt (line 5))
[2024-11-18T18:04:43.829+0000] {process_utils.py:190} INFO -   Using cached google_pasta-0.2.0-py3-none-any.whl.metadata (814 bytes)
[2024-11-18T18:04:43.830+0000] {process_utils.py:190} INFO - Requirement already satisfied: grpcio<2.0,>=1.24.3 in /home/***/.local/lib/python3.8/site-packages (from tensorflow==2.13.0->-r /tmp/venvodmm3yqk/requirements.txt (line 5)) (1.60.0)
[2024-11-18T18:04:43.873+0000] {process_utils.py:190} INFO - Collecting h5py>=2.9.0 (from tensorflow==2.13.0->-r /tmp/venvodmm3yqk/requirements.txt (line 5))
[2024-11-18T18:04:43.875+0000] {process_utils.py:190} INFO -   Using cached h5py-3.11.0-cp38-cp38-manylinux_2_17_x86_64.manylinux2014_x86_64.whl.metadata (2.5 kB)
[2024-11-18T18:04:43.903+0000] {process_utils.py:190} INFO - Collecting keras<2.14,>=2.13.1 (from tensorflow==2.13.0->-r /tmp/venvodmm3yqk/requirements.txt (line 5))
[2024-11-18T18:04:43.904+0000] {process_utils.py:190} INFO -   Using cached keras-2.13.1-py3-none-any.whl.metadata (2.4 kB)
[2024-11-18T18:04:43.926+0000] {process_utils.py:190} INFO - Collecting libclang>=13.0.0 (from tensorflow==2.13.0->-r /tmp/venvodmm3yqk/requirements.txt (line 5))
[2024-11-18T18:04:43.928+0000] {process_utils.py:190} INFO -   Using cached libclang-18.1.1-py2.py3-none-manylinux2010_x86_64.whl.metadata (5.2 kB)
[2024-11-18T18:04:44.072+0000] {process_utils.py:190} INFO - Collecting numpy<2 (from mlflow==2.10.2->-r /tmp/venvodmm3yqk/requirements.txt (line 2))
[2024-11-18T18:04:44.074+0000] {process_utils.py:190} INFO -   Using cached numpy-1.24.3-cp38-cp38-manylinux_2_17_x86_64.manylinux2014_x86_64.whl.metadata (5.6 kB)
[2024-11-18T18:04:44.091+0000] {process_utils.py:190} INFO - Collecting opt-einsum>=2.3.2 (from tensorflow==2.13.0->-r /tmp/venvodmm3yqk/requirements.txt (line 5))
[2024-11-18T18:04:44.092+0000] {process_utils.py:190} INFO -   Using cached opt_einsum-3.4.0-py3-none-any.whl.metadata (6.3 kB)
[2024-11-18T18:04:44.093+0000] {process_utils.py:190} INFO - Requirement already satisfied: setuptools in /tmp/venvodmm3yqk/lib/python3.8/site-packages (from tensorflow==2.13.0->-r /tmp/venvodmm3yqk/requirements.txt (line 5)) (69.0.2)
[2024-11-18T18:04:44.093+0000] {process_utils.py:190} INFO - Requirement already satisfied: six>=1.12.0 in /home/***/.local/lib/python3.8/site-packages (from tensorflow==2.13.0->-r /tmp/venvodmm3yqk/requirements.txt (line 5)) (1.16.0)
[2024-11-18T18:04:44.118+0000] {process_utils.py:190} INFO - Collecting tensorboard<2.14,>=2.13 (from tensorflow==2.13.0->-r /tmp/venvodmm3yqk/requirements.txt (line 5))
[2024-11-18T18:04:44.120+0000] {process_utils.py:190} INFO -   Using cached tensorboard-2.13.0-py3-none-any.whl.metadata (1.8 kB)
[2024-11-18T18:04:44.138+0000] {process_utils.py:190} INFO - Collecting tensorflow-estimator<2.14,>=2.13.0 (from tensorflow==2.13.0->-r /tmp/venvodmm3yqk/requirements.txt (line 5))
[2024-11-18T18:04:44.139+0000] {process_utils.py:190} INFO -   Using cached tensorflow_estimator-2.13.0-py2.py3-none-any.whl.metadata (1.3 kB)
[2024-11-18T18:04:44.140+0000] {process_utils.py:190} INFO - Requirement already satisfied: termcolor>=1.1.0 in /home/***/.local/lib/python3.8/site-packages (from tensorflow==2.13.0->-r /tmp/venvodmm3yqk/requirements.txt (line 5)) (2.4.0)
[2024-11-18T18:04:44.162+0000] {process_utils.py:190} INFO - Collecting typing-extensions<4.6.0,>=3.6.6 (from tensorflow==2.13.0->-r /tmp/venvodmm3yqk/requirements.txt (line 5))
[2024-11-18T18:04:44.163+0000] {process_utils.py:190} INFO -   Using cached typing_extensions-4.5.0-py3-none-any.whl.metadata (8.5 kB)
[2024-11-18T18:04:44.164+0000] {process_utils.py:190} INFO - Requirement already satisfied: wrapt>=1.11.0 in /home/***/.local/lib/python3.8/site-packages (from tensorflow==2.13.0->-r /tmp/venvodmm3yqk/requirements.txt (line 5)) (1.16.0)
[2024-11-18T18:04:44.221+0000] {process_utils.py:190} INFO - Collecting tensorflow-io-gcs-filesystem>=0.23.1 (from tensorflow==2.13.0->-r /tmp/venvodmm3yqk/requirements.txt (line 5))
[2024-11-18T18:04:44.223+0000] {process_utils.py:190} INFO -   Using cached tensorflow_io_gcs_filesystem-0.34.0-cp38-cp38-manylinux_2_12_x86_64.manylinux2010_x86_64.whl.metadata (14 kB)
[2024-11-18T18:04:44.230+0000] {process_utils.py:190} INFO - Requirement already satisfied: Mako in /home/***/.local/lib/python3.8/site-packages (from alembic!=1.10.0,<2->mlflow==2.10.2->-r /tmp/venvodmm3yqk/requirements.txt (line 2)) (1.3.0)
[2024-11-18T18:04:44.234+0000] {process_utils.py:190} INFO - Requirement already satisfied: importlib-resources in /home/***/.local/lib/python3.8/site-packages (from alembic!=1.10.0,<2->mlflow==2.10.2->-r /tmp/venvodmm3yqk/requirements.txt (line 2)) (5.13.0)
[2024-11-18T18:04:44.237+0000] {process_utils.py:190} INFO - Requirement already satisfied: wheel<1.0,>=0.23.0 in /tmp/venvodmm3yqk/lib/python3.8/site-packages (from astunparse>=1.6.0->tensorflow==2.13.0->-r /tmp/venvodmm3yqk/requirements.txt (line 5)) (0.42.0)
[2024-11-18T18:04:44.243+0000] {process_utils.py:190} INFO - Requirement already satisfied: urllib3<1.27,>=1.25.4 in /home/***/.local/lib/python3.8/site-packages (from botocore<1.32.0,>=1.31.0->boto3==1.28.0->-r /tmp/venvodmm3yqk/requirements.txt (line 1)) (1.26.18)
[2024-11-18T18:04:44.257+0000] {process_utils.py:190} INFO - Requirement already satisfied: Werkzeug>=2.2.2 in /home/***/.local/lib/python3.8/site-packages (from Flask<4->mlflow==2.10.2->-r /tmp/venvodmm3yqk/requirements.txt (line 2)) (2.2.3)
[2024-11-18T18:04:44.257+0000] {process_utils.py:190} INFO - Requirement already satisfied: itsdangerous>=2.0 in /home/***/.local/lib/python3.8/site-packages (from Flask<4->mlflow==2.10.2->-r /tmp/venvodmm3yqk/requirements.txt (line 2)) (2.1.2)
[2024-11-18T18:04:44.273+0000] {process_utils.py:190} INFO - Requirement already satisfied: gitdb<5,>=4.0.1 in /home/***/.local/lib/python3.8/site-packages (from gitpython<4,>=2.1.0->mlflow==2.10.2->-r /tmp/venvodmm3yqk/requirements.txt (line 2)) (4.0.11)
[2024-11-18T18:04:44.298+0000] {process_utils.py:190} INFO - Requirement already satisfied: zipp>=0.5 in /home/***/.local/lib/python3.8/site-packages (from importlib-metadata!=4.7.0,<8,>=3.7.0->mlflow==2.10.2->-r /tmp/venvodmm3yqk/requirements.txt (line 2)) (3.17.0)
[2024-11-18T18:04:44.302+0000] {process_utils.py:190} INFO - Requirement already satisfied: MarkupSafe>=2.0 in /home/***/.local/lib/python3.8/site-packages (from Jinja2<4,>=2.11->mlflow==2.10.2->-r /tmp/venvodmm3yqk/requirements.txt (line 2)) (2.1.3)
[2024-11-18T18:04:44.327+0000] {process_utils.py:190} INFO - Requirement already satisfied: contourpy>=1.0.1 in /home/***/.local/lib/python3.8/site-packages (from matplotlib<4->mlflow==2.10.2->-r /tmp/venvodmm3yqk/requirements.txt (line 2)) (1.1.1)
[2024-11-18T18:04:44.327+0000] {process_utils.py:190} INFO - Requirement already satisfied: cycler>=0.10 in /home/***/.local/lib/python3.8/site-packages (from matplotlib<4->mlflow==2.10.2->-r /tmp/venvodmm3yqk/requirements.txt (line 2)) (0.12.1)
[2024-11-18T18:04:44.328+0000] {process_utils.py:190} INFO - Requirement already satisfied: fonttools>=4.22.0 in /home/***/.local/lib/python3.8/site-packages (from matplotlib<4->mlflow==2.10.2->-r /tmp/venvodmm3yqk/requirements.txt (line 2)) (4.54.1)
[2024-11-18T18:04:44.328+0000] {process_utils.py:190} INFO - Requirement already satisfied: kiwisolver>=1.0.1 in /home/***/.local/lib/python3.8/site-packages (from matplotlib<4->mlflow==2.10.2->-r /tmp/venvodmm3yqk/requirements.txt (line 2)) (1.4.7)
[2024-11-18T18:04:44.335+0000] {process_utils.py:190} INFO - Requirement already satisfied: pillow>=6.2.0 in /home/***/.local/lib/python3.8/site-packages (from matplotlib<4->mlflow==2.10.2->-r /tmp/venvodmm3yqk/requirements.txt (line 2)) (10.4.0)
[2024-11-18T18:04:44.336+0000] {process_utils.py:190} INFO - Requirement already satisfied: pyparsing>=2.3.1 in /home/***/.local/lib/python3.8/site-packages (from matplotlib<4->mlflow==2.10.2->-r /tmp/venvodmm3yqk/requirements.txt (line 2)) (3.1.1)
[2024-11-18T18:04:44.383+0000] {process_utils.py:190} INFO - Requirement already satisfied: charset-normalizer<4,>=2 in /home/***/.local/lib/python3.8/site-packages (from requests<3,>=2.17.3->mlflow==2.10.2->-r /tmp/venvodmm3yqk/requirements.txt (line 2)) (3.3.2)
[2024-11-18T18:04:44.384+0000] {process_utils.py:190} INFO - Requirement already satisfied: idna<4,>=2.5 in /home/***/.local/lib/python3.8/site-packages (from requests<3,>=2.17.3->mlflow==2.10.2->-r /tmp/venvodmm3yqk/requirements.txt (line 2)) (3.6)
[2024-11-18T18:04:44.385+0000] {process_utils.py:190} INFO - Requirement already satisfied: certifi>=2017.4.17 in /home/***/.local/lib/python3.8/site-packages (from requests<3,>=2.17.3->mlflow==2.10.2->-r /tmp/venvodmm3yqk/requirements.txt (line 2)) (2023.11.17)
[2024-11-18T18:04:44.628+0000] {process_utils.py:190} INFO - Requirement already satisfied: greenlet!=0.4.17 in /home/***/.local/lib/python3.8/site-packages (from sqlalchemy<3,>=1.4.0->mlflow==2.10.2->-r /tmp/venvodmm3yqk/requirements.txt (line 2)) (3.0.3)
[2024-11-18T18:04:44.645+0000] {process_utils.py:190} INFO - Requirement already satisfied: google-auth<3,>=1.6.3 in /home/***/.local/lib/python3.8/site-packages (from tensorboard<2.14,>=2.13->tensorflow==2.13.0->-r /tmp/venvodmm3yqk/requirements.txt (line 5)) (2.26.2)
[2024-11-18T18:04:44.667+0000] {process_utils.py:190} INFO - Collecting google-auth-oauthlib<1.1,>=0.5 (from tensorboard<2.14,>=2.13->tensorflow==2.13.0->-r /tmp/venvodmm3yqk/requirements.txt (line 5))
[2024-11-18T18:04:44.669+0000] {process_utils.py:190} INFO -   Using cached google_auth_oauthlib-1.0.0-py2.py3-none-any.whl.metadata (2.7 kB)
[2024-11-18T18:04:44.696+0000] {process_utils.py:190} INFO - Collecting tensorboard-data-server<0.8.0,>=0.7.0 (from tensorboard<2.14,>=2.13->tensorflow==2.13.0->-r /tmp/venvodmm3yqk/requirements.txt (line 5))
[2024-11-18T18:04:44.698+0000] {process_utils.py:190} INFO -   Using cached tensorboard_data_server-0.7.2-py3-none-manylinux_2_31_x86_64.whl.metadata (1.1 kB)
[2024-11-18T18:04:44.836+0000] {process_utils.py:190} INFO - Requirement already satisfied: smmap<6,>=3.0.1 in /home/***/.local/lib/python3.8/site-packages (from gitdb<5,>=4.0.1->gitpython<4,>=2.1.0->mlflow==2.10.2->-r /tmp/venvodmm3yqk/requirements.txt (line 2)) (5.0.1)
[2024-11-18T18:04:44.846+0000] {process_utils.py:190} INFO - Requirement already satisfied: cachetools<6.0,>=2.0.0 in /home/***/.local/lib/python3.8/site-packages (from google-auth<3,>=1.6.3->tensorboard<2.14,>=2.13->tensorflow==2.13.0->-r /tmp/venvodmm3yqk/requirements.txt (line 5)) (5.3.2)
[2024-11-18T18:04:44.847+0000] {process_utils.py:190} INFO - Requirement already satisfied: pyasn1-modules>=0.2.1 in /home/***/.local/lib/python3.8/site-packages (from google-auth<3,>=1.6.3->tensorboard<2.14,>=2.13->tensorflow==2.13.0->-r /tmp/venvodmm3yqk/requirements.txt (line 5)) (0.3.0)
[2024-11-18T18:04:44.847+0000] {process_utils.py:190} INFO - Requirement already satisfied: rsa<5,>=3.1.4 in /home/***/.local/lib/python3.8/site-packages (from google-auth<3,>=1.6.3->tensorboard<2.14,>=2.13->tensorflow==2.13.0->-r /tmp/venvodmm3yqk/requirements.txt (line 5)) (4.9)
[2024-11-18T18:04:44.854+0000] {process_utils.py:190} INFO - Requirement already satisfied: requests-oauthlib>=0.7.0 in /home/***/.local/lib/python3.8/site-packages (from google-auth-oauthlib<1.1,>=0.5->tensorboard<2.14,>=2.13->tensorflow==2.13.0->-r /tmp/venvodmm3yqk/requirements.txt (line 5)) (1.3.1)
[2024-11-18T18:04:44.980+0000] {process_utils.py:190} INFO - Requirement already satisfied: pyasn1<0.6.0,>=0.4.6 in /home/***/.local/lib/python3.8/site-packages (from pyasn1-modules>=0.2.1->google-auth<3,>=1.6.3->tensorboard<2.14,>=2.13->tensorflow==2.13.0->-r /tmp/venvodmm3yqk/requirements.txt (line 5)) (0.5.1)
[2024-11-18T18:04:44.987+0000] {process_utils.py:190} INFO - Requirement already satisfied: oauthlib>=3.0.0 in /home/***/.local/lib/python3.8/site-packages (from requests-oauthlib>=0.7.0->google-auth-oauthlib<1.1,>=0.5->tensorboard<2.14,>=2.13->tensorflow==2.13.0->-r /tmp/venvodmm3yqk/requirements.txt (line 5)) (3.2.2)
[2024-11-18T18:04:45.018+0000] {process_utils.py:190} INFO - Using cached boto3-1.28.0-py3-none-any.whl (135 kB)
[2024-11-18T18:04:45.020+0000] {process_utils.py:190} INFO - Using cached mlflow-2.10.2-py3-none-any.whl (19.5 MB)
[2024-11-18T18:04:45.041+0000] {process_utils.py:190} INFO - Using cached tensorflow-2.13.0-cp38-cp38-manylinux_2_17_x86_64.manylinux2014_x86_64.whl (524.1 MB)
[2024-11-18T18:04:45.614+0000] {process_utils.py:190} INFO - Using cached absl_py-2.1.0-py3-none-any.whl (133 kB)
[2024-11-18T18:04:45.615+0000] {process_utils.py:190} INFO - Using cached astunparse-1.6.3-py2.py3-none-any.whl (12 kB)
[2024-11-18T18:04:45.616+0000] {process_utils.py:190} INFO - Using cached botocore-1.31.85-py3-none-any.whl (11.3 MB)
[2024-11-18T18:04:45.628+0000] {process_utils.py:190} INFO - Using cached entrypoints-0.4-py3-none-any.whl (5.3 kB)
[2024-11-18T18:04:45.629+0000] {process_utils.py:190} INFO - Using cached flatbuffers-24.3.25-py2.py3-none-any.whl (26 kB)
[2024-11-18T18:04:45.630+0000] {process_utils.py:190} INFO - Using cached gast-0.4.0-py3-none-any.whl (9.8 kB)
[2024-11-18T18:04:45.631+0000] {process_utils.py:190} INFO - Using cached google_pasta-0.2.0-py3-none-any.whl (57 kB)
[2024-11-18T18:04:45.633+0000] {process_utils.py:190} INFO - Using cached h5py-3.11.0-cp38-cp38-manylinux_2_17_x86_64.manylinux2014_x86_64.whl (5.3 MB)
[2024-11-18T18:04:45.640+0000] {process_utils.py:190} INFO - Using cached keras-2.13.1-py3-none-any.whl (1.7 MB)
[2024-11-18T18:04:45.643+0000] {process_utils.py:190} INFO - Using cached libclang-18.1.1-py2.py3-none-manylinux2010_x86_64.whl (24.5 MB)
[2024-11-18T18:04:45.671+0000] {process_utils.py:190} INFO - Using cached numpy-1.24.3-cp38-cp38-manylinux_2_17_x86_64.manylinux2014_x86_64.whl (17.3 MB)
[2024-11-18T18:04:45.693+0000] {process_utils.py:190} INFO - Using cached opt_einsum-3.4.0-py3-none-any.whl (71 kB)
[2024-11-18T18:04:45.694+0000] {process_utils.py:190} INFO - Using cached querystring_parser-1.2.4-py2.py3-none-any.whl (7.9 kB)
[2024-11-18T18:04:45.695+0000] {process_utils.py:190} INFO - Using cached s3transfer-0.6.2-py3-none-any.whl (79 kB)
[2024-11-18T18:04:45.696+0000] {process_utils.py:190} INFO - Using cached tensorboard-2.13.0-py3-none-any.whl (5.6 MB)
[2024-11-18T18:04:45.703+0000] {process_utils.py:190} INFO - Using cached tensorflow_estimator-2.13.0-py2.py3-none-any.whl (440 kB)
[2024-11-18T18:04:45.705+0000] {process_utils.py:190} INFO - Using cached tensorflow_io_gcs_filesystem-0.34.0-cp38-cp38-manylinux_2_12_x86_64.manylinux2010_x86_64.whl (2.4 MB)
[2024-11-18T18:04:45.710+0000] {process_utils.py:190} INFO - Using cached typing_extensions-4.5.0-py3-none-any.whl (27 kB)
[2024-11-18T18:04:45.711+0000] {process_utils.py:190} INFO - Using cached google_auth_oauthlib-1.0.0-py2.py3-none-any.whl (18 kB)
[2024-11-18T18:04:45.712+0000] {process_utils.py:190} INFO - Using cached tensorboard_data_server-0.7.2-py3-none-manylinux_2_31_x86_64.whl (6.6 MB)
[2024-11-18T18:04:47.765+0000] {process_utils.py:190} INFO - Installing collected packages: libclang, flatbuffers, typing-extensions, tensorflow-io-gcs-filesystem, tensorflow-estimator, tensorboard-data-server, querystring-parser, opt-einsum, numpy, keras, google-pasta, gast, entrypoints, astunparse, absl-py, h5py, botocore, s3transfer, google-auth-oauthlib, tensorboard, mlflow, boto3, tensorflow
[2024-11-18T18:04:48.005+0000] {process_utils.py:190} INFO -   Attempting uninstall: typing-extensions
[2024-11-18T18:04:48.006+0000] {process_utils.py:190} INFO -     Found existing installation: typing_extensions 4.9.0
[2024-11-18T18:04:48.007+0000] {process_utils.py:190} INFO -     Not uninstalling typing-extensions at /home/***/.local/lib/python3.8/site-packages, outside environment /tmp/venvodmm3yqk
[2024-11-18T18:04:48.007+0000] {process_utils.py:190} INFO -     Can't uninstall 'typing_extensions'. No files were found to uninstall.
[2024-11-18T18:04:48.272+0000] {process_utils.py:190} INFO -   Attempting uninstall: numpy
[2024-11-18T18:04:48.273+0000] {process_utils.py:190} INFO -     Found existing installation: numpy 1.24.4
[2024-11-18T18:04:48.273+0000] {process_utils.py:190} INFO -     Not uninstalling numpy at /home/***/.local/lib/python3.8/site-packages, outside environment /tmp/venvodmm3yqk
[2024-11-18T18:04:48.274+0000] {process_utils.py:190} INFO -     Can't uninstall 'numpy'. No files were found to uninstall.
[2024-11-18T18:04:49.993+0000] {process_utils.py:190} INFO -   Attempting uninstall: botocore
[2024-11-18T18:04:49.993+0000] {process_utils.py:190} INFO -     Found existing installation: botocore 1.35.44
[2024-11-18T18:04:49.994+0000] {process_utils.py:190} INFO -     Not uninstalling botocore at /home/***/.local/lib/python3.8/site-packages, outside environment /tmp/venvodmm3yqk
[2024-11-18T18:04:49.994+0000] {process_utils.py:190} INFO -     Can't uninstall 'botocore'. No files were found to uninstall.
[2024-11-18T18:04:50.493+0000] {process_utils.py:190} INFO -   Attempting uninstall: s3transfer
[2024-11-18T18:04:50.494+0000] {process_utils.py:190} INFO -     Found existing installation: s3transfer 0.10.3
[2024-11-18T18:04:50.495+0000] {process_utils.py:190} INFO -     Not uninstalling s3transfer at /home/***/.local/lib/python3.8/site-packages, outside environment /tmp/venvodmm3yqk
[2024-11-18T18:04:50.496+0000] {process_utils.py:190} INFO -     Can't uninstall 's3transfer'. No files were found to uninstall.
[2024-11-18T18:04:50.557+0000] {process_utils.py:190} INFO -   Attempting uninstall: google-auth-oauthlib
[2024-11-18T18:04:50.559+0000] {process_utils.py:190} INFO -     Found existing installation: google-auth-oauthlib 1.2.0
[2024-11-18T18:04:50.559+0000] {process_utils.py:190} INFO -     Not uninstalling google-auth-oauthlib at /home/***/.local/lib/python3.8/site-packages, outside environment /tmp/venvodmm3yqk
[2024-11-18T18:04:50.560+0000] {process_utils.py:190} INFO -     Can't uninstall 'google-auth-oauthlib'. No files were found to uninstall.
[2024-11-18T18:04:50.772+0000] {process_utils.py:190} INFO -   Attempting uninstall: mlflow
[2024-11-18T18:04:50.774+0000] {process_utils.py:190} INFO -     Found existing installation: mlflow 2.17.0
[2024-11-18T18:04:50.774+0000] {process_utils.py:190} INFO -     Not uninstalling mlflow at /home/***/.local/lib/python3.8/site-packages, outside environment /tmp/venvodmm3yqk
[2024-11-18T18:04:50.775+0000] {process_utils.py:190} INFO -     Can't uninstall 'mlflow'. No files were found to uninstall.
[2024-11-18T18:04:51.344+0000] {process_utils.py:190} INFO -   Attempting uninstall: boto3
[2024-11-18T18:04:51.345+0000] {process_utils.py:190} INFO -     Found existing installation: boto3 1.35.44
[2024-11-18T18:04:51.346+0000] {process_utils.py:190} INFO -     Not uninstalling boto3 at /home/***/.local/lib/python3.8/site-packages, outside environment /tmp/venvodmm3yqk
[2024-11-18T18:04:51.346+0000] {process_utils.py:190} INFO -     Can't uninstall 'boto3'. No files were found to uninstall.
[2024-11-18T18:04:58.548+0000] {process_utils.py:190} INFO - ERROR: pip's dependency resolver does not currently take into account all the packages that are installed. This behaviour is the source of the following dependency conflicts.
[2024-11-18T18:04:58.549+0000] {process_utils.py:190} INFO - aiobotocore 2.9.0 requires botocore<1.33.14,>=1.33.2, but you have botocore 1.31.85 which is incompatible.
[2024-11-18T18:04:58.549+0000] {process_utils.py:190} INFO - azure-core 1.29.6 requires typing-extensions>=4.6.0, but you have typing-extensions 4.5.0 which is incompatible.
[2024-11-18T18:04:58.549+0000] {process_utils.py:190} INFO - azure-mgmt-keyvault 10.3.1 requires typing-extensions>=4.6.0, but you have typing-extensions 4.5.0 which is incompatible.
[2024-11-18T18:04:58.549+0000] {process_utils.py:190} INFO - azure-mgmt-network 27.0.0 requires typing-extensions>=4.6.0, but you have typing-extensions 4.5.0 which is incompatible.
[2024-11-18T18:04:58.550+0000] {process_utils.py:190} INFO - graphene 3.4 requires typing-extensions<5,>=4.7.1, but you have typing-extensions 4.5.0 which is incompatible.
[2024-11-18T18:04:58.550+0000] {process_utils.py:190} INFO - pydantic 2.5.3 requires typing-extensions>=4.6.1, but you have typing-extensions 4.5.0 which is incompatible.
[2024-11-18T18:04:58.550+0000] {process_utils.py:190} INFO - pydantic-core 2.14.6 requires typing-extensions!=4.7.0,>=4.6.0, but you have typing-extensions 4.5.0 which is incompatible.
[2024-11-18T18:04:58.550+0000] {process_utils.py:190} INFO - Successfully installed absl-py-2.1.0 astunparse-1.6.3 boto3-1.28.0 botocore-1.31.85 entrypoints-0.4 flatbuffers-24.3.25 gast-0.4.0 google-auth-oauthlib-1.0.0 google-pasta-0.2.0 h5py-3.11.0 keras-2.13.1 libclang-18.1.1 mlflow-2.10.2 numpy-1.24.3 opt-einsum-3.4.0 querystring-parser-1.2.4 s3transfer-0.6.2 tensorboard-2.13.0 tensorboard-data-server-0.7.2 tensorflow-2.13.0 tensorflow-estimator-2.13.0 tensorflow-io-gcs-filesystem-0.34.0 typing-extensions-4.5.0
[2024-11-18T18:04:58.625+0000] {process_utils.py:190} INFO - 
[2024-11-18T18:04:58.625+0000] {process_utils.py:190} INFO - [notice] A new release of pip is available: 23.3.1 -> 24.3.1
[2024-11-18T18:04:58.625+0000] {process_utils.py:190} INFO - [notice] To update, run: python -m pip install --upgrade pip
[2024-11-18T18:04:58.932+0000] {process_utils.py:182} INFO - Executing cmd: /tmp/venvodmm3yqk/bin/python /tmp/venv-callw8ao61e0/script.py /tmp/venv-callw8ao61e0/script.in /tmp/venv-callw8ao61e0/script.out /tmp/venv-callw8ao61e0/string_args.txt /tmp/venv-callw8ao61e0/termination.log
[2024-11-18T18:04:58.936+0000] {process_utils.py:186} INFO - Output:
[2024-11-18T18:04:59.945+0000] {process_utils.py:190} INFO - 2024-11-18 18:04:59.945630: I tensorflow/core/util/port.cc:110] oneDNN custom operations are on. You may see slightly different numerical results due to floating-point round-off errors from different computation orders. To turn them off, set the environment variable `TF_ENABLE_ONEDNN_OPTS=0`.
[2024-11-18T18:04:59.946+0000] {process_utils.py:190} INFO - 2024-11-18 18:04:59.946727: I tensorflow/tsl/cuda/cudart_stub.cc:28] Could not find cuda drivers on your machine, GPU will not be used.
[2024-11-18T18:04:59.967+0000] {process_utils.py:190} INFO - 2024-11-18 18:04:59.967122: I tensorflow/tsl/cuda/cudart_stub.cc:28] Could not find cuda drivers on your machine, GPU will not be used.
[2024-11-18T18:04:59.967+0000] {process_utils.py:190} INFO - 2024-11-18 18:04:59.967393: I tensorflow/core/platform/cpu_feature_guard.cc:182] This TensorFlow binary is optimized to use available CPU instructions in performance-critical operations.
[2024-11-18T18:04:59.968+0000] {process_utils.py:190} INFO - To enable the following instructions: AVX2 AVX_VNNI FMA, in other operations, rebuild TensorFlow with the appropriate compiler flags.
[2024-11-18T18:05:00.469+0000] {process_utils.py:190} INFO - 2024-11-18 18:05:00.469114: W tensorflow/compiler/tf2tensorrt/utils/py_utils.cc:38] TF-TRT Warning: Could not find TensorRT
[2024-11-18T18:05:01.352+0000] {process_utils.py:190} INFO - Traceback (most recent call last):
[2024-11-18T18:05:01.352+0000] {process_utils.py:190} INFO -   File "/tmp/venv-callw8ao61e0/script.py", line 91, in <module>
[2024-11-18T18:05:01.353+0000] {process_utils.py:190} INFO -     res = train_challenger_model(*arg_dict["args"], **arg_dict["kwargs"])
[2024-11-18T18:05:01.353+0000] {process_utils.py:190} INFO -   File "/tmp/venv-callw8ao61e0/script.py", line 40, in train_challenger_model
[2024-11-18T18:05:01.353+0000] {process_utils.py:190} INFO -     mlflow.set_tracking_uri(MLFLOW_TRACKING_URI)
[2024-11-18T18:05:01.353+0000] {process_utils.py:190} INFO - NameError: name 'MLFLOW_TRACKING_URI' is not defined
[2024-11-18T18:05:02.138+0000] {taskinstance.py:2698} ERROR - Task failed with exception
Traceback (most recent call last):
  File "/home/airflow/.local/lib/python3.8/site-packages/airflow/models/taskinstance.py", line 433, in _execute_task
    result = execute_callable(context=context, **execute_callable_kwargs)
  File "/home/airflow/.local/lib/python3.8/site-packages/airflow/decorators/base.py", line 241, in execute
    return_value = super().execute(context)
  File "/home/airflow/.local/lib/python3.8/site-packages/airflow/operators/python.py", line 400, in execute
    return super().execute(context=serializable_context)
  File "/home/airflow/.local/lib/python3.8/site-packages/airflow/operators/python.py", line 199, in execute
    return_value = self.execute_callable()
  File "/home/airflow/.local/lib/python3.8/site-packages/airflow/operators/python.py", line 716, in execute_callable
    result = self._execute_python_callable_in_subprocess(python_path)
  File "/home/airflow/.local/lib/python3.8/site-packages/airflow/operators/python.py", line 471, in _execute_python_callable_in_subprocess
    raise AirflowException(error_msg) from None
airflow.exceptions.AirflowException: Process returned non-zero exit status 1.
name 'MLFLOW_TRACKING_URI' is not defined
[2024-11-18T18:05:02.141+0000] {taskinstance.py:1138} INFO - Marking task as UP_FOR_RETRY. dag_id=spotify_retrain_challenge_model_v3, task_id=train_challenger_model, execution_date=20241117T000000, start_date=20241118T180441, end_date=20241118T180502
[2024-11-18T18:05:02.147+0000] {standard_task_runner.py:107} ERROR - Failed to execute job 67 for task train_challenger_model (Process returned non-zero exit status 1.
name 'MLFLOW_TRACKING_URI' is not defined; 3939)
[2024-11-18T18:05:02.181+0000] {local_task_job_runner.py:234} INFO - Task exited with return code 1
[2024-11-18T18:05:02.193+0000] {taskinstance.py:3280} INFO - 0 downstream tasks scheduled from follow-on schedule check
[2024-11-18T18:07:00.505+0000] {taskinstance.py:1956} INFO - Dependencies all met for dep_context=non-requeueable deps ti=<TaskInstance: spotify_retrain_challenge_model_v3.train_challenger_model scheduled__2024-11-17T00:00:00+00:00 [queued]>
[2024-11-18T18:07:00.509+0000] {taskinstance.py:1956} INFO - Dependencies all met for dep_context=requeueable deps ti=<TaskInstance: spotify_retrain_challenge_model_v3.train_challenger_model scheduled__2024-11-17T00:00:00+00:00 [queued]>
[2024-11-18T18:07:00.509+0000] {taskinstance.py:2170} INFO - Starting attempt 1 of 2
[2024-11-18T18:07:00.516+0000] {taskinstance.py:2191} INFO - Executing <Task(_PythonVirtualenvDecoratedOperator): train_challenger_model> on 2024-11-17 00:00:00+00:00
[2024-11-18T18:07:00.519+0000] {standard_task_runner.py:60} INFO - Started process 4472 to run task
[2024-11-18T18:07:00.522+0000] {standard_task_runner.py:87} INFO - Running: ['***', 'tasks', 'run', 'spotify_retrain_challenge_model_v3', 'train_challenger_model', 'scheduled__2024-11-17T00:00:00+00:00', '--job-id', '71', '--raw', '--subdir', 'DAGS_FOLDER/retrain_music_model.py', '--cfg-path', '/tmp/tmpaf8_h07w']
[2024-11-18T18:07:00.523+0000] {standard_task_runner.py:88} INFO - Job 71: Subtask train_challenger_model
[2024-11-18T18:07:00.550+0000] {task_command.py:423} INFO - Running <TaskInstance: spotify_retrain_challenge_model_v3.train_challenger_model scheduled__2024-11-17T00:00:00+00:00 [running]> on host 98017b53a184
[2024-11-18T18:07:00.592+0000] {taskinstance.py:2480} INFO - Exporting env vars: AIRFLOW_CTX_DAG_OWNER='Martín Horn' AIRFLOW_CTX_DAG_ID='spotify_retrain_challenge_model_v3' AIRFLOW_CTX_TASK_ID='train_challenger_model' AIRFLOW_CTX_EXECUTION_DATE='2024-11-17T00:00:00+00:00' AIRFLOW_CTX_TRY_NUMBER='1' AIRFLOW_CTX_DAG_RUN_ID='scheduled__2024-11-17T00:00:00+00:00'
[2024-11-18T18:07:00.593+0000] {process_utils.py:182} INFO - Executing cmd: /usr/local/bin/python -m virtualenv /tmp/venvt4n5dpv2 --system-site-packages --python=python
[2024-11-18T18:07:00.598+0000] {process_utils.py:186} INFO - Output:
[2024-11-18T18:07:00.925+0000] {process_utils.py:190} INFO - created virtual environment CPython3.8.18.final.0-64 in 118ms
[2024-11-18T18:07:00.925+0000] {process_utils.py:190} INFO -   creator CPython3Posix(dest=/tmp/venvt4n5dpv2, clear=False, no_vcs_ignore=False, global=True)
[2024-11-18T18:07:00.926+0000] {process_utils.py:190} INFO -   seeder FromAppData(download=False, pip=bundle, setuptools=bundle, wheel=bundle, via=copy, app_data_dir=/home/***/.local/share/virtualenv)
[2024-11-18T18:07:00.926+0000] {process_utils.py:190} INFO -     added seed packages: pip==23.3.1, setuptools==69.0.2, wheel==0.42.0
[2024-11-18T18:07:00.926+0000] {process_utils.py:190} INFO -   activators BashActivator,CShellActivator,FishActivator,NushellActivator,PowerShellActivator,PythonActivator
[2024-11-18T18:07:00.942+0000] {process_utils.py:182} INFO - Executing cmd: /tmp/venvt4n5dpv2/bin/pip install -r /tmp/venvt4n5dpv2/requirements.txt
[2024-11-18T18:07:00.946+0000] {process_utils.py:186} INFO - Output:
[2024-11-18T18:07:01.884+0000] {process_utils.py:190} INFO - Collecting boto3==1.28.0 (from -r /tmp/venvt4n5dpv2/requirements.txt (line 1))
[2024-11-18T18:07:01.885+0000] {process_utils.py:190} INFO -   Using cached boto3-1.28.0-py3-none-any.whl.metadata (6.6 kB)
[2024-11-18T18:07:01.924+0000] {process_utils.py:190} INFO - Collecting mlflow==2.10.2 (from -r /tmp/venvt4n5dpv2/requirements.txt (line 2))
[2024-11-18T18:07:01.926+0000] {process_utils.py:190} INFO -   Using cached mlflow-2.10.2-py3-none-any.whl.metadata (13 kB)
[2024-11-18T18:07:01.929+0000] {process_utils.py:190} INFO - Requirement already satisfied: pandas==2.0.3 in /home/***/.local/lib/python3.8/site-packages (from -r /tmp/venvt4n5dpv2/requirements.txt (line 3)) (2.0.3)
[2024-11-18T18:07:01.930+0000] {process_utils.py:190} INFO - Requirement already satisfied: scikit-learn==1.3.2 in /home/***/.local/lib/python3.8/site-packages (from -r /tmp/venvt4n5dpv2/requirements.txt (line 4)) (1.3.2)
[2024-11-18T18:07:02.028+0000] {process_utils.py:190} INFO - Collecting tensorflow==2.13.0 (from -r /tmp/venvt4n5dpv2/requirements.txt (line 5))
[2024-11-18T18:07:02.030+0000] {process_utils.py:190} INFO -   Using cached tensorflow-2.13.0-cp38-cp38-manylinux_2_17_x86_64.manylinux2014_x86_64.whl.metadata (3.4 kB)
[2024-11-18T18:07:02.447+0000] {process_utils.py:190} INFO - Collecting botocore<1.32.0,>=1.31.0 (from boto3==1.28.0->-r /tmp/venvt4n5dpv2/requirements.txt (line 1))
[2024-11-18T18:07:02.448+0000] {process_utils.py:190} INFO -   Using cached botocore-1.31.85-py3-none-any.whl.metadata (6.1 kB)
[2024-11-18T18:07:02.449+0000] {process_utils.py:190} INFO - Requirement already satisfied: jmespath<2.0.0,>=0.7.1 in /home/***/.local/lib/python3.8/site-packages (from boto3==1.28.0->-r /tmp/venvt4n5dpv2/requirements.txt (line 1)) (0.10.0)
[2024-11-18T18:07:02.480+0000] {process_utils.py:190} INFO - Collecting s3transfer<0.7.0,>=0.6.0 (from boto3==1.28.0->-r /tmp/venvt4n5dpv2/requirements.txt (line 1))
[2024-11-18T18:07:02.482+0000] {process_utils.py:190} INFO -   Using cached s3transfer-0.6.2-py3-none-any.whl.metadata (1.8 kB)
[2024-11-18T18:07:02.532+0000] {process_utils.py:190} INFO - Requirement already satisfied: click<9,>=7.0 in /home/***/.local/lib/python3.8/site-packages (from mlflow==2.10.2->-r /tmp/venvt4n5dpv2/requirements.txt (line 2)) (8.1.7)
[2024-11-18T18:07:02.532+0000] {process_utils.py:190} INFO - Requirement already satisfied: cloudpickle<4 in /home/***/.local/lib/python3.8/site-packages (from mlflow==2.10.2->-r /tmp/venvt4n5dpv2/requirements.txt (line 2)) (3.1.0)
[2024-11-18T18:07:02.551+0000] {process_utils.py:190} INFO - Collecting entrypoints<1 (from mlflow==2.10.2->-r /tmp/venvt4n5dpv2/requirements.txt (line 2))
[2024-11-18T18:07:02.552+0000] {process_utils.py:190} INFO -   Using cached entrypoints-0.4-py3-none-any.whl.metadata (2.6 kB)
[2024-11-18T18:07:02.553+0000] {process_utils.py:190} INFO - Requirement already satisfied: gitpython<4,>=2.1.0 in /home/***/.local/lib/python3.8/site-packages (from mlflow==2.10.2->-r /tmp/venvt4n5dpv2/requirements.txt (line 2)) (3.1.43)
[2024-11-18T18:07:02.553+0000] {process_utils.py:190} INFO - Requirement already satisfied: pyyaml<7,>=5.1 in /home/***/.local/lib/python3.8/site-packages (from mlflow==2.10.2->-r /tmp/venvt4n5dpv2/requirements.txt (line 2)) (6.0.1)
[2024-11-18T18:07:02.554+0000] {process_utils.py:190} INFO - Requirement already satisfied: protobuf<5,>=3.12.0 in /home/***/.local/lib/python3.8/site-packages (from mlflow==2.10.2->-r /tmp/venvt4n5dpv2/requirements.txt (line 2)) (4.25.2)
[2024-11-18T18:07:02.554+0000] {process_utils.py:190} INFO - Requirement already satisfied: pytz<2024 in /home/***/.local/lib/python3.8/site-packages (from mlflow==2.10.2->-r /tmp/venvt4n5dpv2/requirements.txt (line 2)) (2023.3.post1)
[2024-11-18T18:07:02.555+0000] {process_utils.py:190} INFO - Requirement already satisfied: requests<3,>=2.17.3 in /home/***/.local/lib/python3.8/site-packages (from mlflow==2.10.2->-r /tmp/venvt4n5dpv2/requirements.txt (line 2)) (2.31.0)
[2024-11-18T18:07:02.555+0000] {process_utils.py:190} INFO - Requirement already satisfied: packaging<24 in /home/***/.local/lib/python3.8/site-packages (from mlflow==2.10.2->-r /tmp/venvt4n5dpv2/requirements.txt (line 2)) (23.2)
[2024-11-18T18:07:02.556+0000] {process_utils.py:190} INFO - Requirement already satisfied: importlib-metadata!=4.7.0,<8,>=3.7.0 in /home/***/.local/lib/python3.8/site-packages (from mlflow==2.10.2->-r /tmp/venvt4n5dpv2/requirements.txt (line 2)) (6.11.0)
[2024-11-18T18:07:02.556+0000] {process_utils.py:190} INFO - Requirement already satisfied: sqlparse<1,>=0.4.0 in /home/***/.local/lib/python3.8/site-packages (from mlflow==2.10.2->-r /tmp/venvt4n5dpv2/requirements.txt (line 2)) (0.4.4)
[2024-11-18T18:07:02.557+0000] {process_utils.py:190} INFO - Requirement already satisfied: alembic!=1.10.0,<2 in /home/***/.local/lib/python3.8/site-packages (from mlflow==2.10.2->-r /tmp/venvt4n5dpv2/requirements.txt (line 2)) (1.13.1)
[2024-11-18T18:07:02.557+0000] {process_utils.py:190} INFO - Requirement already satisfied: docker<8,>=4.0.0 in /home/***/.local/lib/python3.8/site-packages (from mlflow==2.10.2->-r /tmp/venvt4n5dpv2/requirements.txt (line 2)) (7.0.0)
[2024-11-18T18:07:02.558+0000] {process_utils.py:190} INFO - Requirement already satisfied: Flask<4 in /home/***/.local/lib/python3.8/site-packages (from mlflow==2.10.2->-r /tmp/venvt4n5dpv2/requirements.txt (line 2)) (2.2.5)
[2024-11-18T18:07:02.558+0000] {process_utils.py:190} INFO - Requirement already satisfied: numpy<2 in /home/***/.local/lib/python3.8/site-packages (from mlflow==2.10.2->-r /tmp/venvt4n5dpv2/requirements.txt (line 2)) (1.24.4)
[2024-11-18T18:07:02.559+0000] {process_utils.py:190} INFO - Requirement already satisfied: scipy<2 in /home/***/.local/lib/python3.8/site-packages (from mlflow==2.10.2->-r /tmp/venvt4n5dpv2/requirements.txt (line 2)) (1.10.1)
[2024-11-18T18:07:02.573+0000] {process_utils.py:190} INFO - Collecting querystring-parser<2 (from mlflow==2.10.2->-r /tmp/venvt4n5dpv2/requirements.txt (line 2))
[2024-11-18T18:07:02.575+0000] {process_utils.py:190} INFO -   Using cached querystring_parser-1.2.4-py2.py3-none-any.whl.metadata (559 bytes)
[2024-11-18T18:07:02.575+0000] {process_utils.py:190} INFO - Requirement already satisfied: sqlalchemy<3,>=1.4.0 in /home/***/.local/lib/python3.8/site-packages (from mlflow==2.10.2->-r /tmp/venvt4n5dpv2/requirements.txt (line 2)) (1.4.51)
[2024-11-18T18:07:02.576+0000] {process_utils.py:190} INFO - Requirement already satisfied: pyarrow<16,>=4.0.0 in /home/***/.local/lib/python3.8/site-packages (from mlflow==2.10.2->-r /tmp/venvt4n5dpv2/requirements.txt (line 2)) (14.0.2)
[2024-11-18T18:07:02.576+0000] {process_utils.py:190} INFO - Requirement already satisfied: markdown<4,>=3.3 in /home/***/.local/lib/python3.8/site-packages (from mlflow==2.10.2->-r /tmp/venvt4n5dpv2/requirements.txt (line 2)) (3.5.2)
[2024-11-18T18:07:02.577+0000] {process_utils.py:190} INFO - Requirement already satisfied: matplotlib<4 in /home/***/.local/lib/python3.8/site-packages (from mlflow==2.10.2->-r /tmp/venvt4n5dpv2/requirements.txt (line 2)) (3.7.5)
[2024-11-18T18:07:02.577+0000] {process_utils.py:190} INFO - Requirement already satisfied: gunicorn<22 in /home/***/.local/lib/python3.8/site-packages (from mlflow==2.10.2->-r /tmp/venvt4n5dpv2/requirements.txt (line 2)) (21.2.0)
[2024-11-18T18:07:02.578+0000] {process_utils.py:190} INFO - Requirement already satisfied: Jinja2<4,>=2.11 in /home/***/.local/lib/python3.8/site-packages (from mlflow==2.10.2->-r /tmp/venvt4n5dpv2/requirements.txt (line 2)) (3.1.3)
[2024-11-18T18:07:02.632+0000] {process_utils.py:190} INFO - Requirement already satisfied: python-dateutil>=2.8.2 in /home/***/.local/lib/python3.8/site-packages (from pandas==2.0.3->-r /tmp/venvt4n5dpv2/requirements.txt (line 3)) (2.8.2)
[2024-11-18T18:07:02.632+0000] {process_utils.py:190} INFO - Requirement already satisfied: tzdata>=2022.1 in /home/***/.local/lib/python3.8/site-packages (from pandas==2.0.3->-r /tmp/venvt4n5dpv2/requirements.txt (line 3)) (2023.4)
[2024-11-18T18:07:02.653+0000] {process_utils.py:190} INFO - Requirement already satisfied: joblib>=1.1.1 in /home/***/.local/lib/python3.8/site-packages (from scikit-learn==1.3.2->-r /tmp/venvt4n5dpv2/requirements.txt (line 4)) (1.4.2)
[2024-11-18T18:07:02.653+0000] {process_utils.py:190} INFO - Requirement already satisfied: threadpoolctl>=2.0.0 in /home/***/.local/lib/python3.8/site-packages (from scikit-learn==1.3.2->-r /tmp/venvt4n5dpv2/requirements.txt (line 4)) (3.5.0)
[2024-11-18T18:07:02.686+0000] {process_utils.py:190} INFO - Collecting absl-py>=1.0.0 (from tensorflow==2.13.0->-r /tmp/venvt4n5dpv2/requirements.txt (line 5))
[2024-11-18T18:07:02.687+0000] {process_utils.py:190} INFO -   Using cached absl_py-2.1.0-py3-none-any.whl.metadata (2.3 kB)
[2024-11-18T18:07:02.702+0000] {process_utils.py:190} INFO - Collecting astunparse>=1.6.0 (from tensorflow==2.13.0->-r /tmp/venvt4n5dpv2/requirements.txt (line 5))
[2024-11-18T18:07:02.703+0000] {process_utils.py:190} INFO -   Using cached astunparse-1.6.3-py2.py3-none-any.whl.metadata (4.4 kB)
[2024-11-18T18:07:02.722+0000] {process_utils.py:190} INFO - Collecting flatbuffers>=23.1.21 (from tensorflow==2.13.0->-r /tmp/venvt4n5dpv2/requirements.txt (line 5))
[2024-11-18T18:07:02.723+0000] {process_utils.py:190} INFO -   Using cached flatbuffers-24.3.25-py2.py3-none-any.whl.metadata (850 bytes)
[2024-11-18T18:07:02.743+0000] {process_utils.py:190} INFO - Collecting gast<=0.4.0,>=0.2.1 (from tensorflow==2.13.0->-r /tmp/venvt4n5dpv2/requirements.txt (line 5))
[2024-11-18T18:07:02.744+0000] {process_utils.py:190} INFO -   Using cached gast-0.4.0-py3-none-any.whl.metadata (1.1 kB)
[2024-11-18T18:07:02.760+0000] {process_utils.py:190} INFO - Collecting google-pasta>=0.1.1 (from tensorflow==2.13.0->-r /tmp/venvt4n5dpv2/requirements.txt (line 5))
[2024-11-18T18:07:02.762+0000] {process_utils.py:190} INFO -   Using cached google_pasta-0.2.0-py3-none-any.whl.metadata (814 bytes)
[2024-11-18T18:07:02.762+0000] {process_utils.py:190} INFO - Requirement already satisfied: grpcio<2.0,>=1.24.3 in /home/***/.local/lib/python3.8/site-packages (from tensorflow==2.13.0->-r /tmp/venvt4n5dpv2/requirements.txt (line 5)) (1.60.0)
[2024-11-18T18:07:02.803+0000] {process_utils.py:190} INFO - Collecting h5py>=2.9.0 (from tensorflow==2.13.0->-r /tmp/venvt4n5dpv2/requirements.txt (line 5))
[2024-11-18T18:07:02.804+0000] {process_utils.py:190} INFO -   Using cached h5py-3.11.0-cp38-cp38-manylinux_2_17_x86_64.manylinux2014_x86_64.whl.metadata (2.5 kB)
[2024-11-18T18:07:02.833+0000] {process_utils.py:190} INFO - Collecting keras<2.14,>=2.13.1 (from tensorflow==2.13.0->-r /tmp/venvt4n5dpv2/requirements.txt (line 5))
[2024-11-18T18:07:02.834+0000] {process_utils.py:190} INFO -   Using cached keras-2.13.1-py3-none-any.whl.metadata (2.4 kB)
[2024-11-18T18:07:02.856+0000] {process_utils.py:190} INFO - Collecting libclang>=13.0.0 (from tensorflow==2.13.0->-r /tmp/venvt4n5dpv2/requirements.txt (line 5))
[2024-11-18T18:07:02.858+0000] {process_utils.py:190} INFO -   Using cached libclang-18.1.1-py2.py3-none-manylinux2010_x86_64.whl.metadata (5.2 kB)
[2024-11-18T18:07:03.007+0000] {process_utils.py:190} INFO - Collecting numpy<2 (from mlflow==2.10.2->-r /tmp/venvt4n5dpv2/requirements.txt (line 2))
[2024-11-18T18:07:03.009+0000] {process_utils.py:190} INFO -   Using cached numpy-1.24.3-cp38-cp38-manylinux_2_17_x86_64.manylinux2014_x86_64.whl.metadata (5.6 kB)
[2024-11-18T18:07:03.027+0000] {process_utils.py:190} INFO - Collecting opt-einsum>=2.3.2 (from tensorflow==2.13.0->-r /tmp/venvt4n5dpv2/requirements.txt (line 5))
[2024-11-18T18:07:03.029+0000] {process_utils.py:190} INFO -   Using cached opt_einsum-3.4.0-py3-none-any.whl.metadata (6.3 kB)
[2024-11-18T18:07:03.030+0000] {process_utils.py:190} INFO - Requirement already satisfied: setuptools in /tmp/venvt4n5dpv2/lib/python3.8/site-packages (from tensorflow==2.13.0->-r /tmp/venvt4n5dpv2/requirements.txt (line 5)) (69.0.2)
[2024-11-18T18:07:03.030+0000] {process_utils.py:190} INFO - Requirement already satisfied: six>=1.12.0 in /home/***/.local/lib/python3.8/site-packages (from tensorflow==2.13.0->-r /tmp/venvt4n5dpv2/requirements.txt (line 5)) (1.16.0)
[2024-11-18T18:07:03.053+0000] {process_utils.py:190} INFO - Collecting tensorboard<2.14,>=2.13 (from tensorflow==2.13.0->-r /tmp/venvt4n5dpv2/requirements.txt (line 5))
[2024-11-18T18:07:03.055+0000] {process_utils.py:190} INFO -   Using cached tensorboard-2.13.0-py3-none-any.whl.metadata (1.8 kB)
[2024-11-18T18:07:03.074+0000] {process_utils.py:190} INFO - Collecting tensorflow-estimator<2.14,>=2.13.0 (from tensorflow==2.13.0->-r /tmp/venvt4n5dpv2/requirements.txt (line 5))
[2024-11-18T18:07:03.075+0000] {process_utils.py:190} INFO -   Using cached tensorflow_estimator-2.13.0-py2.py3-none-any.whl.metadata (1.3 kB)
[2024-11-18T18:07:03.076+0000] {process_utils.py:190} INFO - Requirement already satisfied: termcolor>=1.1.0 in /home/***/.local/lib/python3.8/site-packages (from tensorflow==2.13.0->-r /tmp/venvt4n5dpv2/requirements.txt (line 5)) (2.4.0)
[2024-11-18T18:07:03.099+0000] {process_utils.py:190} INFO - Collecting typing-extensions<4.6.0,>=3.6.6 (from tensorflow==2.13.0->-r /tmp/venvt4n5dpv2/requirements.txt (line 5))
[2024-11-18T18:07:03.100+0000] {process_utils.py:190} INFO -   Using cached typing_extensions-4.5.0-py3-none-any.whl.metadata (8.5 kB)
[2024-11-18T18:07:03.101+0000] {process_utils.py:190} INFO - Requirement already satisfied: wrapt>=1.11.0 in /home/***/.local/lib/python3.8/site-packages (from tensorflow==2.13.0->-r /tmp/venvt4n5dpv2/requirements.txt (line 5)) (1.16.0)
[2024-11-18T18:07:03.154+0000] {process_utils.py:190} INFO - Collecting tensorflow-io-gcs-filesystem>=0.23.1 (from tensorflow==2.13.0->-r /tmp/venvt4n5dpv2/requirements.txt (line 5))
[2024-11-18T18:07:03.155+0000] {process_utils.py:190} INFO -   Using cached tensorflow_io_gcs_filesystem-0.34.0-cp38-cp38-manylinux_2_12_x86_64.manylinux2010_x86_64.whl.metadata (14 kB)
[2024-11-18T18:07:03.163+0000] {process_utils.py:190} INFO - Requirement already satisfied: Mako in /home/***/.local/lib/python3.8/site-packages (from alembic!=1.10.0,<2->mlflow==2.10.2->-r /tmp/venvt4n5dpv2/requirements.txt (line 2)) (1.3.0)
[2024-11-18T18:07:03.166+0000] {process_utils.py:190} INFO - Requirement already satisfied: importlib-resources in /home/***/.local/lib/python3.8/site-packages (from alembic!=1.10.0,<2->mlflow==2.10.2->-r /tmp/venvt4n5dpv2/requirements.txt (line 2)) (5.13.0)
[2024-11-18T18:07:03.170+0000] {process_utils.py:190} INFO - Requirement already satisfied: wheel<1.0,>=0.23.0 in /tmp/venvt4n5dpv2/lib/python3.8/site-packages (from astunparse>=1.6.0->tensorflow==2.13.0->-r /tmp/venvt4n5dpv2/requirements.txt (line 5)) (0.42.0)
[2024-11-18T18:07:03.175+0000] {process_utils.py:190} INFO - Requirement already satisfied: urllib3<1.27,>=1.25.4 in /home/***/.local/lib/python3.8/site-packages (from botocore<1.32.0,>=1.31.0->boto3==1.28.0->-r /tmp/venvt4n5dpv2/requirements.txt (line 1)) (1.26.18)
[2024-11-18T18:07:03.189+0000] {process_utils.py:190} INFO - Requirement already satisfied: Werkzeug>=2.2.2 in /home/***/.local/lib/python3.8/site-packages (from Flask<4->mlflow==2.10.2->-r /tmp/venvt4n5dpv2/requirements.txt (line 2)) (2.2.3)
[2024-11-18T18:07:03.190+0000] {process_utils.py:190} INFO - Requirement already satisfied: itsdangerous>=2.0 in /home/***/.local/lib/python3.8/site-packages (from Flask<4->mlflow==2.10.2->-r /tmp/venvt4n5dpv2/requirements.txt (line 2)) (2.1.2)
[2024-11-18T18:07:03.206+0000] {process_utils.py:190} INFO - Requirement already satisfied: gitdb<5,>=4.0.1 in /home/***/.local/lib/python3.8/site-packages (from gitpython<4,>=2.1.0->mlflow==2.10.2->-r /tmp/venvt4n5dpv2/requirements.txt (line 2)) (4.0.11)
[2024-11-18T18:07:03.232+0000] {process_utils.py:190} INFO - Requirement already satisfied: zipp>=0.5 in /home/***/.local/lib/python3.8/site-packages (from importlib-metadata!=4.7.0,<8,>=3.7.0->mlflow==2.10.2->-r /tmp/venvt4n5dpv2/requirements.txt (line 2)) (3.17.0)
[2024-11-18T18:07:03.235+0000] {process_utils.py:190} INFO - Requirement already satisfied: MarkupSafe>=2.0 in /home/***/.local/lib/python3.8/site-packages (from Jinja2<4,>=2.11->mlflow==2.10.2->-r /tmp/venvt4n5dpv2/requirements.txt (line 2)) (2.1.3)
[2024-11-18T18:07:03.260+0000] {process_utils.py:190} INFO - Requirement already satisfied: contourpy>=1.0.1 in /home/***/.local/lib/python3.8/site-packages (from matplotlib<4->mlflow==2.10.2->-r /tmp/venvt4n5dpv2/requirements.txt (line 2)) (1.1.1)
[2024-11-18T18:07:03.261+0000] {process_utils.py:190} INFO - Requirement already satisfied: cycler>=0.10 in /home/***/.local/lib/python3.8/site-packages (from matplotlib<4->mlflow==2.10.2->-r /tmp/venvt4n5dpv2/requirements.txt (line 2)) (0.12.1)
[2024-11-18T18:07:03.261+0000] {process_utils.py:190} INFO - Requirement already satisfied: fonttools>=4.22.0 in /home/***/.local/lib/python3.8/site-packages (from matplotlib<4->mlflow==2.10.2->-r /tmp/venvt4n5dpv2/requirements.txt (line 2)) (4.54.1)
[2024-11-18T18:07:03.262+0000] {process_utils.py:190} INFO - Requirement already satisfied: kiwisolver>=1.0.1 in /home/***/.local/lib/python3.8/site-packages (from matplotlib<4->mlflow==2.10.2->-r /tmp/venvt4n5dpv2/requirements.txt (line 2)) (1.4.7)
[2024-11-18T18:07:03.270+0000] {process_utils.py:190} INFO - Requirement already satisfied: pillow>=6.2.0 in /home/***/.local/lib/python3.8/site-packages (from matplotlib<4->mlflow==2.10.2->-r /tmp/venvt4n5dpv2/requirements.txt (line 2)) (10.4.0)
[2024-11-18T18:07:03.271+0000] {process_utils.py:190} INFO - Requirement already satisfied: pyparsing>=2.3.1 in /home/***/.local/lib/python3.8/site-packages (from matplotlib<4->mlflow==2.10.2->-r /tmp/venvt4n5dpv2/requirements.txt (line 2)) (3.1.1)
[2024-11-18T18:07:03.313+0000] {process_utils.py:190} INFO - Requirement already satisfied: charset-normalizer<4,>=2 in /home/***/.local/lib/python3.8/site-packages (from requests<3,>=2.17.3->mlflow==2.10.2->-r /tmp/venvt4n5dpv2/requirements.txt (line 2)) (3.3.2)
[2024-11-18T18:07:03.313+0000] {process_utils.py:190} INFO - Requirement already satisfied: idna<4,>=2.5 in /home/***/.local/lib/python3.8/site-packages (from requests<3,>=2.17.3->mlflow==2.10.2->-r /tmp/venvt4n5dpv2/requirements.txt (line 2)) (3.6)
[2024-11-18T18:07:03.314+0000] {process_utils.py:190} INFO - Requirement already satisfied: certifi>=2017.4.17 in /home/***/.local/lib/python3.8/site-packages (from requests<3,>=2.17.3->mlflow==2.10.2->-r /tmp/venvt4n5dpv2/requirements.txt (line 2)) (2023.11.17)
[2024-11-18T18:07:03.518+0000] {process_utils.py:190} INFO - Requirement already satisfied: greenlet!=0.4.17 in /home/***/.local/lib/python3.8/site-packages (from sqlalchemy<3,>=1.4.0->mlflow==2.10.2->-r /tmp/venvt4n5dpv2/requirements.txt (line 2)) (3.0.3)
[2024-11-18T18:07:03.537+0000] {process_utils.py:190} INFO - Requirement already satisfied: google-auth<3,>=1.6.3 in /home/***/.local/lib/python3.8/site-packages (from tensorboard<2.14,>=2.13->tensorflow==2.13.0->-r /tmp/venvt4n5dpv2/requirements.txt (line 5)) (2.26.2)
[2024-11-18T18:07:03.573+0000] {process_utils.py:190} INFO - Collecting google-auth-oauthlib<1.1,>=0.5 (from tensorboard<2.14,>=2.13->tensorflow==2.13.0->-r /tmp/venvt4n5dpv2/requirements.txt (line 5))
[2024-11-18T18:07:03.575+0000] {process_utils.py:190} INFO -   Using cached google_auth_oauthlib-1.0.0-py2.py3-none-any.whl.metadata (2.7 kB)
[2024-11-18T18:07:03.606+0000] {process_utils.py:190} INFO - Collecting tensorboard-data-server<0.8.0,>=0.7.0 (from tensorboard<2.14,>=2.13->tensorflow==2.13.0->-r /tmp/venvt4n5dpv2/requirements.txt (line 5))
[2024-11-18T18:07:03.607+0000] {process_utils.py:190} INFO -   Using cached tensorboard_data_server-0.7.2-py3-none-manylinux_2_31_x86_64.whl.metadata (1.1 kB)
[2024-11-18T18:07:03.746+0000] {process_utils.py:190} INFO - Requirement already satisfied: smmap<6,>=3.0.1 in /home/***/.local/lib/python3.8/site-packages (from gitdb<5,>=4.0.1->gitpython<4,>=2.1.0->mlflow==2.10.2->-r /tmp/venvt4n5dpv2/requirements.txt (line 2)) (5.0.1)
[2024-11-18T18:07:03.756+0000] {process_utils.py:190} INFO - Requirement already satisfied: cachetools<6.0,>=2.0.0 in /home/***/.local/lib/python3.8/site-packages (from google-auth<3,>=1.6.3->tensorboard<2.14,>=2.13->tensorflow==2.13.0->-r /tmp/venvt4n5dpv2/requirements.txt (line 5)) (5.3.2)
[2024-11-18T18:07:03.757+0000] {process_utils.py:190} INFO - Requirement already satisfied: pyasn1-modules>=0.2.1 in /home/***/.local/lib/python3.8/site-packages (from google-auth<3,>=1.6.3->tensorboard<2.14,>=2.13->tensorflow==2.13.0->-r /tmp/venvt4n5dpv2/requirements.txt (line 5)) (0.3.0)
[2024-11-18T18:07:03.757+0000] {process_utils.py:190} INFO - Requirement already satisfied: rsa<5,>=3.1.4 in /home/***/.local/lib/python3.8/site-packages (from google-auth<3,>=1.6.3->tensorboard<2.14,>=2.13->tensorflow==2.13.0->-r /tmp/venvt4n5dpv2/requirements.txt (line 5)) (4.9)
[2024-11-18T18:07:03.764+0000] {process_utils.py:190} INFO - Requirement already satisfied: requests-oauthlib>=0.7.0 in /home/***/.local/lib/python3.8/site-packages (from google-auth-oauthlib<1.1,>=0.5->tensorboard<2.14,>=2.13->tensorflow==2.13.0->-r /tmp/venvt4n5dpv2/requirements.txt (line 5)) (1.3.1)
[2024-11-18T18:07:03.891+0000] {process_utils.py:190} INFO - Requirement already satisfied: pyasn1<0.6.0,>=0.4.6 in /home/***/.local/lib/python3.8/site-packages (from pyasn1-modules>=0.2.1->google-auth<3,>=1.6.3->tensorboard<2.14,>=2.13->tensorflow==2.13.0->-r /tmp/venvt4n5dpv2/requirements.txt (line 5)) (0.5.1)
[2024-11-18T18:07:03.898+0000] {process_utils.py:190} INFO - Requirement already satisfied: oauthlib>=3.0.0 in /home/***/.local/lib/python3.8/site-packages (from requests-oauthlib>=0.7.0->google-auth-oauthlib<1.1,>=0.5->tensorboard<2.14,>=2.13->tensorflow==2.13.0->-r /tmp/venvt4n5dpv2/requirements.txt (line 5)) (3.2.2)
[2024-11-18T18:07:03.931+0000] {process_utils.py:190} INFO - Using cached boto3-1.28.0-py3-none-any.whl (135 kB)
[2024-11-18T18:07:03.932+0000] {process_utils.py:190} INFO - Using cached mlflow-2.10.2-py3-none-any.whl (19.5 MB)
[2024-11-18T18:07:03.951+0000] {process_utils.py:190} INFO - Using cached tensorflow-2.13.0-cp38-cp38-manylinux_2_17_x86_64.manylinux2014_x86_64.whl (524.1 MB)
[2024-11-18T18:07:04.432+0000] {process_utils.py:190} INFO - Using cached absl_py-2.1.0-py3-none-any.whl (133 kB)
[2024-11-18T18:07:04.433+0000] {process_utils.py:190} INFO - Using cached astunparse-1.6.3-py2.py3-none-any.whl (12 kB)
[2024-11-18T18:07:04.434+0000] {process_utils.py:190} INFO - Using cached botocore-1.31.85-py3-none-any.whl (11.3 MB)
[2024-11-18T18:07:04.446+0000] {process_utils.py:190} INFO - Using cached entrypoints-0.4-py3-none-any.whl (5.3 kB)
[2024-11-18T18:07:04.447+0000] {process_utils.py:190} INFO - Using cached flatbuffers-24.3.25-py2.py3-none-any.whl (26 kB)
[2024-11-18T18:07:04.448+0000] {process_utils.py:190} INFO - Using cached gast-0.4.0-py3-none-any.whl (9.8 kB)
[2024-11-18T18:07:04.449+0000] {process_utils.py:190} INFO - Using cached google_pasta-0.2.0-py3-none-any.whl (57 kB)
[2024-11-18T18:07:04.450+0000] {process_utils.py:190} INFO - Using cached h5py-3.11.0-cp38-cp38-manylinux_2_17_x86_64.manylinux2014_x86_64.whl (5.3 MB)
[2024-11-18T18:07:04.456+0000] {process_utils.py:190} INFO - Using cached keras-2.13.1-py3-none-any.whl (1.7 MB)
[2024-11-18T18:07:04.458+0000] {process_utils.py:190} INFO - Using cached libclang-18.1.1-py2.py3-none-manylinux2010_x86_64.whl (24.5 MB)
[2024-11-18T18:07:04.482+0000] {process_utils.py:190} INFO - Using cached numpy-1.24.3-cp38-cp38-manylinux_2_17_x86_64.manylinux2014_x86_64.whl (17.3 MB)
[2024-11-18T18:07:04.499+0000] {process_utils.py:190} INFO - Using cached opt_einsum-3.4.0-py3-none-any.whl (71 kB)
[2024-11-18T18:07:04.500+0000] {process_utils.py:190} INFO - Using cached querystring_parser-1.2.4-py2.py3-none-any.whl (7.9 kB)
[2024-11-18T18:07:04.501+0000] {process_utils.py:190} INFO - Using cached s3transfer-0.6.2-py3-none-any.whl (79 kB)
[2024-11-18T18:07:04.502+0000] {process_utils.py:190} INFO - Using cached tensorboard-2.13.0-py3-none-any.whl (5.6 MB)
[2024-11-18T18:07:04.508+0000] {process_utils.py:190} INFO - Using cached tensorflow_estimator-2.13.0-py2.py3-none-any.whl (440 kB)
[2024-11-18T18:07:04.510+0000] {process_utils.py:190} INFO - Using cached tensorflow_io_gcs_filesystem-0.34.0-cp38-cp38-manylinux_2_12_x86_64.manylinux2010_x86_64.whl (2.4 MB)
[2024-11-18T18:07:04.513+0000] {process_utils.py:190} INFO - Using cached typing_extensions-4.5.0-py3-none-any.whl (27 kB)
[2024-11-18T18:07:04.514+0000] {process_utils.py:190} INFO - Using cached google_auth_oauthlib-1.0.0-py2.py3-none-any.whl (18 kB)
[2024-11-18T18:07:04.515+0000] {process_utils.py:190} INFO - Using cached tensorboard_data_server-0.7.2-py3-none-manylinux_2_31_x86_64.whl (6.6 MB)
[2024-11-18T18:07:06.610+0000] {process_utils.py:190} INFO - Installing collected packages: libclang, flatbuffers, typing-extensions, tensorflow-io-gcs-filesystem, tensorflow-estimator, tensorboard-data-server, querystring-parser, opt-einsum, numpy, keras, google-pasta, gast, entrypoints, astunparse, absl-py, h5py, botocore, s3transfer, google-auth-oauthlib, tensorboard, mlflow, boto3, tensorflow
[2024-11-18T18:07:06.871+0000] {process_utils.py:190} INFO -   Attempting uninstall: typing-extensions
[2024-11-18T18:07:06.872+0000] {process_utils.py:190} INFO -     Found existing installation: typing_extensions 4.9.0
[2024-11-18T18:07:06.873+0000] {process_utils.py:190} INFO -     Not uninstalling typing-extensions at /home/***/.local/lib/python3.8/site-packages, outside environment /tmp/venvt4n5dpv2
[2024-11-18T18:07:06.873+0000] {process_utils.py:190} INFO -     Can't uninstall 'typing_extensions'. No files were found to uninstall.
[2024-11-18T18:07:07.155+0000] {process_utils.py:190} INFO -   Attempting uninstall: numpy
[2024-11-18T18:07:07.156+0000] {process_utils.py:190} INFO -     Found existing installation: numpy 1.24.4
[2024-11-18T18:07:07.157+0000] {process_utils.py:190} INFO -     Not uninstalling numpy at /home/***/.local/lib/python3.8/site-packages, outside environment /tmp/venvt4n5dpv2
[2024-11-18T18:07:07.157+0000] {process_utils.py:190} INFO -     Can't uninstall 'numpy'. No files were found to uninstall.
[2024-11-18T18:07:08.895+0000] {process_utils.py:190} INFO -   Attempting uninstall: botocore
[2024-11-18T18:07:08.896+0000] {process_utils.py:190} INFO -     Found existing installation: botocore 1.35.44
[2024-11-18T18:07:08.897+0000] {process_utils.py:190} INFO -     Not uninstalling botocore at /home/***/.local/lib/python3.8/site-packages, outside environment /tmp/venvt4n5dpv2
[2024-11-18T18:07:08.897+0000] {process_utils.py:190} INFO -     Can't uninstall 'botocore'. No files were found to uninstall.
[2024-11-18T18:07:09.355+0000] {process_utils.py:190} INFO -   Attempting uninstall: s3transfer
[2024-11-18T18:07:09.356+0000] {process_utils.py:190} INFO -     Found existing installation: s3transfer 0.10.3
[2024-11-18T18:07:09.357+0000] {process_utils.py:190} INFO -     Not uninstalling s3transfer at /home/***/.local/lib/python3.8/site-packages, outside environment /tmp/venvt4n5dpv2
[2024-11-18T18:07:09.357+0000] {process_utils.py:190} INFO -     Can't uninstall 's3transfer'. No files were found to uninstall.
[2024-11-18T18:07:09.379+0000] {process_utils.py:190} INFO -   Attempting uninstall: google-auth-oauthlib
[2024-11-18T18:07:09.380+0000] {process_utils.py:190} INFO -     Found existing installation: google-auth-oauthlib 1.2.0
[2024-11-18T18:07:09.380+0000] {process_utils.py:190} INFO -     Not uninstalling google-auth-oauthlib at /home/***/.local/lib/python3.8/site-packages, outside environment /tmp/venvt4n5dpv2
[2024-11-18T18:07:09.380+0000] {process_utils.py:190} INFO -     Can't uninstall 'google-auth-oauthlib'. No files were found to uninstall.
[2024-11-18T18:07:09.589+0000] {process_utils.py:190} INFO -   Attempting uninstall: mlflow
[2024-11-18T18:07:09.590+0000] {process_utils.py:190} INFO -     Found existing installation: mlflow 2.17.0
[2024-11-18T18:07:09.591+0000] {process_utils.py:190} INFO -     Not uninstalling mlflow at /home/***/.local/lib/python3.8/site-packages, outside environment /tmp/venvt4n5dpv2
[2024-11-18T18:07:09.591+0000] {process_utils.py:190} INFO -     Can't uninstall 'mlflow'. No files were found to uninstall.
[2024-11-18T18:07:10.187+0000] {process_utils.py:190} INFO -   Attempting uninstall: boto3
[2024-11-18T18:07:10.188+0000] {process_utils.py:190} INFO -     Found existing installation: boto3 1.35.44
[2024-11-18T18:07:10.189+0000] {process_utils.py:190} INFO -     Not uninstalling boto3 at /home/***/.local/lib/python3.8/site-packages, outside environment /tmp/venvt4n5dpv2
[2024-11-18T18:07:10.189+0000] {process_utils.py:190} INFO -     Can't uninstall 'boto3'. No files were found to uninstall.
[2024-11-18T18:07:17.525+0000] {process_utils.py:190} INFO - ERROR: pip's dependency resolver does not currently take into account all the packages that are installed. This behaviour is the source of the following dependency conflicts.
[2024-11-18T18:07:17.525+0000] {process_utils.py:190} INFO - aiobotocore 2.9.0 requires botocore<1.33.14,>=1.33.2, but you have botocore 1.31.85 which is incompatible.
[2024-11-18T18:07:17.525+0000] {process_utils.py:190} INFO - azure-core 1.29.6 requires typing-extensions>=4.6.0, but you have typing-extensions 4.5.0 which is incompatible.
[2024-11-18T18:07:17.526+0000] {process_utils.py:190} INFO - azure-mgmt-keyvault 10.3.1 requires typing-extensions>=4.6.0, but you have typing-extensions 4.5.0 which is incompatible.
[2024-11-18T18:07:17.526+0000] {process_utils.py:190} INFO - azure-mgmt-network 27.0.0 requires typing-extensions>=4.6.0, but you have typing-extensions 4.5.0 which is incompatible.
[2024-11-18T18:07:17.526+0000] {process_utils.py:190} INFO - graphene 3.4 requires typing-extensions<5,>=4.7.1, but you have typing-extensions 4.5.0 which is incompatible.
[2024-11-18T18:07:17.526+0000] {process_utils.py:190} INFO - pydantic 2.5.3 requires typing-extensions>=4.6.1, but you have typing-extensions 4.5.0 which is incompatible.
[2024-11-18T18:07:17.526+0000] {process_utils.py:190} INFO - pydantic-core 2.14.6 requires typing-extensions!=4.7.0,>=4.6.0, but you have typing-extensions 4.5.0 which is incompatible.
[2024-11-18T18:07:17.527+0000] {process_utils.py:190} INFO - Successfully installed absl-py-2.1.0 astunparse-1.6.3 boto3-1.28.0 botocore-1.31.85 entrypoints-0.4 flatbuffers-24.3.25 gast-0.4.0 google-auth-oauthlib-1.0.0 google-pasta-0.2.0 h5py-3.11.0 keras-2.13.1 libclang-18.1.1 mlflow-2.10.2 numpy-1.24.3 opt-einsum-3.4.0 querystring-parser-1.2.4 s3transfer-0.6.2 tensorboard-2.13.0 tensorboard-data-server-0.7.2 tensorflow-2.13.0 tensorflow-estimator-2.13.0 tensorflow-io-gcs-filesystem-0.34.0 typing-extensions-4.5.0
[2024-11-18T18:07:17.599+0000] {process_utils.py:190} INFO - 
[2024-11-18T18:07:17.600+0000] {process_utils.py:190} INFO - [notice] A new release of pip is available: 23.3.1 -> 24.3.1
[2024-11-18T18:07:17.600+0000] {process_utils.py:190} INFO - [notice] To update, run: python -m pip install --upgrade pip
[2024-11-18T18:07:17.811+0000] {process_utils.py:182} INFO - Executing cmd: /tmp/venvt4n5dpv2/bin/python /tmp/venv-callsg35mxhp/script.py /tmp/venv-callsg35mxhp/script.in /tmp/venv-callsg35mxhp/script.out /tmp/venv-callsg35mxhp/string_args.txt /tmp/venv-callsg35mxhp/termination.log
[2024-11-18T18:07:17.814+0000] {process_utils.py:186} INFO - Output:
[2024-11-18T18:07:18.770+0000] {process_utils.py:190} INFO - 2024-11-18 18:07:18.769839: I tensorflow/core/util/port.cc:110] oneDNN custom operations are on. You may see slightly different numerical results due to floating-point round-off errors from different computation orders. To turn them off, set the environment variable `TF_ENABLE_ONEDNN_OPTS=0`.
[2024-11-18T18:07:18.770+0000] {process_utils.py:190} INFO - 2024-11-18 18:07:18.770905: I tensorflow/tsl/cuda/cudart_stub.cc:28] Could not find cuda drivers on your machine, GPU will not be used.
[2024-11-18T18:07:18.791+0000] {process_utils.py:190} INFO - 2024-11-18 18:07:18.791367: I tensorflow/tsl/cuda/cudart_stub.cc:28] Could not find cuda drivers on your machine, GPU will not be used.
[2024-11-18T18:07:18.792+0000] {process_utils.py:190} INFO - 2024-11-18 18:07:18.791660: I tensorflow/core/platform/cpu_feature_guard.cc:182] This TensorFlow binary is optimized to use available CPU instructions in performance-critical operations.
[2024-11-18T18:07:18.792+0000] {process_utils.py:190} INFO - To enable the following instructions: AVX2 AVX_VNNI FMA, in other operations, rebuild TensorFlow with the appropriate compiler flags.
[2024-11-18T18:07:19.293+0000] {process_utils.py:190} INFO - 2024-11-18 18:07:19.293119: W tensorflow/compiler/tf2tensorrt/utils/py_utils.cc:38] TF-TRT Warning: Could not find TensorRT
[2024-11-18T18:07:20.181+0000] {process_utils.py:190} INFO - Traceback (most recent call last):
[2024-11-18T18:07:20.181+0000] {process_utils.py:190} INFO -   File "/tmp/venv-callsg35mxhp/script.py", line 95, in <module>
[2024-11-18T18:07:20.182+0000] {process_utils.py:190} INFO -     res = train_challenger_model(*arg_dict["args"], **arg_dict["kwargs"])
[2024-11-18T18:07:20.182+0000] {process_utils.py:190} INFO -   File "/tmp/venv-callsg35mxhp/script.py", line 55, in train_challenger_model
[2024-11-18T18:07:20.182+0000] {process_utils.py:190} INFO -     X_train = load_data_from_minio('spotify/train/X_train.csv').values
[2024-11-18T18:07:20.183+0000] {process_utils.py:190} INFO -   File "/tmp/venv-callsg35mxhp/script.py", line 52, in load_data_from_minio
[2024-11-18T18:07:20.183+0000] {process_utils.py:190} INFO -     response = s3_client.get_object(Bucket=MINIO_BUCKET, Key=key)
[2024-11-18T18:07:20.183+0000] {process_utils.py:190} INFO - NameError: name 'MINIO_BUCKET' is not defined
[2024-11-18T18:07:21.045+0000] {taskinstance.py:2698} ERROR - Task failed with exception
Traceback (most recent call last):
  File "/home/airflow/.local/lib/python3.8/site-packages/airflow/models/taskinstance.py", line 433, in _execute_task
    result = execute_callable(context=context, **execute_callable_kwargs)
  File "/home/airflow/.local/lib/python3.8/site-packages/airflow/decorators/base.py", line 241, in execute
    return_value = super().execute(context)
  File "/home/airflow/.local/lib/python3.8/site-packages/airflow/operators/python.py", line 400, in execute
    return super().execute(context=serializable_context)
  File "/home/airflow/.local/lib/python3.8/site-packages/airflow/operators/python.py", line 199, in execute
    return_value = self.execute_callable()
  File "/home/airflow/.local/lib/python3.8/site-packages/airflow/operators/python.py", line 716, in execute_callable
    result = self._execute_python_callable_in_subprocess(python_path)
  File "/home/airflow/.local/lib/python3.8/site-packages/airflow/operators/python.py", line 471, in _execute_python_callable_in_subprocess
    raise AirflowException(error_msg) from None
airflow.exceptions.AirflowException: Process returned non-zero exit status 1.
name 'MINIO_BUCKET' is not defined
[2024-11-18T18:07:21.047+0000] {taskinstance.py:1138} INFO - Marking task as UP_FOR_RETRY. dag_id=spotify_retrain_challenge_model_v3, task_id=train_challenger_model, execution_date=20241117T000000, start_date=20241118T180700, end_date=20241118T180721
[2024-11-18T18:07:21.053+0000] {standard_task_runner.py:107} ERROR - Failed to execute job 71 for task train_challenger_model (Process returned non-zero exit status 1.
name 'MINIO_BUCKET' is not defined; 4472)
[2024-11-18T18:07:21.078+0000] {local_task_job_runner.py:234} INFO - Task exited with return code 1
[2024-11-18T18:07:21.089+0000] {taskinstance.py:3280} INFO - 0 downstream tasks scheduled from follow-on schedule check
[2024-11-18T18:32:45.224+0000] {taskinstance.py:1956} INFO - Dependencies all met for dep_context=non-requeueable deps ti=<TaskInstance: spotify_retrain_challenge_model_v3.train_challenger_model scheduled__2024-11-17T00:00:00+00:00 [queued]>
[2024-11-18T18:32:45.229+0000] {taskinstance.py:1956} INFO - Dependencies all met for dep_context=requeueable deps ti=<TaskInstance: spotify_retrain_challenge_model_v3.train_challenger_model scheduled__2024-11-17T00:00:00+00:00 [queued]>
[2024-11-18T18:32:45.229+0000] {taskinstance.py:2170} INFO - Starting attempt 1 of 2
[2024-11-18T18:32:45.235+0000] {taskinstance.py:2191} INFO - Executing <Task(_PythonVirtualenvDecoratedOperator): train_challenger_model> on 2024-11-17 00:00:00+00:00
[2024-11-18T18:32:45.238+0000] {standard_task_runner.py:60} INFO - Started process 17379 to run task
[2024-11-18T18:32:45.239+0000] {standard_task_runner.py:87} INFO - Running: ['***', 'tasks', 'run', 'spotify_retrain_challenge_model_v3', 'train_challenger_model', 'scheduled__2024-11-17T00:00:00+00:00', '--job-id', '93', '--raw', '--subdir', 'DAGS_FOLDER/retrain_music_model.py', '--cfg-path', '/tmp/tmp9j31rkg3']
[2024-11-18T18:32:45.240+0000] {standard_task_runner.py:88} INFO - Job 93: Subtask train_challenger_model
[2024-11-18T18:32:45.265+0000] {task_command.py:423} INFO - Running <TaskInstance: spotify_retrain_challenge_model_v3.train_challenger_model scheduled__2024-11-17T00:00:00+00:00 [running]> on host 98017b53a184
[2024-11-18T18:32:45.301+0000] {taskinstance.py:2480} INFO - Exporting env vars: AIRFLOW_CTX_DAG_OWNER='Martín Horn' AIRFLOW_CTX_DAG_ID='spotify_retrain_challenge_model_v3' AIRFLOW_CTX_TASK_ID='train_challenger_model' AIRFLOW_CTX_EXECUTION_DATE='2024-11-17T00:00:00+00:00' AIRFLOW_CTX_TRY_NUMBER='1' AIRFLOW_CTX_DAG_RUN_ID='scheduled__2024-11-17T00:00:00+00:00'
[2024-11-18T18:32:45.302+0000] {process_utils.py:182} INFO - Executing cmd: /usr/local/bin/python -m virtualenv /tmp/venvt40t1t1_ --system-site-packages --python=python
[2024-11-18T18:32:45.306+0000] {process_utils.py:186} INFO - Output:
[2024-11-18T18:32:45.671+0000] {process_utils.py:190} INFO - created virtual environment CPython3.8.18.final.0-64 in 151ms
[2024-11-18T18:32:45.671+0000] {process_utils.py:190} INFO -   creator CPython3Posix(dest=/tmp/venvt40t1t1_, clear=False, no_vcs_ignore=False, global=True)
[2024-11-18T18:32:45.671+0000] {process_utils.py:190} INFO -   seeder FromAppData(download=False, pip=bundle, setuptools=bundle, wheel=bundle, via=copy, app_data_dir=/home/***/.local/share/virtualenv)
[2024-11-18T18:32:45.672+0000] {process_utils.py:190} INFO -     added seed packages: pip==24.2, setuptools==75.2.0, wheel==0.44.0
[2024-11-18T18:32:45.672+0000] {process_utils.py:190} INFO -   activators BashActivator,CShellActivator,FishActivator,NushellActivator,PowerShellActivator,PythonActivator
[2024-11-18T18:32:45.687+0000] {process_utils.py:182} INFO - Executing cmd: /tmp/venvt40t1t1_/bin/pip install -r /tmp/venvt40t1t1_/requirements.txt
[2024-11-18T18:32:45.691+0000] {process_utils.py:186} INFO - Output:
[2024-11-18T18:32:46.525+0000] {process_utils.py:190} INFO - Collecting boto3==1.28.0 (from -r /tmp/venvt40t1t1_/requirements.txt (line 1))
[2024-11-18T18:32:46.526+0000] {process_utils.py:190} INFO -   Using cached boto3-1.28.0-py3-none-any.whl.metadata (6.6 kB)
[2024-11-18T18:32:46.561+0000] {process_utils.py:190} INFO - Collecting mlflow==2.10.2 (from -r /tmp/venvt40t1t1_/requirements.txt (line 2))
[2024-11-18T18:32:46.562+0000] {process_utils.py:190} INFO -   Using cached mlflow-2.10.2-py3-none-any.whl.metadata (13 kB)
[2024-11-18T18:32:46.570+0000] {process_utils.py:190} INFO - Requirement already satisfied: pandas==2.0.3 in /home/***/.local/lib/python3.8/site-packages (from -r /tmp/venvt40t1t1_/requirements.txt (line 3)) (2.0.3)
[2024-11-18T18:32:46.570+0000] {process_utils.py:190} INFO - Requirement already satisfied: scikit-learn==1.3.2 in /home/***/.local/lib/python3.8/site-packages (from -r /tmp/venvt40t1t1_/requirements.txt (line 4)) (1.3.2)
[2024-11-18T18:32:46.654+0000] {process_utils.py:190} INFO - Collecting tensorflow==2.13.0 (from -r /tmp/venvt40t1t1_/requirements.txt (line 5))
[2024-11-18T18:32:46.655+0000] {process_utils.py:190} INFO -   Using cached tensorflow-2.13.0-cp38-cp38-manylinux_2_17_x86_64.manylinux2014_x86_64.whl.metadata (3.4 kB)
[2024-11-18T18:32:47.076+0000] {process_utils.py:190} INFO - Collecting botocore<1.32.0,>=1.31.0 (from boto3==1.28.0->-r /tmp/venvt40t1t1_/requirements.txt (line 1))
[2024-11-18T18:32:47.078+0000] {process_utils.py:190} INFO -   Using cached botocore-1.31.85-py3-none-any.whl.metadata (6.1 kB)
[2024-11-18T18:32:47.079+0000] {process_utils.py:190} INFO - Requirement already satisfied: jmespath<2.0.0,>=0.7.1 in /home/***/.local/lib/python3.8/site-packages (from boto3==1.28.0->-r /tmp/venvt40t1t1_/requirements.txt (line 1)) (0.10.0)
[2024-11-18T18:32:47.099+0000] {process_utils.py:190} INFO - Collecting s3transfer<0.7.0,>=0.6.0 (from boto3==1.28.0->-r /tmp/venvt40t1t1_/requirements.txt (line 1))
[2024-11-18T18:32:47.100+0000] {process_utils.py:190} INFO -   Using cached s3transfer-0.6.2-py3-none-any.whl.metadata (1.8 kB)
[2024-11-18T18:32:47.103+0000] {process_utils.py:190} INFO - Requirement already satisfied: click<9,>=7.0 in /home/***/.local/lib/python3.8/site-packages (from mlflow==2.10.2->-r /tmp/venvt40t1t1_/requirements.txt (line 2)) (8.1.7)
[2024-11-18T18:32:47.104+0000] {process_utils.py:190} INFO - Requirement already satisfied: cloudpickle<4 in /home/***/.local/lib/python3.8/site-packages (from mlflow==2.10.2->-r /tmp/venvt40t1t1_/requirements.txt (line 2)) (3.1.0)
[2024-11-18T18:32:47.116+0000] {process_utils.py:190} INFO - Collecting entrypoints<1 (from mlflow==2.10.2->-r /tmp/venvt40t1t1_/requirements.txt (line 2))
[2024-11-18T18:32:47.117+0000] {process_utils.py:190} INFO -   Using cached entrypoints-0.4-py3-none-any.whl.metadata (2.6 kB)
[2024-11-18T18:32:47.118+0000] {process_utils.py:190} INFO - Requirement already satisfied: gitpython<4,>=2.1.0 in /home/***/.local/lib/python3.8/site-packages (from mlflow==2.10.2->-r /tmp/venvt40t1t1_/requirements.txt (line 2)) (3.1.43)
[2024-11-18T18:32:47.118+0000] {process_utils.py:190} INFO - Requirement already satisfied: pyyaml<7,>=5.1 in /home/***/.local/lib/python3.8/site-packages (from mlflow==2.10.2->-r /tmp/venvt40t1t1_/requirements.txt (line 2)) (6.0.1)
[2024-11-18T18:32:47.118+0000] {process_utils.py:190} INFO - Requirement already satisfied: protobuf<5,>=3.12.0 in /home/***/.local/lib/python3.8/site-packages (from mlflow==2.10.2->-r /tmp/venvt40t1t1_/requirements.txt (line 2)) (4.25.2)
[2024-11-18T18:32:47.118+0000] {process_utils.py:190} INFO - Requirement already satisfied: pytz<2024 in /home/***/.local/lib/python3.8/site-packages (from mlflow==2.10.2->-r /tmp/venvt40t1t1_/requirements.txt (line 2)) (2023.3.post1)
[2024-11-18T18:32:47.119+0000] {process_utils.py:190} INFO - Requirement already satisfied: requests<3,>=2.17.3 in /home/***/.local/lib/python3.8/site-packages (from mlflow==2.10.2->-r /tmp/venvt40t1t1_/requirements.txt (line 2)) (2.31.0)
[2024-11-18T18:32:47.119+0000] {process_utils.py:190} INFO - Requirement already satisfied: packaging<24 in /home/***/.local/lib/python3.8/site-packages (from mlflow==2.10.2->-r /tmp/venvt40t1t1_/requirements.txt (line 2)) (23.2)
[2024-11-18T18:32:47.119+0000] {process_utils.py:190} INFO - Requirement already satisfied: importlib-metadata!=4.7.0,<8,>=3.7.0 in /home/***/.local/lib/python3.8/site-packages (from mlflow==2.10.2->-r /tmp/venvt40t1t1_/requirements.txt (line 2)) (6.11.0)
[2024-11-18T18:32:47.120+0000] {process_utils.py:190} INFO - Requirement already satisfied: sqlparse<1,>=0.4.0 in /home/***/.local/lib/python3.8/site-packages (from mlflow==2.10.2->-r /tmp/venvt40t1t1_/requirements.txt (line 2)) (0.4.4)
[2024-11-18T18:32:47.120+0000] {process_utils.py:190} INFO - Requirement already satisfied: alembic!=1.10.0,<2 in /home/***/.local/lib/python3.8/site-packages (from mlflow==2.10.2->-r /tmp/venvt40t1t1_/requirements.txt (line 2)) (1.13.1)
[2024-11-18T18:32:47.120+0000] {process_utils.py:190} INFO - Requirement already satisfied: docker<8,>=4.0.0 in /home/***/.local/lib/python3.8/site-packages (from mlflow==2.10.2->-r /tmp/venvt40t1t1_/requirements.txt (line 2)) (7.0.0)
[2024-11-18T18:32:47.120+0000] {process_utils.py:190} INFO - Requirement already satisfied: Flask<4 in /home/***/.local/lib/python3.8/site-packages (from mlflow==2.10.2->-r /tmp/venvt40t1t1_/requirements.txt (line 2)) (2.2.5)
[2024-11-18T18:32:47.121+0000] {process_utils.py:190} INFO - Requirement already satisfied: numpy<2 in /home/***/.local/lib/python3.8/site-packages (from mlflow==2.10.2->-r /tmp/venvt40t1t1_/requirements.txt (line 2)) (1.24.4)
[2024-11-18T18:32:47.121+0000] {process_utils.py:190} INFO - Requirement already satisfied: scipy<2 in /home/***/.local/lib/python3.8/site-packages (from mlflow==2.10.2->-r /tmp/venvt40t1t1_/requirements.txt (line 2)) (1.10.1)
[2024-11-18T18:32:47.132+0000] {process_utils.py:190} INFO - Collecting querystring-parser<2 (from mlflow==2.10.2->-r /tmp/venvt40t1t1_/requirements.txt (line 2))
[2024-11-18T18:32:47.133+0000] {process_utils.py:190} INFO -   Using cached querystring_parser-1.2.4-py2.py3-none-any.whl.metadata (559 bytes)
[2024-11-18T18:32:47.134+0000] {process_utils.py:190} INFO - Requirement already satisfied: sqlalchemy<3,>=1.4.0 in /home/***/.local/lib/python3.8/site-packages (from mlflow==2.10.2->-r /tmp/venvt40t1t1_/requirements.txt (line 2)) (1.4.51)
[2024-11-18T18:32:47.134+0000] {process_utils.py:190} INFO - Requirement already satisfied: pyarrow<16,>=4.0.0 in /home/***/.local/lib/python3.8/site-packages (from mlflow==2.10.2->-r /tmp/venvt40t1t1_/requirements.txt (line 2)) (14.0.2)
[2024-11-18T18:32:47.135+0000] {process_utils.py:190} INFO - Requirement already satisfied: markdown<4,>=3.3 in /home/***/.local/lib/python3.8/site-packages (from mlflow==2.10.2->-r /tmp/venvt40t1t1_/requirements.txt (line 2)) (3.5.2)
[2024-11-18T18:32:47.135+0000] {process_utils.py:190} INFO - Requirement already satisfied: matplotlib<4 in /home/***/.local/lib/python3.8/site-packages (from mlflow==2.10.2->-r /tmp/venvt40t1t1_/requirements.txt (line 2)) (3.7.5)
[2024-11-18T18:32:47.135+0000] {process_utils.py:190} INFO - Requirement already satisfied: gunicorn<22 in /home/***/.local/lib/python3.8/site-packages (from mlflow==2.10.2->-r /tmp/venvt40t1t1_/requirements.txt (line 2)) (21.2.0)
[2024-11-18T18:32:47.136+0000] {process_utils.py:190} INFO - Requirement already satisfied: Jinja2<4,>=2.11 in /home/***/.local/lib/python3.8/site-packages (from mlflow==2.10.2->-r /tmp/venvt40t1t1_/requirements.txt (line 2)) (3.1.3)
[2024-11-18T18:32:47.156+0000] {process_utils.py:190} INFO - Requirement already satisfied: python-dateutil>=2.8.2 in /home/***/.local/lib/python3.8/site-packages (from pandas==2.0.3->-r /tmp/venvt40t1t1_/requirements.txt (line 3)) (2.8.2)
[2024-11-18T18:32:47.157+0000] {process_utils.py:190} INFO - Requirement already satisfied: tzdata>=2022.1 in /home/***/.local/lib/python3.8/site-packages (from pandas==2.0.3->-r /tmp/venvt40t1t1_/requirements.txt (line 3)) (2023.4)
[2024-11-18T18:32:47.164+0000] {process_utils.py:190} INFO - Requirement already satisfied: joblib>=1.1.1 in /home/***/.local/lib/python3.8/site-packages (from scikit-learn==1.3.2->-r /tmp/venvt40t1t1_/requirements.txt (line 4)) (1.4.2)
[2024-11-18T18:32:47.165+0000] {process_utils.py:190} INFO - Requirement already satisfied: threadpoolctl>=2.0.0 in /home/***/.local/lib/python3.8/site-packages (from scikit-learn==1.3.2->-r /tmp/venvt40t1t1_/requirements.txt (line 4)) (3.5.0)
[2024-11-18T18:32:47.181+0000] {process_utils.py:190} INFO - Collecting absl-py>=1.0.0 (from tensorflow==2.13.0->-r /tmp/venvt40t1t1_/requirements.txt (line 5))
[2024-11-18T18:32:47.182+0000] {process_utils.py:190} INFO -   Using cached absl_py-2.1.0-py3-none-any.whl.metadata (2.3 kB)
[2024-11-18T18:32:47.194+0000] {process_utils.py:190} INFO - Collecting astunparse>=1.6.0 (from tensorflow==2.13.0->-r /tmp/venvt40t1t1_/requirements.txt (line 5))
[2024-11-18T18:32:47.195+0000] {process_utils.py:190} INFO -   Using cached astunparse-1.6.3-py2.py3-none-any.whl.metadata (4.4 kB)
[2024-11-18T18:32:47.212+0000] {process_utils.py:190} INFO - Collecting flatbuffers>=23.1.21 (from tensorflow==2.13.0->-r /tmp/venvt40t1t1_/requirements.txt (line 5))
[2024-11-18T18:32:47.213+0000] {process_utils.py:190} INFO -   Using cached flatbuffers-24.3.25-py2.py3-none-any.whl.metadata (850 bytes)
[2024-11-18T18:32:47.230+0000] {process_utils.py:190} INFO - Collecting gast<=0.4.0,>=0.2.1 (from tensorflow==2.13.0->-r /tmp/venvt40t1t1_/requirements.txt (line 5))
[2024-11-18T18:32:47.231+0000] {process_utils.py:190} INFO -   Using cached gast-0.4.0-py3-none-any.whl.metadata (1.1 kB)
[2024-11-18T18:32:47.244+0000] {process_utils.py:190} INFO - Collecting google-pasta>=0.1.1 (from tensorflow==2.13.0->-r /tmp/venvt40t1t1_/requirements.txt (line 5))
[2024-11-18T18:32:47.246+0000] {process_utils.py:190} INFO -   Using cached google_pasta-0.2.0-py3-none-any.whl.metadata (814 bytes)
[2024-11-18T18:32:47.247+0000] {process_utils.py:190} INFO - Requirement already satisfied: grpcio<2.0,>=1.24.3 in /home/***/.local/lib/python3.8/site-packages (from tensorflow==2.13.0->-r /tmp/venvt40t1t1_/requirements.txt (line 5)) (1.60.0)
[2024-11-18T18:32:47.284+0000] {process_utils.py:190} INFO - Collecting h5py>=2.9.0 (from tensorflow==2.13.0->-r /tmp/venvt40t1t1_/requirements.txt (line 5))
[2024-11-18T18:32:47.286+0000] {process_utils.py:190} INFO -   Using cached h5py-3.11.0-cp38-cp38-manylinux_2_17_x86_64.manylinux2014_x86_64.whl.metadata (2.5 kB)
[2024-11-18T18:32:47.310+0000] {process_utils.py:190} INFO - Collecting keras<2.14,>=2.13.1 (from tensorflow==2.13.0->-r /tmp/venvt40t1t1_/requirements.txt (line 5))
[2024-11-18T18:32:47.311+0000] {process_utils.py:190} INFO -   Using cached keras-2.13.1-py3-none-any.whl.metadata (2.4 kB)
[2024-11-18T18:32:47.327+0000] {process_utils.py:190} INFO - Collecting libclang>=13.0.0 (from tensorflow==2.13.0->-r /tmp/venvt40t1t1_/requirements.txt (line 5))
[2024-11-18T18:32:47.329+0000] {process_utils.py:190} INFO -   Using cached libclang-18.1.1-py2.py3-none-manylinux2010_x86_64.whl.metadata (5.2 kB)
[2024-11-18T18:32:47.490+0000] {process_utils.py:190} INFO - Collecting numpy<2 (from mlflow==2.10.2->-r /tmp/venvt40t1t1_/requirements.txt (line 2))
[2024-11-18T18:32:47.491+0000] {process_utils.py:190} INFO -   Using cached numpy-1.24.3-cp38-cp38-manylinux_2_17_x86_64.manylinux2014_x86_64.whl.metadata (5.6 kB)
[2024-11-18T18:32:47.504+0000] {process_utils.py:190} INFO - Collecting opt-einsum>=2.3.2 (from tensorflow==2.13.0->-r /tmp/venvt40t1t1_/requirements.txt (line 5))
[2024-11-18T18:32:47.506+0000] {process_utils.py:190} INFO -   Using cached opt_einsum-3.4.0-py3-none-any.whl.metadata (6.3 kB)
[2024-11-18T18:32:47.507+0000] {process_utils.py:190} INFO - Requirement already satisfied: setuptools in /tmp/venvt40t1t1_/lib/python3.8/site-packages (from tensorflow==2.13.0->-r /tmp/venvt40t1t1_/requirements.txt (line 5)) (75.2.0)
[2024-11-18T18:32:47.507+0000] {process_utils.py:190} INFO - Requirement already satisfied: six>=1.12.0 in /home/***/.local/lib/python3.8/site-packages (from tensorflow==2.13.0->-r /tmp/venvt40t1t1_/requirements.txt (line 5)) (1.16.0)
[2024-11-18T18:32:47.528+0000] {process_utils.py:190} INFO - Collecting tensorboard<2.14,>=2.13 (from tensorflow==2.13.0->-r /tmp/venvt40t1t1_/requirements.txt (line 5))
[2024-11-18T18:32:47.529+0000] {process_utils.py:190} INFO -   Using cached tensorboard-2.13.0-py3-none-any.whl.metadata (1.8 kB)
[2024-11-18T18:32:47.545+0000] {process_utils.py:190} INFO - Collecting tensorflow-estimator<2.14,>=2.13.0 (from tensorflow==2.13.0->-r /tmp/venvt40t1t1_/requirements.txt (line 5))
[2024-11-18T18:32:47.547+0000] {process_utils.py:190} INFO -   Using cached tensorflow_estimator-2.13.0-py2.py3-none-any.whl.metadata (1.3 kB)
[2024-11-18T18:32:47.547+0000] {process_utils.py:190} INFO - Requirement already satisfied: termcolor>=1.1.0 in /home/***/.local/lib/python3.8/site-packages (from tensorflow==2.13.0->-r /tmp/venvt40t1t1_/requirements.txt (line 5)) (2.4.0)
[2024-11-18T18:32:47.568+0000] {process_utils.py:190} INFO - Collecting typing-extensions<4.6.0,>=3.6.6 (from tensorflow==2.13.0->-r /tmp/venvt40t1t1_/requirements.txt (line 5))
[2024-11-18T18:32:47.569+0000] {process_utils.py:190} INFO -   Using cached typing_extensions-4.5.0-py3-none-any.whl.metadata (8.5 kB)
[2024-11-18T18:32:47.570+0000] {process_utils.py:190} INFO - Requirement already satisfied: wrapt>=1.11.0 in /home/***/.local/lib/python3.8/site-packages (from tensorflow==2.13.0->-r /tmp/venvt40t1t1_/requirements.txt (line 5)) (1.16.0)
[2024-11-18T18:32:47.599+0000] {process_utils.py:190} INFO - Collecting tensorflow-io-gcs-filesystem>=0.23.1 (from tensorflow==2.13.0->-r /tmp/venvt40t1t1_/requirements.txt (line 5))
[2024-11-18T18:32:47.600+0000] {process_utils.py:190} INFO -   Using cached tensorflow_io_gcs_filesystem-0.34.0-cp38-cp38-manylinux_2_12_x86_64.manylinux2010_x86_64.whl.metadata (14 kB)
[2024-11-18T18:32:47.604+0000] {process_utils.py:190} INFO - Requirement already satisfied: Mako in /home/***/.local/lib/python3.8/site-packages (from alembic!=1.10.0,<2->mlflow==2.10.2->-r /tmp/venvt40t1t1_/requirements.txt (line 2)) (1.3.0)
[2024-11-18T18:32:47.607+0000] {process_utils.py:190} INFO - Requirement already satisfied: importlib-resources in /home/***/.local/lib/python3.8/site-packages (from alembic!=1.10.0,<2->mlflow==2.10.2->-r /tmp/venvt40t1t1_/requirements.txt (line 2)) (5.13.0)
[2024-11-18T18:32:47.608+0000] {process_utils.py:190} INFO - Requirement already satisfied: wheel<1.0,>=0.23.0 in /tmp/venvt40t1t1_/lib/python3.8/site-packages (from astunparse>=1.6.0->tensorflow==2.13.0->-r /tmp/venvt40t1t1_/requirements.txt (line 5)) (0.44.0)
[2024-11-18T18:32:47.610+0000] {process_utils.py:190} INFO - Requirement already satisfied: urllib3<1.27,>=1.25.4 in /home/***/.local/lib/python3.8/site-packages (from botocore<1.32.0,>=1.31.0->boto3==1.28.0->-r /tmp/venvt40t1t1_/requirements.txt (line 1)) (1.26.18)
[2024-11-18T18:32:47.616+0000] {process_utils.py:190} INFO - Requirement already satisfied: Werkzeug>=2.2.2 in /home/***/.local/lib/python3.8/site-packages (from Flask<4->mlflow==2.10.2->-r /tmp/venvt40t1t1_/requirements.txt (line 2)) (2.2.3)
[2024-11-18T18:32:47.616+0000] {process_utils.py:190} INFO - Requirement already satisfied: itsdangerous>=2.0 in /home/***/.local/lib/python3.8/site-packages (from Flask<4->mlflow==2.10.2->-r /tmp/venvt40t1t1_/requirements.txt (line 2)) (2.1.2)
[2024-11-18T18:32:47.621+0000] {process_utils.py:190} INFO - Requirement already satisfied: gitdb<5,>=4.0.1 in /home/***/.local/lib/python3.8/site-packages (from gitpython<4,>=2.1.0->mlflow==2.10.2->-r /tmp/venvt40t1t1_/requirements.txt (line 2)) (4.0.11)
[2024-11-18T18:32:47.628+0000] {process_utils.py:190} INFO - Requirement already satisfied: zipp>=0.5 in /home/***/.local/lib/python3.8/site-packages (from importlib-metadata!=4.7.0,<8,>=3.7.0->mlflow==2.10.2->-r /tmp/venvt40t1t1_/requirements.txt (line 2)) (3.17.0)
[2024-11-18T18:32:47.629+0000] {process_utils.py:190} INFO - Requirement already satisfied: MarkupSafe>=2.0 in /home/***/.local/lib/python3.8/site-packages (from Jinja2<4,>=2.11->mlflow==2.10.2->-r /tmp/venvt40t1t1_/requirements.txt (line 2)) (2.1.3)
[2024-11-18T18:32:47.637+0000] {process_utils.py:190} INFO - Requirement already satisfied: contourpy>=1.0.1 in /home/***/.local/lib/python3.8/site-packages (from matplotlib<4->mlflow==2.10.2->-r /tmp/venvt40t1t1_/requirements.txt (line 2)) (1.1.1)
[2024-11-18T18:32:47.637+0000] {process_utils.py:190} INFO - Requirement already satisfied: cycler>=0.10 in /home/***/.local/lib/python3.8/site-packages (from matplotlib<4->mlflow==2.10.2->-r /tmp/venvt40t1t1_/requirements.txt (line 2)) (0.12.1)
[2024-11-18T18:32:47.638+0000] {process_utils.py:190} INFO - Requirement already satisfied: fonttools>=4.22.0 in /home/***/.local/lib/python3.8/site-packages (from matplotlib<4->mlflow==2.10.2->-r /tmp/venvt40t1t1_/requirements.txt (line 2)) (4.54.1)
[2024-11-18T18:32:47.638+0000] {process_utils.py:190} INFO - Requirement already satisfied: kiwisolver>=1.0.1 in /home/***/.local/lib/python3.8/site-packages (from matplotlib<4->mlflow==2.10.2->-r /tmp/venvt40t1t1_/requirements.txt (line 2)) (1.4.7)
[2024-11-18T18:32:47.646+0000] {process_utils.py:190} INFO - Requirement already satisfied: pillow>=6.2.0 in /home/***/.local/lib/python3.8/site-packages (from matplotlib<4->mlflow==2.10.2->-r /tmp/venvt40t1t1_/requirements.txt (line 2)) (10.4.0)
[2024-11-18T18:32:47.646+0000] {process_utils.py:190} INFO - Requirement already satisfied: pyparsing>=2.3.1 in /home/***/.local/lib/python3.8/site-packages (from matplotlib<4->mlflow==2.10.2->-r /tmp/venvt40t1t1_/requirements.txt (line 2)) (3.1.1)
[2024-11-18T18:32:47.665+0000] {process_utils.py:190} INFO - Requirement already satisfied: charset-normalizer<4,>=2 in /home/***/.local/lib/python3.8/site-packages (from requests<3,>=2.17.3->mlflow==2.10.2->-r /tmp/venvt40t1t1_/requirements.txt (line 2)) (3.3.2)
[2024-11-18T18:32:47.665+0000] {process_utils.py:190} INFO - Requirement already satisfied: idna<4,>=2.5 in /home/***/.local/lib/python3.8/site-packages (from requests<3,>=2.17.3->mlflow==2.10.2->-r /tmp/venvt40t1t1_/requirements.txt (line 2)) (3.6)
[2024-11-18T18:32:47.666+0000] {process_utils.py:190} INFO - Requirement already satisfied: certifi>=2017.4.17 in /home/***/.local/lib/python3.8/site-packages (from requests<3,>=2.17.3->mlflow==2.10.2->-r /tmp/venvt40t1t1_/requirements.txt (line 2)) (2023.11.17)
[2024-11-18T18:32:47.853+0000] {process_utils.py:190} INFO - Requirement already satisfied: greenlet!=0.4.17 in /home/***/.local/lib/python3.8/site-packages (from sqlalchemy<3,>=1.4.0->mlflow==2.10.2->-r /tmp/venvt40t1t1_/requirements.txt (line 2)) (3.0.3)
[2024-11-18T18:32:47.859+0000] {process_utils.py:190} INFO - Requirement already satisfied: google-auth<3,>=1.6.3 in /home/***/.local/lib/python3.8/site-packages (from tensorboard<2.14,>=2.13->tensorflow==2.13.0->-r /tmp/venvt40t1t1_/requirements.txt (line 5)) (2.26.2)
[2024-11-18T18:32:47.877+0000] {process_utils.py:190} INFO - Collecting google-auth-oauthlib<1.1,>=0.5 (from tensorboard<2.14,>=2.13->tensorflow==2.13.0->-r /tmp/venvt40t1t1_/requirements.txt (line 5))
[2024-11-18T18:32:47.878+0000] {process_utils.py:190} INFO -   Using cached google_auth_oauthlib-1.0.0-py2.py3-none-any.whl.metadata (2.7 kB)
[2024-11-18T18:32:47.906+0000] {process_utils.py:190} INFO - Collecting tensorboard-data-server<0.8.0,>=0.7.0 (from tensorboard<2.14,>=2.13->tensorflow==2.13.0->-r /tmp/venvt40t1t1_/requirements.txt (line 5))
[2024-11-18T18:32:47.907+0000] {process_utils.py:190} INFO -   Using cached tensorboard_data_server-0.7.2-py3-none-manylinux_2_31_x86_64.whl.metadata (1.1 kB)
[2024-11-18T18:32:47.956+0000] {process_utils.py:190} INFO - Requirement already satisfied: smmap<6,>=3.0.1 in /home/***/.local/lib/python3.8/site-packages (from gitdb<5,>=4.0.1->gitpython<4,>=2.1.0->mlflow==2.10.2->-r /tmp/venvt40t1t1_/requirements.txt (line 2)) (5.0.1)
[2024-11-18T18:32:47.959+0000] {process_utils.py:190} INFO - Requirement already satisfied: cachetools<6.0,>=2.0.0 in /home/***/.local/lib/python3.8/site-packages (from google-auth<3,>=1.6.3->tensorboard<2.14,>=2.13->tensorflow==2.13.0->-r /tmp/venvt40t1t1_/requirements.txt (line 5)) (5.3.2)
[2024-11-18T18:32:47.959+0000] {process_utils.py:190} INFO - Requirement already satisfied: pyasn1-modules>=0.2.1 in /home/***/.local/lib/python3.8/site-packages (from google-auth<3,>=1.6.3->tensorboard<2.14,>=2.13->tensorflow==2.13.0->-r /tmp/venvt40t1t1_/requirements.txt (line 5)) (0.3.0)
[2024-11-18T18:32:47.960+0000] {process_utils.py:190} INFO - Requirement already satisfied: rsa<5,>=3.1.4 in /home/***/.local/lib/python3.8/site-packages (from google-auth<3,>=1.6.3->tensorboard<2.14,>=2.13->tensorflow==2.13.0->-r /tmp/venvt40t1t1_/requirements.txt (line 5)) (4.9)
[2024-11-18T18:32:47.961+0000] {process_utils.py:190} INFO - Requirement already satisfied: requests-oauthlib>=0.7.0 in /home/***/.local/lib/python3.8/site-packages (from google-auth-oauthlib<1.1,>=0.5->tensorboard<2.14,>=2.13->tensorflow==2.13.0->-r /tmp/venvt40t1t1_/requirements.txt (line 5)) (1.3.1)
[2024-11-18T18:32:47.988+0000] {process_utils.py:190} INFO - Requirement already satisfied: pyasn1<0.6.0,>=0.4.6 in /home/***/.local/lib/python3.8/site-packages (from pyasn1-modules>=0.2.1->google-auth<3,>=1.6.3->tensorboard<2.14,>=2.13->tensorflow==2.13.0->-r /tmp/venvt40t1t1_/requirements.txt (line 5)) (0.5.1)
[2024-11-18T18:32:47.990+0000] {process_utils.py:190} INFO - Requirement already satisfied: oauthlib>=3.0.0 in /home/***/.local/lib/python3.8/site-packages (from requests-oauthlib>=0.7.0->google-auth-oauthlib<1.1,>=0.5->tensorboard<2.14,>=2.13->tensorflow==2.13.0->-r /tmp/venvt40t1t1_/requirements.txt (line 5)) (3.2.2)
[2024-11-18T18:32:47.998+0000] {process_utils.py:190} INFO - Using cached boto3-1.28.0-py3-none-any.whl (135 kB)
[2024-11-18T18:32:47.999+0000] {process_utils.py:190} INFO - Using cached mlflow-2.10.2-py3-none-any.whl (19.5 MB)
[2024-11-18T18:32:48.008+0000] {process_utils.py:190} INFO - Using cached tensorflow-2.13.0-cp38-cp38-manylinux_2_17_x86_64.manylinux2014_x86_64.whl (524.1 MB)
[2024-11-18T18:32:48.220+0000] {process_utils.py:190} INFO - Using cached absl_py-2.1.0-py3-none-any.whl (133 kB)
[2024-11-18T18:32:48.221+0000] {process_utils.py:190} INFO - Using cached astunparse-1.6.3-py2.py3-none-any.whl (12 kB)
[2024-11-18T18:32:48.222+0000] {process_utils.py:190} INFO - Using cached botocore-1.31.85-py3-none-any.whl (11.3 MB)
[2024-11-18T18:32:48.228+0000] {process_utils.py:190} INFO - Using cached entrypoints-0.4-py3-none-any.whl (5.3 kB)
[2024-11-18T18:32:48.229+0000] {process_utils.py:190} INFO - Using cached flatbuffers-24.3.25-py2.py3-none-any.whl (26 kB)
[2024-11-18T18:32:48.230+0000] {process_utils.py:190} INFO - Using cached gast-0.4.0-py3-none-any.whl (9.8 kB)
[2024-11-18T18:32:48.231+0000] {process_utils.py:190} INFO - Using cached google_pasta-0.2.0-py3-none-any.whl (57 kB)
[2024-11-18T18:32:48.232+0000] {process_utils.py:190} INFO - Using cached h5py-3.11.0-cp38-cp38-manylinux_2_17_x86_64.manylinux2014_x86_64.whl (5.3 MB)
[2024-11-18T18:32:48.236+0000] {process_utils.py:190} INFO - Using cached keras-2.13.1-py3-none-any.whl (1.7 MB)
[2024-11-18T18:32:48.237+0000] {process_utils.py:190} INFO - Using cached libclang-18.1.1-py2.py3-none-manylinux2010_x86_64.whl (24.5 MB)
[2024-11-18T18:32:48.249+0000] {process_utils.py:190} INFO - Using cached numpy-1.24.3-cp38-cp38-manylinux_2_17_x86_64.manylinux2014_x86_64.whl (17.3 MB)
[2024-11-18T18:32:48.257+0000] {process_utils.py:190} INFO - Using cached opt_einsum-3.4.0-py3-none-any.whl (71 kB)
[2024-11-18T18:32:48.258+0000] {process_utils.py:190} INFO - Using cached querystring_parser-1.2.4-py2.py3-none-any.whl (7.9 kB)
[2024-11-18T18:32:48.259+0000] {process_utils.py:190} INFO - Using cached s3transfer-0.6.2-py3-none-any.whl (79 kB)
[2024-11-18T18:32:48.260+0000] {process_utils.py:190} INFO - Using cached tensorboard-2.13.0-py3-none-any.whl (5.6 MB)
[2024-11-18T18:32:48.264+0000] {process_utils.py:190} INFO - Using cached tensorflow_estimator-2.13.0-py2.py3-none-any.whl (440 kB)
[2024-11-18T18:32:48.265+0000] {process_utils.py:190} INFO - Using cached tensorflow_io_gcs_filesystem-0.34.0-cp38-cp38-manylinux_2_12_x86_64.manylinux2010_x86_64.whl (2.4 MB)
[2024-11-18T18:32:48.268+0000] {process_utils.py:190} INFO - Using cached typing_extensions-4.5.0-py3-none-any.whl (27 kB)
[2024-11-18T18:32:48.269+0000] {process_utils.py:190} INFO - Using cached google_auth_oauthlib-1.0.0-py2.py3-none-any.whl (18 kB)
[2024-11-18T18:32:48.270+0000] {process_utils.py:190} INFO - Using cached tensorboard_data_server-0.7.2-py3-none-manylinux_2_31_x86_64.whl (6.6 MB)
[2024-11-18T18:32:49.466+0000] {process_utils.py:190} INFO - Installing collected packages: libclang, flatbuffers, typing-extensions, tensorflow-io-gcs-filesystem, tensorflow-estimator, tensorboard-data-server, querystring-parser, opt-einsum, numpy, keras, google-pasta, gast, entrypoints, astunparse, absl-py, h5py, botocore, s3transfer, google-auth-oauthlib, tensorboard, mlflow, boto3, tensorflow
[2024-11-18T18:32:49.699+0000] {process_utils.py:190} INFO -   Attempting uninstall: typing-extensions
[2024-11-18T18:32:49.701+0000] {process_utils.py:190} INFO -     Found existing installation: typing_extensions 4.9.0
[2024-11-18T18:32:49.701+0000] {process_utils.py:190} INFO -     Not uninstalling typing-extensions at /home/***/.local/lib/python3.8/site-packages, outside environment /tmp/venvt40t1t1_
[2024-11-18T18:32:49.702+0000] {process_utils.py:190} INFO -     Can't uninstall 'typing_extensions'. No files were found to uninstall.
[2024-11-18T18:32:49.958+0000] {process_utils.py:190} INFO -   Attempting uninstall: numpy
[2024-11-18T18:32:49.959+0000] {process_utils.py:190} INFO -     Found existing installation: numpy 1.24.4
[2024-11-18T18:32:49.962+0000] {process_utils.py:190} INFO -     Not uninstalling numpy at /home/***/.local/lib/python3.8/site-packages, outside environment /tmp/venvt40t1t1_
[2024-11-18T18:32:49.964+0000] {process_utils.py:190} INFO -     Can't uninstall 'numpy'. No files were found to uninstall.
[2024-11-18T18:32:51.646+0000] {process_utils.py:190} INFO -   Attempting uninstall: botocore
[2024-11-18T18:32:51.648+0000] {process_utils.py:190} INFO -     Found existing installation: botocore 1.35.44
[2024-11-18T18:32:51.648+0000] {process_utils.py:190} INFO -     Not uninstalling botocore at /home/***/.local/lib/python3.8/site-packages, outside environment /tmp/venvt40t1t1_
[2024-11-18T18:32:51.649+0000] {process_utils.py:190} INFO -     Can't uninstall 'botocore'. No files were found to uninstall.
[2024-11-18T18:32:52.022+0000] {process_utils.py:190} INFO -   Attempting uninstall: s3transfer
[2024-11-18T18:32:52.023+0000] {process_utils.py:190} INFO -     Found existing installation: s3transfer 0.10.3
[2024-11-18T18:32:52.024+0000] {process_utils.py:190} INFO -     Not uninstalling s3transfer at /home/***/.local/lib/python3.8/site-packages, outside environment /tmp/venvt40t1t1_
[2024-11-18T18:32:52.024+0000] {process_utils.py:190} INFO -     Can't uninstall 's3transfer'. No files were found to uninstall.
[2024-11-18T18:32:52.045+0000] {process_utils.py:190} INFO -   Attempting uninstall: google-auth-oauthlib
[2024-11-18T18:32:52.046+0000] {process_utils.py:190} INFO -     Found existing installation: google-auth-oauthlib 1.2.0
[2024-11-18T18:32:52.046+0000] {process_utils.py:190} INFO -     Not uninstalling google-auth-oauthlib at /home/***/.local/lib/python3.8/site-packages, outside environment /tmp/venvt40t1t1_
[2024-11-18T18:32:52.046+0000] {process_utils.py:190} INFO -     Can't uninstall 'google-auth-oauthlib'. No files were found to uninstall.
[2024-11-18T18:32:52.237+0000] {process_utils.py:190} INFO -   Attempting uninstall: mlflow
[2024-11-18T18:32:52.238+0000] {process_utils.py:190} INFO -     Found existing installation: mlflow 2.17.0
[2024-11-18T18:32:52.239+0000] {process_utils.py:190} INFO -     Not uninstalling mlflow at /home/***/.local/lib/python3.8/site-packages, outside environment /tmp/venvt40t1t1_
[2024-11-18T18:32:52.239+0000] {process_utils.py:190} INFO -     Can't uninstall 'mlflow'. No files were found to uninstall.
[2024-11-18T18:32:52.765+0000] {process_utils.py:190} INFO -   Attempting uninstall: boto3
[2024-11-18T18:32:52.766+0000] {process_utils.py:190} INFO -     Found existing installation: boto3 1.35.44
[2024-11-18T18:32:52.766+0000] {process_utils.py:190} INFO -     Not uninstalling boto3 at /home/***/.local/lib/python3.8/site-packages, outside environment /tmp/venvt40t1t1_
[2024-11-18T18:32:52.767+0000] {process_utils.py:190} INFO -     Can't uninstall 'boto3'. No files were found to uninstall.
[2024-11-18T18:32:59.488+0000] {process_utils.py:190} INFO - ERROR: pip's dependency resolver does not currently take into account all the packages that are installed. This behaviour is the source of the following dependency conflicts.
[2024-11-18T18:32:59.488+0000] {process_utils.py:190} INFO - aiobotocore 2.9.0 requires botocore<1.33.14,>=1.33.2, but you have botocore 1.31.85 which is incompatible.
[2024-11-18T18:32:59.489+0000] {process_utils.py:190} INFO - azure-core 1.29.6 requires typing-extensions>=4.6.0, but you have typing-extensions 4.5.0 which is incompatible.
[2024-11-18T18:32:59.489+0000] {process_utils.py:190} INFO - azure-mgmt-keyvault 10.3.1 requires typing-extensions>=4.6.0, but you have typing-extensions 4.5.0 which is incompatible.
[2024-11-18T18:32:59.489+0000] {process_utils.py:190} INFO - azure-mgmt-network 27.0.0 requires typing-extensions>=4.6.0, but you have typing-extensions 4.5.0 which is incompatible.
[2024-11-18T18:32:59.489+0000] {process_utils.py:190} INFO - graphene 3.4 requires typing-extensions<5,>=4.7.1, but you have typing-extensions 4.5.0 which is incompatible.
[2024-11-18T18:32:59.489+0000] {process_utils.py:190} INFO - pydantic 2.5.3 requires typing-extensions>=4.6.1, but you have typing-extensions 4.5.0 which is incompatible.
[2024-11-18T18:32:59.490+0000] {process_utils.py:190} INFO - pydantic-core 2.14.6 requires typing-extensions!=4.7.0,>=4.6.0, but you have typing-extensions 4.5.0 which is incompatible.
[2024-11-18T18:32:59.490+0000] {process_utils.py:190} INFO - Successfully installed absl-py-2.1.0 astunparse-1.6.3 boto3-1.28.0 botocore-1.31.85 entrypoints-0.4 flatbuffers-24.3.25 gast-0.4.0 google-auth-oauthlib-1.0.0 google-pasta-0.2.0 h5py-3.11.0 keras-2.13.1 libclang-18.1.1 mlflow-2.10.2 numpy-1.24.3 opt-einsum-3.4.0 querystring-parser-1.2.4 s3transfer-0.6.2 tensorboard-2.13.0 tensorboard-data-server-0.7.2 tensorflow-2.13.0 tensorflow-estimator-2.13.0 tensorflow-io-gcs-filesystem-0.34.0 typing-extensions-4.5.0
[2024-11-18T18:32:59.582+0000] {process_utils.py:190} INFO - 
[2024-11-18T18:32:59.582+0000] {process_utils.py:190} INFO - [notice] A new release of pip is available: 24.2 -> 24.3.1
[2024-11-18T18:32:59.583+0000] {process_utils.py:190} INFO - [notice] To update, run: python -m pip install --upgrade pip
[2024-11-18T18:32:59.742+0000] {process_utils.py:182} INFO - Executing cmd: /tmp/venvt40t1t1_/bin/python /tmp/venv-callxp78_h3k/script.py /tmp/venv-callxp78_h3k/script.in /tmp/venv-callxp78_h3k/script.out /tmp/venv-callxp78_h3k/string_args.txt /tmp/venv-callxp78_h3k/termination.log
[2024-11-18T18:32:59.745+0000] {process_utils.py:186} INFO - Output:
[2024-11-18T18:33:00.690+0000] {process_utils.py:190} INFO - 2024-11-18 18:33:00.690825: I tensorflow/core/util/port.cc:110] oneDNN custom operations are on. You may see slightly different numerical results due to floating-point round-off errors from different computation orders. To turn them off, set the environment variable `TF_ENABLE_ONEDNN_OPTS=0`.
[2024-11-18T18:33:00.691+0000] {process_utils.py:190} INFO - 2024-11-18 18:33:00.691888: I tensorflow/tsl/cuda/cudart_stub.cc:28] Could not find cuda drivers on your machine, GPU will not be used.
[2024-11-18T18:33:00.713+0000] {process_utils.py:190} INFO - 2024-11-18 18:33:00.712979: I tensorflow/tsl/cuda/cudart_stub.cc:28] Could not find cuda drivers on your machine, GPU will not be used.
[2024-11-18T18:33:00.713+0000] {process_utils.py:190} INFO - 2024-11-18 18:33:00.713231: I tensorflow/core/platform/cpu_feature_guard.cc:182] This TensorFlow binary is optimized to use available CPU instructions in performance-critical operations.
[2024-11-18T18:33:00.713+0000] {process_utils.py:190} INFO - To enable the following instructions: AVX2 AVX_VNNI FMA, in other operations, rebuild TensorFlow with the appropriate compiler flags.
[2024-11-18T18:33:01.200+0000] {process_utils.py:190} INFO - 2024-11-18 18:33:01.200189: W tensorflow/compiler/tf2tensorrt/utils/py_utils.cc:38] TF-TRT Warning: Could not find TensorRT
[2024-11-18T18:33:02.281+0000] {process_utils.py:190} INFO - Epoch 1/10
[2024-11-18T18:33:03.190+0000] {process_utils.py:190} INFO -   1/575 [..............................] - ETA: 2:42 - loss: 0.3917 57/575 [=>............................] - ETA: 0s - loss: 0.1636  122/575 [=====>........................] - ETA: 0s - loss: 0.1104198/575 [=========>....................] - ETA: 0s - loss: 0.0849277/575 [=============>................] - ETA: 0s - loss: 0.0706350/575 [=================>............] - ETA: 0s - loss: 0.0619428/575 [=====================>........] - ETA: 0s - loss: 0.0552502/575 [=========================>....] - ETA: 0s - loss: 0.0504574/575 [============================>.] - ETA: 0s - loss: 0.0466575/575 [==============================] - 1s 1ms/step - loss: 0.0466 - val_loss: 0.0078
[2024-11-18T18:33:03.190+0000] {process_utils.py:190} INFO - Epoch 2/10
[2024-11-18T18:33:03.624+0000] {process_utils.py:190} INFO -   1/575 [..............................] - ETA: 0s - loss: 0.0183 82/575 [===>..........................] - ETA: 0s - loss: 0.0196156/575 [=======>......................] - ETA: 0s - loss: 0.0193232/575 [===========>..................] - ETA: 0s - loss: 0.0186314/575 [===============>..............] - ETA: 0s - loss: 0.0181397/575 [===================>..........] - ETA: 0s - loss: 0.0176482/575 [========================>.....] - ETA: 0s - loss: 0.0171566/575 [============================>.] - ETA: 0s - loss: 0.0168575/575 [==============================] - 0s 754us/step - loss: 0.0167 - val_loss: 0.0056
[2024-11-18T18:33:03.624+0000] {process_utils.py:190} INFO - Epoch 3/10
[2024-11-18T18:33:04.059+0000] {process_utils.py:190} INFO -   1/575 [..............................] - ETA: 0s - loss: 0.0149 82/575 [===>..........................] - ETA: 0s - loss: 0.0137164/575 [=======>......................] - ETA: 0s - loss: 0.0132245/575 [===========>..................] - ETA: 0s - loss: 0.0130327/575 [================>.............] - ETA: 0s - loss: 0.0128408/575 [====================>.........] - ETA: 0s - loss: 0.0126489/575 [========================>.....] - ETA: 0s - loss: 0.0124570/575 [============================>.] - ETA: 0s - loss: 0.0122575/575 [==============================] - 0s 755us/step - loss: 0.0122 - val_loss: 0.0042
[2024-11-18T18:33:04.059+0000] {process_utils.py:190} INFO - Epoch 4/10
[2024-11-18T18:33:04.516+0000] {process_utils.py:190} INFO -   1/575 [..............................] - ETA: 0s - loss: 0.0103 82/575 [===>..........................] - ETA: 0s - loss: 0.0112149/575 [======>.......................] - ETA: 0s - loss: 0.0109216/575 [==========>...................] - ETA: 0s - loss: 0.0107294/575 [==============>...............] - ETA: 0s - loss: 0.0105374/575 [==================>...........] - ETA: 0s - loss: 0.0104452/575 [======================>.......] - ETA: 0s - loss: 0.0102526/575 [==========================>...] - ETA: 0s - loss: 0.0101575/575 [==============================] - 0s 795us/step - loss: 0.0100 - val_loss: 0.0037
[2024-11-18T18:33:04.517+0000] {process_utils.py:190} INFO - Epoch 5/10
[2024-11-18T18:33:04.943+0000] {process_utils.py:190} INFO -   1/575 [..............................] - ETA: 0s - loss: 0.0103 80/575 [===>..........................] - ETA: 0s - loss: 0.0089156/575 [=======>......................] - ETA: 0s - loss: 0.0090236/575 [===========>..................] - ETA: 0s - loss: 0.0089323/575 [===============>..............] - ETA: 0s - loss: 0.0088411/575 [====================>.........] - ETA: 0s - loss: 0.0088501/575 [=========================>....] - ETA: 0s - loss: 0.0087575/575 [==============================] - 0s 742us/step - loss: 0.0087 - val_loss: 0.0031
[2024-11-18T18:33:04.944+0000] {process_utils.py:190} INFO - Epoch 6/10
[2024-11-18T18:33:05.405+0000] {process_utils.py:190} INFO -   1/575 [..............................] - ETA: 0s - loss: 0.0058 76/575 [==>...........................] - ETA: 0s - loss: 0.0083152/575 [======>.......................] - ETA: 0s - loss: 0.0084228/575 [==========>...................] - ETA: 0s - loss: 0.0083304/575 [==============>...............] - ETA: 0s - loss: 0.0082378/575 [==================>...........] - ETA: 0s - loss: 0.0082452/575 [======================>.......] - ETA: 0s - loss: 0.0081527/575 [==========================>...] - ETA: 0s - loss: 0.0080575/575 [==============================] - 0s 803us/step - loss: 0.0079 - val_loss: 0.0026
[2024-11-18T18:33:05.406+0000] {process_utils.py:190} INFO - Epoch 7/10
[2024-11-18T18:33:05.858+0000] {process_utils.py:190} INFO -   1/575 [..............................] - ETA: 0s - loss: 0.0068 81/575 [===>..........................] - ETA: 0s - loss: 0.0077158/575 [=======>......................] - ETA: 0s - loss: 0.0075235/575 [===========>..................] - ETA: 0s - loss: 0.0074311/575 [===============>..............] - ETA: 0s - loss: 0.0073389/575 [===================>..........] - ETA: 0s - loss: 0.0073466/575 [=======================>......] - ETA: 0s - loss: 0.0072543/575 [===========================>..] - ETA: 0s - loss: 0.0072575/575 [==============================] - 0s 787us/step - loss: 0.0072 - val_loss: 0.0024
[2024-11-18T18:33:05.859+0000] {process_utils.py:190} INFO - Epoch 8/10
[2024-11-18T18:33:06.391+0000] {process_utils.py:190} INFO -   1/575 [..............................] - ETA: 0s - loss: 0.0074 82/575 [===>..........................] - ETA: 0s - loss: 0.0071162/575 [=======>......................] - ETA: 0s - loss: 0.0070240/575 [===========>..................] - ETA: 0s - loss: 0.0070321/575 [===============>..............] - ETA: 0s - loss: 0.0070399/575 [===================>..........] - ETA: 0s - loss: 0.0069477/575 [=======================>......] - ETA: 0s - loss: 0.0069553/575 [===========================>..] - ETA: 0s - loss: 0.0069575/575 [==============================] - 1s 926us/step - loss: 0.0069 - val_loss: 0.0022
[2024-11-18T18:33:06.392+0000] {process_utils.py:190} INFO - Epoch 9/10
[2024-11-18T18:33:06.840+0000] {process_utils.py:190} INFO -   1/575 [..............................] - ETA: 0s - loss: 0.0087 79/575 [===>..........................] - ETA: 0s - loss: 0.0068156/575 [=======>......................] - ETA: 0s - loss: 0.0067235/575 [===========>..................] - ETA: 0s - loss: 0.0067314/575 [===============>..............] - ETA: 0s - loss: 0.0066394/575 [===================>..........] - ETA: 0s - loss: 0.0066471/575 [=======================>......] - ETA: 0s - loss: 0.0066550/575 [===========================>..] - ETA: 0s - loss: 0.0066575/575 [==============================] - 0s 778us/step - loss: 0.0066 - val_loss: 0.0019
[2024-11-18T18:33:06.840+0000] {process_utils.py:190} INFO - Epoch 10/10
[2024-11-18T18:33:07.290+0000] {process_utils.py:190} INFO -   1/575 [..............................] - ETA: 0s - loss: 0.0058 78/575 [===>..........................] - ETA: 0s - loss: 0.0064157/575 [=======>......................] - ETA: 0s - loss: 0.0065235/575 [===========>..................] - ETA: 0s - loss: 0.0066315/575 [===============>..............] - ETA: 0s - loss: 0.0066393/575 [===================>..........] - ETA: 0s - loss: 0.0065469/575 [=======================>......] - ETA: 0s - loss: 0.0065549/575 [===========================>..] - ETA: 0s - loss: 0.0065575/575 [==============================] - 0s 782us/step - loss: 0.0065 - val_loss: 0.0022
[2024-11-18T18:33:08.055+0000] {process_utils.py:190} INFO -   1/719 [..............................] - ETA: 29s104/719 [===>..........................] - ETA: 0s 217/719 [========>.....................] - ETA: 0s329/719 [============>.................] - ETA: 0s439/719 [=================>............] - ETA: 0s548/719 [=====================>........] - ETA: 0s650/719 [==========================>...] - ETA: 0s719/719 [==============================] - 0s 466us/step
[2024-11-18T18:33:08.817+0000] {process_utils.py:190} INFO -   1/719 [..............................] - ETA: 7s 99/719 [===>..........................] - ETA: 0s206/719 [=======>......................] - ETA: 0s311/719 [===========>..................] - ETA: 0s404/719 [===============>..............] - ETA: 0s514/719 [====================>.........] - ETA: 0s620/719 [========================>.....] - ETA: 0s719/719 [==============================] - 0s 487us/step
[2024-11-18T18:33:08.891+0000] {process_utils.py:190} INFO - 2024/11/18 18:33:08 WARNING mlflow.tensorflow: You are saving a TensorFlow Core model or Keras model without a signature. Inference with mlflow.pyfunc.spark_udf() will not work unless the model's pyfunc representation accepts pandas DataFrames as inference inputs.
[2024-11-18T18:33:09.236+0000] {process_utils.py:190} INFO - [[34m2024-11-18T18:33:09.235+0000[0m] {[34mbuilder_impl.py:[0m804} INFO[0m - Assets written to: /tmp/tmpz3kcvh7h/model/data/model/assets[0m
[2024-11-18T18:33:11.796+0000] {process_utils.py:190} INFO - /tmp/venvt40t1t1_/lib/python3.8/site-packages/_distutils_hack/__init__.py:31 UserWarning: Setuptools is replacing distutils. Support for replacing an already imported distutils is deprecated. In the future, this condition will fail. Register concerns at https://github.com/pypa/setuptools/issues/new?template=distutils-deprecation.yml
[2024-11-18T18:33:11.811+0000] {process_utils.py:190} INFO - [[34m2024-11-18T18:33:11.811+0000[0m] {[34mcredentials.py:[0m1124} INFO[0m - Found credentials in environment variables.[0m
[2024-11-18T18:33:11.926+0000] {process_utils.py:190} INFO - Registered model 'spotify_model_prod' already exists. Creating a new version of this model...
[2024-11-18T18:33:11.927+0000] {process_utils.py:190} INFO - 2024/11/18 18:33:11 INFO mlflow.store.model_registry.abstract_store: Waiting up to 300 seconds for model version to finish creation. Model name: spotify_model_prod, version 7
[2024-11-18T18:33:11.927+0000] {process_utils.py:190} INFO - Created version '7' of model 'spotify_model_prod'.
[2024-11-18T18:33:11.927+0000] {process_utils.py:190} INFO - /tmp/venvt40t1t1_/lib/python3.8/site-packages/keras/src/engine/training.py:3000 UserWarning: You are saving your model as an HDF5 file via `model.save()`. This file format is considered legacy. We recommend using instead the native Keras format, e.g. `model.save('my_model.keras')`.
[2024-11-18T18:33:13.208+0000] {python.py:201} INFO - Done. Returned value was: Challenger model trained and logged.
[2024-11-18T18:33:13.222+0000] {taskinstance.py:1138} INFO - Marking task as SUCCESS. dag_id=spotify_retrain_challenge_model_v3, task_id=train_challenger_model, execution_date=20241117T000000, start_date=20241118T183245, end_date=20241118T183313
[2024-11-18T18:33:13.240+0000] {local_task_job_runner.py:234} INFO - Task exited with return code 0
[2024-11-18T18:33:13.250+0000] {taskinstance.py:3280} INFO - 1 downstream tasks scheduled from follow-on schedule check
[2024-11-18T18:43:40.236+0000] {taskinstance.py:1956} INFO - Dependencies all met for dep_context=non-requeueable deps ti=<TaskInstance: spotify_retrain_challenge_model_v3.train_challenger_model scheduled__2024-11-17T00:00:00+00:00 [queued]>
[2024-11-18T18:43:40.241+0000] {taskinstance.py:1956} INFO - Dependencies all met for dep_context=requeueable deps ti=<TaskInstance: spotify_retrain_challenge_model_v3.train_challenger_model scheduled__2024-11-17T00:00:00+00:00 [queued]>
[2024-11-18T18:43:40.241+0000] {taskinstance.py:2170} INFO - Starting attempt 1 of 2
[2024-11-18T18:43:40.248+0000] {taskinstance.py:2191} INFO - Executing <Task(_PythonVirtualenvDecoratedOperator): train_challenger_model> on 2024-11-17 00:00:00+00:00
[2024-11-18T18:43:40.251+0000] {standard_task_runner.py:60} INFO - Started process 22264 to run task
[2024-11-18T18:43:40.253+0000] {standard_task_runner.py:87} INFO - Running: ['***', 'tasks', 'run', 'spotify_retrain_challenge_model_v3', 'train_challenger_model', 'scheduled__2024-11-17T00:00:00+00:00', '--job-id', '106', '--raw', '--subdir', 'DAGS_FOLDER/retrain_music_model.py', '--cfg-path', '/tmp/tmp2c4_61qq']
[2024-11-18T18:43:40.254+0000] {standard_task_runner.py:88} INFO - Job 106: Subtask train_challenger_model
[2024-11-18T18:43:40.279+0000] {task_command.py:423} INFO - Running <TaskInstance: spotify_retrain_challenge_model_v3.train_challenger_model scheduled__2024-11-17T00:00:00+00:00 [running]> on host 98017b53a184
[2024-11-18T18:43:40.317+0000] {taskinstance.py:2480} INFO - Exporting env vars: AIRFLOW_CTX_DAG_OWNER='Martín Horn' AIRFLOW_CTX_DAG_ID='spotify_retrain_challenge_model_v3' AIRFLOW_CTX_TASK_ID='train_challenger_model' AIRFLOW_CTX_EXECUTION_DATE='2024-11-17T00:00:00+00:00' AIRFLOW_CTX_TRY_NUMBER='1' AIRFLOW_CTX_DAG_RUN_ID='scheduled__2024-11-17T00:00:00+00:00'
[2024-11-18T18:43:40.318+0000] {process_utils.py:182} INFO - Executing cmd: /usr/local/bin/python -m virtualenv /tmp/venvbx99gy5g --system-site-packages --python=python
[2024-11-18T18:43:40.322+0000] {process_utils.py:186} INFO - Output:
[2024-11-18T18:43:40.687+0000] {process_utils.py:190} INFO - created virtual environment CPython3.8.18.final.0-64 in 155ms
[2024-11-18T18:43:40.688+0000] {process_utils.py:190} INFO -   creator CPython3Posix(dest=/tmp/venvbx99gy5g, clear=False, no_vcs_ignore=False, global=True)
[2024-11-18T18:43:40.689+0000] {process_utils.py:190} INFO -   seeder FromAppData(download=False, pip=bundle, setuptools=bundle, wheel=bundle, via=copy, app_data_dir=/home/***/.local/share/virtualenv)
[2024-11-18T18:43:40.689+0000] {process_utils.py:190} INFO -     added seed packages: pip==24.2, setuptools==75.2.0, wheel==0.44.0
[2024-11-18T18:43:40.690+0000] {process_utils.py:190} INFO -   activators BashActivator,CShellActivator,FishActivator,NushellActivator,PowerShellActivator,PythonActivator
[2024-11-18T18:43:40.707+0000] {process_utils.py:182} INFO - Executing cmd: /tmp/venvbx99gy5g/bin/pip install -r /tmp/venvbx99gy5g/requirements.txt
[2024-11-18T18:43:40.711+0000] {process_utils.py:186} INFO - Output:
[2024-11-18T18:43:41.542+0000] {process_utils.py:190} INFO - Collecting boto3==1.28.0 (from -r /tmp/venvbx99gy5g/requirements.txt (line 1))
[2024-11-18T18:43:41.544+0000] {process_utils.py:190} INFO -   Using cached boto3-1.28.0-py3-none-any.whl.metadata (6.6 kB)
[2024-11-18T18:43:41.579+0000] {process_utils.py:190} INFO - Collecting mlflow==2.10.2 (from -r /tmp/venvbx99gy5g/requirements.txt (line 2))
[2024-11-18T18:43:41.581+0000] {process_utils.py:190} INFO -   Using cached mlflow-2.10.2-py3-none-any.whl.metadata (13 kB)
[2024-11-18T18:43:41.589+0000] {process_utils.py:190} INFO - Requirement already satisfied: pandas==2.0.3 in /home/***/.local/lib/python3.8/site-packages (from -r /tmp/venvbx99gy5g/requirements.txt (line 3)) (2.0.3)
[2024-11-18T18:43:41.589+0000] {process_utils.py:190} INFO - Requirement already satisfied: scikit-learn==1.3.2 in /home/***/.local/lib/python3.8/site-packages (from -r /tmp/venvbx99gy5g/requirements.txt (line 4)) (1.3.2)
[2024-11-18T18:43:41.674+0000] {process_utils.py:190} INFO - Collecting tensorflow==2.13.0 (from -r /tmp/venvbx99gy5g/requirements.txt (line 5))
[2024-11-18T18:43:41.676+0000] {process_utils.py:190} INFO -   Using cached tensorflow-2.13.0-cp38-cp38-manylinux_2_17_x86_64.manylinux2014_x86_64.whl.metadata (3.4 kB)
[2024-11-18T18:43:42.065+0000] {process_utils.py:190} INFO - Collecting botocore<1.32.0,>=1.31.0 (from boto3==1.28.0->-r /tmp/venvbx99gy5g/requirements.txt (line 1))
[2024-11-18T18:43:42.067+0000] {process_utils.py:190} INFO -   Using cached botocore-1.31.85-py3-none-any.whl.metadata (6.1 kB)
[2024-11-18T18:43:42.068+0000] {process_utils.py:190} INFO - Requirement already satisfied: jmespath<2.0.0,>=0.7.1 in /home/***/.local/lib/python3.8/site-packages (from boto3==1.28.0->-r /tmp/venvbx99gy5g/requirements.txt (line 1)) (0.10.0)
[2024-11-18T18:43:42.086+0000] {process_utils.py:190} INFO - Collecting s3transfer<0.7.0,>=0.6.0 (from boto3==1.28.0->-r /tmp/venvbx99gy5g/requirements.txt (line 1))
[2024-11-18T18:43:42.088+0000] {process_utils.py:190} INFO -   Using cached s3transfer-0.6.2-py3-none-any.whl.metadata (1.8 kB)
[2024-11-18T18:43:42.091+0000] {process_utils.py:190} INFO - Requirement already satisfied: click<9,>=7.0 in /home/***/.local/lib/python3.8/site-packages (from mlflow==2.10.2->-r /tmp/venvbx99gy5g/requirements.txt (line 2)) (8.1.7)
[2024-11-18T18:43:42.091+0000] {process_utils.py:190} INFO - Requirement already satisfied: cloudpickle<4 in /home/***/.local/lib/python3.8/site-packages (from mlflow==2.10.2->-r /tmp/venvbx99gy5g/requirements.txt (line 2)) (3.1.0)
[2024-11-18T18:43:42.104+0000] {process_utils.py:190} INFO - Collecting entrypoints<1 (from mlflow==2.10.2->-r /tmp/venvbx99gy5g/requirements.txt (line 2))
[2024-11-18T18:43:42.105+0000] {process_utils.py:190} INFO -   Using cached entrypoints-0.4-py3-none-any.whl.metadata (2.6 kB)
[2024-11-18T18:43:42.106+0000] {process_utils.py:190} INFO - Requirement already satisfied: gitpython<4,>=2.1.0 in /home/***/.local/lib/python3.8/site-packages (from mlflow==2.10.2->-r /tmp/venvbx99gy5g/requirements.txt (line 2)) (3.1.43)
[2024-11-18T18:43:42.107+0000] {process_utils.py:190} INFO - Requirement already satisfied: pyyaml<7,>=5.1 in /home/***/.local/lib/python3.8/site-packages (from mlflow==2.10.2->-r /tmp/venvbx99gy5g/requirements.txt (line 2)) (6.0.1)
[2024-11-18T18:43:42.107+0000] {process_utils.py:190} INFO - Requirement already satisfied: protobuf<5,>=3.12.0 in /home/***/.local/lib/python3.8/site-packages (from mlflow==2.10.2->-r /tmp/venvbx99gy5g/requirements.txt (line 2)) (4.25.2)
[2024-11-18T18:43:42.107+0000] {process_utils.py:190} INFO - Requirement already satisfied: pytz<2024 in /home/***/.local/lib/python3.8/site-packages (from mlflow==2.10.2->-r /tmp/venvbx99gy5g/requirements.txt (line 2)) (2023.3.post1)
[2024-11-18T18:43:42.107+0000] {process_utils.py:190} INFO - Requirement already satisfied: requests<3,>=2.17.3 in /home/***/.local/lib/python3.8/site-packages (from mlflow==2.10.2->-r /tmp/venvbx99gy5g/requirements.txt (line 2)) (2.31.0)
[2024-11-18T18:43:42.108+0000] {process_utils.py:190} INFO - Requirement already satisfied: packaging<24 in /home/***/.local/lib/python3.8/site-packages (from mlflow==2.10.2->-r /tmp/venvbx99gy5g/requirements.txt (line 2)) (23.2)
[2024-11-18T18:43:42.108+0000] {process_utils.py:190} INFO - Requirement already satisfied: importlib-metadata!=4.7.0,<8,>=3.7.0 in /home/***/.local/lib/python3.8/site-packages (from mlflow==2.10.2->-r /tmp/venvbx99gy5g/requirements.txt (line 2)) (6.11.0)
[2024-11-18T18:43:42.108+0000] {process_utils.py:190} INFO - Requirement already satisfied: sqlparse<1,>=0.4.0 in /home/***/.local/lib/python3.8/site-packages (from mlflow==2.10.2->-r /tmp/venvbx99gy5g/requirements.txt (line 2)) (0.4.4)
[2024-11-18T18:43:42.109+0000] {process_utils.py:190} INFO - Requirement already satisfied: alembic!=1.10.0,<2 in /home/***/.local/lib/python3.8/site-packages (from mlflow==2.10.2->-r /tmp/venvbx99gy5g/requirements.txt (line 2)) (1.13.1)
[2024-11-18T18:43:42.109+0000] {process_utils.py:190} INFO - Requirement already satisfied: docker<8,>=4.0.0 in /home/***/.local/lib/python3.8/site-packages (from mlflow==2.10.2->-r /tmp/venvbx99gy5g/requirements.txt (line 2)) (7.0.0)
[2024-11-18T18:43:42.109+0000] {process_utils.py:190} INFO - Requirement already satisfied: Flask<4 in /home/***/.local/lib/python3.8/site-packages (from mlflow==2.10.2->-r /tmp/venvbx99gy5g/requirements.txt (line 2)) (2.2.5)
[2024-11-18T18:43:42.109+0000] {process_utils.py:190} INFO - Requirement already satisfied: numpy<2 in /home/***/.local/lib/python3.8/site-packages (from mlflow==2.10.2->-r /tmp/venvbx99gy5g/requirements.txt (line 2)) (1.24.4)
[2024-11-18T18:43:42.110+0000] {process_utils.py:190} INFO - Requirement already satisfied: scipy<2 in /home/***/.local/lib/python3.8/site-packages (from mlflow==2.10.2->-r /tmp/venvbx99gy5g/requirements.txt (line 2)) (1.10.1)
[2024-11-18T18:43:42.122+0000] {process_utils.py:190} INFO - Collecting querystring-parser<2 (from mlflow==2.10.2->-r /tmp/venvbx99gy5g/requirements.txt (line 2))
[2024-11-18T18:43:42.123+0000] {process_utils.py:190} INFO -   Using cached querystring_parser-1.2.4-py2.py3-none-any.whl.metadata (559 bytes)
[2024-11-18T18:43:42.124+0000] {process_utils.py:190} INFO - Requirement already satisfied: sqlalchemy<3,>=1.4.0 in /home/***/.local/lib/python3.8/site-packages (from mlflow==2.10.2->-r /tmp/venvbx99gy5g/requirements.txt (line 2)) (1.4.51)
[2024-11-18T18:43:42.124+0000] {process_utils.py:190} INFO - Requirement already satisfied: pyarrow<16,>=4.0.0 in /home/***/.local/lib/python3.8/site-packages (from mlflow==2.10.2->-r /tmp/venvbx99gy5g/requirements.txt (line 2)) (14.0.2)
[2024-11-18T18:43:42.125+0000] {process_utils.py:190} INFO - Requirement already satisfied: markdown<4,>=3.3 in /home/***/.local/lib/python3.8/site-packages (from mlflow==2.10.2->-r /tmp/venvbx99gy5g/requirements.txt (line 2)) (3.5.2)
[2024-11-18T18:43:42.125+0000] {process_utils.py:190} INFO - Requirement already satisfied: matplotlib<4 in /home/***/.local/lib/python3.8/site-packages (from mlflow==2.10.2->-r /tmp/venvbx99gy5g/requirements.txt (line 2)) (3.7.5)
[2024-11-18T18:43:42.125+0000] {process_utils.py:190} INFO - Requirement already satisfied: gunicorn<22 in /home/***/.local/lib/python3.8/site-packages (from mlflow==2.10.2->-r /tmp/venvbx99gy5g/requirements.txt (line 2)) (21.2.0)
[2024-11-18T18:43:42.126+0000] {process_utils.py:190} INFO - Requirement already satisfied: Jinja2<4,>=2.11 in /home/***/.local/lib/python3.8/site-packages (from mlflow==2.10.2->-r /tmp/venvbx99gy5g/requirements.txt (line 2)) (3.1.3)
[2024-11-18T18:43:42.146+0000] {process_utils.py:190} INFO - Requirement already satisfied: python-dateutil>=2.8.2 in /home/***/.local/lib/python3.8/site-packages (from pandas==2.0.3->-r /tmp/venvbx99gy5g/requirements.txt (line 3)) (2.8.2)
[2024-11-18T18:43:42.147+0000] {process_utils.py:190} INFO - Requirement already satisfied: tzdata>=2022.1 in /home/***/.local/lib/python3.8/site-packages (from pandas==2.0.3->-r /tmp/venvbx99gy5g/requirements.txt (line 3)) (2023.4)
[2024-11-18T18:43:42.152+0000] {process_utils.py:190} INFO - Requirement already satisfied: joblib>=1.1.1 in /home/***/.local/lib/python3.8/site-packages (from scikit-learn==1.3.2->-r /tmp/venvbx99gy5g/requirements.txt (line 4)) (1.4.2)
[2024-11-18T18:43:42.153+0000] {process_utils.py:190} INFO - Requirement already satisfied: threadpoolctl>=2.0.0 in /home/***/.local/lib/python3.8/site-packages (from scikit-learn==1.3.2->-r /tmp/venvbx99gy5g/requirements.txt (line 4)) (3.5.0)
[2024-11-18T18:43:42.169+0000] {process_utils.py:190} INFO - Collecting absl-py>=1.0.0 (from tensorflow==2.13.0->-r /tmp/venvbx99gy5g/requirements.txt (line 5))
[2024-11-18T18:43:42.170+0000] {process_utils.py:190} INFO -   Using cached absl_py-2.1.0-py3-none-any.whl.metadata (2.3 kB)
[2024-11-18T18:43:42.184+0000] {process_utils.py:190} INFO - Collecting astunparse>=1.6.0 (from tensorflow==2.13.0->-r /tmp/venvbx99gy5g/requirements.txt (line 5))
[2024-11-18T18:43:42.185+0000] {process_utils.py:190} INFO -   Using cached astunparse-1.6.3-py2.py3-none-any.whl.metadata (4.4 kB)
[2024-11-18T18:43:42.199+0000] {process_utils.py:190} INFO - Collecting flatbuffers>=23.1.21 (from tensorflow==2.13.0->-r /tmp/venvbx99gy5g/requirements.txt (line 5))
[2024-11-18T18:43:42.201+0000] {process_utils.py:190} INFO -   Using cached flatbuffers-24.3.25-py2.py3-none-any.whl.metadata (850 bytes)
[2024-11-18T18:43:42.219+0000] {process_utils.py:190} INFO - Collecting gast<=0.4.0,>=0.2.1 (from tensorflow==2.13.0->-r /tmp/venvbx99gy5g/requirements.txt (line 5))
[2024-11-18T18:43:42.220+0000] {process_utils.py:190} INFO -   Using cached gast-0.4.0-py3-none-any.whl.metadata (1.1 kB)
[2024-11-18T18:43:42.234+0000] {process_utils.py:190} INFO - Collecting google-pasta>=0.1.1 (from tensorflow==2.13.0->-r /tmp/venvbx99gy5g/requirements.txt (line 5))
[2024-11-18T18:43:42.235+0000] {process_utils.py:190} INFO -   Using cached google_pasta-0.2.0-py3-none-any.whl.metadata (814 bytes)
[2024-11-18T18:43:42.236+0000] {process_utils.py:190} INFO - Requirement already satisfied: grpcio<2.0,>=1.24.3 in /home/***/.local/lib/python3.8/site-packages (from tensorflow==2.13.0->-r /tmp/venvbx99gy5g/requirements.txt (line 5)) (1.60.0)
[2024-11-18T18:43:42.275+0000] {process_utils.py:190} INFO - Collecting h5py>=2.9.0 (from tensorflow==2.13.0->-r /tmp/venvbx99gy5g/requirements.txt (line 5))
[2024-11-18T18:43:42.277+0000] {process_utils.py:190} INFO -   Using cached h5py-3.11.0-cp38-cp38-manylinux_2_17_x86_64.manylinux2014_x86_64.whl.metadata (2.5 kB)
[2024-11-18T18:43:42.303+0000] {process_utils.py:190} INFO - Collecting keras<2.14,>=2.13.1 (from tensorflow==2.13.0->-r /tmp/venvbx99gy5g/requirements.txt (line 5))
[2024-11-18T18:43:42.304+0000] {process_utils.py:190} INFO -   Using cached keras-2.13.1-py3-none-any.whl.metadata (2.4 kB)
[2024-11-18T18:43:42.320+0000] {process_utils.py:190} INFO - Collecting libclang>=13.0.0 (from tensorflow==2.13.0->-r /tmp/venvbx99gy5g/requirements.txt (line 5))
[2024-11-18T18:43:42.322+0000] {process_utils.py:190} INFO -   Using cached libclang-18.1.1-py2.py3-none-manylinux2010_x86_64.whl.metadata (5.2 kB)
[2024-11-18T18:43:42.483+0000] {process_utils.py:190} INFO - Collecting numpy<2 (from mlflow==2.10.2->-r /tmp/venvbx99gy5g/requirements.txt (line 2))
[2024-11-18T18:43:42.485+0000] {process_utils.py:190} INFO -   Using cached numpy-1.24.3-cp38-cp38-manylinux_2_17_x86_64.manylinux2014_x86_64.whl.metadata (5.6 kB)
[2024-11-18T18:43:42.501+0000] {process_utils.py:190} INFO - Collecting opt-einsum>=2.3.2 (from tensorflow==2.13.0->-r /tmp/venvbx99gy5g/requirements.txt (line 5))
[2024-11-18T18:43:42.502+0000] {process_utils.py:190} INFO -   Using cached opt_einsum-3.4.0-py3-none-any.whl.metadata (6.3 kB)
[2024-11-18T18:43:42.504+0000] {process_utils.py:190} INFO - Requirement already satisfied: setuptools in /tmp/venvbx99gy5g/lib/python3.8/site-packages (from tensorflow==2.13.0->-r /tmp/venvbx99gy5g/requirements.txt (line 5)) (75.2.0)
[2024-11-18T18:43:42.504+0000] {process_utils.py:190} INFO - Requirement already satisfied: six>=1.12.0 in /home/***/.local/lib/python3.8/site-packages (from tensorflow==2.13.0->-r /tmp/venvbx99gy5g/requirements.txt (line 5)) (1.16.0)
[2024-11-18T18:43:42.529+0000] {process_utils.py:190} INFO - Collecting tensorboard<2.14,>=2.13 (from tensorflow==2.13.0->-r /tmp/venvbx99gy5g/requirements.txt (line 5))
[2024-11-18T18:43:42.530+0000] {process_utils.py:190} INFO -   Using cached tensorboard-2.13.0-py3-none-any.whl.metadata (1.8 kB)
[2024-11-18T18:43:42.546+0000] {process_utils.py:190} INFO - Collecting tensorflow-estimator<2.14,>=2.13.0 (from tensorflow==2.13.0->-r /tmp/venvbx99gy5g/requirements.txt (line 5))
[2024-11-18T18:43:42.547+0000] {process_utils.py:190} INFO -   Using cached tensorflow_estimator-2.13.0-py2.py3-none-any.whl.metadata (1.3 kB)
[2024-11-18T18:43:42.548+0000] {process_utils.py:190} INFO - Requirement already satisfied: termcolor>=1.1.0 in /home/***/.local/lib/python3.8/site-packages (from tensorflow==2.13.0->-r /tmp/venvbx99gy5g/requirements.txt (line 5)) (2.4.0)
[2024-11-18T18:43:42.567+0000] {process_utils.py:190} INFO - Collecting typing-extensions<4.6.0,>=3.6.6 (from tensorflow==2.13.0->-r /tmp/venvbx99gy5g/requirements.txt (line 5))
[2024-11-18T18:43:42.569+0000] {process_utils.py:190} INFO -   Using cached typing_extensions-4.5.0-py3-none-any.whl.metadata (8.5 kB)
[2024-11-18T18:43:42.570+0000] {process_utils.py:190} INFO - Requirement already satisfied: wrapt>=1.11.0 in /home/***/.local/lib/python3.8/site-packages (from tensorflow==2.13.0->-r /tmp/venvbx99gy5g/requirements.txt (line 5)) (1.16.0)
[2024-11-18T18:43:42.598+0000] {process_utils.py:190} INFO - Collecting tensorflow-io-gcs-filesystem>=0.23.1 (from tensorflow==2.13.0->-r /tmp/venvbx99gy5g/requirements.txt (line 5))
[2024-11-18T18:43:42.599+0000] {process_utils.py:190} INFO -   Using cached tensorflow_io_gcs_filesystem-0.34.0-cp38-cp38-manylinux_2_12_x86_64.manylinux2010_x86_64.whl.metadata (14 kB)
[2024-11-18T18:43:42.604+0000] {process_utils.py:190} INFO - Requirement already satisfied: Mako in /home/***/.local/lib/python3.8/site-packages (from alembic!=1.10.0,<2->mlflow==2.10.2->-r /tmp/venvbx99gy5g/requirements.txt (line 2)) (1.3.0)
[2024-11-18T18:43:42.607+0000] {process_utils.py:190} INFO - Requirement already satisfied: importlib-resources in /home/***/.local/lib/python3.8/site-packages (from alembic!=1.10.0,<2->mlflow==2.10.2->-r /tmp/venvbx99gy5g/requirements.txt (line 2)) (5.13.0)
[2024-11-18T18:43:42.608+0000] {process_utils.py:190} INFO - Requirement already satisfied: wheel<1.0,>=0.23.0 in /tmp/venvbx99gy5g/lib/python3.8/site-packages (from astunparse>=1.6.0->tensorflow==2.13.0->-r /tmp/venvbx99gy5g/requirements.txt (line 5)) (0.44.0)
[2024-11-18T18:43:42.610+0000] {process_utils.py:190} INFO - Requirement already satisfied: urllib3<1.27,>=1.25.4 in /home/***/.local/lib/python3.8/site-packages (from botocore<1.32.0,>=1.31.0->boto3==1.28.0->-r /tmp/venvbx99gy5g/requirements.txt (line 1)) (1.26.18)
[2024-11-18T18:43:42.615+0000] {process_utils.py:190} INFO - Requirement already satisfied: Werkzeug>=2.2.2 in /home/***/.local/lib/python3.8/site-packages (from Flask<4->mlflow==2.10.2->-r /tmp/venvbx99gy5g/requirements.txt (line 2)) (2.2.3)
[2024-11-18T18:43:42.616+0000] {process_utils.py:190} INFO - Requirement already satisfied: itsdangerous>=2.0 in /home/***/.local/lib/python3.8/site-packages (from Flask<4->mlflow==2.10.2->-r /tmp/venvbx99gy5g/requirements.txt (line 2)) (2.1.2)
[2024-11-18T18:43:42.621+0000] {process_utils.py:190} INFO - Requirement already satisfied: gitdb<5,>=4.0.1 in /home/***/.local/lib/python3.8/site-packages (from gitpython<4,>=2.1.0->mlflow==2.10.2->-r /tmp/venvbx99gy5g/requirements.txt (line 2)) (4.0.11)
[2024-11-18T18:43:42.629+0000] {process_utils.py:190} INFO - Requirement already satisfied: zipp>=0.5 in /home/***/.local/lib/python3.8/site-packages (from importlib-metadata!=4.7.0,<8,>=3.7.0->mlflow==2.10.2->-r /tmp/venvbx99gy5g/requirements.txt (line 2)) (3.17.0)
[2024-11-18T18:43:42.630+0000] {process_utils.py:190} INFO - Requirement already satisfied: MarkupSafe>=2.0 in /home/***/.local/lib/python3.8/site-packages (from Jinja2<4,>=2.11->mlflow==2.10.2->-r /tmp/venvbx99gy5g/requirements.txt (line 2)) (2.1.3)
[2024-11-18T18:43:42.637+0000] {process_utils.py:190} INFO - Requirement already satisfied: contourpy>=1.0.1 in /home/***/.local/lib/python3.8/site-packages (from matplotlib<4->mlflow==2.10.2->-r /tmp/venvbx99gy5g/requirements.txt (line 2)) (1.1.1)
[2024-11-18T18:43:42.638+0000] {process_utils.py:190} INFO - Requirement already satisfied: cycler>=0.10 in /home/***/.local/lib/python3.8/site-packages (from matplotlib<4->mlflow==2.10.2->-r /tmp/venvbx99gy5g/requirements.txt (line 2)) (0.12.1)
[2024-11-18T18:43:42.638+0000] {process_utils.py:190} INFO - Requirement already satisfied: fonttools>=4.22.0 in /home/***/.local/lib/python3.8/site-packages (from matplotlib<4->mlflow==2.10.2->-r /tmp/venvbx99gy5g/requirements.txt (line 2)) (4.54.1)
[2024-11-18T18:43:42.638+0000] {process_utils.py:190} INFO - Requirement already satisfied: kiwisolver>=1.0.1 in /home/***/.local/lib/python3.8/site-packages (from matplotlib<4->mlflow==2.10.2->-r /tmp/venvbx99gy5g/requirements.txt (line 2)) (1.4.7)
[2024-11-18T18:43:42.646+0000] {process_utils.py:190} INFO - Requirement already satisfied: pillow>=6.2.0 in /home/***/.local/lib/python3.8/site-packages (from matplotlib<4->mlflow==2.10.2->-r /tmp/venvbx99gy5g/requirements.txt (line 2)) (10.4.0)
[2024-11-18T18:43:42.647+0000] {process_utils.py:190} INFO - Requirement already satisfied: pyparsing>=2.3.1 in /home/***/.local/lib/python3.8/site-packages (from matplotlib<4->mlflow==2.10.2->-r /tmp/venvbx99gy5g/requirements.txt (line 2)) (3.1.1)
[2024-11-18T18:43:42.665+0000] {process_utils.py:190} INFO - Requirement already satisfied: charset-normalizer<4,>=2 in /home/***/.local/lib/python3.8/site-packages (from requests<3,>=2.17.3->mlflow==2.10.2->-r /tmp/venvbx99gy5g/requirements.txt (line 2)) (3.3.2)
[2024-11-18T18:43:42.665+0000] {process_utils.py:190} INFO - Requirement already satisfied: idna<4,>=2.5 in /home/***/.local/lib/python3.8/site-packages (from requests<3,>=2.17.3->mlflow==2.10.2->-r /tmp/venvbx99gy5g/requirements.txt (line 2)) (3.6)
[2024-11-18T18:43:42.665+0000] {process_utils.py:190} INFO - Requirement already satisfied: certifi>=2017.4.17 in /home/***/.local/lib/python3.8/site-packages (from requests<3,>=2.17.3->mlflow==2.10.2->-r /tmp/venvbx99gy5g/requirements.txt (line 2)) (2023.11.17)
[2024-11-18T18:43:42.872+0000] {process_utils.py:190} INFO - Requirement already satisfied: greenlet!=0.4.17 in /home/***/.local/lib/python3.8/site-packages (from sqlalchemy<3,>=1.4.0->mlflow==2.10.2->-r /tmp/venvbx99gy5g/requirements.txt (line 2)) (3.0.3)
[2024-11-18T18:43:42.877+0000] {process_utils.py:190} INFO - Requirement already satisfied: google-auth<3,>=1.6.3 in /home/***/.local/lib/python3.8/site-packages (from tensorboard<2.14,>=2.13->tensorflow==2.13.0->-r /tmp/venvbx99gy5g/requirements.txt (line 5)) (2.26.2)
[2024-11-18T18:43:42.892+0000] {process_utils.py:190} INFO - Collecting google-auth-oauthlib<1.1,>=0.5 (from tensorboard<2.14,>=2.13->tensorflow==2.13.0->-r /tmp/venvbx99gy5g/requirements.txt (line 5))
[2024-11-18T18:43:42.893+0000] {process_utils.py:190} INFO -   Using cached google_auth_oauthlib-1.0.0-py2.py3-none-any.whl.metadata (2.7 kB)
[2024-11-18T18:43:42.918+0000] {process_utils.py:190} INFO - Collecting tensorboard-data-server<0.8.0,>=0.7.0 (from tensorboard<2.14,>=2.13->tensorflow==2.13.0->-r /tmp/venvbx99gy5g/requirements.txt (line 5))
[2024-11-18T18:43:42.919+0000] {process_utils.py:190} INFO -   Using cached tensorboard_data_server-0.7.2-py3-none-manylinux_2_31_x86_64.whl.metadata (1.1 kB)
[2024-11-18T18:43:42.966+0000] {process_utils.py:190} INFO - Requirement already satisfied: smmap<6,>=3.0.1 in /home/***/.local/lib/python3.8/site-packages (from gitdb<5,>=4.0.1->gitpython<4,>=2.1.0->mlflow==2.10.2->-r /tmp/venvbx99gy5g/requirements.txt (line 2)) (5.0.1)
[2024-11-18T18:43:42.968+0000] {process_utils.py:190} INFO - Requirement already satisfied: cachetools<6.0,>=2.0.0 in /home/***/.local/lib/python3.8/site-packages (from google-auth<3,>=1.6.3->tensorboard<2.14,>=2.13->tensorflow==2.13.0->-r /tmp/venvbx99gy5g/requirements.txt (line 5)) (5.3.2)
[2024-11-18T18:43:42.969+0000] {process_utils.py:190} INFO - Requirement already satisfied: pyasn1-modules>=0.2.1 in /home/***/.local/lib/python3.8/site-packages (from google-auth<3,>=1.6.3->tensorboard<2.14,>=2.13->tensorflow==2.13.0->-r /tmp/venvbx99gy5g/requirements.txt (line 5)) (0.3.0)
[2024-11-18T18:43:42.970+0000] {process_utils.py:190} INFO - Requirement already satisfied: rsa<5,>=3.1.4 in /home/***/.local/lib/python3.8/site-packages (from google-auth<3,>=1.6.3->tensorboard<2.14,>=2.13->tensorflow==2.13.0->-r /tmp/venvbx99gy5g/requirements.txt (line 5)) (4.9)
[2024-11-18T18:43:42.971+0000] {process_utils.py:190} INFO - Requirement already satisfied: requests-oauthlib>=0.7.0 in /home/***/.local/lib/python3.8/site-packages (from google-auth-oauthlib<1.1,>=0.5->tensorboard<2.14,>=2.13->tensorflow==2.13.0->-r /tmp/venvbx99gy5g/requirements.txt (line 5)) (1.3.1)
[2024-11-18T18:43:42.999+0000] {process_utils.py:190} INFO - Requirement already satisfied: pyasn1<0.6.0,>=0.4.6 in /home/***/.local/lib/python3.8/site-packages (from pyasn1-modules>=0.2.1->google-auth<3,>=1.6.3->tensorboard<2.14,>=2.13->tensorflow==2.13.0->-r /tmp/venvbx99gy5g/requirements.txt (line 5)) (0.5.1)
[2024-11-18T18:43:43.000+0000] {process_utils.py:190} INFO - Requirement already satisfied: oauthlib>=3.0.0 in /home/***/.local/lib/python3.8/site-packages (from requests-oauthlib>=0.7.0->google-auth-oauthlib<1.1,>=0.5->tensorboard<2.14,>=2.13->tensorflow==2.13.0->-r /tmp/venvbx99gy5g/requirements.txt (line 5)) (3.2.2)
[2024-11-18T18:43:43.008+0000] {process_utils.py:190} INFO - Using cached boto3-1.28.0-py3-none-any.whl (135 kB)
[2024-11-18T18:43:43.009+0000] {process_utils.py:190} INFO - Using cached mlflow-2.10.2-py3-none-any.whl (19.5 MB)
[2024-11-18T18:43:43.019+0000] {process_utils.py:190} INFO - Using cached tensorflow-2.13.0-cp38-cp38-manylinux_2_17_x86_64.manylinux2014_x86_64.whl (524.1 MB)
[2024-11-18T18:43:43.233+0000] {process_utils.py:190} INFO - Using cached absl_py-2.1.0-py3-none-any.whl (133 kB)
[2024-11-18T18:43:43.234+0000] {process_utils.py:190} INFO - Using cached astunparse-1.6.3-py2.py3-none-any.whl (12 kB)
[2024-11-18T18:43:43.236+0000] {process_utils.py:190} INFO - Using cached botocore-1.31.85-py3-none-any.whl (11.3 MB)
[2024-11-18T18:43:43.242+0000] {process_utils.py:190} INFO - Using cached entrypoints-0.4-py3-none-any.whl (5.3 kB)
[2024-11-18T18:43:43.243+0000] {process_utils.py:190} INFO - Using cached flatbuffers-24.3.25-py2.py3-none-any.whl (26 kB)
[2024-11-18T18:43:43.244+0000] {process_utils.py:190} INFO - Using cached gast-0.4.0-py3-none-any.whl (9.8 kB)
[2024-11-18T18:43:43.245+0000] {process_utils.py:190} INFO - Using cached google_pasta-0.2.0-py3-none-any.whl (57 kB)
[2024-11-18T18:43:43.246+0000] {process_utils.py:190} INFO - Using cached h5py-3.11.0-cp38-cp38-manylinux_2_17_x86_64.manylinux2014_x86_64.whl (5.3 MB)
[2024-11-18T18:43:43.249+0000] {process_utils.py:190} INFO - Using cached keras-2.13.1-py3-none-any.whl (1.7 MB)
[2024-11-18T18:43:43.252+0000] {process_utils.py:190} INFO - Using cached libclang-18.1.1-py2.py3-none-manylinux2010_x86_64.whl (24.5 MB)
[2024-11-18T18:43:43.264+0000] {process_utils.py:190} INFO - Using cached numpy-1.24.3-cp38-cp38-manylinux_2_17_x86_64.manylinux2014_x86_64.whl (17.3 MB)
[2024-11-18T18:43:43.274+0000] {process_utils.py:190} INFO - Using cached opt_einsum-3.4.0-py3-none-any.whl (71 kB)
[2024-11-18T18:43:43.275+0000] {process_utils.py:190} INFO - Using cached querystring_parser-1.2.4-py2.py3-none-any.whl (7.9 kB)
[2024-11-18T18:43:43.276+0000] {process_utils.py:190} INFO - Using cached s3transfer-0.6.2-py3-none-any.whl (79 kB)
[2024-11-18T18:43:43.277+0000] {process_utils.py:190} INFO - Using cached tensorboard-2.13.0-py3-none-any.whl (5.6 MB)
[2024-11-18T18:43:43.281+0000] {process_utils.py:190} INFO - Using cached tensorflow_estimator-2.13.0-py2.py3-none-any.whl (440 kB)
[2024-11-18T18:43:43.282+0000] {process_utils.py:190} INFO - Using cached tensorflow_io_gcs_filesystem-0.34.0-cp38-cp38-manylinux_2_12_x86_64.manylinux2010_x86_64.whl (2.4 MB)
[2024-11-18T18:43:43.284+0000] {process_utils.py:190} INFO - Using cached typing_extensions-4.5.0-py3-none-any.whl (27 kB)
[2024-11-18T18:43:43.285+0000] {process_utils.py:190} INFO - Using cached google_auth_oauthlib-1.0.0-py2.py3-none-any.whl (18 kB)
[2024-11-18T18:43:43.286+0000] {process_utils.py:190} INFO - Using cached tensorboard_data_server-0.7.2-py3-none-manylinux_2_31_x86_64.whl (6.6 MB)
[2024-11-18T18:43:44.504+0000] {process_utils.py:190} INFO - Installing collected packages: libclang, flatbuffers, typing-extensions, tensorflow-io-gcs-filesystem, tensorflow-estimator, tensorboard-data-server, querystring-parser, opt-einsum, numpy, keras, google-pasta, gast, entrypoints, astunparse, absl-py, h5py, botocore, s3transfer, google-auth-oauthlib, tensorboard, mlflow, boto3, tensorflow
[2024-11-18T18:43:44.734+0000] {process_utils.py:190} INFO -   Attempting uninstall: typing-extensions
[2024-11-18T18:43:44.736+0000] {process_utils.py:190} INFO -     Found existing installation: typing_extensions 4.9.0
[2024-11-18T18:43:44.736+0000] {process_utils.py:190} INFO -     Not uninstalling typing-extensions at /home/***/.local/lib/python3.8/site-packages, outside environment /tmp/venvbx99gy5g
[2024-11-18T18:43:44.737+0000] {process_utils.py:190} INFO -     Can't uninstall 'typing_extensions'. No files were found to uninstall.
[2024-11-18T18:43:44.994+0000] {process_utils.py:190} INFO -   Attempting uninstall: numpy
[2024-11-18T18:43:44.995+0000] {process_utils.py:190} INFO -     Found existing installation: numpy 1.24.4
[2024-11-18T18:43:44.995+0000] {process_utils.py:190} INFO -     Not uninstalling numpy at /home/***/.local/lib/python3.8/site-packages, outside environment /tmp/venvbx99gy5g
[2024-11-18T18:43:44.996+0000] {process_utils.py:190} INFO -     Can't uninstall 'numpy'. No files were found to uninstall.
[2024-11-18T18:43:46.602+0000] {process_utils.py:190} INFO -   Attempting uninstall: botocore
[2024-11-18T18:43:46.603+0000] {process_utils.py:190} INFO -     Found existing installation: botocore 1.35.44
[2024-11-18T18:43:46.603+0000] {process_utils.py:190} INFO -     Not uninstalling botocore at /home/***/.local/lib/python3.8/site-packages, outside environment /tmp/venvbx99gy5g
[2024-11-18T18:43:46.604+0000] {process_utils.py:190} INFO -     Can't uninstall 'botocore'. No files were found to uninstall.
[2024-11-18T18:43:46.987+0000] {process_utils.py:190} INFO -   Attempting uninstall: s3transfer
[2024-11-18T18:43:46.988+0000] {process_utils.py:190} INFO -     Found existing installation: s3transfer 0.10.3
[2024-11-18T18:43:46.989+0000] {process_utils.py:190} INFO -     Not uninstalling s3transfer at /home/***/.local/lib/python3.8/site-packages, outside environment /tmp/venvbx99gy5g
[2024-11-18T18:43:46.989+0000] {process_utils.py:190} INFO -     Can't uninstall 's3transfer'. No files were found to uninstall.
[2024-11-18T18:43:47.010+0000] {process_utils.py:190} INFO -   Attempting uninstall: google-auth-oauthlib
[2024-11-18T18:43:47.011+0000] {process_utils.py:190} INFO -     Found existing installation: google-auth-oauthlib 1.2.0
[2024-11-18T18:43:47.011+0000] {process_utils.py:190} INFO -     Not uninstalling google-auth-oauthlib at /home/***/.local/lib/python3.8/site-packages, outside environment /tmp/venvbx99gy5g
[2024-11-18T18:43:47.011+0000] {process_utils.py:190} INFO -     Can't uninstall 'google-auth-oauthlib'. No files were found to uninstall.
[2024-11-18T18:43:47.203+0000] {process_utils.py:190} INFO -   Attempting uninstall: mlflow
[2024-11-18T18:43:47.205+0000] {process_utils.py:190} INFO -     Found existing installation: mlflow 2.17.0
[2024-11-18T18:43:47.205+0000] {process_utils.py:190} INFO -     Not uninstalling mlflow at /home/***/.local/lib/python3.8/site-packages, outside environment /tmp/venvbx99gy5g
[2024-11-18T18:43:47.205+0000] {process_utils.py:190} INFO -     Can't uninstall 'mlflow'. No files were found to uninstall.
[2024-11-18T18:43:47.743+0000] {process_utils.py:190} INFO -   Attempting uninstall: boto3
[2024-11-18T18:43:47.743+0000] {process_utils.py:190} INFO -     Found existing installation: boto3 1.35.44
[2024-11-18T18:43:47.744+0000] {process_utils.py:190} INFO -     Not uninstalling boto3 at /home/***/.local/lib/python3.8/site-packages, outside environment /tmp/venvbx99gy5g
[2024-11-18T18:43:47.744+0000] {process_utils.py:190} INFO -     Can't uninstall 'boto3'. No files were found to uninstall.
[2024-11-18T18:43:54.541+0000] {process_utils.py:190} INFO - ERROR: pip's dependency resolver does not currently take into account all the packages that are installed. This behaviour is the source of the following dependency conflicts.
[2024-11-18T18:43:54.545+0000] {process_utils.py:190} INFO - aiobotocore 2.9.0 requires botocore<1.33.14,>=1.33.2, but you have botocore 1.31.85 which is incompatible.
[2024-11-18T18:43:54.546+0000] {process_utils.py:190} INFO - azure-core 1.29.6 requires typing-extensions>=4.6.0, but you have typing-extensions 4.5.0 which is incompatible.
[2024-11-18T18:43:54.546+0000] {process_utils.py:190} INFO - azure-mgmt-keyvault 10.3.1 requires typing-extensions>=4.6.0, but you have typing-extensions 4.5.0 which is incompatible.
[2024-11-18T18:43:54.546+0000] {process_utils.py:190} INFO - azure-mgmt-network 27.0.0 requires typing-extensions>=4.6.0, but you have typing-extensions 4.5.0 which is incompatible.
[2024-11-18T18:43:54.547+0000] {process_utils.py:190} INFO - graphene 3.4 requires typing-extensions<5,>=4.7.1, but you have typing-extensions 4.5.0 which is incompatible.
[2024-11-18T18:43:54.547+0000] {process_utils.py:190} INFO - pydantic 2.5.3 requires typing-extensions>=4.6.1, but you have typing-extensions 4.5.0 which is incompatible.
[2024-11-18T18:43:54.547+0000] {process_utils.py:190} INFO - pydantic-core 2.14.6 requires typing-extensions!=4.7.0,>=4.6.0, but you have typing-extensions 4.5.0 which is incompatible.
[2024-11-18T18:43:54.548+0000] {process_utils.py:190} INFO - Successfully installed absl-py-2.1.0 astunparse-1.6.3 boto3-1.28.0 botocore-1.31.85 entrypoints-0.4 flatbuffers-24.3.25 gast-0.4.0 google-auth-oauthlib-1.0.0 google-pasta-0.2.0 h5py-3.11.0 keras-2.13.1 libclang-18.1.1 mlflow-2.10.2 numpy-1.24.3 opt-einsum-3.4.0 querystring-parser-1.2.4 s3transfer-0.6.2 tensorboard-2.13.0 tensorboard-data-server-0.7.2 tensorflow-2.13.0 tensorflow-estimator-2.13.0 tensorflow-io-gcs-filesystem-0.34.0 typing-extensions-4.5.0
[2024-11-18T18:43:54.606+0000] {process_utils.py:190} INFO - 
[2024-11-18T18:43:54.607+0000] {process_utils.py:190} INFO - [notice] A new release of pip is available: 24.2 -> 24.3.1
[2024-11-18T18:43:54.607+0000] {process_utils.py:190} INFO - [notice] To update, run: python -m pip install --upgrade pip
[2024-11-18T18:43:54.763+0000] {process_utils.py:182} INFO - Executing cmd: /tmp/venvbx99gy5g/bin/python /tmp/venv-callwwap2fpp/script.py /tmp/venv-callwwap2fpp/script.in /tmp/venv-callwwap2fpp/script.out /tmp/venv-callwwap2fpp/string_args.txt /tmp/venv-callwwap2fpp/termination.log
[2024-11-18T18:43:54.768+0000] {process_utils.py:186} INFO - Output:
[2024-11-18T18:43:55.704+0000] {process_utils.py:190} INFO - 2024-11-18 18:43:55.704416: I tensorflow/core/util/port.cc:110] oneDNN custom operations are on. You may see slightly different numerical results due to floating-point round-off errors from different computation orders. To turn them off, set the environment variable `TF_ENABLE_ONEDNN_OPTS=0`.
[2024-11-18T18:43:55.705+0000] {process_utils.py:190} INFO - 2024-11-18 18:43:55.705440: I tensorflow/tsl/cuda/cudart_stub.cc:28] Could not find cuda drivers on your machine, GPU will not be used.
[2024-11-18T18:43:55.725+0000] {process_utils.py:190} INFO - 2024-11-18 18:43:55.725411: I tensorflow/tsl/cuda/cudart_stub.cc:28] Could not find cuda drivers on your machine, GPU will not be used.
[2024-11-18T18:43:55.726+0000] {process_utils.py:190} INFO - 2024-11-18 18:43:55.725669: I tensorflow/core/platform/cpu_feature_guard.cc:182] This TensorFlow binary is optimized to use available CPU instructions in performance-critical operations.
[2024-11-18T18:43:55.726+0000] {process_utils.py:190} INFO - To enable the following instructions: AVX2 AVX_VNNI FMA, in other operations, rebuild TensorFlow with the appropriate compiler flags.
[2024-11-18T18:43:56.218+0000] {process_utils.py:190} INFO - 2024-11-18 18:43:56.217966: W tensorflow/compiler/tf2tensorrt/utils/py_utils.cc:38] TF-TRT Warning: Could not find TensorRT
[2024-11-18T18:43:57.268+0000] {process_utils.py:190} INFO - Epoch 1/10
[2024-11-18T18:43:58.158+0000] {process_utils.py:190} INFO -   1/575 [..............................] - ETA: 2:36 - loss: 0.3411 59/575 [==>...........................] - ETA: 0s - loss: 0.1503  128/575 [=====>........................] - ETA: 0s - loss: 0.1014207/575 [=========>....................] - ETA: 0s - loss: 0.0780283/575 [=============>................] - ETA: 0s - loss: 0.0653363/575 [=================>............] - ETA: 0s - loss: 0.0568440/575 [=====================>........] - ETA: 0s - loss: 0.0509512/575 [=========================>....] - ETA: 0s - loss: 0.0468575/575 [==============================] - 1s 1ms/step - loss: 0.0440 - val_loss: 0.0066
[2024-11-18T18:43:58.160+0000] {process_utils.py:190} INFO - Epoch 2/10
[2024-11-18T18:43:58.609+0000] {process_utils.py:190} INFO -   1/575 [..............................] - ETA: 0s - loss: 0.0198 76/575 [==>...........................] - ETA: 0s - loss: 0.0196150/575 [======>.......................] - ETA: 0s - loss: 0.0187230/575 [===========>..................] - ETA: 0s - loss: 0.0181309/575 [===============>..............] - ETA: 0s - loss: 0.0174389/575 [===================>..........] - ETA: 0s - loss: 0.0168467/575 [=======================>......] - ETA: 0s - loss: 0.0164544/575 [===========================>..] - ETA: 0s - loss: 0.0161575/575 [==============================] - 0s 783us/step - loss: 0.0159 - val_loss: 0.0046
[2024-11-18T18:43:58.610+0000] {process_utils.py:190} INFO - Epoch 3/10
[2024-11-18T18:43:59.056+0000] {process_utils.py:190} INFO -   1/575 [..............................] - ETA: 0s - loss: 0.0120 77/575 [===>..........................] - ETA: 0s - loss: 0.0125156/575 [=======>......................] - ETA: 0s - loss: 0.0124236/575 [===========>..................] - ETA: 0s - loss: 0.0123316/575 [===============>..............] - ETA: 0s - loss: 0.0122392/575 [===================>..........] - ETA: 0s - loss: 0.0120465/575 [=======================>......] - ETA: 0s - loss: 0.0119549/575 [===========================>..] - ETA: 0s - loss: 0.0118575/575 [==============================] - 0s 776us/step - loss: 0.0117 - val_loss: 0.0040
[2024-11-18T18:43:59.056+0000] {process_utils.py:190} INFO - Epoch 4/10
[2024-11-18T18:43:59.505+0000] {process_utils.py:190} INFO -   1/575 [..............................] - ETA: 0s - loss: 0.0106 81/575 [===>..........................] - ETA: 0s - loss: 0.0104160/575 [=======>......................] - ETA: 0s - loss: 0.0102238/575 [===========>..................] - ETA: 0s - loss: 0.0100316/575 [===============>..............] - ETA: 0s - loss: 0.0099392/575 [===================>..........] - ETA: 0s - loss: 0.0098470/575 [=======================>......] - ETA: 0s - loss: 0.0097547/575 [===========================>..] - ETA: 0s - loss: 0.0096575/575 [==============================] - 0s 780us/step - loss: 0.0096 - val_loss: 0.0033
[2024-11-18T18:43:59.506+0000] {process_utils.py:190} INFO - Epoch 5/10
[2024-11-18T18:43:59.950+0000] {process_utils.py:190} INFO -   1/575 [..............................] - ETA: 0s - loss: 0.0110 81/575 [===>..........................] - ETA: 0s - loss: 0.0087160/575 [=======>......................] - ETA: 0s - loss: 0.0087235/575 [===========>..................] - ETA: 0s - loss: 0.0085313/575 [===============>..............] - ETA: 0s - loss: 0.0084394/575 [===================>..........] - ETA: 0s - loss: 0.0083473/575 [=======================>......] - ETA: 0s - loss: 0.0083551/575 [===========================>..] - ETA: 0s - loss: 0.0082575/575 [==============================] - 0s 772us/step - loss: 0.0082 - val_loss: 0.0028
[2024-11-18T18:43:59.950+0000] {process_utils.py:190} INFO - Epoch 6/10
[2024-11-18T18:44:00.394+0000] {process_utils.py:190} INFO -   1/575 [..............................] - ETA: 0s - loss: 0.0064 81/575 [===>..........................] - ETA: 0s - loss: 0.0079162/575 [=======>......................] - ETA: 0s - loss: 0.0079247/575 [===========>..................] - ETA: 0s - loss: 0.0078328/575 [================>.............] - ETA: 0s - loss: 0.0077410/575 [====================>.........] - ETA: 0s - loss: 0.0077486/575 [========================>.....] - ETA: 0s - loss: 0.0076561/575 [============================>.] - ETA: 0s - loss: 0.0076575/575 [==============================] - 0s 772us/step - loss: 0.0076 - val_loss: 0.0027
[2024-11-18T18:44:00.394+0000] {process_utils.py:190} INFO - Epoch 7/10
[2024-11-18T18:44:00.844+0000] {process_utils.py:190} INFO -   1/575 [..............................] - ETA: 0s - loss: 0.0072 76/575 [==>...........................] - ETA: 0s - loss: 0.0070155/575 [=======>......................] - ETA: 0s - loss: 0.0071234/575 [===========>..................] - ETA: 0s - loss: 0.0071310/575 [===============>..............] - ETA: 0s - loss: 0.0072385/575 [===================>..........] - ETA: 0s - loss: 0.0071463/575 [=======================>......] - ETA: 0s - loss: 0.0071542/575 [===========================>..] - ETA: 0s - loss: 0.0071575/575 [==============================] - 0s 782us/step - loss: 0.0071 - val_loss: 0.0025
[2024-11-18T18:44:00.845+0000] {process_utils.py:190} INFO - Epoch 8/10
[2024-11-18T18:44:01.293+0000] {process_utils.py:190} INFO -   1/575 [..............................] - ETA: 0s - loss: 0.0063 80/575 [===>..........................] - ETA: 0s - loss: 0.0070159/575 [=======>......................] - ETA: 0s - loss: 0.0068236/575 [===========>..................] - ETA: 0s - loss: 0.0069314/575 [===============>..............] - ETA: 0s - loss: 0.0069392/575 [===================>..........] - ETA: 0s - loss: 0.0069470/575 [=======================>......] - ETA: 0s - loss: 0.0069549/575 [===========================>..] - ETA: 0s - loss: 0.0069575/575 [==============================] - 0s 780us/step - loss: 0.0068 - val_loss: 0.0024
[2024-11-18T18:44:01.294+0000] {process_utils.py:190} INFO - Epoch 9/10
[2024-11-18T18:44:01.741+0000] {process_utils.py:190} INFO -   1/575 [..............................] - ETA: 0s - loss: 0.0102 80/575 [===>..........................] - ETA: 0s - loss: 0.0068158/575 [=======>......................] - ETA: 0s - loss: 0.0068236/575 [===========>..................] - ETA: 0s - loss: 0.0067314/575 [===============>..............] - ETA: 0s - loss: 0.0068392/575 [===================>..........] - ETA: 0s - loss: 0.0067470/575 [=======================>......] - ETA: 0s - loss: 0.0067549/575 [===========================>..] - ETA: 0s - loss: 0.0067575/575 [==============================] - 0s 777us/step - loss: 0.0067 - val_loss: 0.0022
[2024-11-18T18:44:01.741+0000] {process_utils.py:190} INFO - Epoch 10/10
[2024-11-18T18:44:02.192+0000] {process_utils.py:190} INFO -   1/575 [..............................] - ETA: 0s - loss: 0.0066 81/575 [===>..........................] - ETA: 0s - loss: 0.0065160/575 [=======>......................] - ETA: 0s - loss: 0.0065240/575 [===========>..................] - ETA: 0s - loss: 0.0065318/575 [===============>..............] - ETA: 0s - loss: 0.0065396/575 [===================>..........] - ETA: 0s - loss: 0.0065475/575 [=======================>......] - ETA: 0s - loss: 0.0064554/575 [===========================>..] - ETA: 0s - loss: 0.0065575/575 [==============================] - 0s 784us/step - loss: 0.0065 - val_loss: 0.0022
[2024-11-18T18:44:02.586+0000] {process_utils.py:190} INFO -   1/719 [..............................] - ETA: 30s101/719 [===>..........................] - ETA: 0s 213/719 [=======>......................] - ETA: 0s324/719 [============>.................] - ETA: 0s434/719 [=================>............] - ETA: 0s546/719 [=====================>........] - ETA: 0s652/719 [==========================>...] - ETA: 0s719/719 [==============================] - 0s 464us/step
[2024-11-18T18:44:03.172+0000] {process_utils.py:190} INFO -   1/719 [..............................] - ETA: 7s 99/719 [===>..........................] - ETA: 0s197/719 [=======>......................] - ETA: 0s295/719 [===========>..................] - ETA: 0s392/719 [===============>..............] - ETA: 0s492/719 [===================>..........] - ETA: 0s594/719 [=======================>......] - ETA: 0s693/719 [===========================>..] - ETA: 0s719/719 [==============================] - 0s 507us/step
[2024-11-18T18:44:03.246+0000] {process_utils.py:190} INFO - 2024/11/18 18:44:03 WARNING mlflow.tensorflow: You are saving a TensorFlow Core model or Keras model without a signature. Inference with mlflow.pyfunc.spark_udf() will not work unless the model's pyfunc representation accepts pandas DataFrames as inference inputs.
[2024-11-18T18:44:03.582+0000] {process_utils.py:190} INFO - [[34m2024-11-18T18:44:03.581+0000[0m] {[34mbuilder_impl.py:[0m804} INFO[0m - Assets written to: /tmp/tmpoea7qf43/model/data/model/assets[0m
[2024-11-18T18:44:06.217+0000] {process_utils.py:190} INFO - /tmp/venvbx99gy5g/lib/python3.8/site-packages/_distutils_hack/__init__.py:31 UserWarning: Setuptools is replacing distutils. Support for replacing an already imported distutils is deprecated. In the future, this condition will fail. Register concerns at https://github.com/pypa/setuptools/issues/new?template=distutils-deprecation.yml
[2024-11-18T18:44:06.234+0000] {process_utils.py:190} INFO - [[34m2024-11-18T18:44:06.234+0000[0m] {[34mcredentials.py:[0m1124} INFO[0m - Found credentials in environment variables.[0m
[2024-11-18T18:44:06.337+0000] {process_utils.py:190} INFO - Registered model 'spotify_model_prod' already exists. Creating a new version of this model...
[2024-11-18T18:44:06.337+0000] {process_utils.py:190} INFO - 2024/11/18 18:44:06 INFO mlflow.store.model_registry.abstract_store: Waiting up to 300 seconds for model version to finish creation. Model name: spotify_model_prod, version 11
[2024-11-18T18:44:06.338+0000] {process_utils.py:190} INFO - Created version '11' of model 'spotify_model_prod'.
[2024-11-18T18:44:06.338+0000] {process_utils.py:190} INFO - /tmp/venvbx99gy5g/lib/python3.8/site-packages/keras/src/engine/training.py:3000 UserWarning: You are saving your model as an HDF5 file via `model.save()`. This file format is considered legacy. We recommend using instead the native Keras format, e.g. `model.save('my_model.keras')`.
[2024-11-18T18:44:07.602+0000] {python.py:201} INFO - Done. Returned value was: Challenger model trained and logged.
[2024-11-18T18:44:07.669+0000] {taskinstance.py:1138} INFO - Marking task as SUCCESS. dag_id=spotify_retrain_challenge_model_v3, task_id=train_challenger_model, execution_date=20241117T000000, start_date=20241118T184340, end_date=20241118T184407
[2024-11-18T18:44:07.704+0000] {local_task_job_runner.py:234} INFO - Task exited with return code 0
[2024-11-18T18:44:07.716+0000] {taskinstance.py:3280} INFO - 1 downstream tasks scheduled from follow-on schedule check
