[2024-11-18T17:07:58.951+0000] {taskinstance.py:1956} INFO - Dependencies all met for dep_context=non-requeueable deps ti=<TaskInstance: spotify_recommender_dag_v3.train_embedding_model manual__2024-11-18T17:07:57.830956+00:00 [queued]>
[2024-11-18T17:07:58.955+0000] {taskinstance.py:1956} INFO - Dependencies all met for dep_context=requeueable deps ti=<TaskInstance: spotify_recommender_dag_v3.train_embedding_model manual__2024-11-18T17:07:57.830956+00:00 [queued]>
[2024-11-18T17:07:58.956+0000] {taskinstance.py:2170} INFO - Starting attempt 1 of 2
[2024-11-18T17:07:58.963+0000] {taskinstance.py:2191} INFO - Executing <Task(_PythonVirtualenvDecoratedOperator): train_embedding_model> on 2024-11-18 17:07:57.830956+00:00
[2024-11-18T17:07:58.966+0000] {standard_task_runner.py:60} INFO - Started process 283 to run task
[2024-11-18T17:07:58.969+0000] {standard_task_runner.py:87} INFO - Running: ['***', 'tasks', 'run', 'spotify_recommender_dag_v3', 'train_embedding_model', 'manual__2024-11-18T17:07:57.830956+00:00', '--job-id', '23', '--raw', '--subdir', 'DAGS_FOLDER/music_process.py', '--cfg-path', '/tmp/tmpne3tfqhx']
[2024-11-18T17:07:58.970+0000] {standard_task_runner.py:88} INFO - Job 23: Subtask train_embedding_model
[2024-11-18T17:07:58.995+0000] {task_command.py:423} INFO - Running <TaskInstance: spotify_recommender_dag_v3.train_embedding_model manual__2024-11-18T17:07:57.830956+00:00 [running]> on host 7526d0699246
[2024-11-18T17:07:59.034+0000] {taskinstance.py:2480} INFO - Exporting env vars: AIRFLOW_CTX_DAG_OWNER='Martín Horn' AIRFLOW_CTX_DAG_ID='spotify_recommender_dag_v3' AIRFLOW_CTX_TASK_ID='train_embedding_model' AIRFLOW_CTX_EXECUTION_DATE='2024-11-18T17:07:57.830956+00:00' AIRFLOW_CTX_TRY_NUMBER='1' AIRFLOW_CTX_DAG_RUN_ID='manual__2024-11-18T17:07:57.830956+00:00'
[2024-11-18T17:07:59.035+0000] {process_utils.py:182} INFO - Executing cmd: /usr/local/bin/python -m virtualenv /tmp/venvenepft24 --system-site-packages --python=python
[2024-11-18T17:07:59.039+0000] {process_utils.py:186} INFO - Output:
[2024-11-18T17:07:59.466+0000] {process_utils.py:190} INFO - created virtual environment CPython3.8.18.final.0-64 in 198ms
[2024-11-18T17:07:59.467+0000] {process_utils.py:190} INFO -   creator CPython3Posix(dest=/tmp/venvenepft24, clear=False, no_vcs_ignore=False, global=True)
[2024-11-18T17:07:59.467+0000] {process_utils.py:190} INFO -   seeder FromAppData(download=False, pip=bundle, setuptools=bundle, wheel=bundle, via=copy, app_data_dir=/home/***/.local/share/virtualenv)
[2024-11-18T17:07:59.467+0000] {process_utils.py:190} INFO -     added seed packages: pip==23.3.1, setuptools==69.0.2, wheel==0.42.0
[2024-11-18T17:07:59.467+0000] {process_utils.py:190} INFO -   activators BashActivator,CShellActivator,FishActivator,NushellActivator,PowerShellActivator,PythonActivator
[2024-11-18T17:07:59.491+0000] {process_utils.py:182} INFO - Executing cmd: /tmp/venvenepft24/bin/pip install -r /tmp/venvenepft24/requirements.txt
[2024-11-18T17:07:59.495+0000] {process_utils.py:186} INFO - Output:
[2024-11-18T17:08:00.555+0000] {process_utils.py:190} INFO - Collecting boto3==1.28.0 (from -r /tmp/venvenepft24/requirements.txt (line 1))
[2024-11-18T17:08:00.612+0000] {process_utils.py:190} INFO -   Downloading boto3-1.28.0-py3-none-any.whl.metadata (6.6 kB)
[2024-11-18T17:08:00.673+0000] {process_utils.py:190} INFO - Collecting mlflow==2.10.2 (from -r /tmp/venvenepft24/requirements.txt (line 2))
[2024-11-18T17:08:00.720+0000] {process_utils.py:190} INFO -   Downloading mlflow-2.10.2-py3-none-any.whl.metadata (13 kB)
[2024-11-18T17:08:00.728+0000] {process_utils.py:190} INFO - Requirement already satisfied: pandas==2.0.3 in /home/***/.local/lib/python3.8/site-packages (from -r /tmp/venvenepft24/requirements.txt (line 3)) (2.0.3)
[2024-11-18T17:08:00.918+0000] {process_utils.py:190} INFO - Collecting tensorflow==2.13.0 (from -r /tmp/venvenepft24/requirements.txt (line 4))
[2024-11-18T17:08:01.069+0000] {process_utils.py:190} INFO -   Downloading tensorflow-2.13.0-cp38-cp38-manylinux_2_17_x86_64.manylinux2014_x86_64.whl.metadata (3.4 kB)
[2024-11-18T17:08:01.469+0000] {process_utils.py:190} INFO - Collecting botocore<1.32.0,>=1.31.0 (from boto3==1.28.0->-r /tmp/venvenepft24/requirements.txt (line 1))
[2024-11-18T17:08:01.470+0000] {process_utils.py:190} INFO -   Using cached botocore-1.31.85-py3-none-any.whl.metadata (6.1 kB)
[2024-11-18T17:08:01.471+0000] {process_utils.py:190} INFO - Requirement already satisfied: jmespath<2.0.0,>=0.7.1 in /home/***/.local/lib/python3.8/site-packages (from boto3==1.28.0->-r /tmp/venvenepft24/requirements.txt (line 1)) (0.10.0)
[2024-11-18T17:08:01.495+0000] {process_utils.py:190} INFO - Collecting s3transfer<0.7.0,>=0.6.0 (from boto3==1.28.0->-r /tmp/venvenepft24/requirements.txt (line 1))
[2024-11-18T17:08:01.496+0000] {process_utils.py:190} INFO -   Using cached s3transfer-0.6.2-py3-none-any.whl.metadata (1.8 kB)
[2024-11-18T17:08:01.551+0000] {process_utils.py:190} INFO - Requirement already satisfied: click<9,>=7.0 in /home/***/.local/lib/python3.8/site-packages (from mlflow==2.10.2->-r /tmp/venvenepft24/requirements.txt (line 2)) (8.1.7)
[2024-11-18T17:08:01.551+0000] {process_utils.py:190} INFO - Requirement already satisfied: cloudpickle<4 in /home/***/.local/lib/python3.8/site-packages (from mlflow==2.10.2->-r /tmp/venvenepft24/requirements.txt (line 2)) (3.1.0)
[2024-11-18T17:08:01.722+0000] {process_utils.py:190} INFO - Collecting entrypoints<1 (from mlflow==2.10.2->-r /tmp/venvenepft24/requirements.txt (line 2))
[2024-11-18T17:08:01.740+0000] {process_utils.py:190} INFO -   Downloading entrypoints-0.4-py3-none-any.whl.metadata (2.6 kB)
[2024-11-18T17:08:01.744+0000] {process_utils.py:190} INFO - Requirement already satisfied: gitpython<4,>=2.1.0 in /home/***/.local/lib/python3.8/site-packages (from mlflow==2.10.2->-r /tmp/venvenepft24/requirements.txt (line 2)) (3.1.43)
[2024-11-18T17:08:01.745+0000] {process_utils.py:190} INFO - Requirement already satisfied: pyyaml<7,>=5.1 in /home/***/.local/lib/python3.8/site-packages (from mlflow==2.10.2->-r /tmp/venvenepft24/requirements.txt (line 2)) (6.0.1)
[2024-11-18T17:08:01.745+0000] {process_utils.py:190} INFO - Requirement already satisfied: protobuf<5,>=3.12.0 in /home/***/.local/lib/python3.8/site-packages (from mlflow==2.10.2->-r /tmp/venvenepft24/requirements.txt (line 2)) (4.25.2)
[2024-11-18T17:08:01.746+0000] {process_utils.py:190} INFO - Requirement already satisfied: pytz<2024 in /home/***/.local/lib/python3.8/site-packages (from mlflow==2.10.2->-r /tmp/venvenepft24/requirements.txt (line 2)) (2023.3.post1)
[2024-11-18T17:08:01.746+0000] {process_utils.py:190} INFO - Requirement already satisfied: requests<3,>=2.17.3 in /home/***/.local/lib/python3.8/site-packages (from mlflow==2.10.2->-r /tmp/venvenepft24/requirements.txt (line 2)) (2.31.0)
[2024-11-18T17:08:01.747+0000] {process_utils.py:190} INFO - Requirement already satisfied: packaging<24 in /home/***/.local/lib/python3.8/site-packages (from mlflow==2.10.2->-r /tmp/venvenepft24/requirements.txt (line 2)) (23.2)
[2024-11-18T17:08:01.747+0000] {process_utils.py:190} INFO - Requirement already satisfied: importlib-metadata!=4.7.0,<8,>=3.7.0 in /home/***/.local/lib/python3.8/site-packages (from mlflow==2.10.2->-r /tmp/venvenepft24/requirements.txt (line 2)) (6.11.0)
[2024-11-18T17:08:01.747+0000] {process_utils.py:190} INFO - Requirement already satisfied: sqlparse<1,>=0.4.0 in /home/***/.local/lib/python3.8/site-packages (from mlflow==2.10.2->-r /tmp/venvenepft24/requirements.txt (line 2)) (0.4.4)
[2024-11-18T17:08:01.748+0000] {process_utils.py:190} INFO - Requirement already satisfied: alembic!=1.10.0,<2 in /home/***/.local/lib/python3.8/site-packages (from mlflow==2.10.2->-r /tmp/venvenepft24/requirements.txt (line 2)) (1.13.1)
[2024-11-18T17:08:01.749+0000] {process_utils.py:190} INFO - Requirement already satisfied: docker<8,>=4.0.0 in /home/***/.local/lib/python3.8/site-packages (from mlflow==2.10.2->-r /tmp/venvenepft24/requirements.txt (line 2)) (7.0.0)
[2024-11-18T17:08:01.749+0000] {process_utils.py:190} INFO - Requirement already satisfied: Flask<4 in /home/***/.local/lib/python3.8/site-packages (from mlflow==2.10.2->-r /tmp/venvenepft24/requirements.txt (line 2)) (2.2.5)
[2024-11-18T17:08:01.750+0000] {process_utils.py:190} INFO - Requirement already satisfied: numpy<2 in /home/***/.local/lib/python3.8/site-packages (from mlflow==2.10.2->-r /tmp/venvenepft24/requirements.txt (line 2)) (1.24.4)
[2024-11-18T17:08:01.750+0000] {process_utils.py:190} INFO - Requirement already satisfied: scipy<2 in /home/***/.local/lib/python3.8/site-packages (from mlflow==2.10.2->-r /tmp/venvenepft24/requirements.txt (line 2)) (1.10.1)
[2024-11-18T17:08:01.924+0000] {process_utils.py:190} INFO - Collecting querystring-parser<2 (from mlflow==2.10.2->-r /tmp/venvenepft24/requirements.txt (line 2))
[2024-11-18T17:08:01.952+0000] {process_utils.py:190} INFO -   Downloading querystring_parser-1.2.4-py2.py3-none-any.whl.metadata (559 bytes)
[2024-11-18T17:08:01.956+0000] {process_utils.py:190} INFO - Requirement already satisfied: sqlalchemy<3,>=1.4.0 in /home/***/.local/lib/python3.8/site-packages (from mlflow==2.10.2->-r /tmp/venvenepft24/requirements.txt (line 2)) (1.4.51)
[2024-11-18T17:08:01.956+0000] {process_utils.py:190} INFO - Requirement already satisfied: scikit-learn<2 in /home/***/.local/lib/python3.8/site-packages (from mlflow==2.10.2->-r /tmp/venvenepft24/requirements.txt (line 2)) (1.3.2)
[2024-11-18T17:08:01.956+0000] {process_utils.py:190} INFO - Requirement already satisfied: pyarrow<16,>=4.0.0 in /home/***/.local/lib/python3.8/site-packages (from mlflow==2.10.2->-r /tmp/venvenepft24/requirements.txt (line 2)) (14.0.2)
[2024-11-18T17:08:01.957+0000] {process_utils.py:190} INFO - Requirement already satisfied: markdown<4,>=3.3 in /home/***/.local/lib/python3.8/site-packages (from mlflow==2.10.2->-r /tmp/venvenepft24/requirements.txt (line 2)) (3.5.2)
[2024-11-18T17:08:01.957+0000] {process_utils.py:190} INFO - Requirement already satisfied: matplotlib<4 in /home/***/.local/lib/python3.8/site-packages (from mlflow==2.10.2->-r /tmp/venvenepft24/requirements.txt (line 2)) (3.7.5)
[2024-11-18T17:08:01.958+0000] {process_utils.py:190} INFO - Requirement already satisfied: gunicorn<22 in /home/***/.local/lib/python3.8/site-packages (from mlflow==2.10.2->-r /tmp/venvenepft24/requirements.txt (line 2)) (21.2.0)
[2024-11-18T17:08:01.959+0000] {process_utils.py:190} INFO - Requirement already satisfied: Jinja2<4,>=2.11 in /home/***/.local/lib/python3.8/site-packages (from mlflow==2.10.2->-r /tmp/venvenepft24/requirements.txt (line 2)) (3.1.3)
[2024-11-18T17:08:02.015+0000] {process_utils.py:190} INFO - Requirement already satisfied: python-dateutil>=2.8.2 in /home/***/.local/lib/python3.8/site-packages (from pandas==2.0.3->-r /tmp/venvenepft24/requirements.txt (line 3)) (2.8.2)
[2024-11-18T17:08:02.015+0000] {process_utils.py:190} INFO - Requirement already satisfied: tzdata>=2022.1 in /home/***/.local/lib/python3.8/site-packages (from pandas==2.0.3->-r /tmp/venvenepft24/requirements.txt (line 3)) (2023.4)
[2024-11-18T17:08:02.072+0000] {process_utils.py:190} INFO - Collecting absl-py>=1.0.0 (from tensorflow==2.13.0->-r /tmp/venvenepft24/requirements.txt (line 4))
[2024-11-18T17:08:02.098+0000] {process_utils.py:190} INFO -   Downloading absl_py-2.1.0-py3-none-any.whl.metadata (2.3 kB)
[2024-11-18T17:08:02.139+0000] {process_utils.py:190} INFO - Collecting astunparse>=1.6.0 (from tensorflow==2.13.0->-r /tmp/venvenepft24/requirements.txt (line 4))
[2024-11-18T17:08:02.172+0000] {process_utils.py:190} INFO -   Downloading astunparse-1.6.3-py2.py3-none-any.whl.metadata (4.4 kB)
[2024-11-18T17:08:02.223+0000] {process_utils.py:190} INFO - Collecting flatbuffers>=23.1.21 (from tensorflow==2.13.0->-r /tmp/venvenepft24/requirements.txt (line 4))
[2024-11-18T17:08:02.264+0000] {process_utils.py:190} INFO -   Downloading flatbuffers-24.3.25-py2.py3-none-any.whl.metadata (850 bytes)
[2024-11-18T17:08:02.324+0000] {process_utils.py:190} INFO - Collecting gast<=0.4.0,>=0.2.1 (from tensorflow==2.13.0->-r /tmp/venvenepft24/requirements.txt (line 4))
[2024-11-18T17:08:02.374+0000] {process_utils.py:190} INFO -   Downloading gast-0.4.0-py3-none-any.whl.metadata (1.1 kB)
[2024-11-18T17:08:02.446+0000] {process_utils.py:190} INFO - Collecting google-pasta>=0.1.1 (from tensorflow==2.13.0->-r /tmp/venvenepft24/requirements.txt (line 4))
[2024-11-18T17:08:02.503+0000] {process_utils.py:190} INFO -   Downloading google_pasta-0.2.0-py3-none-any.whl.metadata (814 bytes)
[2024-11-18T17:08:02.506+0000] {process_utils.py:190} INFO - Requirement already satisfied: grpcio<2.0,>=1.24.3 in /home/***/.local/lib/python3.8/site-packages (from tensorflow==2.13.0->-r /tmp/venvenepft24/requirements.txt (line 4)) (1.60.0)
[2024-11-18T17:08:02.626+0000] {process_utils.py:190} INFO - Collecting h5py>=2.9.0 (from tensorflow==2.13.0->-r /tmp/venvenepft24/requirements.txt (line 4))
[2024-11-18T17:08:02.694+0000] {process_utils.py:190} INFO -   Downloading h5py-3.11.0-cp38-cp38-manylinux_2_17_x86_64.manylinux2014_x86_64.whl.metadata (2.5 kB)
[2024-11-18T17:08:02.784+0000] {process_utils.py:190} INFO - Collecting keras<2.14,>=2.13.1 (from tensorflow==2.13.0->-r /tmp/venvenepft24/requirements.txt (line 4))
[2024-11-18T17:08:02.810+0000] {process_utils.py:190} INFO -   Downloading keras-2.13.1-py3-none-any.whl.metadata (2.4 kB)
[2024-11-18T17:08:02.865+0000] {process_utils.py:190} INFO - Collecting libclang>=13.0.0 (from tensorflow==2.13.0->-r /tmp/venvenepft24/requirements.txt (line 4))
[2024-11-18T17:08:02.902+0000] {process_utils.py:190} INFO -   Downloading libclang-18.1.1-py2.py3-none-manylinux2010_x86_64.whl.metadata (5.2 kB)
[2024-11-18T17:08:03.152+0000] {process_utils.py:190} INFO - Collecting numpy<2 (from mlflow==2.10.2->-r /tmp/venvenepft24/requirements.txt (line 2))
[2024-11-18T17:08:03.161+0000] {process_utils.py:190} INFO -   Downloading numpy-1.24.3-cp38-cp38-manylinux_2_17_x86_64.manylinux2014_x86_64.whl.metadata (5.6 kB)
[2024-11-18T17:08:03.183+0000] {process_utils.py:190} INFO - Collecting opt-einsum>=2.3.2 (from tensorflow==2.13.0->-r /tmp/venvenepft24/requirements.txt (line 4))
[2024-11-18T17:08:03.193+0000] {process_utils.py:190} INFO -   Downloading opt_einsum-3.4.0-py3-none-any.whl.metadata (6.3 kB)
[2024-11-18T17:08:03.198+0000] {process_utils.py:190} INFO - Requirement already satisfied: setuptools in /tmp/venvenepft24/lib/python3.8/site-packages (from tensorflow==2.13.0->-r /tmp/venvenepft24/requirements.txt (line 4)) (69.0.2)
[2024-11-18T17:08:03.198+0000] {process_utils.py:190} INFO - Requirement already satisfied: six>=1.12.0 in /home/***/.local/lib/python3.8/site-packages (from tensorflow==2.13.0->-r /tmp/venvenepft24/requirements.txt (line 4)) (1.16.0)
[2024-11-18T17:08:03.224+0000] {process_utils.py:190} INFO - Collecting tensorboard<2.14,>=2.13 (from tensorflow==2.13.0->-r /tmp/venvenepft24/requirements.txt (line 4))
[2024-11-18T17:08:03.232+0000] {process_utils.py:190} INFO -   Downloading tensorboard-2.13.0-py3-none-any.whl.metadata (1.8 kB)
[2024-11-18T17:08:03.393+0000] {process_utils.py:190} INFO - Collecting tensorflow-estimator<2.14,>=2.13.0 (from tensorflow==2.13.0->-r /tmp/venvenepft24/requirements.txt (line 4))
[2024-11-18T17:08:03.402+0000] {process_utils.py:190} INFO -   Downloading tensorflow_estimator-2.13.0-py2.py3-none-any.whl.metadata (1.3 kB)
[2024-11-18T17:08:03.406+0000] {process_utils.py:190} INFO - Requirement already satisfied: termcolor>=1.1.0 in /home/***/.local/lib/python3.8/site-packages (from tensorflow==2.13.0->-r /tmp/venvenepft24/requirements.txt (line 4)) (2.4.0)
[2024-11-18T17:08:03.433+0000] {process_utils.py:190} INFO - Collecting typing-extensions<4.6.0,>=3.6.6 (from tensorflow==2.13.0->-r /tmp/venvenepft24/requirements.txt (line 4))
[2024-11-18T17:08:03.442+0000] {process_utils.py:190} INFO -   Downloading typing_extensions-4.5.0-py3-none-any.whl.metadata (8.5 kB)
[2024-11-18T17:08:03.447+0000] {process_utils.py:190} INFO - Requirement already satisfied: wrapt>=1.11.0 in /home/***/.local/lib/python3.8/site-packages (from tensorflow==2.13.0->-r /tmp/venvenepft24/requirements.txt (line 4)) (1.16.0)
[2024-11-18T17:08:03.512+0000] {process_utils.py:190} INFO - Collecting tensorflow-io-gcs-filesystem>=0.23.1 (from tensorflow==2.13.0->-r /tmp/venvenepft24/requirements.txt (line 4))
[2024-11-18T17:08:03.521+0000] {process_utils.py:190} INFO -   Downloading tensorflow_io_gcs_filesystem-0.34.0-cp38-cp38-manylinux_2_12_x86_64.manylinux2010_x86_64.whl.metadata (14 kB)
[2024-11-18T17:08:03.533+0000] {process_utils.py:190} INFO - Requirement already satisfied: Mako in /home/***/.local/lib/python3.8/site-packages (from alembic!=1.10.0,<2->mlflow==2.10.2->-r /tmp/venvenepft24/requirements.txt (line 2)) (1.3.0)
[2024-11-18T17:08:03.538+0000] {process_utils.py:190} INFO - Requirement already satisfied: importlib-resources in /home/***/.local/lib/python3.8/site-packages (from alembic!=1.10.0,<2->mlflow==2.10.2->-r /tmp/venvenepft24/requirements.txt (line 2)) (5.13.0)
[2024-11-18T17:08:03.541+0000] {process_utils.py:190} INFO - Requirement already satisfied: wheel<1.0,>=0.23.0 in /tmp/venvenepft24/lib/python3.8/site-packages (from astunparse>=1.6.0->tensorflow==2.13.0->-r /tmp/venvenepft24/requirements.txt (line 4)) (0.42.0)
[2024-11-18T17:08:03.546+0000] {process_utils.py:190} INFO - Requirement already satisfied: urllib3<1.27,>=1.25.4 in /home/***/.local/lib/python3.8/site-packages (from botocore<1.32.0,>=1.31.0->boto3==1.28.0->-r /tmp/venvenepft24/requirements.txt (line 1)) (1.26.18)
[2024-11-18T17:08:03.564+0000] {process_utils.py:190} INFO - Requirement already satisfied: Werkzeug>=2.2.2 in /home/***/.local/lib/python3.8/site-packages (from Flask<4->mlflow==2.10.2->-r /tmp/venvenepft24/requirements.txt (line 2)) (2.2.3)
[2024-11-18T17:08:03.564+0000] {process_utils.py:190} INFO - Requirement already satisfied: itsdangerous>=2.0 in /home/***/.local/lib/python3.8/site-packages (from Flask<4->mlflow==2.10.2->-r /tmp/venvenepft24/requirements.txt (line 2)) (2.1.2)
[2024-11-18T17:08:03.582+0000] {process_utils.py:190} INFO - Requirement already satisfied: gitdb<5,>=4.0.1 in /home/***/.local/lib/python3.8/site-packages (from gitpython<4,>=2.1.0->mlflow==2.10.2->-r /tmp/venvenepft24/requirements.txt (line 2)) (4.0.11)
[2024-11-18T17:08:03.615+0000] {process_utils.py:190} INFO - Requirement already satisfied: zipp>=0.5 in /home/***/.local/lib/python3.8/site-packages (from importlib-metadata!=4.7.0,<8,>=3.7.0->mlflow==2.10.2->-r /tmp/venvenepft24/requirements.txt (line 2)) (3.17.0)
[2024-11-18T17:08:03.618+0000] {process_utils.py:190} INFO - Requirement already satisfied: MarkupSafe>=2.0 in /home/***/.local/lib/python3.8/site-packages (from Jinja2<4,>=2.11->mlflow==2.10.2->-r /tmp/venvenepft24/requirements.txt (line 2)) (2.1.3)
[2024-11-18T17:08:03.639+0000] {process_utils.py:190} INFO - Requirement already satisfied: contourpy>=1.0.1 in /home/***/.local/lib/python3.8/site-packages (from matplotlib<4->mlflow==2.10.2->-r /tmp/venvenepft24/requirements.txt (line 2)) (1.1.1)
[2024-11-18T17:08:03.640+0000] {process_utils.py:190} INFO - Requirement already satisfied: cycler>=0.10 in /home/***/.local/lib/python3.8/site-packages (from matplotlib<4->mlflow==2.10.2->-r /tmp/venvenepft24/requirements.txt (line 2)) (0.12.1)
[2024-11-18T17:08:03.640+0000] {process_utils.py:190} INFO - Requirement already satisfied: fonttools>=4.22.0 in /home/***/.local/lib/python3.8/site-packages (from matplotlib<4->mlflow==2.10.2->-r /tmp/venvenepft24/requirements.txt (line 2)) (4.54.1)
[2024-11-18T17:08:03.641+0000] {process_utils.py:190} INFO - Requirement already satisfied: kiwisolver>=1.0.1 in /home/***/.local/lib/python3.8/site-packages (from matplotlib<4->mlflow==2.10.2->-r /tmp/venvenepft24/requirements.txt (line 2)) (1.4.7)
[2024-11-18T17:08:03.650+0000] {process_utils.py:190} INFO - Requirement already satisfied: pillow>=6.2.0 in /home/***/.local/lib/python3.8/site-packages (from matplotlib<4->mlflow==2.10.2->-r /tmp/venvenepft24/requirements.txt (line 2)) (10.4.0)
[2024-11-18T17:08:03.651+0000] {process_utils.py:190} INFO - Requirement already satisfied: pyparsing>=2.3.1 in /home/***/.local/lib/python3.8/site-packages (from matplotlib<4->mlflow==2.10.2->-r /tmp/venvenepft24/requirements.txt (line 2)) (3.1.1)
[2024-11-18T17:08:03.692+0000] {process_utils.py:190} INFO - Requirement already satisfied: charset-normalizer<4,>=2 in /home/***/.local/lib/python3.8/site-packages (from requests<3,>=2.17.3->mlflow==2.10.2->-r /tmp/venvenepft24/requirements.txt (line 2)) (3.3.2)
[2024-11-18T17:08:03.693+0000] {process_utils.py:190} INFO - Requirement already satisfied: idna<4,>=2.5 in /home/***/.local/lib/python3.8/site-packages (from requests<3,>=2.17.3->mlflow==2.10.2->-r /tmp/venvenepft24/requirements.txt (line 2)) (3.6)
[2024-11-18T17:08:03.693+0000] {process_utils.py:190} INFO - Requirement already satisfied: certifi>=2017.4.17 in /home/***/.local/lib/python3.8/site-packages (from requests<3,>=2.17.3->mlflow==2.10.2->-r /tmp/venvenepft24/requirements.txt (line 2)) (2023.11.17)
[2024-11-18T17:08:03.870+0000] {process_utils.py:190} INFO - Requirement already satisfied: joblib>=1.1.1 in /home/***/.local/lib/python3.8/site-packages (from scikit-learn<2->mlflow==2.10.2->-r /tmp/venvenepft24/requirements.txt (line 2)) (1.4.2)
[2024-11-18T17:08:03.870+0000] {process_utils.py:190} INFO - Requirement already satisfied: threadpoolctl>=2.0.0 in /home/***/.local/lib/python3.8/site-packages (from scikit-learn<2->mlflow==2.10.2->-r /tmp/venvenepft24/requirements.txt (line 2)) (3.5.0)
[2024-11-18T17:08:03.947+0000] {process_utils.py:190} INFO - Requirement already satisfied: greenlet!=0.4.17 in /home/***/.local/lib/python3.8/site-packages (from sqlalchemy<3,>=1.4.0->mlflow==2.10.2->-r /tmp/venvenepft24/requirements.txt (line 2)) (3.0.3)
[2024-11-18T17:08:03.966+0000] {process_utils.py:190} INFO - Requirement already satisfied: google-auth<3,>=1.6.3 in /home/***/.local/lib/python3.8/site-packages (from tensorboard<2.14,>=2.13->tensorflow==2.13.0->-r /tmp/venvenepft24/requirements.txt (line 4)) (2.26.2)
[2024-11-18T17:08:03.987+0000] {process_utils.py:190} INFO - Collecting google-auth-oauthlib<1.1,>=0.5 (from tensorboard<2.14,>=2.13->tensorflow==2.13.0->-r /tmp/venvenepft24/requirements.txt (line 4))
[2024-11-18T17:08:03.996+0000] {process_utils.py:190} INFO -   Downloading google_auth_oauthlib-1.0.0-py2.py3-none-any.whl.metadata (2.7 kB)
[2024-11-18T17:08:04.033+0000] {process_utils.py:190} INFO - Collecting tensorboard-data-server<0.8.0,>=0.7.0 (from tensorboard<2.14,>=2.13->tensorflow==2.13.0->-r /tmp/venvenepft24/requirements.txt (line 4))
[2024-11-18T17:08:04.041+0000] {process_utils.py:190} INFO -   Downloading tensorboard_data_server-0.7.2-py3-none-manylinux_2_31_x86_64.whl.metadata (1.1 kB)
[2024-11-18T17:08:04.185+0000] {process_utils.py:190} INFO - Requirement already satisfied: smmap<6,>=3.0.1 in /home/***/.local/lib/python3.8/site-packages (from gitdb<5,>=4.0.1->gitpython<4,>=2.1.0->mlflow==2.10.2->-r /tmp/venvenepft24/requirements.txt (line 2)) (5.0.1)
[2024-11-18T17:08:04.196+0000] {process_utils.py:190} INFO - Requirement already satisfied: cachetools<6.0,>=2.0.0 in /home/***/.local/lib/python3.8/site-packages (from google-auth<3,>=1.6.3->tensorboard<2.14,>=2.13->tensorflow==2.13.0->-r /tmp/venvenepft24/requirements.txt (line 4)) (5.3.2)
[2024-11-18T17:08:04.197+0000] {process_utils.py:190} INFO - Requirement already satisfied: pyasn1-modules>=0.2.1 in /home/***/.local/lib/python3.8/site-packages (from google-auth<3,>=1.6.3->tensorboard<2.14,>=2.13->tensorflow==2.13.0->-r /tmp/venvenepft24/requirements.txt (line 4)) (0.3.0)
[2024-11-18T17:08:04.197+0000] {process_utils.py:190} INFO - Requirement already satisfied: rsa<5,>=3.1.4 in /home/***/.local/lib/python3.8/site-packages (from google-auth<3,>=1.6.3->tensorboard<2.14,>=2.13->tensorflow==2.13.0->-r /tmp/venvenepft24/requirements.txt (line 4)) (4.9)
[2024-11-18T17:08:04.205+0000] {process_utils.py:190} INFO - Requirement already satisfied: requests-oauthlib>=0.7.0 in /home/***/.local/lib/python3.8/site-packages (from google-auth-oauthlib<1.1,>=0.5->tensorboard<2.14,>=2.13->tensorflow==2.13.0->-r /tmp/venvenepft24/requirements.txt (line 4)) (1.3.1)
[2024-11-18T17:08:04.347+0000] {process_utils.py:190} INFO - Requirement already satisfied: pyasn1<0.6.0,>=0.4.6 in /home/***/.local/lib/python3.8/site-packages (from pyasn1-modules>=0.2.1->google-auth<3,>=1.6.3->tensorboard<2.14,>=2.13->tensorflow==2.13.0->-r /tmp/venvenepft24/requirements.txt (line 4)) (0.5.1)
[2024-11-18T17:08:04.354+0000] {process_utils.py:190} INFO - Requirement already satisfied: oauthlib>=3.0.0 in /home/***/.local/lib/python3.8/site-packages (from requests-oauthlib>=0.7.0->google-auth-oauthlib<1.1,>=0.5->tensorboard<2.14,>=2.13->tensorflow==2.13.0->-r /tmp/venvenepft24/requirements.txt (line 4)) (3.2.2)
[2024-11-18T17:08:04.387+0000] {process_utils.py:190} INFO - Using cached boto3-1.28.0-py3-none-any.whl (135 kB)
[2024-11-18T17:08:04.544+0000] {process_utils.py:190} INFO - Downloading mlflow-2.10.2-py3-none-any.whl (19.5 MB)
[2024-11-18T17:08:09.559+0000] {process_utils.py:190} INFO -    ━━━━━━━━━━━━━━━━━━━━━━━━━━━━━━━━━━━━━━━━ 19.5/19.5 MB 3.1 MB/s eta 0:00:00
[2024-11-18T17:08:09.721+0000] {process_utils.py:190} INFO - Downloading tensorflow-2.13.0-cp38-cp38-manylinux_2_17_x86_64.manylinux2014_x86_64.whl (524.1 MB)
[2024-11-18T17:11:29.598+0000] {process_utils.py:190} INFO -    ━━━━━━━━━━━━━━━━━━━━━━━━━━━━━━━━━━━━━━━━ 524.1/524.1 MB 3.2 MB/s eta 0:00:00
[2024-11-18T17:11:29.607+0000] {process_utils.py:190} INFO - Downloading absl_py-2.1.0-py3-none-any.whl (133 kB)
[2024-11-18T17:11:29.622+0000] {process_utils.py:190} INFO -    ━━━━━━━━━━━━━━━━━━━━━━━━━━━━━━━━━━━━━━━━ 133.7/133.7 kB 10.4 MB/s eta 0:00:00
[2024-11-18T17:11:29.631+0000] {process_utils.py:190} INFO - Downloading astunparse-1.6.3-py2.py3-none-any.whl (12 kB)
[2024-11-18T17:11:29.635+0000] {process_utils.py:190} INFO - Using cached botocore-1.31.85-py3-none-any.whl (11.3 MB)
[2024-11-18T17:11:29.654+0000] {process_utils.py:190} INFO - Downloading entrypoints-0.4-py3-none-any.whl (5.3 kB)
[2024-11-18T17:11:29.668+0000] {process_utils.py:190} INFO - Downloading flatbuffers-24.3.25-py2.py3-none-any.whl (26 kB)
[2024-11-18T17:11:29.678+0000] {process_utils.py:190} INFO - Downloading gast-0.4.0-py3-none-any.whl (9.8 kB)
[2024-11-18T17:11:29.688+0000] {process_utils.py:190} INFO - Downloading google_pasta-0.2.0-py3-none-any.whl (57 kB)
[2024-11-18T17:11:29.696+0000] {process_utils.py:190} INFO -    ━━━━━━━━━━━━━━━━━━━━━━━━━━━━━━━━━━━━━━━━ 57.5/57.5 kB 7.7 MB/s eta 0:00:00
[2024-11-18T17:11:29.704+0000] {process_utils.py:190} INFO - Downloading h5py-3.11.0-cp38-cp38-manylinux_2_17_x86_64.manylinux2014_x86_64.whl (5.3 MB)
[2024-11-18T17:11:30.161+0000] {process_utils.py:190} INFO -    ━━━━━━━━━━━━━━━━━━━━━━━━━━━━━━━━━━━━━━━━ 5.3/5.3 MB 11.7 MB/s eta 0:00:00
[2024-11-18T17:11:30.169+0000] {process_utils.py:190} INFO - Downloading keras-2.13.1-py3-none-any.whl (1.7 MB)
[2024-11-18T17:11:30.319+0000] {process_utils.py:190} INFO -    ━━━━━━━━━━━━━━━━━━━━━━━━━━━━━━━━━━━━━━━━ 1.7/1.7 MB 11.5 MB/s eta 0:00:00
[2024-11-18T17:11:30.328+0000] {process_utils.py:190} INFO - Downloading libclang-18.1.1-py2.py3-none-manylinux2010_x86_64.whl (24.5 MB)
[2024-11-18T17:11:32.423+0000] {process_utils.py:190} INFO -    ━━━━━━━━━━━━━━━━━━━━━━━━━━━━━━━━━━━━━━━━ 24.5/24.5 MB 11.5 MB/s eta 0:00:00
[2024-11-18T17:11:32.615+0000] {process_utils.py:190} INFO - Downloading numpy-1.24.3-cp38-cp38-manylinux_2_17_x86_64.manylinux2014_x86_64.whl (17.3 MB)
[2024-11-18T17:11:38.260+0000] {process_utils.py:190} INFO -    ━━━━━━━━━━━━━━━━━━━━━━━━━━━━━━━━━━━━━━━━ 17.3/17.3 MB 2.7 MB/s eta 0:00:00
[2024-11-18T17:11:38.268+0000] {process_utils.py:190} INFO - Downloading opt_einsum-3.4.0-py3-none-any.whl (71 kB)
[2024-11-18T17:11:38.278+0000] {process_utils.py:190} INFO -    ━━━━━━━━━━━━━━━━━━━━━━━━━━━━━━━━━━━━━━━━ 71.9/71.9 kB 8.1 MB/s eta 0:00:00
[2024-11-18T17:11:38.285+0000] {process_utils.py:190} INFO - Downloading querystring_parser-1.2.4-py2.py3-none-any.whl (7.9 kB)
[2024-11-18T17:11:38.289+0000] {process_utils.py:190} INFO - Using cached s3transfer-0.6.2-py3-none-any.whl (79 kB)
[2024-11-18T17:11:38.297+0000] {process_utils.py:190} INFO - Downloading tensorboard-2.13.0-py3-none-any.whl (5.6 MB)
[2024-11-18T17:11:38.777+0000] {process_utils.py:190} INFO -    ━━━━━━━━━━━━━━━━━━━━━━━━━━━━━━━━━━━━━━━━ 5.6/5.6 MB 11.7 MB/s eta 0:00:00
[2024-11-18T17:11:38.787+0000] {process_utils.py:190} INFO - Downloading tensorflow_estimator-2.13.0-py2.py3-none-any.whl (440 kB)
[2024-11-18T17:11:38.829+0000] {process_utils.py:190} INFO -    ━━━━━━━━━━━━━━━━━━━━━━━━━━━━━━━━━━━━━━━━ 440.8/440.8 kB 11.1 MB/s eta 0:00:00
[2024-11-18T17:11:38.838+0000] {process_utils.py:190} INFO - Downloading tensorflow_io_gcs_filesystem-0.34.0-cp38-cp38-manylinux_2_12_x86_64.manylinux2010_x86_64.whl (2.4 MB)
[2024-11-18T17:11:39.048+0000] {process_utils.py:190} INFO -    ━━━━━━━━━━━━━━━━━━━━━━━━━━━━━━━━━━━━━━━━ 2.4/2.4 MB 11.5 MB/s eta 0:00:00
[2024-11-18T17:11:39.056+0000] {process_utils.py:190} INFO - Downloading typing_extensions-4.5.0-py3-none-any.whl (27 kB)
[2024-11-18T17:11:39.069+0000] {process_utils.py:190} INFO - Downloading google_auth_oauthlib-1.0.0-py2.py3-none-any.whl (18 kB)
[2024-11-18T17:11:39.082+0000] {process_utils.py:190} INFO - Downloading tensorboard_data_server-0.7.2-py3-none-manylinux_2_31_x86_64.whl (6.6 MB)
[2024-11-18T17:11:39.650+0000] {process_utils.py:190} INFO -    ━━━━━━━━━━━━━━━━━━━━━━━━━━━━━━━━━━━━━━━━ 6.6/6.6 MB 11.6 MB/s eta 0:00:00
[2024-11-18T17:11:41.831+0000] {process_utils.py:190} INFO - Installing collected packages: libclang, flatbuffers, typing-extensions, tensorflow-io-gcs-filesystem, tensorflow-estimator, tensorboard-data-server, querystring-parser, opt-einsum, numpy, keras, google-pasta, gast, entrypoints, astunparse, absl-py, h5py, botocore, s3transfer, google-auth-oauthlib, tensorboard, mlflow, boto3, tensorflow
[2024-11-18T17:11:42.086+0000] {process_utils.py:190} INFO -   Attempting uninstall: typing-extensions
[2024-11-18T17:11:42.088+0000] {process_utils.py:190} INFO -     Found existing installation: typing_extensions 4.9.0
[2024-11-18T17:11:42.088+0000] {process_utils.py:190} INFO -     Not uninstalling typing-extensions at /home/***/.local/lib/python3.8/site-packages, outside environment /tmp/venvenepft24
[2024-11-18T17:11:42.088+0000] {process_utils.py:190} INFO -     Can't uninstall 'typing_extensions'. No files were found to uninstall.
[2024-11-18T17:11:42.365+0000] {process_utils.py:190} INFO -   Attempting uninstall: numpy
[2024-11-18T17:11:42.366+0000] {process_utils.py:190} INFO -     Found existing installation: numpy 1.24.4
[2024-11-18T17:11:42.366+0000] {process_utils.py:190} INFO -     Not uninstalling numpy at /home/***/.local/lib/python3.8/site-packages, outside environment /tmp/venvenepft24
[2024-11-18T17:11:42.366+0000] {process_utils.py:190} INFO -     Can't uninstall 'numpy'. No files were found to uninstall.
[2024-11-18T17:11:44.055+0000] {process_utils.py:190} INFO -   Attempting uninstall: botocore
[2024-11-18T17:11:44.056+0000] {process_utils.py:190} INFO -     Found existing installation: botocore 1.35.44
[2024-11-18T17:11:44.056+0000] {process_utils.py:190} INFO -     Not uninstalling botocore at /home/***/.local/lib/python3.8/site-packages, outside environment /tmp/venvenepft24
[2024-11-18T17:11:44.057+0000] {process_utils.py:190} INFO -     Can't uninstall 'botocore'. No files were found to uninstall.
[2024-11-18T17:11:44.480+0000] {process_utils.py:190} INFO -   Attempting uninstall: s3transfer
[2024-11-18T17:11:44.481+0000] {process_utils.py:190} INFO -     Found existing installation: s3transfer 0.10.3
[2024-11-18T17:11:44.481+0000] {process_utils.py:190} INFO -     Not uninstalling s3transfer at /home/***/.local/lib/python3.8/site-packages, outside environment /tmp/venvenepft24
[2024-11-18T17:11:44.482+0000] {process_utils.py:190} INFO -     Can't uninstall 's3transfer'. No files were found to uninstall.
[2024-11-18T17:11:44.503+0000] {process_utils.py:190} INFO -   Attempting uninstall: google-auth-oauthlib
[2024-11-18T17:11:44.504+0000] {process_utils.py:190} INFO -     Found existing installation: google-auth-oauthlib 1.2.0
[2024-11-18T17:11:44.504+0000] {process_utils.py:190} INFO -     Not uninstalling google-auth-oauthlib at /home/***/.local/lib/python3.8/site-packages, outside environment /tmp/venvenepft24
[2024-11-18T17:11:44.505+0000] {process_utils.py:190} INFO -     Can't uninstall 'google-auth-oauthlib'. No files were found to uninstall.
[2024-11-18T17:11:44.712+0000] {process_utils.py:190} INFO -   Attempting uninstall: mlflow
[2024-11-18T17:11:44.714+0000] {process_utils.py:190} INFO -     Found existing installation: mlflow 2.17.0
[2024-11-18T17:11:44.714+0000] {process_utils.py:190} INFO -     Not uninstalling mlflow at /home/***/.local/lib/python3.8/site-packages, outside environment /tmp/venvenepft24
[2024-11-18T17:11:44.714+0000] {process_utils.py:190} INFO -     Can't uninstall 'mlflow'. No files were found to uninstall.
[2024-11-18T17:11:45.276+0000] {process_utils.py:190} INFO -   Attempting uninstall: boto3
[2024-11-18T17:11:45.277+0000] {process_utils.py:190} INFO -     Found existing installation: boto3 1.35.44
[2024-11-18T17:11:45.278+0000] {process_utils.py:190} INFO -     Not uninstalling boto3 at /home/***/.local/lib/python3.8/site-packages, outside environment /tmp/venvenepft24
[2024-11-18T17:11:45.278+0000] {process_utils.py:190} INFO -     Can't uninstall 'boto3'. No files were found to uninstall.
[2024-11-18T17:11:52.831+0000] {process_utils.py:190} INFO - ERROR: pip's dependency resolver does not currently take into account all the packages that are installed. This behaviour is the source of the following dependency conflicts.
[2024-11-18T17:11:52.831+0000] {process_utils.py:190} INFO - aiobotocore 2.9.0 requires botocore<1.33.14,>=1.33.2, but you have botocore 1.31.85 which is incompatible.
[2024-11-18T17:11:52.832+0000] {process_utils.py:190} INFO - azure-core 1.29.6 requires typing-extensions>=4.6.0, but you have typing-extensions 4.5.0 which is incompatible.
[2024-11-18T17:11:52.832+0000] {process_utils.py:190} INFO - azure-mgmt-keyvault 10.3.1 requires typing-extensions>=4.6.0, but you have typing-extensions 4.5.0 which is incompatible.
[2024-11-18T17:11:52.833+0000] {process_utils.py:190} INFO - azure-mgmt-network 27.0.0 requires typing-extensions>=4.6.0, but you have typing-extensions 4.5.0 which is incompatible.
[2024-11-18T17:11:52.833+0000] {process_utils.py:190} INFO - graphene 3.4 requires typing-extensions<5,>=4.7.1, but you have typing-extensions 4.5.0 which is incompatible.
[2024-11-18T17:11:52.833+0000] {process_utils.py:190} INFO - pydantic 2.5.3 requires typing-extensions>=4.6.1, but you have typing-extensions 4.5.0 which is incompatible.
[2024-11-18T17:11:52.834+0000] {process_utils.py:190} INFO - pydantic-core 2.14.6 requires typing-extensions!=4.7.0,>=4.6.0, but you have typing-extensions 4.5.0 which is incompatible.
[2024-11-18T17:11:52.834+0000] {process_utils.py:190} INFO - Successfully installed absl-py-2.1.0 astunparse-1.6.3 boto3-1.28.0 botocore-1.31.85 entrypoints-0.4 flatbuffers-24.3.25 gast-0.4.0 google-auth-oauthlib-1.0.0 google-pasta-0.2.0 h5py-3.11.0 keras-2.13.1 libclang-18.1.1 mlflow-2.10.2 numpy-1.24.3 opt-einsum-3.4.0 querystring-parser-1.2.4 s3transfer-0.6.2 tensorboard-2.13.0 tensorboard-data-server-0.7.2 tensorflow-2.13.0 tensorflow-estimator-2.13.0 tensorflow-io-gcs-filesystem-0.34.0 typing-extensions-4.5.0
[2024-11-18T17:11:52.910+0000] {process_utils.py:190} INFO - 
[2024-11-18T17:11:52.910+0000] {process_utils.py:190} INFO - [notice] A new release of pip is available: 23.3.1 -> 24.3.1
[2024-11-18T17:11:52.911+0000] {process_utils.py:190} INFO - [notice] To update, run: python -m pip install --upgrade pip
[2024-11-18T17:11:53.118+0000] {process_utils.py:182} INFO - Executing cmd: /tmp/venvenepft24/bin/python /tmp/venv-callzhoh06qn/script.py /tmp/venv-callzhoh06qn/script.in /tmp/venv-callzhoh06qn/script.out /tmp/venv-callzhoh06qn/string_args.txt /tmp/venv-callzhoh06qn/termination.log
[2024-11-18T17:11:53.122+0000] {process_utils.py:186} INFO - Output:
[2024-11-18T17:11:54.102+0000] {process_utils.py:190} INFO - 2024-11-18 17:11:54.102394: I tensorflow/core/util/port.cc:110] oneDNN custom operations are on. You may see slightly different numerical results due to floating-point round-off errors from different computation orders. To turn them off, set the environment variable `TF_ENABLE_ONEDNN_OPTS=0`.
[2024-11-18T17:11:54.103+0000] {process_utils.py:190} INFO - 2024-11-18 17:11:54.103595: I tensorflow/tsl/cuda/cudart_stub.cc:28] Could not find cuda drivers on your machine, GPU will not be used.
[2024-11-18T17:11:54.126+0000] {process_utils.py:190} INFO - 2024-11-18 17:11:54.126075: I tensorflow/tsl/cuda/cudart_stub.cc:28] Could not find cuda drivers on your machine, GPU will not be used.
[2024-11-18T17:11:54.126+0000] {process_utils.py:190} INFO - 2024-11-18 17:11:54.126359: I tensorflow/core/platform/cpu_feature_guard.cc:182] This TensorFlow binary is optimized to use available CPU instructions in performance-critical operations.
[2024-11-18T17:11:54.127+0000] {process_utils.py:190} INFO - To enable the following instructions: AVX2 AVX_VNNI FMA, in other operations, rebuild TensorFlow with the appropriate compiler flags.
[2024-11-18T17:11:54.728+0000] {process_utils.py:190} INFO - 2024-11-18 17:11:54.728237: W tensorflow/compiler/tf2tensorrt/utils/py_utils.cc:38] TF-TRT Warning: Could not find TensorRT
[2024-11-18T17:11:55.555+0000] {process_utils.py:190} INFO - Traceback (most recent call last):
[2024-11-18T17:11:55.556+0000] {process_utils.py:190} INFO -   File "/tmp/venv-callzhoh06qn/script.py", line 75, in <module>
[2024-11-18T17:11:55.557+0000] {process_utils.py:190} INFO -     res = train_embedding_model(*arg_dict["args"], **arg_dict["kwargs"])
[2024-11-18T17:11:55.557+0000] {process_utils.py:190} INFO -   File "/tmp/venv-callzhoh06qn/script.py", line 33, in train_embedding_model
[2024-11-18T17:11:55.557+0000] {process_utils.py:190} INFO -     mlflow.set_tracking_uri(MLFLOW_TRACKING_URI)
[2024-11-18T17:11:55.558+0000] {process_utils.py:190} INFO - NameError: name 'MLFLOW_TRACKING_URI' is not defined
[2024-11-18T17:11:56.333+0000] {taskinstance.py:2698} ERROR - Task failed with exception
Traceback (most recent call last):
  File "/home/airflow/.local/lib/python3.8/site-packages/airflow/models/taskinstance.py", line 433, in _execute_task
    result = execute_callable(context=context, **execute_callable_kwargs)
  File "/home/airflow/.local/lib/python3.8/site-packages/airflow/decorators/base.py", line 241, in execute
    return_value = super().execute(context)
  File "/home/airflow/.local/lib/python3.8/site-packages/airflow/operators/python.py", line 400, in execute
    return super().execute(context=serializable_context)
  File "/home/airflow/.local/lib/python3.8/site-packages/airflow/operators/python.py", line 199, in execute
    return_value = self.execute_callable()
  File "/home/airflow/.local/lib/python3.8/site-packages/airflow/operators/python.py", line 716, in execute_callable
    result = self._execute_python_callable_in_subprocess(python_path)
  File "/home/airflow/.local/lib/python3.8/site-packages/airflow/operators/python.py", line 471, in _execute_python_callable_in_subprocess
    raise AirflowException(error_msg) from None
airflow.exceptions.AirflowException: Process returned non-zero exit status 1.
name 'MLFLOW_TRACKING_URI' is not defined
[2024-11-18T17:11:56.335+0000] {taskinstance.py:1138} INFO - Marking task as UP_FOR_RETRY. dag_id=spotify_recommender_dag_v3, task_id=train_embedding_model, execution_date=20241118T170757, start_date=20241118T170758, end_date=20241118T171156
[2024-11-18T17:11:56.342+0000] {standard_task_runner.py:107} ERROR - Failed to execute job 23 for task train_embedding_model (Process returned non-zero exit status 1.
name 'MLFLOW_TRACKING_URI' is not defined; 283)
[2024-11-18T17:11:56.370+0000] {local_task_job_runner.py:234} INFO - Task exited with return code 1
[2024-11-18T17:11:56.379+0000] {taskinstance.py:3280} INFO - 0 downstream tasks scheduled from follow-on schedule check
