[2024-11-18T21:15:06.516+0000] {taskinstance.py:1956} INFO - Dependencies all met for dep_context=non-requeueable deps ti=<TaskInstance: spotify_retrain_challenge_model_v3.train_challenger_model manual__2024-11-18T21:05:26.400981+00:00 [queued]>
[2024-11-18T21:15:06.521+0000] {taskinstance.py:1956} INFO - Dependencies all met for dep_context=requeueable deps ti=<TaskInstance: spotify_retrain_challenge_model_v3.train_challenger_model manual__2024-11-18T21:05:26.400981+00:00 [queued]>
[2024-11-18T21:15:06.521+0000] {taskinstance.py:2170} INFO - Starting attempt 2 of 2
[2024-11-18T21:15:06.530+0000] {taskinstance.py:2191} INFO - Executing <Task(_PythonVirtualenvDecoratedOperator): train_challenger_model> on 2024-11-18 21:05:26.400981+00:00
[2024-11-18T21:15:06.532+0000] {standard_task_runner.py:60} INFO - Started process 252 to run task
[2024-11-18T21:15:06.534+0000] {standard_task_runner.py:87} INFO - Running: ['***', 'tasks', 'run', 'spotify_retrain_challenge_model_v3', 'train_challenger_model', 'manual__2024-11-18T21:05:26.400981+00:00', '--job-id', '127', '--raw', '--subdir', 'DAGS_FOLDER/retrain_music_model.py', '--cfg-path', '/tmp/tmpedsjut7f']
[2024-11-18T21:15:06.535+0000] {standard_task_runner.py:88} INFO - Job 127: Subtask train_challenger_model
[2024-11-18T21:15:06.563+0000] {task_command.py:423} INFO - Running <TaskInstance: spotify_retrain_challenge_model_v3.train_challenger_model manual__2024-11-18T21:05:26.400981+00:00 [running]> on host 46787693bc19
[2024-11-18T21:15:06.609+0000] {taskinstance.py:2480} INFO - Exporting env vars: AIRFLOW_CTX_DAG_OWNER='Martín Horn' AIRFLOW_CTX_DAG_ID='spotify_retrain_challenge_model_v3' AIRFLOW_CTX_TASK_ID='train_challenger_model' AIRFLOW_CTX_EXECUTION_DATE='2024-11-18T21:05:26.400981+00:00' AIRFLOW_CTX_TRY_NUMBER='2' AIRFLOW_CTX_DAG_RUN_ID='manual__2024-11-18T21:05:26.400981+00:00'
[2024-11-18T21:15:06.610+0000] {process_utils.py:182} INFO - Executing cmd: /usr/local/bin/python -m virtualenv /tmp/venva72ifhyh --system-site-packages --python=python
[2024-11-18T21:15:06.614+0000] {process_utils.py:186} INFO - Output:
[2024-11-18T21:15:07.119+0000] {process_utils.py:190} INFO - created virtual environment CPython3.8.18.final.0-64 in 250ms
[2024-11-18T21:15:07.120+0000] {process_utils.py:190} INFO -   creator CPython3Posix(dest=/tmp/venva72ifhyh, clear=False, no_vcs_ignore=False, global=True)
[2024-11-18T21:15:07.121+0000] {process_utils.py:190} INFO -   seeder FromAppData(download=False, pip=bundle, setuptools=bundle, wheel=bundle, via=copy, app_data_dir=/home/***/.local/share/virtualenv)
[2024-11-18T21:15:07.121+0000] {process_utils.py:190} INFO -     added seed packages: pip==23.3.1, setuptools==69.0.2, wheel==0.42.0
[2024-11-18T21:15:07.121+0000] {process_utils.py:190} INFO -   activators BashActivator,CShellActivator,FishActivator,NushellActivator,PowerShellActivator,PythonActivator
[2024-11-18T21:15:07.138+0000] {process_utils.py:182} INFO - Executing cmd: /tmp/venva72ifhyh/bin/pip install -r /tmp/venva72ifhyh/requirements.txt
[2024-11-18T21:15:07.142+0000] {process_utils.py:186} INFO - Output:
[2024-11-18T21:15:08.173+0000] {process_utils.py:190} INFO - Collecting boto3==1.28.0 (from -r /tmp/venva72ifhyh/requirements.txt (line 1))
[2024-11-18T21:15:08.221+0000] {process_utils.py:190} INFO -   Downloading boto3-1.28.0-py3-none-any.whl.metadata (6.6 kB)
[2024-11-18T21:15:08.274+0000] {process_utils.py:190} INFO - Collecting mlflow==2.10.2 (from -r /tmp/venva72ifhyh/requirements.txt (line 2))
[2024-11-18T21:15:08.292+0000] {process_utils.py:190} INFO -   Downloading mlflow-2.10.2-py3-none-any.whl.metadata (13 kB)
[2024-11-18T21:15:08.303+0000] {process_utils.py:190} INFO - Requirement already satisfied: pandas==2.0.3 in /home/***/.local/lib/python3.8/site-packages (from -r /tmp/venva72ifhyh/requirements.txt (line 3)) (2.0.3)
[2024-11-18T21:15:08.303+0000] {process_utils.py:190} INFO - Requirement already satisfied: scikit-learn==1.3.2 in /home/***/.local/lib/python3.8/site-packages (from -r /tmp/venva72ifhyh/requirements.txt (line 4)) (1.3.2)
[2024-11-18T21:15:08.515+0000] {process_utils.py:190} INFO - Collecting tensorflow==2.13.0 (from -r /tmp/venva72ifhyh/requirements.txt (line 5))
[2024-11-18T21:15:08.525+0000] {process_utils.py:190} INFO -   Downloading tensorflow-2.13.0-cp38-cp38-manylinux_2_17_x86_64.manylinux2014_x86_64.whl.metadata (3.4 kB)
[2024-11-18T21:15:08.971+0000] {process_utils.py:190} INFO - Collecting botocore<1.32.0,>=1.31.0 (from boto3==1.28.0->-r /tmp/venva72ifhyh/requirements.txt (line 1))
[2024-11-18T21:15:08.980+0000] {process_utils.py:190} INFO -   Downloading botocore-1.31.85-py3-none-any.whl.metadata (6.1 kB)
[2024-11-18T21:15:08.985+0000] {process_utils.py:190} INFO - Requirement already satisfied: jmespath<2.0.0,>=0.7.1 in /home/***/.local/lib/python3.8/site-packages (from boto3==1.28.0->-r /tmp/venva72ifhyh/requirements.txt (line 1)) (0.10.0)
[2024-11-18T21:15:09.009+0000] {process_utils.py:190} INFO - Collecting s3transfer<0.7.0,>=0.6.0 (from boto3==1.28.0->-r /tmp/venva72ifhyh/requirements.txt (line 1))
[2024-11-18T21:15:09.017+0000] {process_utils.py:190} INFO -   Downloading s3transfer-0.6.2-py3-none-any.whl.metadata (1.8 kB)
[2024-11-18T21:15:09.074+0000] {process_utils.py:190} INFO - Requirement already satisfied: click<9,>=7.0 in /home/***/.local/lib/python3.8/site-packages (from mlflow==2.10.2->-r /tmp/venva72ifhyh/requirements.txt (line 2)) (8.1.7)
[2024-11-18T21:15:09.074+0000] {process_utils.py:190} INFO - Requirement already satisfied: cloudpickle<4 in /home/***/.local/lib/python3.8/site-packages (from mlflow==2.10.2->-r /tmp/venva72ifhyh/requirements.txt (line 2)) (3.1.0)
[2024-11-18T21:15:09.092+0000] {process_utils.py:190} INFO - Collecting entrypoints<1 (from mlflow==2.10.2->-r /tmp/venva72ifhyh/requirements.txt (line 2))
[2024-11-18T21:15:09.101+0000] {process_utils.py:190} INFO -   Downloading entrypoints-0.4-py3-none-any.whl.metadata (2.6 kB)
[2024-11-18T21:15:09.106+0000] {process_utils.py:190} INFO - Requirement already satisfied: gitpython<4,>=2.1.0 in /home/***/.local/lib/python3.8/site-packages (from mlflow==2.10.2->-r /tmp/venva72ifhyh/requirements.txt (line 2)) (3.1.43)
[2024-11-18T21:15:09.106+0000] {process_utils.py:190} INFO - Requirement already satisfied: pyyaml<7,>=5.1 in /home/***/.local/lib/python3.8/site-packages (from mlflow==2.10.2->-r /tmp/venva72ifhyh/requirements.txt (line 2)) (6.0.1)
[2024-11-18T21:15:09.107+0000] {process_utils.py:190} INFO - Requirement already satisfied: protobuf<5,>=3.12.0 in /home/***/.local/lib/python3.8/site-packages (from mlflow==2.10.2->-r /tmp/venva72ifhyh/requirements.txt (line 2)) (4.25.2)
[2024-11-18T21:15:09.107+0000] {process_utils.py:190} INFO - Requirement already satisfied: pytz<2024 in /home/***/.local/lib/python3.8/site-packages (from mlflow==2.10.2->-r /tmp/venva72ifhyh/requirements.txt (line 2)) (2023.3.post1)
[2024-11-18T21:15:09.108+0000] {process_utils.py:190} INFO - Requirement already satisfied: requests<3,>=2.17.3 in /home/***/.local/lib/python3.8/site-packages (from mlflow==2.10.2->-r /tmp/venva72ifhyh/requirements.txt (line 2)) (2.31.0)
[2024-11-18T21:15:09.108+0000] {process_utils.py:190} INFO - Requirement already satisfied: packaging<24 in /home/***/.local/lib/python3.8/site-packages (from mlflow==2.10.2->-r /tmp/venva72ifhyh/requirements.txt (line 2)) (23.2)
[2024-11-18T21:15:09.108+0000] {process_utils.py:190} INFO - Requirement already satisfied: importlib-metadata!=4.7.0,<8,>=3.7.0 in /home/***/.local/lib/python3.8/site-packages (from mlflow==2.10.2->-r /tmp/venva72ifhyh/requirements.txt (line 2)) (6.11.0)
[2024-11-18T21:15:09.109+0000] {process_utils.py:190} INFO - Requirement already satisfied: sqlparse<1,>=0.4.0 in /home/***/.local/lib/python3.8/site-packages (from mlflow==2.10.2->-r /tmp/venva72ifhyh/requirements.txt (line 2)) (0.4.4)
[2024-11-18T21:15:09.110+0000] {process_utils.py:190} INFO - Requirement already satisfied: alembic!=1.10.0,<2 in /home/***/.local/lib/python3.8/site-packages (from mlflow==2.10.2->-r /tmp/venva72ifhyh/requirements.txt (line 2)) (1.13.1)
[2024-11-18T21:15:09.110+0000] {process_utils.py:190} INFO - Requirement already satisfied: docker<8,>=4.0.0 in /home/***/.local/lib/python3.8/site-packages (from mlflow==2.10.2->-r /tmp/venva72ifhyh/requirements.txt (line 2)) (7.0.0)
[2024-11-18T21:15:09.110+0000] {process_utils.py:190} INFO - Requirement already satisfied: Flask<4 in /home/***/.local/lib/python3.8/site-packages (from mlflow==2.10.2->-r /tmp/venva72ifhyh/requirements.txt (line 2)) (2.2.5)
[2024-11-18T21:15:09.111+0000] {process_utils.py:190} INFO - Requirement already satisfied: numpy<2 in /home/***/.local/lib/python3.8/site-packages (from mlflow==2.10.2->-r /tmp/venva72ifhyh/requirements.txt (line 2)) (1.24.4)
[2024-11-18T21:15:09.111+0000] {process_utils.py:190} INFO - Requirement already satisfied: scipy<2 in /home/***/.local/lib/python3.8/site-packages (from mlflow==2.10.2->-r /tmp/venva72ifhyh/requirements.txt (line 2)) (1.10.1)
[2024-11-18T21:15:09.130+0000] {process_utils.py:190} INFO - Collecting querystring-parser<2 (from mlflow==2.10.2->-r /tmp/venva72ifhyh/requirements.txt (line 2))
[2024-11-18T21:15:09.138+0000] {process_utils.py:190} INFO -   Downloading querystring_parser-1.2.4-py2.py3-none-any.whl.metadata (559 bytes)
[2024-11-18T21:15:09.142+0000] {process_utils.py:190} INFO - Requirement already satisfied: sqlalchemy<3,>=1.4.0 in /home/***/.local/lib/python3.8/site-packages (from mlflow==2.10.2->-r /tmp/venva72ifhyh/requirements.txt (line 2)) (1.4.51)
[2024-11-18T21:15:09.143+0000] {process_utils.py:190} INFO - Requirement already satisfied: pyarrow<16,>=4.0.0 in /home/***/.local/lib/python3.8/site-packages (from mlflow==2.10.2->-r /tmp/venva72ifhyh/requirements.txt (line 2)) (14.0.2)
[2024-11-18T21:15:09.143+0000] {process_utils.py:190} INFO - Requirement already satisfied: markdown<4,>=3.3 in /home/***/.local/lib/python3.8/site-packages (from mlflow==2.10.2->-r /tmp/venva72ifhyh/requirements.txt (line 2)) (3.5.2)
[2024-11-18T21:15:09.144+0000] {process_utils.py:190} INFO - Requirement already satisfied: matplotlib<4 in /home/***/.local/lib/python3.8/site-packages (from mlflow==2.10.2->-r /tmp/venva72ifhyh/requirements.txt (line 2)) (3.7.5)
[2024-11-18T21:15:09.145+0000] {process_utils.py:190} INFO - Requirement already satisfied: gunicorn<22 in /home/***/.local/lib/python3.8/site-packages (from mlflow==2.10.2->-r /tmp/venva72ifhyh/requirements.txt (line 2)) (21.2.0)
[2024-11-18T21:15:09.145+0000] {process_utils.py:190} INFO - Requirement already satisfied: Jinja2<4,>=2.11 in /home/***/.local/lib/python3.8/site-packages (from mlflow==2.10.2->-r /tmp/venva72ifhyh/requirements.txt (line 2)) (3.1.3)
[2024-11-18T21:15:09.199+0000] {process_utils.py:190} INFO - Requirement already satisfied: python-dateutil>=2.8.2 in /home/***/.local/lib/python3.8/site-packages (from pandas==2.0.3->-r /tmp/venva72ifhyh/requirements.txt (line 3)) (2.8.2)
[2024-11-18T21:15:09.200+0000] {process_utils.py:190} INFO - Requirement already satisfied: tzdata>=2022.1 in /home/***/.local/lib/python3.8/site-packages (from pandas==2.0.3->-r /tmp/venva72ifhyh/requirements.txt (line 3)) (2023.4)
[2024-11-18T21:15:09.220+0000] {process_utils.py:190} INFO - Requirement already satisfied: joblib>=1.1.1 in /home/***/.local/lib/python3.8/site-packages (from scikit-learn==1.3.2->-r /tmp/venva72ifhyh/requirements.txt (line 4)) (1.4.2)
[2024-11-18T21:15:09.221+0000] {process_utils.py:190} INFO - Requirement already satisfied: threadpoolctl>=2.0.0 in /home/***/.local/lib/python3.8/site-packages (from scikit-learn==1.3.2->-r /tmp/venva72ifhyh/requirements.txt (line 4)) (3.5.0)
[2024-11-18T21:15:09.258+0000] {process_utils.py:190} INFO - Collecting absl-py>=1.0.0 (from tensorflow==2.13.0->-r /tmp/venva72ifhyh/requirements.txt (line 5))
[2024-11-18T21:15:09.268+0000] {process_utils.py:190} INFO -   Downloading absl_py-2.1.0-py3-none-any.whl.metadata (2.3 kB)
[2024-11-18T21:15:09.287+0000] {process_utils.py:190} INFO - Collecting astunparse>=1.6.0 (from tensorflow==2.13.0->-r /tmp/venva72ifhyh/requirements.txt (line 5))
[2024-11-18T21:15:09.297+0000] {process_utils.py:190} INFO -   Downloading astunparse-1.6.3-py2.py3-none-any.whl.metadata (4.4 kB)
[2024-11-18T21:15:09.320+0000] {process_utils.py:190} INFO - Collecting flatbuffers>=23.1.21 (from tensorflow==2.13.0->-r /tmp/venva72ifhyh/requirements.txt (line 5))
[2024-11-18T21:15:09.328+0000] {process_utils.py:190} INFO -   Downloading flatbuffers-24.3.25-py2.py3-none-any.whl.metadata (850 bytes)
[2024-11-18T21:15:09.353+0000] {process_utils.py:190} INFO - Collecting gast<=0.4.0,>=0.2.1 (from tensorflow==2.13.0->-r /tmp/venva72ifhyh/requirements.txt (line 5))
[2024-11-18T21:15:09.362+0000] {process_utils.py:190} INFO -   Downloading gast-0.4.0-py3-none-any.whl.metadata (1.1 kB)
[2024-11-18T21:15:09.383+0000] {process_utils.py:190} INFO - Collecting google-pasta>=0.1.1 (from tensorflow==2.13.0->-r /tmp/venva72ifhyh/requirements.txt (line 5))
[2024-11-18T21:15:09.396+0000] {process_utils.py:190} INFO -   Downloading google_pasta-0.2.0-py3-none-any.whl.metadata (814 bytes)
[2024-11-18T21:15:09.400+0000] {process_utils.py:190} INFO - Requirement already satisfied: grpcio<2.0,>=1.24.3 in /home/***/.local/lib/python3.8/site-packages (from tensorflow==2.13.0->-r /tmp/venva72ifhyh/requirements.txt (line 5)) (1.60.0)
[2024-11-18T21:15:09.451+0000] {process_utils.py:190} INFO - Collecting h5py>=2.9.0 (from tensorflow==2.13.0->-r /tmp/venva72ifhyh/requirements.txt (line 5))
[2024-11-18T21:15:09.461+0000] {process_utils.py:190} INFO -   Downloading h5py-3.11.0-cp38-cp38-manylinux_2_17_x86_64.manylinux2014_x86_64.whl.metadata (2.5 kB)
[2024-11-18T21:15:09.494+0000] {process_utils.py:190} INFO - Collecting keras<2.14,>=2.13.1 (from tensorflow==2.13.0->-r /tmp/venva72ifhyh/requirements.txt (line 5))
[2024-11-18T21:15:09.503+0000] {process_utils.py:190} INFO -   Downloading keras-2.13.1-py3-none-any.whl.metadata (2.4 kB)
[2024-11-18T21:15:09.529+0000] {process_utils.py:190} INFO - Collecting libclang>=13.0.0 (from tensorflow==2.13.0->-r /tmp/venva72ifhyh/requirements.txt (line 5))
[2024-11-18T21:15:09.538+0000] {process_utils.py:190} INFO -   Downloading libclang-18.1.1-py2.py3-none-manylinux2010_x86_64.whl.metadata (5.2 kB)
[2024-11-18T21:15:09.745+0000] {process_utils.py:190} INFO - Collecting numpy<2 (from mlflow==2.10.2->-r /tmp/venva72ifhyh/requirements.txt (line 2))
[2024-11-18T21:15:09.754+0000] {process_utils.py:190} INFO -   Downloading numpy-1.24.3-cp38-cp38-manylinux_2_17_x86_64.manylinux2014_x86_64.whl.metadata (5.6 kB)
[2024-11-18T21:15:09.776+0000] {process_utils.py:190} INFO - Collecting opt-einsum>=2.3.2 (from tensorflow==2.13.0->-r /tmp/venva72ifhyh/requirements.txt (line 5))
[2024-11-18T21:15:09.785+0000] {process_utils.py:190} INFO -   Downloading opt_einsum-3.4.0-py3-none-any.whl.metadata (6.3 kB)
[2024-11-18T21:15:09.789+0000] {process_utils.py:190} INFO - Requirement already satisfied: setuptools in /tmp/venva72ifhyh/lib/python3.8/site-packages (from tensorflow==2.13.0->-r /tmp/venva72ifhyh/requirements.txt (line 5)) (69.0.2)
[2024-11-18T21:15:09.789+0000] {process_utils.py:190} INFO - Requirement already satisfied: six>=1.12.0 in /home/***/.local/lib/python3.8/site-packages (from tensorflow==2.13.0->-r /tmp/venva72ifhyh/requirements.txt (line 5)) (1.16.0)
[2024-11-18T21:15:09.816+0000] {process_utils.py:190} INFO - Collecting tensorboard<2.14,>=2.13 (from tensorflow==2.13.0->-r /tmp/venva72ifhyh/requirements.txt (line 5))
[2024-11-18T21:15:09.829+0000] {process_utils.py:190} INFO -   Downloading tensorboard-2.13.0-py3-none-any.whl.metadata (1.8 kB)
[2024-11-18T21:15:09.856+0000] {process_utils.py:190} INFO - Collecting tensorflow-estimator<2.14,>=2.13.0 (from tensorflow==2.13.0->-r /tmp/venva72ifhyh/requirements.txt (line 5))
[2024-11-18T21:15:09.869+0000] {process_utils.py:190} INFO -   Downloading tensorflow_estimator-2.13.0-py2.py3-none-any.whl.metadata (1.3 kB)
[2024-11-18T21:15:09.873+0000] {process_utils.py:190} INFO - Requirement already satisfied: termcolor>=1.1.0 in /home/***/.local/lib/python3.8/site-packages (from tensorflow==2.13.0->-r /tmp/venva72ifhyh/requirements.txt (line 5)) (2.4.0)
[2024-11-18T21:15:09.906+0000] {process_utils.py:190} INFO - Collecting typing-extensions<4.6.0,>=3.6.6 (from tensorflow==2.13.0->-r /tmp/venva72ifhyh/requirements.txt (line 5))
[2024-11-18T21:15:09.921+0000] {process_utils.py:190} INFO -   Downloading typing_extensions-4.5.0-py3-none-any.whl.metadata (8.5 kB)
[2024-11-18T21:15:09.927+0000] {process_utils.py:190} INFO - Requirement already satisfied: wrapt>=1.11.0 in /home/***/.local/lib/python3.8/site-packages (from tensorflow==2.13.0->-r /tmp/venva72ifhyh/requirements.txt (line 5)) (1.16.0)
[2024-11-18T21:15:09.988+0000] {process_utils.py:190} INFO - Collecting tensorflow-io-gcs-filesystem>=0.23.1 (from tensorflow==2.13.0->-r /tmp/venva72ifhyh/requirements.txt (line 5))
[2024-11-18T21:15:09.998+0000] {process_utils.py:190} INFO -   Downloading tensorflow_io_gcs_filesystem-0.34.0-cp38-cp38-manylinux_2_12_x86_64.manylinux2010_x86_64.whl.metadata (14 kB)
[2024-11-18T21:15:10.010+0000] {process_utils.py:190} INFO - Requirement already satisfied: Mako in /home/***/.local/lib/python3.8/site-packages (from alembic!=1.10.0,<2->mlflow==2.10.2->-r /tmp/venva72ifhyh/requirements.txt (line 2)) (1.3.0)
[2024-11-18T21:15:10.014+0000] {process_utils.py:190} INFO - Requirement already satisfied: importlib-resources in /home/***/.local/lib/python3.8/site-packages (from alembic!=1.10.0,<2->mlflow==2.10.2->-r /tmp/venva72ifhyh/requirements.txt (line 2)) (5.13.0)
[2024-11-18T21:15:10.017+0000] {process_utils.py:190} INFO - Requirement already satisfied: wheel<1.0,>=0.23.0 in /tmp/venva72ifhyh/lib/python3.8/site-packages (from astunparse>=1.6.0->tensorflow==2.13.0->-r /tmp/venva72ifhyh/requirements.txt (line 5)) (0.42.0)
[2024-11-18T21:15:10.022+0000] {process_utils.py:190} INFO - Requirement already satisfied: urllib3<1.27,>=1.25.4 in /home/***/.local/lib/python3.8/site-packages (from botocore<1.32.0,>=1.31.0->boto3==1.28.0->-r /tmp/venva72ifhyh/requirements.txt (line 1)) (1.26.18)
[2024-11-18T21:15:10.037+0000] {process_utils.py:190} INFO - Requirement already satisfied: Werkzeug>=2.2.2 in /home/***/.local/lib/python3.8/site-packages (from Flask<4->mlflow==2.10.2->-r /tmp/venva72ifhyh/requirements.txt (line 2)) (2.2.3)
[2024-11-18T21:15:10.038+0000] {process_utils.py:190} INFO - Requirement already satisfied: itsdangerous>=2.0 in /home/***/.local/lib/python3.8/site-packages (from Flask<4->mlflow==2.10.2->-r /tmp/venva72ifhyh/requirements.txt (line 2)) (2.1.2)
[2024-11-18T21:15:10.054+0000] {process_utils.py:190} INFO - Requirement already satisfied: gitdb<5,>=4.0.1 in /home/***/.local/lib/python3.8/site-packages (from gitpython<4,>=2.1.0->mlflow==2.10.2->-r /tmp/venva72ifhyh/requirements.txt (line 2)) (4.0.11)
[2024-11-18T21:15:10.080+0000] {process_utils.py:190} INFO - Requirement already satisfied: zipp>=0.5 in /home/***/.local/lib/python3.8/site-packages (from importlib-metadata!=4.7.0,<8,>=3.7.0->mlflow==2.10.2->-r /tmp/venva72ifhyh/requirements.txt (line 2)) (3.17.0)
[2024-11-18T21:15:10.083+0000] {process_utils.py:190} INFO - Requirement already satisfied: MarkupSafe>=2.0 in /home/***/.local/lib/python3.8/site-packages (from Jinja2<4,>=2.11->mlflow==2.10.2->-r /tmp/venva72ifhyh/requirements.txt (line 2)) (2.1.3)
[2024-11-18T21:15:10.108+0000] {process_utils.py:190} INFO - Requirement already satisfied: contourpy>=1.0.1 in /home/***/.local/lib/python3.8/site-packages (from matplotlib<4->mlflow==2.10.2->-r /tmp/venva72ifhyh/requirements.txt (line 2)) (1.1.1)
[2024-11-18T21:15:10.108+0000] {process_utils.py:190} INFO - Requirement already satisfied: cycler>=0.10 in /home/***/.local/lib/python3.8/site-packages (from matplotlib<4->mlflow==2.10.2->-r /tmp/venva72ifhyh/requirements.txt (line 2)) (0.12.1)
[2024-11-18T21:15:10.109+0000] {process_utils.py:190} INFO - Requirement already satisfied: fonttools>=4.22.0 in /home/***/.local/lib/python3.8/site-packages (from matplotlib<4->mlflow==2.10.2->-r /tmp/venva72ifhyh/requirements.txt (line 2)) (4.54.1)
[2024-11-18T21:15:10.109+0000] {process_utils.py:190} INFO - Requirement already satisfied: kiwisolver>=1.0.1 in /home/***/.local/lib/python3.8/site-packages (from matplotlib<4->mlflow==2.10.2->-r /tmp/venva72ifhyh/requirements.txt (line 2)) (1.4.7)
[2024-11-18T21:15:10.118+0000] {process_utils.py:190} INFO - Requirement already satisfied: pillow>=6.2.0 in /home/***/.local/lib/python3.8/site-packages (from matplotlib<4->mlflow==2.10.2->-r /tmp/venva72ifhyh/requirements.txt (line 2)) (10.4.0)
[2024-11-18T21:15:10.118+0000] {process_utils.py:190} INFO - Requirement already satisfied: pyparsing>=2.3.1 in /home/***/.local/lib/python3.8/site-packages (from matplotlib<4->mlflow==2.10.2->-r /tmp/venva72ifhyh/requirements.txt (line 2)) (3.1.1)
[2024-11-18T21:15:10.162+0000] {process_utils.py:190} INFO - Requirement already satisfied: charset-normalizer<4,>=2 in /home/***/.local/lib/python3.8/site-packages (from requests<3,>=2.17.3->mlflow==2.10.2->-r /tmp/venva72ifhyh/requirements.txt (line 2)) (3.3.2)
[2024-11-18T21:15:10.163+0000] {process_utils.py:190} INFO - Requirement already satisfied: idna<4,>=2.5 in /home/***/.local/lib/python3.8/site-packages (from requests<3,>=2.17.3->mlflow==2.10.2->-r /tmp/venva72ifhyh/requirements.txt (line 2)) (3.6)
[2024-11-18T21:15:10.163+0000] {process_utils.py:190} INFO - Requirement already satisfied: certifi>=2017.4.17 in /home/***/.local/lib/python3.8/site-packages (from requests<3,>=2.17.3->mlflow==2.10.2->-r /tmp/venva72ifhyh/requirements.txt (line 2)) (2023.11.17)
[2024-11-18T21:15:10.352+0000] {process_utils.py:190} INFO - Requirement already satisfied: greenlet!=0.4.17 in /home/***/.local/lib/python3.8/site-packages (from sqlalchemy<3,>=1.4.0->mlflow==2.10.2->-r /tmp/venva72ifhyh/requirements.txt (line 2)) (3.0.3)
[2024-11-18T21:15:10.370+0000] {process_utils.py:190} INFO - Requirement already satisfied: google-auth<3,>=1.6.3 in /home/***/.local/lib/python3.8/site-packages (from tensorboard<2.14,>=2.13->tensorflow==2.13.0->-r /tmp/venva72ifhyh/requirements.txt (line 5)) (2.26.2)
[2024-11-18T21:15:10.393+0000] {process_utils.py:190} INFO - Collecting google-auth-oauthlib<1.1,>=0.5 (from tensorboard<2.14,>=2.13->tensorflow==2.13.0->-r /tmp/venva72ifhyh/requirements.txt (line 5))
[2024-11-18T21:15:10.402+0000] {process_utils.py:190} INFO -   Downloading google_auth_oauthlib-1.0.0-py2.py3-none-any.whl.metadata (2.7 kB)
[2024-11-18T21:15:10.440+0000] {process_utils.py:190} INFO - Collecting tensorboard-data-server<0.8.0,>=0.7.0 (from tensorboard<2.14,>=2.13->tensorflow==2.13.0->-r /tmp/venva72ifhyh/requirements.txt (line 5))
[2024-11-18T21:15:10.449+0000] {process_utils.py:190} INFO -   Downloading tensorboard_data_server-0.7.2-py3-none-manylinux_2_31_x86_64.whl.metadata (1.1 kB)
[2024-11-18T21:15:10.597+0000] {process_utils.py:190} INFO - Requirement already satisfied: smmap<6,>=3.0.1 in /home/***/.local/lib/python3.8/site-packages (from gitdb<5,>=4.0.1->gitpython<4,>=2.1.0->mlflow==2.10.2->-r /tmp/venva72ifhyh/requirements.txt (line 2)) (5.0.1)
[2024-11-18T21:15:10.608+0000] {process_utils.py:190} INFO - Requirement already satisfied: cachetools<6.0,>=2.0.0 in /home/***/.local/lib/python3.8/site-packages (from google-auth<3,>=1.6.3->tensorboard<2.14,>=2.13->tensorflow==2.13.0->-r /tmp/venva72ifhyh/requirements.txt (line 5)) (5.3.2)
[2024-11-18T21:15:10.608+0000] {process_utils.py:190} INFO - Requirement already satisfied: pyasn1-modules>=0.2.1 in /home/***/.local/lib/python3.8/site-packages (from google-auth<3,>=1.6.3->tensorboard<2.14,>=2.13->tensorflow==2.13.0->-r /tmp/venva72ifhyh/requirements.txt (line 5)) (0.3.0)
[2024-11-18T21:15:10.609+0000] {process_utils.py:190} INFO - Requirement already satisfied: rsa<5,>=3.1.4 in /home/***/.local/lib/python3.8/site-packages (from google-auth<3,>=1.6.3->tensorboard<2.14,>=2.13->tensorflow==2.13.0->-r /tmp/venva72ifhyh/requirements.txt (line 5)) (4.9)
[2024-11-18T21:15:10.615+0000] {process_utils.py:190} INFO - Requirement already satisfied: requests-oauthlib>=0.7.0 in /home/***/.local/lib/python3.8/site-packages (from google-auth-oauthlib<1.1,>=0.5->tensorboard<2.14,>=2.13->tensorflow==2.13.0->-r /tmp/venva72ifhyh/requirements.txt (line 5)) (1.3.1)
[2024-11-18T21:15:10.746+0000] {process_utils.py:190} INFO - Requirement already satisfied: pyasn1<0.6.0,>=0.4.6 in /home/***/.local/lib/python3.8/site-packages (from pyasn1-modules>=0.2.1->google-auth<3,>=1.6.3->tensorboard<2.14,>=2.13->tensorflow==2.13.0->-r /tmp/venva72ifhyh/requirements.txt (line 5)) (0.5.1)
[2024-11-18T21:15:10.753+0000] {process_utils.py:190} INFO - Requirement already satisfied: oauthlib>=3.0.0 in /home/***/.local/lib/python3.8/site-packages (from requests-oauthlib>=0.7.0->google-auth-oauthlib<1.1,>=0.5->tensorboard<2.14,>=2.13->tensorflow==2.13.0->-r /tmp/venva72ifhyh/requirements.txt (line 5)) (3.2.2)
[2024-11-18T21:15:10.793+0000] {process_utils.py:190} INFO - Downloading boto3-1.28.0-py3-none-any.whl (135 kB)
[2024-11-18T21:15:10.814+0000] {process_utils.py:190} INFO -    ━━━━━━━━━━━━━━━━━━━━━━━━━━━━━━━━━━━━━━━━ 135.7/135.7 kB 7.3 MB/s eta 0:00:00
[2024-11-18T21:15:10.823+0000] {process_utils.py:190} INFO - Downloading mlflow-2.10.2-py3-none-any.whl (19.5 MB)
[2024-11-18T21:15:12.524+0000] {process_utils.py:190} INFO -    ━━━━━━━━━━━━━━━━━━━━━━━━━━━━━━━━━━━━━━━━ 19.5/19.5 MB 11.3 MB/s eta 0:00:00
[2024-11-18T21:15:12.533+0000] {process_utils.py:190} INFO - Downloading tensorflow-2.13.0-cp38-cp38-manylinux_2_17_x86_64.manylinux2014_x86_64.whl (524.1 MB)
[2024-11-18T21:16:36.366+0000] {process_utils.py:190} INFO -    ━━━━━━━━━━━━━━━━━━━━━━━━━━━━━━━━━━━━━━━━ 524.1/524.1 MB 4.2 MB/s eta 0:00:00
[2024-11-18T21:16:36.398+0000] {process_utils.py:190} INFO - Downloading absl_py-2.1.0-py3-none-any.whl (133 kB)
[2024-11-18T21:16:36.432+0000] {process_utils.py:190} INFO -    ━━━━━━━━━━━━━━━━━━━━━━━━━━━━━━━━━━━━━━━━ 133.7/133.7 kB 4.2 MB/s eta 0:00:00
[2024-11-18T21:16:36.467+0000] {process_utils.py:190} INFO - Downloading astunparse-1.6.3-py2.py3-none-any.whl (12 kB)
[2024-11-18T21:16:36.503+0000] {process_utils.py:190} INFO - Downloading botocore-1.31.85-py3-none-any.whl (11.3 MB)
[2024-11-18T21:16:38.442+0000] {process_utils.py:190} INFO -    ━━━━━━━━━━━━━━━━━━━━━━━━━━━━━━━━━━━━━━━━ 11.3/11.3 MB 5.9 MB/s eta 0:00:00
[2024-11-18T21:16:38.464+0000] {process_utils.py:190} INFO - Downloading entrypoints-0.4-py3-none-any.whl (5.3 kB)
[2024-11-18T21:16:38.494+0000] {process_utils.py:190} INFO - Downloading flatbuffers-24.3.25-py2.py3-none-any.whl (26 kB)
[2024-11-18T21:16:38.524+0000] {process_utils.py:190} INFO - Downloading gast-0.4.0-py3-none-any.whl (9.8 kB)
[2024-11-18T21:16:38.552+0000] {process_utils.py:190} INFO - Downloading google_pasta-0.2.0-py3-none-any.whl (57 kB)
[2024-11-18T21:16:38.563+0000] {process_utils.py:190} INFO -    ━━━━━━━━━━━━━━━━━━━━━━━━━━━━━━━━━━━━━━━━ 57.5/57.5 kB 7.5 MB/s eta 0:00:00
[2024-11-18T21:16:38.590+0000] {process_utils.py:190} INFO - Downloading h5py-3.11.0-cp38-cp38-manylinux_2_17_x86_64.manylinux2014_x86_64.whl (5.3 MB)
[2024-11-18T21:16:39.440+0000] {process_utils.py:190} INFO -    ━━━━━━━━━━━━━━━━━━━━━━━━━━━━━━━━━━━━━━━━ 5.3/5.3 MB 6.3 MB/s eta 0:00:00
[2024-11-18T21:16:39.467+0000] {process_utils.py:190} INFO - Downloading keras-2.13.1-py3-none-any.whl (1.7 MB)
[2024-11-18T21:16:39.774+0000] {process_utils.py:190} INFO -    ━━━━━━━━━━━━━━━━━━━━━━━━━━━━━━━━━━━━━━━━ 1.7/1.7 MB 5.6 MB/s eta 0:00:00
[2024-11-18T21:16:39.798+0000] {process_utils.py:190} INFO - Downloading libclang-18.1.1-py2.py3-none-manylinux2010_x86_64.whl (24.5 MB)
[2024-11-18T21:16:43.930+0000] {process_utils.py:190} INFO -    ━━━━━━━━━━━━━━━━━━━━━━━━━━━━━━━━━━━━━━━━ 24.5/24.5 MB 5.9 MB/s eta 0:00:00
[2024-11-18T21:16:43.964+0000] {process_utils.py:190} INFO - Downloading numpy-1.24.3-cp38-cp38-manylinux_2_17_x86_64.manylinux2014_x86_64.whl (17.3 MB)
[2024-11-18T21:16:46.748+0000] {process_utils.py:190} INFO -    ━━━━━━━━━━━━━━━━━━━━━━━━━━━━━━━━━━━━━━━━ 17.3/17.3 MB 6.2 MB/s eta 0:00:00
[2024-11-18T21:16:46.776+0000] {process_utils.py:190} INFO - Downloading opt_einsum-3.4.0-py3-none-any.whl (71 kB)
[2024-11-18T21:16:46.798+0000] {process_utils.py:190} INFO -    ━━━━━━━━━━━━━━━━━━━━━━━━━━━━━━━━━━━━━━━━ 71.9/71.9 kB 3.2 MB/s eta 0:00:00
[2024-11-18T21:16:46.832+0000] {process_utils.py:190} INFO - Downloading querystring_parser-1.2.4-py2.py3-none-any.whl (7.9 kB)
[2024-11-18T21:16:46.868+0000] {process_utils.py:190} INFO - Downloading s3transfer-0.6.2-py3-none-any.whl (79 kB)
[2024-11-18T21:16:46.882+0000] {process_utils.py:190} INFO -    ━━━━━━━━━━━━━━━━━━━━━━━━━━━━━━━━━━━━━━━━ 79.8/79.8 kB 6.8 MB/s eta 0:00:00
[2024-11-18T21:16:46.914+0000] {process_utils.py:190} INFO - Downloading tensorboard-2.13.0-py3-none-any.whl (5.6 MB)
[2024-11-18T21:16:47.834+0000] {process_utils.py:190} INFO -    ━━━━━━━━━━━━━━━━━━━━━━━━━━━━━━━━━━━━━━━━ 5.6/5.6 MB 6.1 MB/s eta 0:00:00
[2024-11-18T21:16:47.851+0000] {process_utils.py:190} INFO - Downloading tensorflow_estimator-2.13.0-py2.py3-none-any.whl (440 kB)
[2024-11-18T21:16:47.939+0000] {process_utils.py:190} INFO -    ━━━━━━━━━━━━━━━━━━━━━━━━━━━━━━━━━━━━━━━━ 440.8/440.8 kB 5.3 MB/s eta 0:00:00
[2024-11-18T21:16:47.956+0000] {process_utils.py:190} INFO - Downloading tensorflow_io_gcs_filesystem-0.34.0-cp38-cp38-manylinux_2_12_x86_64.manylinux2010_x86_64.whl (2.4 MB)
[2024-11-18T21:16:48.346+0000] {process_utils.py:190} INFO -    ━━━━━━━━━━━━━━━━━━━━━━━━━━━━━━━━━━━━━━━━ 2.4/2.4 MB 6.2 MB/s eta 0:00:00
[2024-11-18T21:16:48.354+0000] {process_utils.py:190} INFO - Downloading typing_extensions-4.5.0-py3-none-any.whl (27 kB)
[2024-11-18T21:16:48.368+0000] {process_utils.py:190} INFO - Downloading google_auth_oauthlib-1.0.0-py2.py3-none-any.whl (18 kB)
[2024-11-18T21:16:48.380+0000] {process_utils.py:190} INFO - Downloading tensorboard_data_server-0.7.2-py3-none-manylinux_2_31_x86_64.whl (6.6 MB)
[2024-11-18T21:16:48.958+0000] {process_utils.py:190} INFO -    ━━━━━━━━━━━━━━━━━━━━━━━━━━━━━━━━━━━━━━━━ 6.6/6.6 MB 11.5 MB/s eta 0:00:00
[2024-11-18T21:16:51.230+0000] {process_utils.py:190} INFO - Installing collected packages: libclang, flatbuffers, typing-extensions, tensorflow-io-gcs-filesystem, tensorflow-estimator, tensorboard-data-server, querystring-parser, opt-einsum, numpy, keras, google-pasta, gast, entrypoints, astunparse, absl-py, h5py, botocore, s3transfer, google-auth-oauthlib, tensorboard, mlflow, boto3, tensorflow
[2024-11-18T21:16:51.474+0000] {process_utils.py:190} INFO -   Attempting uninstall: typing-extensions
[2024-11-18T21:16:51.475+0000] {process_utils.py:190} INFO -     Found existing installation: typing_extensions 4.9.0
[2024-11-18T21:16:51.476+0000] {process_utils.py:190} INFO -     Not uninstalling typing-extensions at /home/***/.local/lib/python3.8/site-packages, outside environment /tmp/venva72ifhyh
[2024-11-18T21:16:51.476+0000] {process_utils.py:190} INFO -     Can't uninstall 'typing_extensions'. No files were found to uninstall.
[2024-11-18T21:16:51.741+0000] {process_utils.py:190} INFO -   Attempting uninstall: numpy
[2024-11-18T21:16:51.743+0000] {process_utils.py:190} INFO -     Found existing installation: numpy 1.24.4
[2024-11-18T21:16:51.746+0000] {process_utils.py:190} INFO -     Not uninstalling numpy at /home/***/.local/lib/python3.8/site-packages, outside environment /tmp/venva72ifhyh
[2024-11-18T21:16:51.749+0000] {process_utils.py:190} INFO -     Can't uninstall 'numpy'. No files were found to uninstall.
[2024-11-18T21:16:53.384+0000] {process_utils.py:190} INFO -   Attempting uninstall: botocore
[2024-11-18T21:16:53.384+0000] {process_utils.py:190} INFO -     Found existing installation: botocore 1.35.44
[2024-11-18T21:16:53.385+0000] {process_utils.py:190} INFO -     Not uninstalling botocore at /home/***/.local/lib/python3.8/site-packages, outside environment /tmp/venva72ifhyh
[2024-11-18T21:16:53.386+0000] {process_utils.py:190} INFO -     Can't uninstall 'botocore'. No files were found to uninstall.
[2024-11-18T21:16:53.792+0000] {process_utils.py:190} INFO -   Attempting uninstall: s3transfer
[2024-11-18T21:16:53.793+0000] {process_utils.py:190} INFO -     Found existing installation: s3transfer 0.10.3
[2024-11-18T21:16:53.794+0000] {process_utils.py:190} INFO -     Not uninstalling s3transfer at /home/***/.local/lib/python3.8/site-packages, outside environment /tmp/venva72ifhyh
[2024-11-18T21:16:53.794+0000] {process_utils.py:190} INFO -     Can't uninstall 's3transfer'. No files were found to uninstall.
[2024-11-18T21:16:53.817+0000] {process_utils.py:190} INFO -   Attempting uninstall: google-auth-oauthlib
[2024-11-18T21:16:53.818+0000] {process_utils.py:190} INFO -     Found existing installation: google-auth-oauthlib 1.2.0
[2024-11-18T21:16:53.818+0000] {process_utils.py:190} INFO -     Not uninstalling google-auth-oauthlib at /home/***/.local/lib/python3.8/site-packages, outside environment /tmp/venva72ifhyh
[2024-11-18T21:16:53.819+0000] {process_utils.py:190} INFO -     Can't uninstall 'google-auth-oauthlib'. No files were found to uninstall.
[2024-11-18T21:16:54.018+0000] {process_utils.py:190} INFO -   Attempting uninstall: mlflow
[2024-11-18T21:16:54.019+0000] {process_utils.py:190} INFO -     Found existing installation: mlflow 2.17.0
[2024-11-18T21:16:54.020+0000] {process_utils.py:190} INFO -     Not uninstalling mlflow at /home/***/.local/lib/python3.8/site-packages, outside environment /tmp/venva72ifhyh
[2024-11-18T21:16:54.020+0000] {process_utils.py:190} INFO -     Can't uninstall 'mlflow'. No files were found to uninstall.
[2024-11-18T21:16:54.571+0000] {process_utils.py:190} INFO -   Attempting uninstall: boto3
[2024-11-18T21:16:54.572+0000] {process_utils.py:190} INFO -     Found existing installation: boto3 1.35.44
[2024-11-18T21:16:54.572+0000] {process_utils.py:190} INFO -     Not uninstalling boto3 at /home/***/.local/lib/python3.8/site-packages, outside environment /tmp/venva72ifhyh
[2024-11-18T21:16:54.572+0000] {process_utils.py:190} INFO -     Can't uninstall 'boto3'. No files were found to uninstall.
[2024-11-18T21:17:02.415+0000] {process_utils.py:190} INFO - ERROR: pip's dependency resolver does not currently take into account all the packages that are installed. This behaviour is the source of the following dependency conflicts.
[2024-11-18T21:17:02.415+0000] {process_utils.py:190} INFO - aiobotocore 2.9.0 requires botocore<1.33.14,>=1.33.2, but you have botocore 1.31.85 which is incompatible.
[2024-11-18T21:17:02.415+0000] {process_utils.py:190} INFO - azure-core 1.29.6 requires typing-extensions>=4.6.0, but you have typing-extensions 4.5.0 which is incompatible.
[2024-11-18T21:17:02.415+0000] {process_utils.py:190} INFO - azure-mgmt-keyvault 10.3.1 requires typing-extensions>=4.6.0, but you have typing-extensions 4.5.0 which is incompatible.
[2024-11-18T21:17:02.416+0000] {process_utils.py:190} INFO - azure-mgmt-network 27.0.0 requires typing-extensions>=4.6.0, but you have typing-extensions 4.5.0 which is incompatible.
[2024-11-18T21:17:02.416+0000] {process_utils.py:190} INFO - graphene 3.4 requires typing-extensions<5,>=4.7.1, but you have typing-extensions 4.5.0 which is incompatible.
[2024-11-18T21:17:02.416+0000] {process_utils.py:190} INFO - pydantic 2.5.3 requires typing-extensions>=4.6.1, but you have typing-extensions 4.5.0 which is incompatible.
[2024-11-18T21:17:02.416+0000] {process_utils.py:190} INFO - pydantic-core 2.14.6 requires typing-extensions!=4.7.0,>=4.6.0, but you have typing-extensions 4.5.0 which is incompatible.
[2024-11-18T21:17:02.417+0000] {process_utils.py:190} INFO - Successfully installed absl-py-2.1.0 astunparse-1.6.3 boto3-1.28.0 botocore-1.31.85 entrypoints-0.4 flatbuffers-24.3.25 gast-0.4.0 google-auth-oauthlib-1.0.0 google-pasta-0.2.0 h5py-3.11.0 keras-2.13.1 libclang-18.1.1 mlflow-2.10.2 numpy-1.24.3 opt-einsum-3.4.0 querystring-parser-1.2.4 s3transfer-0.6.2 tensorboard-2.13.0 tensorboard-data-server-0.7.2 tensorflow-2.13.0 tensorflow-estimator-2.13.0 tensorflow-io-gcs-filesystem-0.34.0 typing-extensions-4.5.0
[2024-11-18T21:17:02.491+0000] {process_utils.py:190} INFO - 
[2024-11-18T21:17:02.492+0000] {process_utils.py:190} INFO - [notice] A new release of pip is available: 23.3.1 -> 24.3.1
[2024-11-18T21:17:02.492+0000] {process_utils.py:190} INFO - [notice] To update, run: python -m pip install --upgrade pip
[2024-11-18T21:17:02.720+0000] {process_utils.py:182} INFO - Executing cmd: /tmp/venva72ifhyh/bin/python /tmp/venv-callu70znuho/script.py /tmp/venv-callu70znuho/script.in /tmp/venv-callu70znuho/script.out /tmp/venv-callu70znuho/string_args.txt /tmp/venv-callu70znuho/termination.log
[2024-11-18T21:17:02.724+0000] {process_utils.py:186} INFO - Output:
[2024-11-18T21:17:04.136+0000] {process_utils.py:190} INFO - 2024-11-18 21:17:04.136441: I tensorflow/core/util/port.cc:110] oneDNN custom operations are on. You may see slightly different numerical results due to floating-point round-off errors from different computation orders. To turn them off, set the environment variable `TF_ENABLE_ONEDNN_OPTS=0`.
[2024-11-18T21:17:04.137+0000] {process_utils.py:190} INFO - 2024-11-18 21:17:04.137622: I tensorflow/tsl/cuda/cudart_stub.cc:28] Could not find cuda drivers on your machine, GPU will not be used.
[2024-11-18T21:17:04.159+0000] {process_utils.py:190} INFO - 2024-11-18 21:17:04.159056: I tensorflow/tsl/cuda/cudart_stub.cc:28] Could not find cuda drivers on your machine, GPU will not be used.
[2024-11-18T21:17:04.159+0000] {process_utils.py:190} INFO - 2024-11-18 21:17:04.159529: I tensorflow/core/platform/cpu_feature_guard.cc:182] This TensorFlow binary is optimized to use available CPU instructions in performance-critical operations.
[2024-11-18T21:17:04.159+0000] {process_utils.py:190} INFO - To enable the following instructions: AVX2 AVX_VNNI FMA, in other operations, rebuild TensorFlow with the appropriate compiler flags.
[2024-11-18T21:17:04.741+0000] {process_utils.py:190} INFO - 2024-11-18 21:17:04.741287: W tensorflow/compiler/tf2tensorrt/utils/py_utils.cc:38] TF-TRT Warning: Could not find TensorRT
[2024-11-18T21:17:05.985+0000] {process_utils.py:190} INFO - Epoch 1/10
[2024-11-18T21:17:06.975+0000] {process_utils.py:190} INFO -   1/575 [..............................] - ETA: 3:51 - loss: 0.4078 46/575 [=>............................] - ETA: 0s - loss: 0.1889   93/575 [===>..........................] - ETA: 0s - loss: 0.1303163/575 [=======>......................] - ETA: 0s - loss: 0.0953237/575 [===========>..................] - ETA: 0s - loss: 0.0769310/575 [===============>..............] - ETA: 0s - loss: 0.0658384/575 [===================>..........] - ETA: 0s - loss: 0.0580459/575 [======================>.......] - ETA: 0s - loss: 0.0524530/575 [==========================>...] - ETA: 0s - loss: 0.0483575/575 [==============================] - 1s 1ms/step - loss: 0.0460 - val_loss: 0.0071
[2024-11-18T21:17:06.976+0000] {process_utils.py:190} INFO - Epoch 2/10
[2024-11-18T21:17:07.456+0000] {process_utils.py:190} INFO -   1/575 [..............................] - ETA: 0s - loss: 0.0221 75/575 [==>...........................] - ETA: 0s - loss: 0.0189149/575 [======>.......................] - ETA: 0s - loss: 0.0182224/575 [==========>...................] - ETA: 0s - loss: 0.0176298/575 [==============>...............] - ETA: 0s - loss: 0.0172370/575 [==================>...........] - ETA: 0s - loss: 0.0167443/575 [======================>.......] - ETA: 0s - loss: 0.0163517/575 [=========================>....] - ETA: 0s - loss: 0.0160575/575 [==============================] - 0s 835us/step - loss: 0.0158 - val_loss: 0.0056
[2024-11-18T21:17:07.456+0000] {process_utils.py:190} INFO - Epoch 3/10
[2024-11-18T21:17:07.933+0000] {process_utils.py:190} INFO -   1/575 [..............................] - ETA: 0s - loss: 0.0177 75/575 [==>...........................] - ETA: 0s - loss: 0.0132150/575 [======>.......................] - ETA: 0s - loss: 0.0130225/575 [==========>...................] - ETA: 0s - loss: 0.0127297/575 [==============>...............] - ETA: 0s - loss: 0.0126371/575 [==================>...........] - ETA: 0s - loss: 0.0124445/575 [======================>.......] - ETA: 0s - loss: 0.0123519/575 [==========================>...] - ETA: 0s - loss: 0.0120575/575 [==============================] - 0s 829us/step - loss: 0.0119 - val_loss: 0.0037
[2024-11-18T21:17:07.933+0000] {process_utils.py:190} INFO - Epoch 4/10
[2024-11-18T21:17:08.425+0000] {process_utils.py:190} INFO -   1/575 [..............................] - ETA: 0s - loss: 0.0119 71/575 [==>...........................] - ETA: 0s - loss: 0.0104140/575 [======>.......................] - ETA: 0s - loss: 0.0103213/575 [==========>...................] - ETA: 0s - loss: 0.0102283/575 [=============>................] - ETA: 0s - loss: 0.0100356/575 [=================>............] - ETA: 0s - loss: 0.0100429/575 [=====================>........] - ETA: 0s - loss: 0.0100500/575 [=========================>....] - ETA: 0s - loss: 0.0099567/575 [============================>.] - ETA: 0s - loss: 0.0098575/575 [==============================] - 0s 856us/step - loss: 0.0098 - val_loss: 0.0033
[2024-11-18T21:17:08.426+0000] {process_utils.py:190} INFO - Epoch 5/10
[2024-11-18T21:17:08.910+0000] {process_utils.py:190} INFO -   1/575 [..............................] - ETA: 0s - loss: 0.0068 71/575 [==>...........................] - ETA: 0s - loss: 0.0089137/575 [======>.......................] - ETA: 0s - loss: 0.0089210/575 [=========>....................] - ETA: 0s - loss: 0.0088284/575 [=============>................] - ETA: 0s - loss: 0.0088359/575 [=================>............] - ETA: 0s - loss: 0.0087433/575 [=====================>........] - ETA: 0s - loss: 0.0087506/575 [=========================>....] - ETA: 0s - loss: 0.0086575/575 [==============================] - 0s 841us/step - loss: 0.0086 - val_loss: 0.0031
[2024-11-18T21:17:08.910+0000] {process_utils.py:190} INFO - Epoch 6/10
[2024-11-18T21:17:09.395+0000] {process_utils.py:190} INFO -   1/575 [..............................] - ETA: 0s - loss: 0.0079 73/575 [==>...........................] - ETA: 0s - loss: 0.0084147/575 [======>.......................] - ETA: 0s - loss: 0.0080219/575 [==========>...................] - ETA: 0s - loss: 0.0081287/575 [=============>................] - ETA: 0s - loss: 0.0081361/575 [=================>............] - ETA: 0s - loss: 0.0081434/575 [=====================>........] - ETA: 0s - loss: 0.0080508/575 [=========================>....] - ETA: 0s - loss: 0.0079575/575 [==============================] - 0s 842us/step - loss: 0.0079 - val_loss: 0.0031
[2024-11-18T21:17:09.396+0000] {process_utils.py:190} INFO - Epoch 7/10
[2024-11-18T21:17:09.872+0000] {process_utils.py:190} INFO -   1/575 [..............................] - ETA: 0s - loss: 0.0069 73/575 [==>...........................] - ETA: 0s - loss: 0.0077148/575 [======>.......................] - ETA: 0s - loss: 0.0074223/575 [==========>...................] - ETA: 0s - loss: 0.0074296/575 [==============>...............] - ETA: 0s - loss: 0.0074370/575 [==================>...........] - ETA: 0s - loss: 0.0074444/575 [======================>.......] - ETA: 0s - loss: 0.0073518/575 [==========================>...] - ETA: 0s - loss: 0.0073575/575 [==============================] - 0s 830us/step - loss: 0.0073 - val_loss: 0.0029
[2024-11-18T21:17:09.873+0000] {process_utils.py:190} INFO - Epoch 8/10
[2024-11-18T21:17:10.352+0000] {process_utils.py:190} INFO -   1/575 [..............................] - ETA: 0s - loss: 0.0062 74/575 [==>...........................] - ETA: 0s - loss: 0.0069148/575 [======>.......................] - ETA: 0s - loss: 0.0070220/575 [==========>...................] - ETA: 0s - loss: 0.0070294/575 [==============>...............] - ETA: 0s - loss: 0.0070363/575 [=================>............] - ETA: 0s - loss: 0.0070437/575 [=====================>........] - ETA: 0s - loss: 0.0070511/575 [=========================>....] - ETA: 0s - loss: 0.0070575/575 [==============================] - 0s 834us/step - loss: 0.0070 - val_loss: 0.0023
[2024-11-18T21:17:10.352+0000] {process_utils.py:190} INFO - Epoch 9/10
[2024-11-18T21:17:10.834+0000] {process_utils.py:190} INFO -   1/575 [..............................] - ETA: 0s - loss: 0.0084 74/575 [==>...........................] - ETA: 0s - loss: 0.0068148/575 [======>.......................] - ETA: 0s - loss: 0.0068221/575 [==========>...................] - ETA: 0s - loss: 0.0068293/575 [==============>...............] - ETA: 0s - loss: 0.0068367/575 [==================>...........] - ETA: 0s - loss: 0.0068438/575 [=====================>........] - ETA: 0s - loss: 0.0068509/575 [=========================>....] - ETA: 0s - loss: 0.0068575/575 [==============================] - 0s 837us/step - loss: 0.0068 - val_loss: 0.0025
[2024-11-18T21:17:10.834+0000] {process_utils.py:190} INFO - Epoch 10/10
[2024-11-18T21:17:11.311+0000] {process_utils.py:190} INFO -   1/575 [..............................] - ETA: 0s - loss: 0.0046 75/575 [==>...........................] - ETA: 0s - loss: 0.0068148/575 [======>.......................] - ETA: 0s - loss: 0.0066220/575 [==========>...................] - ETA: 0s - loss: 0.0067292/575 [==============>...............] - ETA: 0s - loss: 0.0066367/575 [==================>...........] - ETA: 0s - loss: 0.0066438/575 [=====================>........] - ETA: 0s - loss: 0.0066513/575 [=========================>....] - ETA: 0s - loss: 0.0066575/575 [==============================] - 0s 830us/step - loss: 0.0066 - val_loss: 0.0021
[2024-11-18T21:17:11.742+0000] {process_utils.py:190} INFO -   1/719 [..............................] - ETA: 32s 91/719 [==>...........................] - ETA: 0s 193/719 [=======>......................] - ETA: 0s288/719 [===========>..................] - ETA: 0s388/719 [===============>..............] - ETA: 0s492/719 [===================>..........] - ETA: 0s589/719 [=======================>......] - ETA: 0s688/719 [===========================>..] - ETA: 0s719/719 [==============================] - 0s 508us/step
[2024-11-18T21:17:12.608+0000] {process_utils.py:190} INFO -   1/719 [..............................] - ETA: 7s 95/719 [==>...........................] - ETA: 0s192/719 [=======>......................] - ETA: 0s288/719 [===========>..................] - ETA: 0s385/719 [===============>..............] - ETA: 0s481/719 [===================>..........] - ETA: 0s582/719 [=======================>......] - ETA: 0s683/719 [===========================>..] - ETA: 0s719/719 [==============================] - 0s 517us/step
[2024-11-18T21:17:12.919+0000] {process_utils.py:190} INFO - 2024/11/18 21:17:12 WARNING mlflow.tensorflow: You are saving a TensorFlow Core model or Keras model without a signature. Inference with mlflow.pyfunc.spark_udf() will not work unless the model's pyfunc representation accepts pandas DataFrames as inference inputs.
[2024-11-18T21:17:13.254+0000] {process_utils.py:190} INFO - [[34m2024-11-18T21:17:13.253+0000[0m] {[34mbuilder_impl.py:[0m804} INFO[0m - Assets written to: /tmp/tmpu6d_6eor/model/data/model/assets[0m
[2024-11-18T21:17:15.897+0000] {process_utils.py:190} INFO - /tmp/venva72ifhyh/lib/python3.8/site-packages/_distutils_hack/__init__.py:33 UserWarning: Setuptools is replacing distutils.
[2024-11-18T21:17:15.916+0000] {process_utils.py:190} INFO - [[34m2024-11-18T21:17:15.915+0000[0m] {[34mcredentials.py:[0m1124} INFO[0m - Found credentials in environment variables.[0m
[2024-11-18T21:17:16.021+0000] {process_utils.py:190} INFO - Registered model 'spotify_model_prod' already exists. Creating a new version of this model...
[2024-11-18T21:17:16.021+0000] {process_utils.py:190} INFO - 2024/11/18 21:17:16 INFO mlflow.store.model_registry.abstract_store: Waiting up to 300 seconds for model version to finish creation. Model name: spotify_model_prod, version 14
[2024-11-18T21:17:16.024+0000] {process_utils.py:190} INFO - Created version '14' of model 'spotify_model_prod'.
[2024-11-18T21:17:16.024+0000] {process_utils.py:190} INFO - /tmp/venva72ifhyh/lib/python3.8/site-packages/keras/src/engine/training.py:3000 UserWarning: You are saving your model as an HDF5 file via `model.save()`. This file format is considered legacy. We recommend using instead the native Keras format, e.g. `model.save('my_model.keras')`.
[2024-11-18T21:17:16.293+0000] {process_utils.py:190} INFO - Traceback (most recent call last):
[2024-11-18T21:17:16.293+0000] {process_utils.py:190} INFO -   File "/tmp/venv-callu70znuho/script.py", line 102, in <module>
[2024-11-18T21:17:16.293+0000] {process_utils.py:190} INFO -     res = train_challenger_model(*arg_dict["args"], **arg_dict["kwargs"])
[2024-11-18T21:17:16.294+0000] {process_utils.py:190} INFO -   File "/tmp/venv-callu70znuho/script.py", line 95, in train_challenger_model
[2024-11-18T21:17:16.294+0000] {process_utils.py:190} INFO -     with open(embeddings_path, 'w') as f:
[2024-11-18T21:17:16.294+0000] {process_utils.py:190} INFO - FileNotFoundError: [Errno 2] No such file or directory: 'data_info/song_embeddings.json'
[2024-11-18T21:17:17.317+0000] {taskinstance.py:2698} ERROR - Task failed with exception
Traceback (most recent call last):
  File "/home/airflow/.local/lib/python3.8/site-packages/airflow/models/taskinstance.py", line 433, in _execute_task
    result = execute_callable(context=context, **execute_callable_kwargs)
  File "/home/airflow/.local/lib/python3.8/site-packages/airflow/decorators/base.py", line 241, in execute
    return_value = super().execute(context)
  File "/home/airflow/.local/lib/python3.8/site-packages/airflow/operators/python.py", line 400, in execute
    return super().execute(context=serializable_context)
  File "/home/airflow/.local/lib/python3.8/site-packages/airflow/operators/python.py", line 199, in execute
    return_value = self.execute_callable()
  File "/home/airflow/.local/lib/python3.8/site-packages/airflow/operators/python.py", line 716, in execute_callable
    result = self._execute_python_callable_in_subprocess(python_path)
  File "/home/airflow/.local/lib/python3.8/site-packages/airflow/operators/python.py", line 471, in _execute_python_callable_in_subprocess
    raise AirflowException(error_msg) from None
airflow.exceptions.AirflowException: Process returned non-zero exit status 1.
[Errno 2] No such file or directory: 'data_info/song_embeddings.json'
[2024-11-18T21:17:17.319+0000] {taskinstance.py:1138} INFO - Marking task as FAILED. dag_id=spotify_retrain_challenge_model_v3, task_id=train_challenger_model, execution_date=20241118T210526, start_date=20241118T211506, end_date=20241118T211717
[2024-11-18T21:17:17.326+0000] {standard_task_runner.py:107} ERROR - Failed to execute job 127 for task train_challenger_model (Process returned non-zero exit status 1.
[Errno 2] No such file or directory: 'data_info/song_embeddings.json'; 252)
[2024-11-18T21:17:17.355+0000] {local_task_job_runner.py:234} INFO - Task exited with return code 1
[2024-11-18T21:17:17.367+0000] {taskinstance.py:3280} INFO - 0 downstream tasks scheduled from follow-on schedule check
